2025-04-28 15:41:54 - INFO - [logging_config.py:55] - 日志文件已创建: logs/20250428_154154.log
2025-04-28 15:41:54 - INFO - [logging_config.py:55] - 日志文件已创建: logs/20250428_154154.log
2025-04-28 15:41:54 - INFO - [logging_config.py:55] - 日志文件已创建: logs/20250428_154154.log
2025-04-28 15:41:54 - INFO - [client_grpc.py:231] - 成功加载客户端数据: /app/data/credit_card_train_normalized.csv, 形状: X=(8000, 26), y=(8000,)
2025-04-28 15:41:54 - INFO - [client_grpc.py:231] - 成功加载客户端数据: /app/data/credit_card_train_normalized.csv, 形状: X=(8000, 26), y=(8000,)
2025-04-28 15:41:54 - INFO - [client_grpc.py:231] - 成功加载客户端数据: /app/data/credit_card_train_normalized.csv, 形状: X=(8000, 26), y=(8000,)
2025-04-28 15:41:54 - DEBUG - [client_grpc.py:82] - 数据集划分完成 - 训练集: (6400, 26), 测试集: (1600, 26)
2025-04-28 15:41:54 - DEBUG - [client_grpc.py:82] - 数据集划分完成 - 训练集: (6400, 26), 测试集: (1600, 26)
2025-04-28 15:41:54 - DEBUG - [client_grpc.py:82] - 数据集划分完成 - 训练集: (6400, 26), 测试集: (1600, 26)
2025-04-28 15:41:54 - INFO - [client_grpc.py:89] - 数据初始化完成，训练数据大小: 6400
2025-04-28 15:41:54 - INFO - [client_grpc.py:89] - 数据初始化完成，训练数据大小: 6400
2025-04-28 15:41:54 - INFO - [client_grpc.py:89] - 数据初始化完成，训练数据大小: 6400
2025-04-28 15:41:54 - INFO - [client_grpc.py:51] - 使用安全通道(SSL/TLS)连接服务器
2025-04-28 15:41:54 - INFO - [client_grpc.py:51] - 使用安全通道(SSL/TLS)连接服务器
2025-04-28 15:41:54 - INFO - [client_grpc.py:51] - 使用安全通道(SSL/TLS)连接服务器
2025-04-28 15:41:54 - INFO - [client_grpc.py:72] - 客户端 2 初始化完成，数据集大小: 6400
2025-04-28 15:41:54 - INFO - [client_grpc.py:72] - 客户端 1 初始化完成，数据集大小: 6400
2025-04-28 15:41:54 - INFO - [client_grpc.py:72] - 客户端 3 初始化完成，数据集大小: 6400
2025-04-28 15:41:54 - INFO - [client_grpc.py:155] - 已设置初始模型参数
2025-04-28 15:41:54 - INFO - [client_grpc.py:155] - 已设置初始模型参数
2025-04-28 15:41:54 - INFO - [client_grpc.py:163] - 等待其他客户端注册 (2/3)
2025-04-28 15:41:54 - INFO - [client_grpc.py:155] - 已设置初始模型参数
2025-04-28 15:41:54 - INFO - [client_grpc.py:167] - 所有客户端已就绪，开始训练
2025-04-28 15:41:54 - INFO - [client_grpc.py:171] - 开始第 1 轮训练
2025-04-28 15:41:54 - INFO - [client_grpc.py:167] - 所有客户端已就绪，开始训练
2025-04-28 15:41:54 - INFO - [client_grpc.py:171] - 开始第 1 轮训练
2025-04-28 15:41:54 - INFO - [client_grpc.py:167] - 所有客户端已就绪，开始训练
2025-04-28 15:41:54 - INFO - [client_grpc.py:171] - 开始第 1 轮训练
2025-04-28 15:41:54 - INFO - [client_grpc.py:104] - 本地训练完成，评估指标: {'accuracy': 0.824375, 'precision': 0.6613756613756614, 'recall': 0.3654970760233918, 'f1': 0.4708097928436912, 'auc_roc': 0.7297924859844366}
2025-04-28 15:41:54 - INFO - [client_grpc.py:175] - 客户端 2 提交轮次 1 的参数更新
2025-04-28 15:41:54 - INFO - [client_grpc.py:104] - 本地训练完成，评估指标: {'accuracy': 0.82625, 'precision': 0.6302521008403361, 'recall': 0.4411764705882353, 'f1': 0.5190311418685122, 'auc_roc': 0.7456629318394024}
2025-04-28 15:41:54 - INFO - [client_grpc.py:183] - 等待其他客户端提交参数 (3/3)
2025-04-28 15:41:54 - INFO - [client_grpc.py:175] - 客户端 3 提交轮次 1 的参数更新
2025-04-28 15:41:54 - INFO - [client_grpc.py:183] - 等待其他客户端提交参数 (3/3)
2025-04-28 15:41:54 - INFO - [client_grpc.py:104] - 本地训练完成，评估指标: {'accuracy': 0.831875, 'precision': 0.6927374301675978, 'recall': 0.3668639053254438, 'f1': 0.4796905222437137, 'auc_roc': 0.7443149316854059}
2025-04-28 15:41:54 - INFO - [client_grpc.py:175] - 客户端 1 提交轮次 1 的参数更新
2025-04-28 15:41:54 - INFO - [client_grpc.py:187] - 所有客户端已就绪，开始请求全局模型
2025-04-28 15:41:54 - INFO - [client_grpc.py:187] - 所有客户端已就绪，开始请求全局模型
2025-04-28 15:41:54 - INFO - [client_grpc.py:187] - 所有客户端已就绪，开始请求全局模型
2025-04-28 15:41:54 - INFO - [client_grpc.py:198] - 客户端 3 请求第 1 轮的全局模型
2025-04-28 15:41:54 - INFO - [client_grpc.py:207] - 全局模型指标 - 准确率: 0.8198, 精确率: 0.6398, 召回率: 0.4044, F1分数: 0.4956, AUC-ROC: 0.7623
2025-04-28 15:41:54 - INFO - [client_grpc.py:210] - 客户端 3 更新模型参数
2025-04-28 15:41:54 - INFO - [client_grpc.py:171] - 开始第 2 轮训练
2025-04-28 15:41:54 - INFO - [client_grpc.py:198] - 客户端 1 请求第 1 轮的全局模型
2025-04-28 15:41:54 - INFO - [client_grpc.py:207] - 全局模型指标 - 准确率: 0.8198, 精确率: 0.6398, 召回率: 0.4044, F1分数: 0.4956, AUC-ROC: 0.7623
2025-04-28 15:41:54 - INFO - [client_grpc.py:210] - 客户端 1 更新模型参数
2025-04-28 15:41:54 - INFO - [client_grpc.py:171] - 开始第 2 轮训练
2025-04-28 15:41:54 - INFO - [client_grpc.py:198] - 客户端 2 请求第 1 轮的全局模型
2025-04-28 15:41:54 - INFO - [client_grpc.py:207] - 全局模型指标 - 准确率: 0.8198, 精确率: 0.6398, 召回率: 0.4044, F1分数: 0.4956, AUC-ROC: 0.7623
2025-04-28 15:41:54 - INFO - [client_grpc.py:210] - 客户端 2 更新模型参数
2025-04-28 15:41:54 - INFO - [client_grpc.py:171] - 开始第 2 轮训练
2025-04-28 15:41:55 - INFO - [client_grpc.py:104] - 本地训练完成，评估指标: {'accuracy': 0.825625, 'precision': 0.6286919831223629, 'recall': 0.43823529411764706, 'f1': 0.5164644714038128, 'auc_roc': 0.7459290382819794}
2025-04-28 15:41:55 - INFO - [client_grpc.py:175] - 客户端 3 提交轮次 2 的参数更新
2025-04-28 15:41:55 - INFO - [client_grpc.py:183] - 等待其他客户端提交参数 (3/3)
2025-04-28 15:41:55 - INFO - [client_grpc.py:104] - 本地训练完成，评估指标: {'accuracy': 0.833125, 'precision': 0.6961325966850829, 'recall': 0.3727810650887574, 'f1': 0.48554913294797686, 'auc_roc': 0.7443641632048311}
2025-04-28 15:41:55 - INFO - [client_grpc.py:175] - 客户端 1 提交轮次 2 的参数更新
2025-04-28 15:41:55 - INFO - [client_grpc.py:183] - 等待其他客户端提交参数 (3/3)
2025-04-28 15:41:55 - INFO - [client_grpc.py:104] - 本地训练完成，评估指标: {'accuracy': 0.823125, 'precision': 0.6577540106951871, 'recall': 0.35964912280701755, 'f1': 0.46502835538752363, 'auc_roc': 0.7299087012709302}
2025-04-28 15:41:55 - INFO - [client_grpc.py:175] - 客户端 2 提交轮次 2 的参数更新
2025-04-28 15:41:55 - INFO - [client_grpc.py:187] - 所有客户端已就绪，开始请求全局模型
2025-04-28 15:41:55 - INFO - [client_grpc.py:187] - 所有客户端已就绪，开始请求全局模型
2025-04-28 15:41:55 - INFO - [client_grpc.py:187] - 所有客户端已就绪，开始请求全局模型
2025-04-28 15:41:55 - INFO - [client_grpc.py:198] - 客户端 2 请求第 2 轮的全局模型
2025-04-28 15:41:55 - INFO - [client_grpc.py:207] - 全局模型指标 - 准确率: 0.8197, 精确率: 0.6393, 召回率: 0.4037, F1分数: 0.4949, AUC-ROC: 0.7624
2025-04-28 15:41:55 - INFO - [client_grpc.py:198] - 客户端 3 请求第 2 轮的全局模型
2025-04-28 15:41:55 - INFO - [client_grpc.py:210] - 客户端 2 更新模型参数
2025-04-28 15:41:55 - INFO - [client_grpc.py:207] - 全局模型指标 - 准确率: 0.8197, 精确率: 0.6393, 召回率: 0.4037, F1分数: 0.4949, AUC-ROC: 0.7624
2025-04-28 15:41:55 - INFO - [client_grpc.py:171] - 开始第 3 轮训练
2025-04-28 15:41:55 - INFO - [client_grpc.py:210] - 客户端 3 更新模型参数
2025-04-28 15:41:55 - INFO - [client_grpc.py:171] - 开始第 3 轮训练
2025-04-28 15:41:55 - INFO - [client_grpc.py:198] - 客户端 1 请求第 2 轮的全局模型
2025-04-28 15:41:55 - INFO - [client_grpc.py:207] - 全局模型指标 - 准确率: 0.8197, 精确率: 0.6393, 召回率: 0.4037, F1分数: 0.4949, AUC-ROC: 0.7624
2025-04-28 15:41:55 - INFO - [client_grpc.py:210] - 客户端 1 更新模型参数
2025-04-28 15:41:55 - INFO - [client_grpc.py:171] - 开始第 3 轮训练
2025-04-28 15:41:55 - INFO - [client_grpc.py:104] - 本地训练完成，评估指标: {'accuracy': 0.825625, 'precision': 0.6286919831223629, 'recall': 0.43823529411764706, 'f1': 0.5164644714038128, 'auc_roc': 0.7466690009337068}
2025-04-28 15:41:55 - INFO - [client_grpc.py:175] - 客户端 3 提交轮次 3 的参数更新
2025-04-28 15:41:55 - INFO - [client_grpc.py:183] - 等待其他客户端提交参数 (3/3)
2025-04-28 15:41:55 - INFO - [client_grpc.py:104] - 本地训练完成，评估指标: {'accuracy': 0.8325, 'precision': 0.6944444444444444, 'recall': 0.3698224852071006, 'f1': 0.4826254826254826, 'auc_roc': 0.7446361087407046}
2025-04-28 15:41:55 - INFO - [client_grpc.py:175] - 客户端 1 提交轮次 3 的参数更新
2025-04-28 15:41:55 - INFO - [client_grpc.py:104] - 本地训练完成，评估指标: {'accuracy': 0.824375, 'precision': 0.6613756613756614, 'recall': 0.3654970760233918, 'f1': 0.4708097928436912, 'auc_roc': 0.7288929796669735}
2025-04-28 15:41:55 - INFO - [client_grpc.py:183] - 等待其他客户端提交参数 (3/3)
2025-04-28 15:41:55 - INFO - [client_grpc.py:175] - 客户端 2 提交轮次 3 的参数更新
2025-04-28 15:41:55 - INFO - [client_grpc.py:187] - 所有客户端已就绪，开始请求全局模型
2025-04-28 15:41:55 - INFO - [client_grpc.py:187] - 所有客户端已就绪，开始请求全局模型
2025-04-28 15:41:55 - INFO - [client_grpc.py:187] - 所有客户端已就绪，开始请求全局模型
2025-04-28 15:41:55 - INFO - [client_grpc.py:198] - 客户端 3 请求第 3 轮的全局模型
2025-04-28 15:41:55 - INFO - [client_grpc.py:207] - 全局模型指标 - 准确率: 0.8195, 精确率: 0.6386, 召回率: 0.4037, F1分数: 0.4946, AUC-ROC: 0.7623
2025-04-28 15:41:55 - INFO - [client_grpc.py:210] - 客户端 3 更新模型参数
2025-04-28 15:41:55 - INFO - [client_grpc.py:171] - 开始第 4 轮训练
2025-04-28 15:41:55 - INFO - [client_grpc.py:198] - 客户端 2 请求第 3 轮的全局模型
2025-04-28 15:41:55 - INFO - [client_grpc.py:207] - 全局模型指标 - 准确率: 0.8195, 精确率: 0.6386, 召回率: 0.4037, F1分数: 0.4946, AUC-ROC: 0.7623
2025-04-28 15:41:55 - INFO - [client_grpc.py:210] - 客户端 2 更新模型参数
2025-04-28 15:41:55 - INFO - [client_grpc.py:171] - 开始第 4 轮训练
2025-04-28 15:41:55 - INFO - [client_grpc.py:198] - 客户端 1 请求第 3 轮的全局模型
2025-04-28 15:41:55 - INFO - [client_grpc.py:207] - 全局模型指标 - 准确率: 0.8195, 精确率: 0.6386, 召回率: 0.4037, F1分数: 0.4946, AUC-ROC: 0.7623
2025-04-28 15:41:55 - INFO - [client_grpc.py:210] - 客户端 1 更新模型参数
2025-04-28 15:41:55 - INFO - [client_grpc.py:171] - 开始第 4 轮训练
2025-04-28 15:41:55 - INFO - [client_grpc.py:104] - 本地训练完成，评估指标: {'accuracy': 0.825625, 'precision': 0.6276150627615062, 'recall': 0.4411764705882353, 'f1': 0.5181347150259067, 'auc_roc': 0.7460527544351073}
2025-04-28 15:41:55 - INFO - [client_grpc.py:175] - 客户端 3 提交轮次 4 的参数更新
2025-04-28 15:41:55 - INFO - [client_grpc.py:183] - 等待其他客户端提交参数 (3/3)
2025-04-28 15:41:55 - INFO - [client_grpc.py:104] - 本地训练完成，评估指标: {'accuracy': 0.82375, 'precision': 0.689873417721519, 'recall': 0.31871345029239767, 'f1': 0.436, 'auc_roc': 0.7295019477682017}
2025-04-28 15:41:55 - INFO - [client_grpc.py:104] - 本地训练完成，评估指标: {'accuracy': 0.8325, 'precision': 0.6944444444444444, 'recall': 0.3698224852071006, 'f1': 0.4826254826254826, 'auc_roc': 0.7441297273980438}
2025-04-28 15:41:55 - INFO - [client_grpc.py:175] - 客户端 1 提交轮次 4 的参数更新
2025-04-28 15:41:55 - INFO - [client_grpc.py:183] - 等待其他客户端提交参数 (3/3)
2025-04-28 15:41:55 - INFO - [client_grpc.py:187] - 所有客户端已就绪，开始请求全局模型
2025-04-28 15:41:55 - INFO - [client_grpc.py:175] - 客户端 2 提交轮次 4 的参数更新
2025-04-28 15:41:55 - INFO - [client_grpc.py:187] - 所有客户端已就绪，开始请求全局模型
2025-04-28 15:41:55 - INFO - [client_grpc.py:187] - 所有客户端已就绪，开始请求全局模型
2025-04-28 15:41:55 - INFO - [client_grpc.py:198] - 客户端 2 请求第 4 轮的全局模型
2025-04-28 15:41:55 - INFO - [client_grpc.py:207] - 全局模型指标 - 准确率: 0.8197, 精确率: 0.6390, 召回率: 0.4044, F1分数: 0.4953, AUC-ROC: 0.7623
2025-04-28 15:41:55 - INFO - [client_grpc.py:210] - 客户端 2 更新模型参数
2025-04-28 15:41:55 - INFO - [client_grpc.py:171] - 开始第 5 轮训练
2025-04-28 15:41:55 - INFO - [client_grpc.py:198] - 客户端 1 请求第 4 轮的全局模型
2025-04-28 15:41:55 - INFO - [client_grpc.py:207] - 全局模型指标 - 准确率: 0.8197, 精确率: 0.6390, 召回率: 0.4044, F1分数: 0.4953, AUC-ROC: 0.7623
2025-04-28 15:41:55 - INFO - [client_grpc.py:210] - 客户端 1 更新模型参数
2025-04-28 15:41:55 - INFO - [client_grpc.py:171] - 开始第 5 轮训练
2025-04-28 15:41:56 - INFO - [client_grpc.py:198] - 客户端 3 请求第 4 轮的全局模型
2025-04-28 15:41:56 - INFO - [client_grpc.py:207] - 全局模型指标 - 准确率: 0.8197, 精确率: 0.6390, 召回率: 0.4044, F1分数: 0.4953, AUC-ROC: 0.7623
2025-04-28 15:41:56 - INFO - [client_grpc.py:210] - 客户端 3 更新模型参数
2025-04-28 15:41:56 - INFO - [client_grpc.py:171] - 开始第 5 轮训练
2025-04-28 15:41:56 - INFO - [client_grpc.py:104] - 本地训练完成，评估指标: {'accuracy': 0.831875, 'precision': 0.6927374301675978, 'recall': 0.3668639053254438, 'f1': 0.4796905222437137, 'auc_roc': 0.7438976359493242}
2025-04-28 15:41:56 - INFO - [client_grpc.py:175] - 客户端 1 提交轮次 5 的参数更新
2025-04-28 15:41:56 - INFO - [client_grpc.py:183] - 等待其他客户端提交参数 (3/3)
2025-04-28 15:41:56 - INFO - [client_grpc.py:104] - 本地训练完成，评估指标: {'accuracy': 0.82375, 'precision': 0.6595744680851063, 'recall': 0.36257309941520466, 'f1': 0.46792452830188674, 'auc_roc': 0.729934268633959}
2025-04-28 15:41:56 - INFO - [client_grpc.py:175] - 客户端 2 提交轮次 5 的参数更新
2025-04-28 15:41:56 - INFO - [client_grpc.py:183] - 等待其他客户端提交参数 (3/3)
2025-04-28 15:41:56 - INFO - [client_grpc.py:104] - 本地训练完成，评估指标: {'accuracy': 0.825625, 'precision': 0.6286919831223629, 'recall': 0.43823529411764706, 'f1': 0.5164644714038128, 'auc_roc': 0.7466316526610643}
2025-04-28 15:41:56 - INFO - [client_grpc.py:175] - 客户端 3 提交轮次 5 的参数更新
2025-04-28 15:41:56 - INFO - [client_grpc.py:187] - 所有客户端已就绪，开始请求全局模型
2025-04-28 15:41:56 - INFO - [client_grpc.py:187] - 所有客户端已就绪，开始请求全局模型
2025-04-28 15:41:56 - INFO - [client_grpc.py:198] - 客户端 3 请求第 5 轮的全局模型
2025-04-28 15:41:56 - INFO - [client_grpc.py:207] - 全局模型指标 - 准确率: 0.8200, 精确率: 0.6405, 召回率: 0.4044, F1分数: 0.4958, AUC-ROC: 0.7622
2025-04-28 15:41:56 - INFO - [client_grpc.py:210] - 客户端 3 更新模型参数
2025-04-28 15:41:56 - INFO - [client_grpc.py:171] - 开始第 6 轮训练
2025-04-28 15:41:56 - INFO - [client_grpc.py:187] - 所有客户端已就绪，开始请求全局模型
2025-04-28 15:41:56 - INFO - [client_grpc.py:198] - 客户端 1 请求第 5 轮的全局模型
2025-04-28 15:41:56 - INFO - [client_grpc.py:207] - 全局模型指标 - 准确率: 0.8200, 精确率: 0.6405, 召回率: 0.4044, F1分数: 0.4958, AUC-ROC: 0.7622
2025-04-28 15:41:56 - INFO - [client_grpc.py:210] - 客户端 1 更新模型参数
2025-04-28 15:41:56 - INFO - [client_grpc.py:171] - 开始第 6 轮训练
2025-04-28 15:41:56 - INFO - [client_grpc.py:198] - 客户端 2 请求第 5 轮的全局模型
2025-04-28 15:41:56 - INFO - [client_grpc.py:207] - 全局模型指标 - 准确率: 0.8200, 精确率: 0.6405, 召回率: 0.4044, F1分数: 0.4958, AUC-ROC: 0.7622
2025-04-28 15:41:56 - INFO - [client_grpc.py:210] - 客户端 2 更新模型参数
2025-04-28 15:41:56 - INFO - [client_grpc.py:171] - 开始第 6 轮训练
2025-04-28 15:41:56 - INFO - [client_grpc.py:104] - 本地训练完成，评估指标: {'accuracy': 0.825, 'precision': 0.6260504201680672, 'recall': 0.43823529411764706, 'f1': 0.5155709342560554, 'auc_roc': 0.7470051353874884}
2025-04-28 15:41:56 - INFO - [client_grpc.py:175] - 客户端 3 提交轮次 6 的参数更新
2025-04-28 15:41:56 - INFO - [client_grpc.py:183] - 等待其他客户端提交参数 (3/3)
2025-04-28 15:41:56 - INFO - [client_grpc.py:104] - 本地训练完成，评估指标: {'accuracy': 0.82375, 'precision': 0.6595744680851063, 'recall': 0.36257309941520466, 'f1': 0.46792452830188674, 'auc_roc': 0.7290533567623352}
2025-04-28 15:41:56 - INFO - [client_grpc.py:175] - 客户端 2 提交轮次 6 的参数更新
2025-04-28 15:41:56 - INFO - [client_grpc.py:183] - 等待其他客户端提交参数 (3/3)
2025-04-28 15:41:56 - INFO - [client_grpc.py:183] - 等待其他客户端提交参数 (3/3)
2025-04-28 15:41:56 - INFO - [client_grpc.py:104] - 本地训练完成，评估指标: {'accuracy': 0.833125, 'precision': 0.6961325966850829, 'recall': 0.3727810650887574, 'f1': 0.48554913294797686, 'auc_roc': 0.7445962546535507}
2025-04-28 15:41:56 - INFO - [client_grpc.py:175] - 客户端 1 提交轮次 6 的参数更新
2025-04-28 15:41:56 - INFO - [client_grpc.py:187] - 所有客户端已就绪，开始请求全局模型
2025-04-28 15:41:56 - INFO - [client_grpc.py:187] - 所有客户端已就绪，开始请求全局模型
2025-04-28 15:41:56 - INFO - [client_grpc.py:187] - 所有客户端已就绪，开始请求全局模型
2025-04-28 15:41:56 - INFO - [client_grpc.py:198] - 客户端 3 请求第 6 轮的全局模型
2025-04-28 15:41:56 - INFO - [client_grpc.py:207] - 全局模型指标 - 准确率: 0.8197, 精确率: 0.6393, 召回率: 0.4037, F1分数: 0.4949, AUC-ROC: 0.7622
2025-04-28 15:41:56 - INFO - [client_grpc.py:210] - 客户端 3 更新模型参数
2025-04-28 15:41:56 - INFO - [client_grpc.py:171] - 开始第 7 轮训练
2025-04-28 15:41:56 - INFO - [client_grpc.py:198] - 客户端 1 请求第 6 轮的全局模型
2025-04-28 15:41:56 - INFO - [client_grpc.py:207] - 全局模型指标 - 准确率: 0.8197, 精确率: 0.6393, 召回率: 0.4037, F1分数: 0.4949, AUC-ROC: 0.7622
2025-04-28 15:41:56 - INFO - [client_grpc.py:210] - 客户端 1 更新模型参数
2025-04-28 15:41:56 - INFO - [client_grpc.py:171] - 开始第 7 轮训练
2025-04-28 15:41:56 - INFO - [client_grpc.py:198] - 客户端 2 请求第 6 轮的全局模型
2025-04-28 15:41:56 - INFO - [client_grpc.py:207] - 全局模型指标 - 准确率: 0.8197, 精确率: 0.6393, 召回率: 0.4037, F1分数: 0.4949, AUC-ROC: 0.7622
2025-04-28 15:41:56 - INFO - [client_grpc.py:210] - 客户端 2 更新模型参数
2025-04-28 15:41:56 - INFO - [client_grpc.py:171] - 开始第 7 轮训练
2025-04-28 15:41:56 - INFO - [client_grpc.py:104] - 本地训练完成，评估指标: {'accuracy': 0.82625, 'precision': 0.6302521008403361, 'recall': 0.4411764705882353, 'f1': 0.5190311418685122, 'auc_roc': 0.7467063492063493}
2025-04-28 15:41:56 - INFO - [client_grpc.py:175] - 客户端 3 提交轮次 7 的参数更新
2025-04-28 15:41:56 - INFO - [client_grpc.py:183] - 等待其他客户端提交参数 (3/3)
2025-04-28 15:41:56 - INFO - [client_grpc.py:104] - 本地训练完成，评估指标: {'accuracy': 0.8325, 'precision': 0.6944444444444444, 'recall': 0.3698224852071006, 'f1': 0.4826254826254826, 'auc_roc': 0.7441555153367905}
2025-04-28 15:41:56 - INFO - [client_grpc.py:175] - 客户端 1 提交轮次 7 的参数更新
2025-04-28 15:41:56 - INFO - [client_grpc.py:183] - 等待其他客户端提交参数 (3/3)
2025-04-28 15:41:56 - INFO - [client_grpc.py:104] - 本地训练完成，评估指标: {'accuracy': 0.824375, 'precision': 0.6613756613756614, 'recall': 0.3654970760233918, 'f1': 0.4708097928436912, 'auc_roc': 0.7293136790040815}
2025-04-28 15:41:56 - INFO - [client_grpc.py:175] - 客户端 2 提交轮次 7 的参数更新
2025-04-28 15:41:56 - INFO - [client_grpc.py:187] - 所有客户端已就绪，开始请求全局模型
2025-04-28 15:41:56 - INFO - [client_grpc.py:187] - 所有客户端已就绪，开始请求全局模型
2025-04-28 15:41:56 - INFO - [client_grpc.py:187] - 所有客户端已就绪，开始请求全局模型
2025-04-28 15:41:56 - INFO - [client_grpc.py:198] - 客户端 2 请求第 7 轮的全局模型
2025-04-28 15:41:56 - INFO - [client_grpc.py:207] - 全局模型指标 - 准确率: 0.8198, 精确率: 0.6394, 召回率: 0.4052, F1分数: 0.4960, AUC-ROC: 0.7622
2025-04-28 15:41:56 - INFO - [client_grpc.py:210] - 客户端 2 更新模型参数
2025-04-28 15:41:56 - INFO - [client_grpc.py:171] - 开始第 8 轮训练
2025-04-28 15:41:57 - INFO - [client_grpc.py:198] - 客户端 1 请求第 7 轮的全局模型
2025-04-28 15:41:57 - INFO - [client_grpc.py:207] - 全局模型指标 - 准确率: 0.8198, 精确率: 0.6394, 召回率: 0.4052, F1分数: 0.4960, AUC-ROC: 0.7622
2025-04-28 15:41:57 - INFO - [client_grpc.py:210] - 客户端 1 更新模型参数
2025-04-28 15:41:57 - INFO - [client_grpc.py:171] - 开始第 8 轮训练
2025-04-28 15:41:57 - INFO - [client_grpc.py:198] - 客户端 3 请求第 7 轮的全局模型
2025-04-28 15:41:57 - INFO - [client_grpc.py:207] - 全局模型指标 - 准确率: 0.8198, 精确率: 0.6394, 召回率: 0.4052, F1分数: 0.4960, AUC-ROC: 0.7622
2025-04-28 15:41:57 - INFO - [client_grpc.py:210] - 客户端 3 更新模型参数
2025-04-28 15:41:57 - INFO - [client_grpc.py:171] - 开始第 8 轮训练
2025-04-28 15:41:57 - INFO - [client_grpc.py:104] - 本地训练完成，评估指标: {'accuracy': 0.82375, 'precision': 0.6595744680851063, 'recall': 0.36257309941520466, 'f1': 0.46792452830188674, 'auc_roc': 0.7301666992069469}
2025-04-28 15:41:57 - INFO - [client_grpc.py:175] - 客户端 2 提交轮次 8 的参数更新
2025-04-28 15:41:57 - INFO - [client_grpc.py:183] - 等待其他客户端提交参数 (3/3)
2025-04-28 15:41:57 - INFO - [client_grpc.py:104] - 本地训练完成，评估指标: {'accuracy': 0.82625, 'precision': 0.6302521008403361, 'recall': 0.4411764705882353, 'f1': 0.5190311418685122, 'auc_roc': 0.7462955182072829}
2025-04-28 15:41:57 - INFO - [client_grpc.py:175] - 客户端 3 提交轮次 8 的参数更新
2025-04-28 15:41:57 - INFO - [client_grpc.py:183] - 等待其他客户端提交参数 (3/3)
2025-04-28 15:41:57 - INFO - [client_grpc.py:104] - 本地训练完成，评估指标: {'accuracy': 0.8325, 'precision': 0.6944444444444444, 'recall': 0.3698224852071006, 'f1': 0.4826254826254826, 'auc_roc': 0.744146137904519}
2025-04-28 15:41:57 - INFO - [client_grpc.py:175] - 客户端 1 提交轮次 8 的参数更新
2025-04-28 15:41:57 - INFO - [client_grpc.py:187] - 所有客户端已就绪，开始请求全局模型
2025-04-28 15:41:57 - INFO - [client_grpc.py:187] - 所有客户端已就绪，开始请求全局模型
2025-04-28 15:41:57 - INFO - [client_grpc.py:198] - 客户端 1 请求第 8 轮的全局模型
2025-04-28 15:41:57 - INFO - [client_grpc.py:207] - 全局模型指标 - 准确率: 0.8198, 精确率: 0.6394, 召回率: 0.4052, F1分数: 0.4960, AUC-ROC: 0.7624
2025-04-28 15:41:57 - INFO - [client_grpc.py:210] - 客户端 1 更新模型参数
2025-04-28 15:41:57 - INFO - [client_grpc.py:171] - 开始第 9 轮训练
2025-04-28 15:41:57 - INFO - [client_grpc.py:187] - 所有客户端已就绪，开始请求全局模型
2025-04-28 15:41:57 - INFO - [client_grpc.py:198] - 客户端 2 请求第 8 轮的全局模型
2025-04-28 15:41:57 - INFO - [client_grpc.py:207] - 全局模型指标 - 准确率: 0.8198, 精确率: 0.6394, 召回率: 0.4052, F1分数: 0.4960, AUC-ROC: 0.7624
2025-04-28 15:41:57 - INFO - [client_grpc.py:210] - 客户端 2 更新模型参数
2025-04-28 15:41:57 - INFO - [client_grpc.py:171] - 开始第 9 轮训练
2025-04-28 15:41:57 - INFO - [client_grpc.py:198] - 客户端 3 请求第 8 轮的全局模型
2025-04-28 15:41:57 - INFO - [client_grpc.py:207] - 全局模型指标 - 准确率: 0.8198, 精确率: 0.6394, 召回率: 0.4052, F1分数: 0.4960, AUC-ROC: 0.7624
2025-04-28 15:41:57 - INFO - [client_grpc.py:210] - 客户端 3 更新模型参数
2025-04-28 15:41:57 - INFO - [client_grpc.py:171] - 开始第 9 轮训练
2025-04-28 15:41:57 - INFO - [client_grpc.py:104] - 本地训练完成，评估指标: {'accuracy': 0.8325, 'precision': 0.6944444444444444, 'recall': 0.3698224852071006, 'f1': 0.4826254826254826, 'auc_roc': 0.7441015951012293}
2025-04-28 15:41:57 - INFO - [client_grpc.py:175] - 客户端 1 提交轮次 9 的参数更新
2025-04-28 15:41:57 - INFO - [client_grpc.py:183] - 等待其他客户端提交参数 (3/3)
2025-04-28 15:41:57 - INFO - [client_grpc.py:104] - 本地训练完成，评估指标: {'accuracy': 0.825, 'precision': 0.6456310679611651, 'recall': 0.3911764705882353, 'f1': 0.48717948717948717, 'auc_roc': 0.7462324929971988}
2025-04-28 15:41:57 - INFO - [client_grpc.py:104] - 本地训练完成，评估指标: {'accuracy': 0.824375, 'precision': 0.6613756613756614, 'recall': 0.3654970760233918, 'f1': 0.4708097928436912, 'auc_roc': 0.7303108061621993}
2025-04-28 15:41:57 - INFO - [client_grpc.py:175] - 客户端 3 提交轮次 9 的参数更新
2025-04-28 15:41:57 - INFO - [client_grpc.py:183] - 等待其他客户端提交参数 (3/3)
2025-04-28 15:41:57 - INFO - [client_grpc.py:175] - 客户端 2 提交轮次 9 的参数更新
2025-04-28 15:41:57 - INFO - [client_grpc.py:187] - 所有客户端已就绪，开始请求全局模型
2025-04-28 15:41:57 - INFO - [client_grpc.py:187] - 所有客户端已就绪，开始请求全局模型
2025-04-28 15:41:57 - INFO - [client_grpc.py:198] - 客户端 2 请求第 9 轮的全局模型
2025-04-28 15:41:57 - INFO - [client_grpc.py:187] - 所有客户端已就绪，开始请求全局模型
2025-04-28 15:41:57 - INFO - [client_grpc.py:207] - 全局模型指标 - 准确率: 0.8193, 精确率: 0.6378, 召回率: 0.4037, F1分数: 0.4944, AUC-ROC: 0.7623
2025-04-28 15:41:57 - INFO - [client_grpc.py:210] - 客户端 2 更新模型参数
2025-04-28 15:41:57 - INFO - [client_grpc.py:171] - 开始第 10 轮训练
2025-04-28 15:41:57 - INFO - [client_grpc.py:198] - 客户端 1 请求第 9 轮的全局模型
2025-04-28 15:41:57 - INFO - [client_grpc.py:207] - 全局模型指标 - 准确率: 0.8193, 精确率: 0.6378, 召回率: 0.4037, F1分数: 0.4944, AUC-ROC: 0.7623
2025-04-28 15:41:57 - INFO - [client_grpc.py:210] - 客户端 1 更新模型参数
2025-04-28 15:41:57 - INFO - [client_grpc.py:171] - 开始第 10 轮训练
2025-04-28 15:41:57 - INFO - [client_grpc.py:198] - 客户端 3 请求第 9 轮的全局模型
2025-04-28 15:41:57 - INFO - [client_grpc.py:207] - 全局模型指标 - 准确率: 0.8193, 精确率: 0.6378, 召回率: 0.4037, F1分数: 0.4944, AUC-ROC: 0.7623
2025-04-28 15:41:57 - INFO - [client_grpc.py:210] - 客户端 3 更新模型参数
2025-04-28 15:41:57 - INFO - [client_grpc.py:171] - 开始第 10 轮训练
2025-04-28 15:41:57 - INFO - [client_grpc.py:104] - 本地训练完成，评估指标: {'accuracy': 0.824375, 'precision': 0.6613756613756614, 'recall': 0.3654970760233918, 'f1': 0.4708097928436912, 'auc_roc': 0.729627460277615}
2025-04-28 15:41:57 - INFO - [client_grpc.py:175] - 客户端 2 提交轮次 10 的参数更新
2025-04-28 15:41:57 - INFO - [client_grpc.py:183] - 等待其他客户端提交参数 (3/3)
2025-04-28 15:41:57 - INFO - [client_grpc.py:104] - 本地训练完成，评估指标: {'accuracy': 0.831875, 'precision': 0.6927374301675978, 'recall': 0.3668639053254438, 'f1': 0.4796905222437137, 'auc_roc': 0.7450276165380395}
2025-04-28 15:41:57 - INFO - [client_grpc.py:175] - 客户端 1 提交轮次 10 的参数更新
2025-04-28 15:41:57 - INFO - [client_grpc.py:183] - 等待其他客户端提交参数 (3/3)
2025-04-28 15:41:57 - INFO - [client_grpc.py:104] - 本地训练完成，评估指标: {'accuracy': 0.82625, 'precision': 0.6302521008403361, 'recall': 0.4411764705882353, 'f1': 0.5190311418685122, 'auc_roc': 0.7459103641456583}
2025-04-28 15:41:57 - INFO - [client_grpc.py:175] - 客户端 3 提交轮次 10 的参数更新
2025-04-28 15:41:57 - INFO - [client_grpc.py:187] - 所有客户端已就绪，开始请求全局模型
2025-04-28 15:41:57 - INFO - [client_grpc.py:187] - 所有客户端已就绪，开始请求全局模型
2025-04-28 15:41:57 - INFO - [client_grpc.py:187] - 所有客户端已就绪，开始请求全局模型
2025-04-28 15:41:58 - INFO - [client_grpc.py:198] - 客户端 1 请求第 10 轮的全局模型
2025-04-28 15:41:58 - INFO - [client_grpc.py:207] - 全局模型指标 - 准确率: 0.8198, 精确率: 0.6398, 召回率: 0.4044, F1分数: 0.4956, AUC-ROC: 0.7624
2025-04-28 15:41:58 - INFO - [client_grpc.py:210] - 客户端 1 更新模型参数
2025-04-28 15:41:58 - INFO - [client_grpc.py:212] - 客户端 1 完成训练
2025-04-28 15:41:58 - INFO - [client_grpc.py:219] - 已关闭gRPC通道
2025-04-28 15:41:58 - INFO - [client_grpc.py:198] - 客户端 3 请求第 10 轮的全局模型
2025-04-28 15:41:58 - INFO - [client_grpc.py:207] - 全局模型指标 - 准确率: 0.8198, 精确率: 0.6398, 召回率: 0.4044, F1分数: 0.4956, AUC-ROC: 0.7624
2025-04-28 15:41:58 - INFO - [client_grpc.py:210] - 客户端 3 更新模型参数
2025-04-28 15:41:58 - INFO - [client_grpc.py:212] - 客户端 3 完成训练
2025-04-28 15:41:58 - INFO - [client_grpc.py:219] - 已关闭gRPC通道
2025-04-28 15:41:58 - INFO - [client_grpc.py:198] - 客户端 2 请求第 10 轮的全局模型
2025-04-28 15:41:58 - INFO - [client_grpc.py:207] - 全局模型指标 - 准确率: 0.8198, 精确率: 0.6398, 召回率: 0.4044, F1分数: 0.4956, AUC-ROC: 0.7624
2025-04-28 15:41:58 - INFO - [client_grpc.py:210] - 客户端 2 更新模型参数
2025-04-28 15:41:58 - INFO - [client_grpc.py:212] - 客户端 2 完成训练
2025-04-28 15:41:58 - INFO - [client_grpc.py:219] - 已关闭gRPC通道
