2025-04-28 15:47:00 - INFO - [logging_config.py:55] - 日志文件已创建: logs/20250428_154700.log
2025-04-28 15:47:00 - INFO - [logging_config.py:55] - 日志文件已创建: logs/20250428_154700.log
2025-04-28 15:47:00 - INFO - [logging_config.py:55] - 日志文件已创建: logs/20250428_154700.log
2025-04-28 15:47:00 - INFO - [logging_config.py:55] - 日志文件已创建: logs/20250428_154700.log
2025-04-28 15:47:00 - INFO - [server_grpc.py:63] - 同态加密状态: 启用
2025-04-28 15:47:00 - INFO - [client_grpc.py:245] - 成功加载客户端数据: /app/data/credit_card_train_normalized.csv, 形状: X=(8000, 26), y=(8000,)
2025-04-28 15:47:00 - INFO - [client_grpc.py:245] - 成功加载客户端数据: /app/data/credit_card_train_normalized.csv, 形状: X=(8000, 26), y=(8000,)
2025-04-28 15:47:00 - INFO - [client_grpc.py:245] - 成功加载客户端数据: /app/data/credit_card_train_normalized.csv, 形状: X=(8000, 26), y=(8000,)
2025-04-28 15:47:00 - DEBUG - [client_grpc.py:96] - 数据集划分完成 - 训练集: (6400, 26), 测试集: (1600, 26)
2025-04-28 15:47:00 - DEBUG - [client_grpc.py:96] - 数据集划分完成 - 训练集: (6400, 26), 测试集: (1600, 26)
2025-04-28 15:47:00 - DEBUG - [client_grpc.py:96] - 数据集划分完成 - 训练集: (6400, 26), 测试集: (1600, 26)
2025-04-28 15:47:00 - INFO - [client_grpc.py:103] - 数据初始化完成，训练数据大小: 6400
2025-04-28 15:47:00 - INFO - [client_grpc.py:35] - 同态加密状态: 启用
2025-04-28 15:47:00 - INFO - [client_grpc.py:103] - 数据初始化完成，训练数据大小: 6400
2025-04-28 15:47:00 - INFO - [client_grpc.py:103] - 数据初始化完成，训练数据大小: 6400
2025-04-28 15:47:00 - INFO - [client_grpc.py:35] - 同态加密状态: 启用
2025-04-28 15:47:00 - INFO - [client_grpc.py:35] - 同态加密状态: 启用
2025-04-28 15:47:00 - INFO - [server_grpc.py:69] - 成功加载同态加密私钥
2025-04-28 15:47:00 - INFO - [server_grpc.py:76] - 服务器初始化完成，等待 3 个客户端注册，计划训练 10 轮
2025-04-28 15:47:00 - INFO - [server_grpc.py:326] - 联邦学习安全服务器正在启动，监听端口: 50051
2025-04-28 15:47:00 - INFO - [client_grpc.py:41] - 成功加载同态加密公钥
2025-04-28 15:47:00 - INFO - [client_grpc.py:41] - 成功加载同态加密公钥
2025-04-28 15:47:00 - INFO - [client_grpc.py:41] - 成功加载同态加密公钥
2025-04-28 15:47:00 - INFO - [client_grpc.py:65] - 使用安全通道(SSL/TLS)连接服务器
2025-04-28 15:47:00 - INFO - [client_grpc.py:65] - 使用安全通道(SSL/TLS)连接服务器
2025-04-28 15:47:00 - INFO - [client_grpc.py:65] - 使用安全通道(SSL/TLS)连接服务器
2025-04-28 15:47:00 - INFO - [client_grpc.py:86] - 客户端 3 初始化完成，数据集大小: 6400
2025-04-28 15:47:00 - INFO - [client_grpc.py:86] - 客户端 1 初始化完成，数据集大小: 6400
2025-04-28 15:47:00 - INFO - [client_grpc.py:86] - 客户端 2 初始化完成，数据集大小: 6400
2025-04-28 15:47:00 - INFO - [server_grpc.py:128] - 接收到客户端 1 的注册请求
2025-04-28 15:47:00 - INFO - [server_grpc.py:136] - 客户端 1 注册成功，当前 1/3 个客户端
2025-04-28 15:47:00 - INFO - [server_grpc.py:128] - 接收到客户端 3 的注册请求
2025-04-28 15:47:00 - INFO - [server_grpc.py:136] - 客户端 3 注册成功，当前 2/3 个客户端
2025-04-28 15:47:00 - INFO - [client_grpc.py:169] - 已设置初始模型参数
2025-04-28 15:47:00 - INFO - [server_grpc.py:128] - 接收到客户端 2 的注册请求
2025-04-28 15:47:00 - INFO - [server_grpc.py:136] - 客户端 2 注册成功，当前 3/3 个客户端
2025-04-28 15:47:00 - INFO - [client_grpc.py:169] - 已设置初始模型参数
2025-04-28 15:47:00 - INFO - [server_grpc.py:151] - 客户端 1 检查训练状态，当前next_step=True, count=0
2025-04-28 15:47:00 - INFO - [client_grpc.py:169] - 已设置初始模型参数
2025-04-28 15:47:00 - INFO - [server_grpc.py:156] - 客户端 1 获得训练许可，count增加到 1/3
2025-04-28 15:47:00 - INFO - [server_grpc.py:151] - 客户端 3 检查训练状态，当前next_step=True, count=1
2025-04-28 15:47:00 - INFO - [client_grpc.py:181] - 所有客户端已就绪，开始训练
2025-04-28 15:47:00 - INFO - [server_grpc.py:156] - 客户端 3 获得训练许可，count增加到 2/3
2025-04-28 15:47:00 - INFO - [client_grpc.py:185] - 开始第 1 轮训练
2025-04-28 15:47:00 - INFO - [server_grpc.py:151] - 客户端 2 检查训练状态，当前next_step=True, count=2
2025-04-28 15:47:00 - INFO - [client_grpc.py:181] - 所有客户端已就绪，开始训练
2025-04-28 15:47:00 - INFO - [server_grpc.py:156] - 客户端 2 获得训练许可，count增加到 3/3
2025-04-28 15:47:00 - INFO - [client_grpc.py:185] - 开始第 1 轮训练
2025-04-28 15:47:00 - INFO - [server_grpc.py:160] - 所有客户端已获得训练许可，重置next_step=False, count=0
2025-04-28 15:47:00 - INFO - [client_grpc.py:181] - 所有客户端已就绪，开始训练
2025-04-28 15:47:00 - INFO - [client_grpc.py:185] - 开始第 1 轮训练
2025-04-28 15:47:00 - INFO - [client_grpc.py:118] - 本地训练完成，评估指标: {'accuracy': 0.8325, 'precision': 0.6944444444444444, 'recall': 0.3698224852071006, 'f1': 0.4826254826254826, 'auc_roc': 0.744275077598252}
2025-04-28 15:47:00 - INFO - [client_grpc.py:118] - 本地训练完成，评估指标: {'accuracy': 0.82625, 'precision': 0.6302521008403361, 'recall': 0.4411764705882353, 'f1': 0.5190311418685122, 'auc_roc': 0.7459407096171802}
2025-04-28 15:47:00 - INFO - [server_grpc.py:179] - 接收到客户端 3 的参数更新，轮次: 1
2025-04-28 15:47:00 - INFO - [server_grpc.py:179] - 接收到客户端 1 的参数更新，轮次: 1
2025-04-28 15:47:00 - INFO - [server_grpc.py:206] - 存储客户端 3 参数更新，当前轮次 1 已提交 1/3个客户端
2025-04-28 15:47:00 - INFO - [client_grpc.py:189] - 客户端 3 提交轮次 1 的参数更新
2025-04-28 15:47:00 - INFO - [server_grpc.py:206] - 存储客户端 1 参数更新，当前轮次 1 已提交 2/3个客户端
2025-04-28 15:47:00 - INFO - [client_grpc.py:189] - 客户端 1 提交轮次 1 的参数更新
2025-04-28 15:47:00 - INFO - [server_grpc.py:151] - 客户端 3 检查训练状态，当前next_step=False, count=0
2025-04-28 15:47:00 - INFO - [client_grpc.py:197] - 等待其他客户端提交参数 (3/3)
2025-04-28 15:47:00 - INFO - [server_grpc.py:151] - 客户端 1 检查训练状态，当前next_step=False, count=0
2025-04-28 15:47:00 - INFO - [client_grpc.py:118] - 本地训练完成，评估指标: {'accuracy': 0.825, 'precision': 0.6631578947368421, 'recall': 0.3684210526315789, 'f1': 0.4736842105263158, 'auc_roc': 0.7293392463671101}
2025-04-28 15:47:00 - INFO - [client_grpc.py:197] - 等待其他客户端提交参数 (3/3)
2025-04-28 15:47:00 - INFO - [server_grpc.py:179] - 接收到客户端 2 的参数更新，轮次: 1
2025-04-28 15:47:00 - INFO - [server_grpc.py:206] - 存储客户端 2 参数更新，当前轮次 1 已提交 3/3个客户端
2025-04-28 15:47:00 - INFO - [server_grpc.py:209] - 轮次 1 所有客户端参数已收集完毕，开始聚合
2025-04-28 15:47:00 - INFO - [server_grpc.py:81] - 开始聚合参数，参数列表长度: 3
2025-04-28 15:47:00 - INFO - [server_grpc.py:91] - 当前轮次活跃客户端IDs: ['3', '1', '2']
2025-04-28 15:47:00 - INFO - [server_grpc.py:97] - 计算客户端权重完成: [0.3333333333333333, 0.3333333333333333, 0.3333333333333333]
2025-04-28 15:47:00 - DEBUG - [server_grpc.py:113] - 聚合参数 intercept: 客户端 1/3, 权重 0.3333333333333333
2025-04-28 15:47:00 - DEBUG - [server_grpc.py:113] - 聚合参数 intercept: 客户端 2/3, 权重 0.3333333333333333
2025-04-28 15:47:00 - DEBUG - [server_grpc.py:113] - 聚合参数 intercept: 客户端 3/3, 权重 0.3333333333333333
2025-04-28 15:47:00 - DEBUG - [server_grpc.py:113] - 聚合参数 coef: 客户端 1/3, 权重 0.3333333333333333
2025-04-28 15:47:00 - DEBUG - [server_grpc.py:113] - 聚合参数 coef: 客户端 2/3, 权重 0.3333333333333333
2025-04-28 15:47:00 - DEBUG - [server_grpc.py:113] - 聚合参数 coef: 客户端 3/3, 权重 0.3333333333333333
2025-04-28 15:47:00 - INFO - [server_grpc.py:275] - 全局模型参数更新完成
2025-04-28 15:47:00 - INFO - [server_grpc.py:283] - 全局模型在轮次 1 的性能: {'accuracy': 0.8198333333333333, 'precision': 0.6397590361445783, 'recall': 0.4044173648134044, 'f1': 0.4955669622025199, 'auc_roc': 0.7623880997674533}
2025-04-28 15:47:00 - INFO - [server_grpc.py:288] - 轮次 1 处理完成
2025-04-28 15:47:00 - INFO - [client_grpc.py:189] - 客户端 2 提交轮次 1 的参数更新
2025-04-28 15:47:00 - INFO - [server_grpc.py:151] - 客户端 2 检查训练状态，当前next_step=True, count=0
2025-04-28 15:47:00 - INFO - [server_grpc.py:156] - 客户端 2 获得训练许可，count增加到 1/3
2025-04-28 15:47:00 - INFO - [client_grpc.py:201] - 所有客户端已就绪，开始请求全局模型
2025-04-28 15:47:00 - INFO - [server_grpc.py:239] - 向客户端 2 提供第1轮全局模型
2025-04-28 15:47:00 - INFO - [client_grpc.py:212] - 客户端 2 请求第 1 轮的全局模型
2025-04-28 15:47:00 - INFO - [client_grpc.py:221] - 全局模型指标 - 准确率: 0.8198, 精确率: 0.6398, 召回率: 0.4044, F1分数: 0.4956, AUC-ROC: 0.7624
2025-04-28 15:47:00 - INFO - [client_grpc.py:224] - 客户端 2 更新模型参数
2025-04-28 15:47:00 - INFO - [client_grpc.py:185] - 开始第 2 轮训练
2025-04-28 15:47:00 - INFO - [server_grpc.py:151] - 客户端 3 检查训练状态，当前next_step=True, count=1
2025-04-28 15:47:00 - INFO - [server_grpc.py:156] - 客户端 3 获得训练许可，count增加到 2/3
2025-04-28 15:47:00 - INFO - [server_grpc.py:151] - 客户端 1 检查训练状态，当前next_step=True, count=2
2025-04-28 15:47:00 - INFO - [client_grpc.py:201] - 所有客户端已就绪，开始请求全局模型
2025-04-28 15:47:00 - INFO - [server_grpc.py:156] - 客户端 1 获得训练许可，count增加到 3/3
2025-04-28 15:47:00 - INFO - [server_grpc.py:160] - 所有客户端已获得训练许可，重置next_step=False, count=0
2025-04-28 15:47:00 - INFO - [client_grpc.py:201] - 所有客户端已就绪，开始请求全局模型
2025-04-28 15:47:00 - INFO - [server_grpc.py:239] - 向客户端 1 提供第1轮全局模型
2025-04-28 15:47:00 - INFO - [server_grpc.py:239] - 向客户端 3 提供第1轮全局模型
2025-04-28 15:47:00 - INFO - [client_grpc.py:212] - 客户端 1 请求第 1 轮的全局模型
2025-04-28 15:47:00 - INFO - [client_grpc.py:221] - 全局模型指标 - 准确率: 0.8198, 精确率: 0.6398, 召回率: 0.4044, F1分数: 0.4956, AUC-ROC: 0.7624
2025-04-28 15:47:00 - INFO - [client_grpc.py:224] - 客户端 1 更新模型参数
2025-04-28 15:47:00 - INFO - [client_grpc.py:185] - 开始第 2 轮训练
2025-04-28 15:47:00 - INFO - [client_grpc.py:212] - 客户端 3 请求第 1 轮的全局模型
2025-04-28 15:47:00 - INFO - [client_grpc.py:221] - 全局模型指标 - 准确率: 0.8198, 精确率: 0.6398, 召回率: 0.4044, F1分数: 0.4956, AUC-ROC: 0.7624
2025-04-28 15:47:00 - INFO - [client_grpc.py:224] - 客户端 3 更新模型参数
2025-04-28 15:47:00 - INFO - [client_grpc.py:185] - 开始第 2 轮训练
2025-04-28 15:47:01 - INFO - [client_grpc.py:118] - 本地训练完成，评估指标: {'accuracy': 0.82375, 'precision': 0.6595744680851063, 'recall': 0.36257309941520466, 'f1': 0.46792452830188674, 'auc_roc': 0.7297111352838909}
2025-04-28 15:47:01 - INFO - [server_grpc.py:179] - 接收到客户端 2 的参数更新，轮次: 2
2025-04-28 15:47:01 - INFO - [server_grpc.py:206] - 存储客户端 2 参数更新，当前轮次 2 已提交 1/3个客户端
2025-04-28 15:47:01 - INFO - [client_grpc.py:189] - 客户端 2 提交轮次 2 的参数更新
2025-04-28 15:47:01 - INFO - [server_grpc.py:151] - 客户端 2 检查训练状态，当前next_step=False, count=0
2025-04-28 15:47:01 - INFO - [client_grpc.py:197] - 等待其他客户端提交参数 (3/3)
2025-04-28 15:47:01 - INFO - [client_grpc.py:118] - 本地训练完成，评估指标: {'accuracy': 0.83125, 'precision': 0.6910112359550562, 'recall': 0.363905325443787, 'f1': 0.4767441860465117, 'auc_roc': 0.7442985211789307}
2025-04-28 15:47:01 - INFO - [server_grpc.py:179] - 接收到客户端 1 的参数更新，轮次: 2
2025-04-28 15:47:01 - INFO - [server_grpc.py:206] - 存储客户端 1 参数更新，当前轮次 2 已提交 2/3个客户端
2025-04-28 15:47:01 - INFO - [client_grpc.py:189] - 客户端 1 提交轮次 2 的参数更新
2025-04-28 15:47:01 - INFO - [server_grpc.py:151] - 客户端 1 检查训练状态，当前next_step=False, count=0
2025-04-28 15:47:01 - INFO - [client_grpc.py:197] - 等待其他客户端提交参数 (3/3)
2025-04-28 15:47:01 - INFO - [client_grpc.py:118] - 本地训练完成，评估指标: {'accuracy': 0.825, 'precision': 0.6260504201680672, 'recall': 0.43823529411764706, 'f1': 0.5155709342560554, 'auc_roc': 0.7461041083099906}
2025-04-28 15:47:01 - INFO - [server_grpc.py:179] - 接收到客户端 3 的参数更新，轮次: 2
2025-04-28 15:47:01 - INFO - [server_grpc.py:206] - 存储客户端 3 参数更新，当前轮次 2 已提交 3/3个客户端
2025-04-28 15:47:01 - INFO - [server_grpc.py:209] - 轮次 2 所有客户端参数已收集完毕，开始聚合
2025-04-28 15:47:01 - INFO - [server_grpc.py:81] - 开始聚合参数，参数列表长度: 3
2025-04-28 15:47:01 - INFO - [server_grpc.py:91] - 当前轮次活跃客户端IDs: ['2', '1', '3']
2025-04-28 15:47:01 - INFO - [server_grpc.py:97] - 计算客户端权重完成: [0.3333333333333333, 0.3333333333333333, 0.3333333333333333]
2025-04-28 15:47:01 - DEBUG - [server_grpc.py:113] - 聚合参数 intercept: 客户端 1/3, 权重 0.3333333333333333
2025-04-28 15:47:01 - DEBUG - [server_grpc.py:113] - 聚合参数 intercept: 客户端 2/3, 权重 0.3333333333333333
2025-04-28 15:47:01 - DEBUG - [server_grpc.py:113] - 聚合参数 intercept: 客户端 3/3, 权重 0.3333333333333333
2025-04-28 15:47:01 - DEBUG - [server_grpc.py:113] - 聚合参数 coef: 客户端 1/3, 权重 0.3333333333333333
2025-04-28 15:47:01 - DEBUG - [server_grpc.py:113] - 聚合参数 coef: 客户端 2/3, 权重 0.3333333333333333
2025-04-28 15:47:01 - DEBUG - [server_grpc.py:113] - 聚合参数 coef: 客户端 3/3, 权重 0.3333333333333333
2025-04-28 15:47:01 - INFO - [server_grpc.py:275] - 全局模型参数更新完成
2025-04-28 15:47:01 - INFO - [server_grpc.py:283] - 全局模型在轮次 2 的性能: {'accuracy': 0.8198333333333333, 'precision': 0.6397590361445783, 'recall': 0.4044173648134044, 'f1': 0.4955669622025199, 'auc_roc': 0.7622811779791164}
2025-04-28 15:47:01 - INFO - [server_grpc.py:288] - 轮次 2 处理完成
2025-04-28 15:47:01 - INFO - [server_grpc.py:151] - 客户端 2 检查训练状态，当前next_step=True, count=0
2025-04-28 15:47:01 - INFO - [client_grpc.py:189] - 客户端 3 提交轮次 2 的参数更新
2025-04-28 15:47:01 - INFO - [server_grpc.py:156] - 客户端 2 获得训练许可，count增加到 1/3
2025-04-28 15:47:01 - INFO - [server_grpc.py:151] - 客户端 1 检查训练状态，当前next_step=True, count=1
2025-04-28 15:47:01 - INFO - [server_grpc.py:156] - 客户端 1 获得训练许可，count增加到 2/3
2025-04-28 15:47:01 - INFO - [client_grpc.py:201] - 所有客户端已就绪，开始请求全局模型
2025-04-28 15:47:01 - INFO - [server_grpc.py:239] - 向客户端 2 提供第2轮全局模型
2025-04-28 15:47:01 - INFO - [client_grpc.py:201] - 所有客户端已就绪，开始请求全局模型
2025-04-28 15:47:01 - INFO - [server_grpc.py:151] - 客户端 3 检查训练状态，当前next_step=True, count=2
2025-04-28 15:47:01 - INFO - [server_grpc.py:156] - 客户端 3 获得训练许可，count增加到 3/3
2025-04-28 15:47:01 - INFO - [server_grpc.py:160] - 所有客户端已获得训练许可，重置next_step=False, count=0
2025-04-28 15:47:01 - INFO - [client_grpc.py:201] - 所有客户端已就绪，开始请求全局模型
2025-04-28 15:47:01 - INFO - [server_grpc.py:239] - 向客户端 1 提供第2轮全局模型
2025-04-28 15:47:01 - INFO - [server_grpc.py:239] - 向客户端 3 提供第2轮全局模型
2025-04-28 15:47:01 - INFO - [client_grpc.py:212] - 客户端 2 请求第 2 轮的全局模型
2025-04-28 15:47:01 - INFO - [client_grpc.py:221] - 全局模型指标 - 准确率: 0.8198, 精确率: 0.6398, 召回率: 0.4044, F1分数: 0.4956, AUC-ROC: 0.7623
2025-04-28 15:47:01 - INFO - [client_grpc.py:224] - 客户端 2 更新模型参数
2025-04-28 15:47:01 - INFO - [client_grpc.py:185] - 开始第 3 轮训练
2025-04-28 15:47:01 - INFO - [client_grpc.py:212] - 客户端 3 请求第 2 轮的全局模型
2025-04-28 15:47:01 - INFO - [client_grpc.py:212] - 客户端 1 请求第 2 轮的全局模型
2025-04-28 15:47:01 - INFO - [client_grpc.py:221] - 全局模型指标 - 准确率: 0.8198, 精确率: 0.6398, 召回率: 0.4044, F1分数: 0.4956, AUC-ROC: 0.7623
2025-04-28 15:47:01 - INFO - [client_grpc.py:221] - 全局模型指标 - 准确率: 0.8198, 精确率: 0.6398, 召回率: 0.4044, F1分数: 0.4956, AUC-ROC: 0.7623
2025-04-28 15:47:01 - INFO - [client_grpc.py:224] - 客户端 1 更新模型参数
2025-04-28 15:47:01 - INFO - [client_grpc.py:224] - 客户端 3 更新模型参数
2025-04-28 15:47:01 - INFO - [client_grpc.py:185] - 开始第 3 轮训练
2025-04-28 15:47:01 - INFO - [client_grpc.py:185] - 开始第 3 轮训练
2025-04-28 15:47:01 - INFO - [client_grpc.py:118] - 本地训练完成，评估指标: {'accuracy': 0.825, 'precision': 0.6631578947368421, 'recall': 0.3684210526315789, 'f1': 0.4736842105263158, 'auc_roc': 0.7293438949785699}
2025-04-28 15:47:01 - INFO - [client_grpc.py:118] - 本地训练完成，评估指标: {'accuracy': 0.825625, 'precision': 0.6286919831223629, 'recall': 0.43823529411764706, 'f1': 0.5164644714038128, 'auc_roc': 0.7459803921568628}
2025-04-28 15:47:01 - INFO - [server_grpc.py:179] - 接收到客户端 2 的参数更新，轮次: 3
2025-04-28 15:47:01 - INFO - [server_grpc.py:206] - 存储客户端 2 参数更新，当前轮次 3 已提交 1/3个客户端
2025-04-28 15:47:01 - INFO - [client_grpc.py:189] - 客户端 2 提交轮次 3 的参数更新
2025-04-28 15:47:01 - INFO - [client_grpc.py:118] - 本地训练完成，评估指标: {'accuracy': 0.8325, 'precision': 0.6944444444444444, 'recall': 0.3698224852071006, 'f1': 0.4826254826254826, 'auc_roc': 0.7448682001894242}
2025-04-28 15:47:01 - INFO - [server_grpc.py:151] - 客户端 2 检查训练状态，当前next_step=False, count=0
2025-04-28 15:47:01 - INFO - [server_grpc.py:179] - 接收到客户端 1 的参数更新，轮次: 3
2025-04-28 15:47:01 - INFO - [server_grpc.py:206] - 存储客户端 1 参数更新，当前轮次 3 已提交 2/3个客户端
2025-04-28 15:47:01 - INFO - [client_grpc.py:197] - 等待其他客户端提交参数 (3/3)
2025-04-28 15:47:01 - INFO - [client_grpc.py:189] - 客户端 1 提交轮次 3 的参数更新
2025-04-28 15:47:01 - INFO - [server_grpc.py:179] - 接收到客户端 3 的参数更新，轮次: 3
2025-04-28 15:47:01 - INFO - [server_grpc.py:151] - 客户端 1 检查训练状态，当前next_step=False, count=0
2025-04-28 15:47:01 - INFO - [client_grpc.py:197] - 等待其他客户端提交参数 (3/3)
2025-04-28 15:47:01 - INFO - [server_grpc.py:206] - 存储客户端 3 参数更新，当前轮次 3 已提交 3/3个客户端
2025-04-28 15:47:01 - INFO - [server_grpc.py:209] - 轮次 3 所有客户端参数已收集完毕，开始聚合
2025-04-28 15:47:01 - INFO - [server_grpc.py:81] - 开始聚合参数，参数列表长度: 3
2025-04-28 15:47:01 - INFO - [server_grpc.py:91] - 当前轮次活跃客户端IDs: ['2', '1', '3']
2025-04-28 15:47:01 - INFO - [server_grpc.py:97] - 计算客户端权重完成: [0.3333333333333333, 0.3333333333333333, 0.3333333333333333]
2025-04-28 15:47:01 - DEBUG - [server_grpc.py:113] - 聚合参数 intercept: 客户端 1/3, 权重 0.3333333333333333
2025-04-28 15:47:01 - DEBUG - [server_grpc.py:113] - 聚合参数 intercept: 客户端 2/3, 权重 0.3333333333333333
2025-04-28 15:47:01 - DEBUG - [server_grpc.py:113] - 聚合参数 intercept: 客户端 3/3, 权重 0.3333333333333333
2025-04-28 15:47:01 - DEBUG - [server_grpc.py:113] - 聚合参数 coef: 客户端 1/3, 权重 0.3333333333333333
2025-04-28 15:47:01 - DEBUG - [server_grpc.py:113] - 聚合参数 coef: 客户端 2/3, 权重 0.3333333333333333
2025-04-28 15:47:01 - DEBUG - [server_grpc.py:113] - 聚合参数 coef: 客户端 3/3, 权重 0.3333333333333333
2025-04-28 15:47:01 - INFO - [server_grpc.py:275] - 全局模型参数更新完成
2025-04-28 15:47:01 - INFO - [server_grpc.py:283] - 全局模型在轮次 3 的性能: {'accuracy': 0.8196666666666667, 'precision': 0.6393244873341375, 'recall': 0.4036557501904037, 'f1': 0.4948646125116713, 'auc_roc': 0.7622581036722109}
2025-04-28 15:47:01 - INFO - [server_grpc.py:288] - 轮次 3 处理完成
2025-04-28 15:47:01 - INFO - [client_grpc.py:189] - 客户端 3 提交轮次 3 的参数更新
2025-04-28 15:47:01 - INFO - [server_grpc.py:151] - 客户端 3 检查训练状态，当前next_step=True, count=0
2025-04-28 15:47:01 - INFO - [server_grpc.py:156] - 客户端 3 获得训练许可，count增加到 1/3
2025-04-28 15:47:01 - INFO - [client_grpc.py:201] - 所有客户端已就绪，开始请求全局模型
2025-04-28 15:47:01 - INFO - [server_grpc.py:239] - 向客户端 3 提供第3轮全局模型
2025-04-28 15:47:01 - INFO - [server_grpc.py:151] - 客户端 2 检查训练状态，当前next_step=True, count=1
2025-04-28 15:47:01 - INFO - [server_grpc.py:156] - 客户端 2 获得训练许可，count增加到 2/3
2025-04-28 15:47:01 - INFO - [client_grpc.py:201] - 所有客户端已就绪，开始请求全局模型
2025-04-28 15:47:01 - INFO - [server_grpc.py:239] - 向客户端 2 提供第3轮全局模型
2025-04-28 15:47:01 - INFO - [server_grpc.py:151] - 客户端 1 检查训练状态，当前next_step=True, count=2
2025-04-28 15:47:01 - INFO - [server_grpc.py:156] - 客户端 1 获得训练许可，count增加到 3/3
2025-04-28 15:47:01 - INFO - [server_grpc.py:160] - 所有客户端已获得训练许可，重置next_step=False, count=0
2025-04-28 15:47:01 - INFO - [client_grpc.py:201] - 所有客户端已就绪，开始请求全局模型
2025-04-28 15:47:01 - INFO - [server_grpc.py:239] - 向客户端 1 提供第3轮全局模型
2025-04-28 15:47:01 - INFO - [client_grpc.py:212] - 客户端 3 请求第 3 轮的全局模型
2025-04-28 15:47:01 - INFO - [client_grpc.py:221] - 全局模型指标 - 准确率: 0.8197, 精确率: 0.6393, 召回率: 0.4037, F1分数: 0.4949, AUC-ROC: 0.7623
2025-04-28 15:47:01 - INFO - [client_grpc.py:224] - 客户端 3 更新模型参数
2025-04-28 15:47:01 - INFO - [client_grpc.py:185] - 开始第 4 轮训练
2025-04-28 15:47:01 - INFO - [client_grpc.py:212] - 客户端 2 请求第 3 轮的全局模型
2025-04-28 15:47:01 - INFO - [client_grpc.py:221] - 全局模型指标 - 准确率: 0.8197, 精确率: 0.6393, 召回率: 0.4037, F1分数: 0.4949, AUC-ROC: 0.7623
2025-04-28 15:47:01 - INFO - [client_grpc.py:224] - 客户端 2 更新模型参数
2025-04-28 15:47:01 - INFO - [client_grpc.py:185] - 开始第 4 轮训练
2025-04-28 15:47:01 - INFO - [client_grpc.py:212] - 客户端 1 请求第 3 轮的全局模型
2025-04-28 15:47:01 - INFO - [client_grpc.py:221] - 全局模型指标 - 准确率: 0.8197, 精确率: 0.6393, 召回率: 0.4037, F1分数: 0.4949, AUC-ROC: 0.7623
2025-04-28 15:47:01 - INFO - [client_grpc.py:224] - 客户端 1 更新模型参数
2025-04-28 15:47:01 - INFO - [client_grpc.py:185] - 开始第 4 轮训练
2025-04-28 15:47:01 - INFO - [client_grpc.py:118] - 本地训练完成，评估指标: {'accuracy': 0.825625, 'precision': 0.6286919831223629, 'recall': 0.43823529411764706, 'f1': 0.5164644714038128, 'auc_roc': 0.7462324929971988}
2025-04-28 15:47:01 - INFO - [server_grpc.py:179] - 接收到客户端 3 的参数更新，轮次: 4
2025-04-28 15:47:01 - INFO - [server_grpc.py:206] - 存储客户端 3 参数更新，当前轮次 4 已提交 1/3个客户端
2025-04-28 15:47:01 - INFO - [client_grpc.py:189] - 客户端 3 提交轮次 4 的参数更新
2025-04-28 15:47:01 - INFO - [server_grpc.py:151] - 客户端 3 检查训练状态，当前next_step=False, count=0
2025-04-28 15:47:01 - INFO - [client_grpc.py:197] - 等待其他客户端提交参数 (3/3)
2025-04-28 15:47:01 - INFO - [client_grpc.py:118] - 本地训练完成，评估指标: {'accuracy': 0.831875, 'precision': 0.6927374301675978, 'recall': 0.3668639053254438, 'f1': 0.4796905222437137, 'auc_roc': 0.7449432196475961}
2025-04-28 15:47:01 - INFO - [server_grpc.py:179] - 接收到客户端 1 的参数更新，轮次: 4
2025-04-28 15:47:01 - INFO - [server_grpc.py:206] - 存储客户端 1 参数更新，当前轮次 4 已提交 2/3个客户端
2025-04-28 15:47:01 - INFO - [client_grpc.py:189] - 客户端 1 提交轮次 4 的参数更新
2025-04-28 15:47:01 - INFO - [server_grpc.py:151] - 客户端 1 检查训练状态，当前next_step=False, count=0
2025-04-28 15:47:01 - INFO - [client_grpc.py:197] - 等待其他客户端提交参数 (3/3)
2025-04-28 15:47:01 - INFO - [client_grpc.py:118] - 本地训练完成，评估指标: {'accuracy': 0.82375, 'precision': 0.6595744680851063, 'recall': 0.36257309941520466, 'f1': 0.46792452830188674, 'auc_roc': 0.7294322185963052}
2025-04-28 15:47:01 - INFO - [server_grpc.py:179] - 接收到客户端 2 的参数更新，轮次: 4
2025-04-28 15:47:01 - INFO - [server_grpc.py:206] - 存储客户端 2 参数更新，当前轮次 4 已提交 3/3个客户端
2025-04-28 15:47:01 - INFO - [server_grpc.py:209] - 轮次 4 所有客户端参数已收集完毕，开始聚合
2025-04-28 15:47:01 - INFO - [server_grpc.py:81] - 开始聚合参数，参数列表长度: 3
2025-04-28 15:47:01 - INFO - [server_grpc.py:91] - 当前轮次活跃客户端IDs: ['3', '1', '2']
2025-04-28 15:47:01 - INFO - [server_grpc.py:97] - 计算客户端权重完成: [0.3333333333333333, 0.3333333333333333, 0.3333333333333333]
2025-04-28 15:47:01 - DEBUG - [server_grpc.py:113] - 聚合参数 intercept: 客户端 1/3, 权重 0.3333333333333333
2025-04-28 15:47:01 - DEBUG - [server_grpc.py:113] - 聚合参数 intercept: 客户端 2/3, 权重 0.3333333333333333
2025-04-28 15:47:01 - DEBUG - [server_grpc.py:113] - 聚合参数 intercept: 客户端 3/3, 权重 0.3333333333333333
2025-04-28 15:47:01 - DEBUG - [server_grpc.py:113] - 聚合参数 coef: 客户端 1/3, 权重 0.3333333333333333
2025-04-28 15:47:01 - DEBUG - [server_grpc.py:113] - 聚合参数 coef: 客户端 2/3, 权重 0.3333333333333333
2025-04-28 15:47:01 - DEBUG - [server_grpc.py:113] - 聚合参数 coef: 客户端 3/3, 权重 0.3333333333333333
2025-04-28 15:47:01 - INFO - [server_grpc.py:275] - 全局模型参数更新完成
2025-04-28 15:47:01 - INFO - [server_grpc.py:283] - 全局模型在轮次 4 的性能: {'accuracy': 0.8198333333333333, 'precision': 0.6397590361445783, 'recall': 0.4044173648134044, 'f1': 0.4955669622025199, 'auc_roc': 0.76229255263745}
2025-04-28 15:47:01 - INFO - [server_grpc.py:288] - 轮次 4 处理完成
2025-04-28 15:47:01 - INFO - [server_grpc.py:151] - 客户端 3 检查训练状态，当前next_step=True, count=0
2025-04-28 15:47:01 - INFO - [server_grpc.py:156] - 客户端 3 获得训练许可，count增加到 1/3
2025-04-28 15:47:01 - INFO - [client_grpc.py:189] - 客户端 2 提交轮次 4 的参数更新
2025-04-28 15:47:01 - INFO - [client_grpc.py:201] - 所有客户端已就绪，开始请求全局模型
2025-04-28 15:47:01 - INFO - [server_grpc.py:151] - 客户端 2 检查训练状态，当前next_step=True, count=1
2025-04-28 15:47:01 - INFO - [server_grpc.py:239] - 向客户端 3 提供第4轮全局模型
2025-04-28 15:47:01 - INFO - [server_grpc.py:156] - 客户端 2 获得训练许可，count增加到 2/3
2025-04-28 15:47:01 - INFO - [client_grpc.py:201] - 所有客户端已就绪，开始请求全局模型
2025-04-28 15:47:01 - INFO - [server_grpc.py:239] - 向客户端 2 提供第4轮全局模型
2025-04-28 15:47:01 - INFO - [server_grpc.py:151] - 客户端 1 检查训练状态，当前next_step=True, count=2
2025-04-28 15:47:01 - INFO - [server_grpc.py:156] - 客户端 1 获得训练许可，count增加到 3/3
2025-04-28 15:47:01 - INFO - [server_grpc.py:160] - 所有客户端已获得训练许可，重置next_step=False, count=0
2025-04-28 15:47:01 - INFO - [client_grpc.py:201] - 所有客户端已就绪，开始请求全局模型
2025-04-28 15:47:01 - INFO - [server_grpc.py:239] - 向客户端 1 提供第4轮全局模型
2025-04-28 15:47:01 - INFO - [client_grpc.py:212] - 客户端 2 请求第 4 轮的全局模型
2025-04-28 15:47:01 - INFO - [client_grpc.py:221] - 全局模型指标 - 准确率: 0.8198, 精确率: 0.6398, 召回率: 0.4044, F1分数: 0.4956, AUC-ROC: 0.7623
2025-04-28 15:47:01 - INFO - [client_grpc.py:224] - 客户端 2 更新模型参数
2025-04-28 15:47:01 - INFO - [client_grpc.py:185] - 开始第 5 轮训练
2025-04-28 15:47:01 - INFO - [client_grpc.py:212] - 客户端 3 请求第 4 轮的全局模型
2025-04-28 15:47:01 - INFO - [client_grpc.py:221] - 全局模型指标 - 准确率: 0.8198, 精确率: 0.6398, 召回率: 0.4044, F1分数: 0.4956, AUC-ROC: 0.7623
2025-04-28 15:47:01 - INFO - [client_grpc.py:224] - 客户端 3 更新模型参数
2025-04-28 15:47:01 - INFO - [client_grpc.py:185] - 开始第 5 轮训练
2025-04-28 15:47:01 - INFO - [client_grpc.py:212] - 客户端 1 请求第 4 轮的全局模型
2025-04-28 15:47:01 - INFO - [client_grpc.py:221] - 全局模型指标 - 准确率: 0.8198, 精确率: 0.6398, 召回率: 0.4044, F1分数: 0.4956, AUC-ROC: 0.7623
2025-04-28 15:47:01 - INFO - [client_grpc.py:224] - 客户端 1 更新模型参数
2025-04-28 15:47:01 - INFO - [client_grpc.py:185] - 开始第 5 轮训练
2025-04-28 15:47:02 - INFO - [client_grpc.py:118] - 本地训练完成，评估指标: {'accuracy': 0.82375, 'precision': 0.6595744680851063, 'recall': 0.36257309941520466, 'f1': 0.46792452830188674, 'auc_roc': 0.7296925408380517}
2025-04-28 15:47:02 - INFO - [server_grpc.py:179] - 接收到客户端 2 的参数更新，轮次: 5
2025-04-28 15:47:02 - INFO - [server_grpc.py:206] - 存储客户端 2 参数更新，当前轮次 5 已提交 1/3个客户端
2025-04-28 15:47:02 - INFO - [client_grpc.py:189] - 客户端 2 提交轮次 5 的参数更新
2025-04-28 15:47:02 - INFO - [server_grpc.py:151] - 客户端 2 检查训练状态，当前next_step=False, count=0
2025-04-28 15:47:02 - INFO - [client_grpc.py:197] - 等待其他客户端提交参数 (3/3)
2025-04-28 15:47:02 - INFO - [client_grpc.py:118] - 本地训练完成，评估指标: {'accuracy': 0.825625, 'precision': 0.6276150627615062, 'recall': 0.4411764705882353, 'f1': 0.5181347150259067, 'auc_roc': 0.7465102707749767}
2025-04-28 15:47:02 - INFO - [server_grpc.py:179] - 接收到客户端 3 的参数更新，轮次: 5
2025-04-28 15:47:02 - INFO - [server_grpc.py:206] - 存储客户端 3 参数更新，当前轮次 5 已提交 2/3个客户端
2025-04-28 15:47:02 - INFO - [client_grpc.py:189] - 客户端 3 提交轮次 5 的参数更新
2025-04-28 15:47:02 - INFO - [server_grpc.py:151] - 客户端 3 检查训练状态，当前next_step=False, count=0
2025-04-28 15:47:02 - INFO - [client_grpc.py:197] - 等待其他客户端提交参数 (3/3)
2025-04-28 15:47:02 - INFO - [client_grpc.py:118] - 本地训练完成，评估指标: {'accuracy': 0.831875, 'precision': 0.6927374301675978, 'recall': 0.3668639053254438, 'f1': 0.4796905222437137, 'auc_roc': 0.7442844550305234}
2025-04-28 15:47:02 - INFO - [server_grpc.py:179] - 接收到客户端 1 的参数更新，轮次: 5
2025-04-28 15:47:02 - INFO - [server_grpc.py:206] - 存储客户端 1 参数更新，当前轮次 5 已提交 3/3个客户端
2025-04-28 15:47:02 - INFO - [server_grpc.py:209] - 轮次 5 所有客户端参数已收集完毕，开始聚合
2025-04-28 15:47:02 - INFO - [server_grpc.py:81] - 开始聚合参数，参数列表长度: 3
2025-04-28 15:47:02 - INFO - [server_grpc.py:91] - 当前轮次活跃客户端IDs: ['2', '3', '1']
2025-04-28 15:47:02 - INFO - [server_grpc.py:97] - 计算客户端权重完成: [0.3333333333333333, 0.3333333333333333, 0.3333333333333333]
2025-04-28 15:47:02 - DEBUG - [server_grpc.py:113] - 聚合参数 intercept: 客户端 1/3, 权重 0.3333333333333333
2025-04-28 15:47:02 - DEBUG - [server_grpc.py:113] - 聚合参数 intercept: 客户端 2/3, 权重 0.3333333333333333
2025-04-28 15:47:02 - DEBUG - [server_grpc.py:113] - 聚合参数 intercept: 客户端 3/3, 权重 0.3333333333333333
2025-04-28 15:47:02 - DEBUG - [server_grpc.py:113] - 聚合参数 coef: 客户端 1/3, 权重 0.3333333333333333
2025-04-28 15:47:02 - DEBUG - [server_grpc.py:113] - 聚合参数 coef: 客户端 2/3, 权重 0.3333333333333333
2025-04-28 15:47:02 - DEBUG - [server_grpc.py:113] - 聚合参数 coef: 客户端 3/3, 权重 0.3333333333333333
2025-04-28 15:47:02 - INFO - [server_grpc.py:275] - 全局模型参数更新完成
2025-04-28 15:47:02 - INFO - [server_grpc.py:283] - 全局模型在轮次 5 的性能: {'accuracy': 0.8198333333333333, 'precision': 0.6400966183574879, 'recall': 0.4036557501904037, 'f1': 0.49509574964969644, 'auc_roc': 0.762344388580428}
2025-04-28 15:47:02 - INFO - [server_grpc.py:288] - 轮次 5 处理完成
2025-04-28 15:47:02 - INFO - [client_grpc.py:189] - 客户端 1 提交轮次 5 的参数更新
2025-04-28 15:47:02 - INFO - [server_grpc.py:151] - 客户端 1 检查训练状态，当前next_step=True, count=0
2025-04-28 15:47:02 - INFO - [server_grpc.py:156] - 客户端 1 获得训练许可，count增加到 1/3
2025-04-28 15:47:02 - INFO - [client_grpc.py:201] - 所有客户端已就绪，开始请求全局模型
2025-04-28 15:47:02 - INFO - [server_grpc.py:239] - 向客户端 1 提供第5轮全局模型
2025-04-28 15:47:02 - INFO - [server_grpc.py:151] - 客户端 2 检查训练状态，当前next_step=True, count=1
2025-04-28 15:47:02 - INFO - [server_grpc.py:156] - 客户端 2 获得训练许可，count增加到 2/3
2025-04-28 15:47:02 - INFO - [client_grpc.py:201] - 所有客户端已就绪，开始请求全局模型
2025-04-28 15:47:02 - INFO - [server_grpc.py:239] - 向客户端 2 提供第5轮全局模型
2025-04-28 15:47:02 - INFO - [server_grpc.py:151] - 客户端 3 检查训练状态，当前next_step=True, count=2
2025-04-28 15:47:02 - INFO - [server_grpc.py:156] - 客户端 3 获得训练许可，count增加到 3/3
2025-04-28 15:47:02 - INFO - [server_grpc.py:160] - 所有客户端已获得训练许可，重置next_step=False, count=0
2025-04-28 15:47:02 - INFO - [client_grpc.py:201] - 所有客户端已就绪，开始请求全局模型
2025-04-28 15:47:02 - INFO - [server_grpc.py:239] - 向客户端 3 提供第5轮全局模型
2025-04-28 15:47:02 - INFO - [client_grpc.py:212] - 客户端 1 请求第 5 轮的全局模型
2025-04-28 15:47:02 - INFO - [client_grpc.py:221] - 全局模型指标 - 准确率: 0.8198, 精确率: 0.6401, 召回率: 0.4037, F1分数: 0.4951, AUC-ROC: 0.7623
2025-04-28 15:47:02 - INFO - [client_grpc.py:212] - 客户端 2 请求第 5 轮的全局模型
2025-04-28 15:47:02 - INFO - [client_grpc.py:224] - 客户端 1 更新模型参数
2025-04-28 15:47:02 - INFO - [client_grpc.py:221] - 全局模型指标 - 准确率: 0.8198, 精确率: 0.6401, 召回率: 0.4037, F1分数: 0.4951, AUC-ROC: 0.7623
2025-04-28 15:47:02 - INFO - [client_grpc.py:185] - 开始第 6 轮训练
2025-04-28 15:47:02 - INFO - [client_grpc.py:224] - 客户端 2 更新模型参数
2025-04-28 15:47:02 - INFO - [client_grpc.py:185] - 开始第 6 轮训练
2025-04-28 15:47:02 - INFO - [client_grpc.py:212] - 客户端 3 请求第 5 轮的全局模型
2025-04-28 15:47:02 - INFO - [client_grpc.py:221] - 全局模型指标 - 准确率: 0.8198, 精确率: 0.6401, 召回率: 0.4037, F1分数: 0.4951, AUC-ROC: 0.7623
2025-04-28 15:47:02 - INFO - [client_grpc.py:224] - 客户端 3 更新模型参数
2025-04-28 15:47:02 - INFO - [client_grpc.py:185] - 开始第 6 轮训练
2025-04-28 15:47:02 - INFO - [client_grpc.py:118] - 本地训练完成，评估指标: {'accuracy': 0.8325, 'precision': 0.6944444444444444, 'recall': 0.3698224852071006, 'f1': 0.4826254826254826, 'auc_roc': 0.7443477526983562}
2025-04-28 15:47:02 - INFO - [server_grpc.py:179] - 接收到客户端 1 的参数更新，轮次: 6
2025-04-28 15:47:02 - INFO - [server_grpc.py:206] - 存储客户端 1 参数更新，当前轮次 6 已提交 1/3个客户端
2025-04-28 15:47:02 - INFO - [client_grpc.py:189] - 客户端 1 提交轮次 6 的参数更新
2025-04-28 15:47:02 - INFO - [server_grpc.py:151] - 客户端 1 检查训练状态，当前next_step=False, count=0
2025-04-28 15:47:02 - INFO - [client_grpc.py:197] - 等待其他客户端提交参数 (3/3)
2025-04-28 15:47:02 - INFO - [client_grpc.py:118] - 本地训练完成，评估指标: {'accuracy': 0.825625, 'precision': 0.6286919831223629, 'recall': 0.43823529411764706, 'f1': 0.5164644714038128, 'auc_roc': 0.7467880485527545}
2025-04-28 15:47:02 - INFO - [server_grpc.py:179] - 接收到客户端 3 的参数更新，轮次: 6
2025-04-28 15:47:02 - INFO - [server_grpc.py:206] - 存储客户端 3 参数更新，当前轮次 6 已提交 2/3个客户端
2025-04-28 15:47:02 - INFO - [client_grpc.py:189] - 客户端 3 提交轮次 6 的参数更新
2025-04-28 15:47:02 - INFO - [server_grpc.py:151] - 客户端 3 检查训练状态，当前next_step=False, count=0
2025-04-28 15:47:02 - INFO - [client_grpc.py:197] - 等待其他客户端提交参数 (3/3)
2025-04-28 15:47:02 - INFO - [client_grpc.py:118] - 本地训练完成，评估指标: {'accuracy': 0.824375, 'precision': 0.6613756613756614, 'recall': 0.3654970760233918, 'f1': 0.4708097928436912, 'auc_roc': 0.7292090852462368}
2025-04-28 15:47:02 - INFO - [server_grpc.py:179] - 接收到客户端 2 的参数更新，轮次: 6
2025-04-28 15:47:02 - INFO - [server_grpc.py:206] - 存储客户端 2 参数更新，当前轮次 6 已提交 3/3个客户端
2025-04-28 15:47:02 - INFO - [server_grpc.py:209] - 轮次 6 所有客户端参数已收集完毕，开始聚合
2025-04-28 15:47:02 - INFO - [server_grpc.py:81] - 开始聚合参数，参数列表长度: 3
2025-04-28 15:47:02 - INFO - [server_grpc.py:91] - 当前轮次活跃客户端IDs: ['1', '3', '2']
2025-04-28 15:47:02 - INFO - [server_grpc.py:97] - 计算客户端权重完成: [0.3333333333333333, 0.3333333333333333, 0.3333333333333333]
2025-04-28 15:47:02 - DEBUG - [server_grpc.py:113] - 聚合参数 intercept: 客户端 1/3, 权重 0.3333333333333333
2025-04-28 15:47:02 - DEBUG - [server_grpc.py:113] - 聚合参数 intercept: 客户端 2/3, 权重 0.3333333333333333
2025-04-28 15:47:02 - DEBUG - [server_grpc.py:113] - 聚合参数 intercept: 客户端 3/3, 权重 0.3333333333333333
2025-04-28 15:47:02 - DEBUG - [server_grpc.py:113] - 聚合参数 coef: 客户端 1/3, 权重 0.3333333333333333
2025-04-28 15:47:02 - DEBUG - [server_grpc.py:113] - 聚合参数 coef: 客户端 2/3, 权重 0.3333333333333333
2025-04-28 15:47:02 - DEBUG - [server_grpc.py:113] - 聚合参数 coef: 客户端 3/3, 权重 0.3333333333333333
2025-04-28 15:47:02 - INFO - [server_grpc.py:275] - 全局模型参数更新完成
2025-04-28 15:47:02 - INFO - [server_grpc.py:283] - 全局模型在轮次 6 的性能: {'accuracy': 0.8196666666666667, 'precision': 0.6389891696750902, 'recall': 0.4044173648134044, 'f1': 0.49533582089552236, 'auc_roc': 0.7622433166163771}
2025-04-28 15:47:02 - INFO - [server_grpc.py:288] - 轮次 6 处理完成
2025-04-28 15:47:02 - INFO - [server_grpc.py:151] - 客户端 1 检查训练状态，当前next_step=True, count=0
2025-04-28 15:47:02 - INFO - [server_grpc.py:156] - 客户端 1 获得训练许可，count增加到 1/3
2025-04-28 15:47:02 - INFO - [client_grpc.py:189] - 客户端 2 提交轮次 6 的参数更新
2025-04-28 15:47:02 - INFO - [client_grpc.py:201] - 所有客户端已就绪，开始请求全局模型
2025-04-28 15:47:02 - INFO - [server_grpc.py:239] - 向客户端 1 提供第6轮全局模型
2025-04-28 15:47:02 - INFO - [server_grpc.py:151] - 客户端 2 检查训练状态，当前next_step=True, count=1
2025-04-28 15:47:02 - INFO - [server_grpc.py:156] - 客户端 2 获得训练许可，count增加到 2/3
2025-04-28 15:47:02 - INFO - [client_grpc.py:201] - 所有客户端已就绪，开始请求全局模型
2025-04-28 15:47:02 - INFO - [server_grpc.py:239] - 向客户端 2 提供第6轮全局模型
2025-04-28 15:47:02 - INFO - [server_grpc.py:151] - 客户端 3 检查训练状态，当前next_step=True, count=2
2025-04-28 15:47:02 - INFO - [server_grpc.py:156] - 客户端 3 获得训练许可，count增加到 3/3
2025-04-28 15:47:02 - INFO - [server_grpc.py:160] - 所有客户端已获得训练许可，重置next_step=False, count=0
2025-04-28 15:47:02 - INFO - [client_grpc.py:201] - 所有客户端已就绪，开始请求全局模型
2025-04-28 15:47:02 - INFO - [server_grpc.py:239] - 向客户端 3 提供第6轮全局模型
2025-04-28 15:47:02 - INFO - [client_grpc.py:212] - 客户端 2 请求第 6 轮的全局模型
2025-04-28 15:47:02 - INFO - [client_grpc.py:221] - 全局模型指标 - 准确率: 0.8197, 精确率: 0.6390, 召回率: 0.4044, F1分数: 0.4953, AUC-ROC: 0.7622
2025-04-28 15:47:02 - INFO - [client_grpc.py:224] - 客户端 2 更新模型参数
2025-04-28 15:47:02 - INFO - [client_grpc.py:185] - 开始第 7 轮训练
2025-04-28 15:47:02 - INFO - [client_grpc.py:212] - 客户端 1 请求第 6 轮的全局模型
2025-04-28 15:47:02 - INFO - [client_grpc.py:221] - 全局模型指标 - 准确率: 0.8197, 精确率: 0.6390, 召回率: 0.4044, F1分数: 0.4953, AUC-ROC: 0.7622
2025-04-28 15:47:02 - INFO - [client_grpc.py:224] - 客户端 1 更新模型参数
2025-04-28 15:47:02 - INFO - [client_grpc.py:185] - 开始第 7 轮训练
2025-04-28 15:47:02 - INFO - [client_grpc.py:212] - 客户端 3 请求第 6 轮的全局模型
2025-04-28 15:47:02 - INFO - [client_grpc.py:221] - 全局模型指标 - 准确率: 0.8197, 精确率: 0.6390, 召回率: 0.4044, F1分数: 0.4953, AUC-ROC: 0.7622
2025-04-28 15:47:02 - INFO - [client_grpc.py:224] - 客户端 3 更新模型参数
2025-04-28 15:47:02 - INFO - [client_grpc.py:185] - 开始第 7 轮训练
2025-04-28 15:47:02 - INFO - [client_grpc.py:118] - 本地训练完成，评估指标: {'accuracy': 0.824375, 'precision': 0.6613756613756614, 'recall': 0.3654970760233918, 'f1': 0.4708097928436912, 'auc_roc': 0.7296925408380517}
2025-04-28 15:47:02 - INFO - [server_grpc.py:179] - 接收到客户端 2 的参数更新，轮次: 7
2025-04-28 15:47:02 - INFO - [server_grpc.py:206] - 存储客户端 2 参数更新，当前轮次 7 已提交 1/3个客户端
2025-04-28 15:47:02 - INFO - [client_grpc.py:189] - 客户端 2 提交轮次 7 的参数更新
2025-04-28 15:47:02 - INFO - [server_grpc.py:151] - 客户端 2 检查训练状态，当前next_step=False, count=0
2025-04-28 15:47:02 - INFO - [client_grpc.py:197] - 等待其他客户端提交参数 (3/3)
2025-04-28 15:47:02 - INFO - [client_grpc.py:118] - 本地训练完成，评估指标: {'accuracy': 0.8325, 'precision': 0.6944444444444444, 'recall': 0.3698224852071006, 'f1': 0.4826254826254826, 'auc_roc': 0.7445798441470756}
2025-04-28 15:47:02 - INFO - [server_grpc.py:179] - 接收到客户端 1 的参数更新，轮次: 7
2025-04-28 15:47:02 - INFO - [server_grpc.py:206] - 存储客户端 1 参数更新，当前轮次 7 已提交 2/3个客户端
2025-04-28 15:47:02 - INFO - [client_grpc.py:189] - 客户端 1 提交轮次 7 的参数更新
2025-04-28 15:47:02 - INFO - [client_grpc.py:118] - 本地训练完成，评估指标: {'accuracy': 0.82625, 'precision': 0.6302521008403361, 'recall': 0.4411764705882353, 'f1': 0.5190311418685122, 'auc_roc': 0.7462254901960785}
2025-04-28 15:47:02 - INFO - [server_grpc.py:151] - 客户端 1 检查训练状态，当前next_step=False, count=0
2025-04-28 15:47:02 - INFO - [server_grpc.py:179] - 接收到客户端 3 的参数更新，轮次: 7
2025-04-28 15:47:02 - INFO - [client_grpc.py:197] - 等待其他客户端提交参数 (3/3)
2025-04-28 15:47:02 - INFO - [server_grpc.py:206] - 存储客户端 3 参数更新，当前轮次 7 已提交 3/3个客户端
2025-04-28 15:47:02 - INFO - [server_grpc.py:209] - 轮次 7 所有客户端参数已收集完毕，开始聚合
2025-04-28 15:47:02 - INFO - [server_grpc.py:81] - 开始聚合参数，参数列表长度: 3
2025-04-28 15:47:02 - INFO - [server_grpc.py:91] - 当前轮次活跃客户端IDs: ['2', '1', '3']
2025-04-28 15:47:02 - INFO - [server_grpc.py:97] - 计算客户端权重完成: [0.3333333333333333, 0.3333333333333333, 0.3333333333333333]
2025-04-28 15:47:02 - DEBUG - [server_grpc.py:113] - 聚合参数 intercept: 客户端 1/3, 权重 0.3333333333333333
2025-04-28 15:47:02 - DEBUG - [server_grpc.py:113] - 聚合参数 intercept: 客户端 2/3, 权重 0.3333333333333333
2025-04-28 15:47:02 - DEBUG - [server_grpc.py:113] - 聚合参数 intercept: 客户端 3/3, 权重 0.3333333333333333
2025-04-28 15:47:02 - DEBUG - [server_grpc.py:113] - 聚合参数 coef: 客户端 1/3, 权重 0.3333333333333333
2025-04-28 15:47:02 - DEBUG - [server_grpc.py:113] - 聚合参数 coef: 客户端 2/3, 权重 0.3333333333333333
2025-04-28 15:47:02 - DEBUG - [server_grpc.py:113] - 聚合参数 coef: 客户端 3/3, 权重 0.3333333333333333
2025-04-28 15:47:02 - INFO - [server_grpc.py:275] - 全局模型参数更新完成
2025-04-28 15:47:02 - INFO - [server_grpc.py:283] - 全局模型在轮次 7 的性能: {'accuracy': 0.8198333333333333, 'precision': 0.6397590361445783, 'recall': 0.4044173648134044, 'f1': 0.4955669622025199, 'auc_roc': 0.7623213142735225}
2025-04-28 15:47:02 - INFO - [server_grpc.py:288] - 轮次 7 处理完成
2025-04-28 15:47:02 - INFO - [server_grpc.py:151] - 客户端 2 检查训练状态，当前next_step=True, count=0
2025-04-28 15:47:02 - INFO - [client_grpc.py:189] - 客户端 3 提交轮次 7 的参数更新
2025-04-28 15:47:02 - INFO - [server_grpc.py:156] - 客户端 2 获得训练许可，count增加到 1/3
2025-04-28 15:47:02 - INFO - [server_grpc.py:151] - 客户端 3 检查训练状态，当前next_step=True, count=1
2025-04-28 15:47:02 - INFO - [server_grpc.py:156] - 客户端 3 获得训练许可，count增加到 2/3
2025-04-28 15:47:02 - INFO - [client_grpc.py:201] - 所有客户端已就绪，开始请求全局模型
2025-04-28 15:47:02 - INFO - [client_grpc.py:201] - 所有客户端已就绪，开始请求全局模型
2025-04-28 15:47:02 - INFO - [server_grpc.py:239] - 向客户端 2 提供第7轮全局模型
2025-04-28 15:47:02 - INFO - [server_grpc.py:239] - 向客户端 3 提供第7轮全局模型
2025-04-28 15:47:02 - INFO - [server_grpc.py:151] - 客户端 1 检查训练状态，当前next_step=True, count=2
2025-04-28 15:47:02 - INFO - [server_grpc.py:156] - 客户端 1 获得训练许可，count增加到 3/3
2025-04-28 15:47:02 - INFO - [server_grpc.py:160] - 所有客户端已获得训练许可，重置next_step=False, count=0
2025-04-28 15:47:02 - INFO - [client_grpc.py:201] - 所有客户端已就绪，开始请求全局模型
2025-04-28 15:47:02 - INFO - [server_grpc.py:239] - 向客户端 1 提供第7轮全局模型
2025-04-28 15:47:02 - INFO - [client_grpc.py:212] - 客户端 2 请求第 7 轮的全局模型
2025-04-28 15:47:02 - INFO - [client_grpc.py:221] - 全局模型指标 - 准确率: 0.8198, 精确率: 0.6398, 召回率: 0.4044, F1分数: 0.4956, AUC-ROC: 0.7623
2025-04-28 15:47:02 - INFO - [client_grpc.py:224] - 客户端 2 更新模型参数
2025-04-28 15:47:02 - INFO - [client_grpc.py:185] - 开始第 8 轮训练
2025-04-28 15:47:03 - INFO - [client_grpc.py:212] - 客户端 3 请求第 7 轮的全局模型
2025-04-28 15:47:03 - INFO - [client_grpc.py:221] - 全局模型指标 - 准确率: 0.8198, 精确率: 0.6398, 召回率: 0.4044, F1分数: 0.4956, AUC-ROC: 0.7623
2025-04-28 15:47:03 - INFO - [client_grpc.py:224] - 客户端 3 更新模型参数
2025-04-28 15:47:03 - INFO - [client_grpc.py:185] - 开始第 8 轮训练
2025-04-28 15:47:03 - INFO - [client_grpc.py:212] - 客户端 1 请求第 7 轮的全局模型
2025-04-28 15:47:03 - INFO - [client_grpc.py:221] - 全局模型指标 - 准确率: 0.8198, 精确率: 0.6398, 召回率: 0.4044, F1分数: 0.4956, AUC-ROC: 0.7623
2025-04-28 15:47:03 - INFO - [client_grpc.py:224] - 客户端 1 更新模型参数
2025-04-28 15:47:03 - INFO - [client_grpc.py:185] - 开始第 8 轮训练
2025-04-28 15:47:03 - INFO - [client_grpc.py:118] - 本地训练完成，评估指标: {'accuracy': 0.82375, 'precision': 0.6595744680851063, 'recall': 0.36257309941520466, 'f1': 0.46792452830188674, 'auc_roc': 0.7300853485064012}
2025-04-28 15:47:03 - INFO - [server_grpc.py:179] - 接收到客户端 2 的参数更新，轮次: 8
2025-04-28 15:47:03 - INFO - [server_grpc.py:206] - 存储客户端 2 参数更新，当前轮次 8 已提交 1/3个客户端
2025-04-28 15:47:03 - INFO - [client_grpc.py:189] - 客户端 2 提交轮次 8 的参数更新
2025-04-28 15:47:03 - INFO - [server_grpc.py:151] - 客户端 2 检查训练状态，当前next_step=False, count=0
2025-04-28 15:47:03 - INFO - [client_grpc.py:197] - 等待其他客户端提交参数 (3/3)
2025-04-28 15:47:03 - INFO - [client_grpc.py:118] - 本地训练完成，评估指标: {'accuracy': 0.82625, 'precision': 0.6302521008403361, 'recall': 0.4411764705882353, 'f1': 0.5190311418685122, 'auc_roc': 0.7462768440709616}
2025-04-28 15:47:03 - INFO - [client_grpc.py:118] - 本地训练完成，评估指标: {'accuracy': 0.8325, 'precision': 0.6944444444444444, 'recall': 0.3698224852071006, 'f1': 0.4826254826254826, 'auc_roc': 0.7439515561848853}
2025-04-28 15:47:03 - INFO - [server_grpc.py:179] - 接收到客户端 3 的参数更新，轮次: 8
2025-04-28 15:47:03 - INFO - [server_grpc.py:206] - 存储客户端 3 参数更新，当前轮次 8 已提交 2/3个客户端
2025-04-28 15:47:03 - INFO - [client_grpc.py:189] - 客户端 3 提交轮次 8 的参数更新
2025-04-28 15:47:03 - INFO - [server_grpc.py:179] - 接收到客户端 1 的参数更新，轮次: 8
2025-04-28 15:47:03 - INFO - [server_grpc.py:206] - 存储客户端 1 参数更新，当前轮次 8 已提交 3/3个客户端
2025-04-28 15:47:03 - INFO - [server_grpc.py:209] - 轮次 8 所有客户端参数已收集完毕，开始聚合
2025-04-28 15:47:03 - INFO - [server_grpc.py:81] - 开始聚合参数，参数列表长度: 3
2025-04-28 15:47:03 - INFO - [server_grpc.py:91] - 当前轮次活跃客户端IDs: ['2', '3', '1']
2025-04-28 15:47:03 - INFO - [server_grpc.py:97] - 计算客户端权重完成: [0.3333333333333333, 0.3333333333333333, 0.3333333333333333]
2025-04-28 15:47:03 - DEBUG - [server_grpc.py:113] - 聚合参数 intercept: 客户端 1/3, 权重 0.3333333333333333
2025-04-28 15:47:03 - DEBUG - [server_grpc.py:113] - 聚合参数 intercept: 客户端 2/3, 权重 0.3333333333333333
2025-04-28 15:47:03 - DEBUG - [server_grpc.py:113] - 聚合参数 intercept: 客户端 3/3, 权重 0.3333333333333333
2025-04-28 15:47:03 - DEBUG - [server_grpc.py:113] - 聚合参数 coef: 客户端 1/3, 权重 0.3333333333333333
2025-04-28 15:47:03 - DEBUG - [server_grpc.py:113] - 聚合参数 coef: 客户端 2/3, 权重 0.3333333333333333
2025-04-28 15:47:03 - DEBUG - [server_grpc.py:113] - 聚合参数 coef: 客户端 3/3, 权重 0.3333333333333333
2025-04-28 15:47:03 - INFO - [server_grpc.py:275] - 全局模型参数更新完成
2025-04-28 15:47:03 - INFO - [server_grpc.py:283] - 全局模型在轮次 8 的性能: {'accuracy': 0.8198333333333333, 'precision': 0.6394230769230769, 'recall': 0.4051789794364052, 'f1': 0.49603729603729607, 'auc_roc': 0.7622780905718545}
2025-04-28 15:47:03 - INFO - [server_grpc.py:288] - 轮次 8 处理完成
2025-04-28 15:47:03 - INFO - [server_grpc.py:151] - 客户端 3 检查训练状态，当前next_step=True, count=0
2025-04-28 15:47:03 - INFO - [server_grpc.py:156] - 客户端 3 获得训练许可，count增加到 1/3
2025-04-28 15:47:03 - INFO - [client_grpc.py:189] - 客户端 1 提交轮次 8 的参数更新
2025-04-28 15:47:03 - INFO - [server_grpc.py:151] - 客户端 2 检查训练状态，当前next_step=True, count=1
2025-04-28 15:47:03 - INFO - [server_grpc.py:156] - 客户端 2 获得训练许可，count增加到 2/3
2025-04-28 15:47:03 - INFO - [client_grpc.py:201] - 所有客户端已就绪，开始请求全局模型
2025-04-28 15:47:03 - INFO - [server_grpc.py:151] - 客户端 1 检查训练状态，当前next_step=True, count=2
2025-04-28 15:47:03 - INFO - [client_grpc.py:201] - 所有客户端已就绪，开始请求全局模型
2025-04-28 15:47:03 - INFO - [server_grpc.py:239] - 向客户端 3 提供第8轮全局模型
2025-04-28 15:47:03 - INFO - [server_grpc.py:239] - 向客户端 2 提供第8轮全局模型
2025-04-28 15:47:03 - INFO - [server_grpc.py:156] - 客户端 1 获得训练许可，count增加到 3/3
2025-04-28 15:47:03 - INFO - [server_grpc.py:160] - 所有客户端已获得训练许可，重置next_step=False, count=0
2025-04-28 15:47:03 - INFO - [client_grpc.py:201] - 所有客户端已就绪，开始请求全局模型
2025-04-28 15:47:03 - INFO - [server_grpc.py:239] - 向客户端 1 提供第8轮全局模型
2025-04-28 15:47:03 - INFO - [client_grpc.py:212] - 客户端 2 请求第 8 轮的全局模型
2025-04-28 15:47:03 - INFO - [client_grpc.py:221] - 全局模型指标 - 准确率: 0.8198, 精确率: 0.6394, 召回率: 0.4052, F1分数: 0.4960, AUC-ROC: 0.7623
2025-04-28 15:47:03 - INFO - [client_grpc.py:224] - 客户端 2 更新模型参数
2025-04-28 15:47:03 - INFO - [client_grpc.py:185] - 开始第 9 轮训练
2025-04-28 15:47:03 - INFO - [client_grpc.py:212] - 客户端 3 请求第 8 轮的全局模型
2025-04-28 15:47:03 - INFO - [client_grpc.py:221] - 全局模型指标 - 准确率: 0.8198, 精确率: 0.6394, 召回率: 0.4052, F1分数: 0.4960, AUC-ROC: 0.7623
2025-04-28 15:47:03 - INFO - [client_grpc.py:224] - 客户端 3 更新模型参数
2025-04-28 15:47:03 - INFO - [client_grpc.py:185] - 开始第 9 轮训练
2025-04-28 15:47:03 - INFO - [client_grpc.py:212] - 客户端 1 请求第 8 轮的全局模型
2025-04-28 15:47:03 - INFO - [client_grpc.py:221] - 全局模型指标 - 准确率: 0.8198, 精确率: 0.6394, 召回率: 0.4052, F1分数: 0.4960, AUC-ROC: 0.7623
2025-04-28 15:47:03 - INFO - [client_grpc.py:224] - 客户端 1 更新模型参数
2025-04-28 15:47:03 - INFO - [client_grpc.py:185] - 开始第 9 轮训练
2025-04-28 15:47:03 - INFO - [client_grpc.py:118] - 本地训练完成，评估指标: {'accuracy': 0.824375, 'precision': 0.6234309623430963, 'recall': 0.43823529411764706, 'f1': 0.5146804835924007, 'auc_roc': 0.7467553688141924}
2025-04-28 15:47:03 - INFO - [server_grpc.py:179] - 接收到客户端 3 的参数更新，轮次: 9
2025-04-28 15:47:03 - INFO - [server_grpc.py:206] - 存储客户端 3 参数更新，当前轮次 9 已提交 1/3个客户端
2025-04-28 15:47:03 - INFO - [client_grpc.py:189] - 客户端 3 提交轮次 9 的参数更新
2025-04-28 15:47:03 - INFO - [server_grpc.py:151] - 客户端 3 检查训练状态，当前next_step=False, count=0
2025-04-28 15:47:03 - INFO - [client_grpc.py:197] - 等待其他客户端提交参数 (3/3)
2025-04-28 15:47:03 - INFO - [client_grpc.py:118] - 本地训练完成，评估指标: {'accuracy': 0.82375, 'precision': 0.6595744680851063, 'recall': 0.36257309941520466, 'f1': 0.46792452830188674, 'auc_roc': 0.7290789241253639}
2025-04-28 15:47:03 - INFO - [server_grpc.py:179] - 接收到客户端 2 的参数更新，轮次: 9
2025-04-28 15:47:03 - INFO - [server_grpc.py:206] - 存储客户端 2 参数更新，当前轮次 9 已提交 2/3个客户端
2025-04-28 15:47:03 - INFO - [client_grpc.py:189] - 客户端 2 提交轮次 9 的参数更新
2025-04-28 15:47:03 - INFO - [client_grpc.py:118] - 本地训练完成，评估指标: {'accuracy': 0.831875, 'precision': 0.6733668341708543, 'recall': 0.39644970414201186, 'f1': 0.4990689013035382, 'auc_roc': 0.7440054764204465}
2025-04-28 15:47:03 - INFO - [server_grpc.py:151] - 客户端 2 检查训练状态，当前next_step=False, count=0
2025-04-28 15:47:03 - INFO - [server_grpc.py:179] - 接收到客户端 1 的参数更新，轮次: 9
2025-04-28 15:47:03 - INFO - [client_grpc.py:197] - 等待其他客户端提交参数 (3/3)
2025-04-28 15:47:03 - INFO - [server_grpc.py:206] - 存储客户端 1 参数更新，当前轮次 9 已提交 3/3个客户端
2025-04-28 15:47:03 - INFO - [server_grpc.py:209] - 轮次 9 所有客户端参数已收集完毕，开始聚合
2025-04-28 15:47:03 - INFO - [server_grpc.py:81] - 开始聚合参数，参数列表长度: 3
2025-04-28 15:47:03 - INFO - [server_grpc.py:91] - 当前轮次活跃客户端IDs: ['3', '2', '1']
2025-04-28 15:47:03 - INFO - [server_grpc.py:97] - 计算客户端权重完成: [0.3333333333333333, 0.3333333333333333, 0.3333333333333333]
2025-04-28 15:47:03 - DEBUG - [server_grpc.py:113] - 聚合参数 intercept: 客户端 1/3, 权重 0.3333333333333333
2025-04-28 15:47:03 - DEBUG - [server_grpc.py:113] - 聚合参数 intercept: 客户端 2/3, 权重 0.3333333333333333
2025-04-28 15:47:03 - DEBUG - [server_grpc.py:113] - 聚合参数 intercept: 客户端 3/3, 权重 0.3333333333333333
2025-04-28 15:47:03 - DEBUG - [server_grpc.py:113] - 聚合参数 coef: 客户端 1/3, 权重 0.3333333333333333
2025-04-28 15:47:03 - DEBUG - [server_grpc.py:113] - 聚合参数 coef: 客户端 2/3, 权重 0.3333333333333333
2025-04-28 15:47:03 - DEBUG - [server_grpc.py:113] - 聚合参数 coef: 客户端 3/3, 权重 0.3333333333333333
2025-04-28 15:47:03 - INFO - [server_grpc.py:275] - 全局模型参数更新完成
2025-04-28 15:47:03 - INFO - [server_grpc.py:283] - 全局模型在轮次 9 的性能: {'accuracy': 0.8198333333333333, 'precision': 0.6397590361445783, 'recall': 0.4044173648134044, 'f1': 0.4955669622025199, 'auc_roc': 0.7623166019150699}
2025-04-28 15:47:03 - INFO - [server_grpc.py:288] - 轮次 9 处理完成
2025-04-28 15:47:03 - INFO - [client_grpc.py:189] - 客户端 1 提交轮次 9 的参数更新
2025-04-28 15:47:03 - INFO - [server_grpc.py:151] - 客户端 1 检查训练状态，当前next_step=True, count=0
2025-04-28 15:47:03 - INFO - [server_grpc.py:156] - 客户端 1 获得训练许可，count增加到 1/3
2025-04-28 15:47:03 - INFO - [client_grpc.py:201] - 所有客户端已就绪，开始请求全局模型
2025-04-28 15:47:03 - INFO - [server_grpc.py:151] - 客户端 3 检查训练状态，当前next_step=True, count=1
2025-04-28 15:47:03 - INFO - [server_grpc.py:239] - 向客户端 1 提供第9轮全局模型
2025-04-28 15:47:03 - INFO - [server_grpc.py:156] - 客户端 3 获得训练许可，count增加到 2/3
2025-04-28 15:47:03 - INFO - [client_grpc.py:201] - 所有客户端已就绪，开始请求全局模型
2025-04-28 15:47:03 - INFO - [server_grpc.py:239] - 向客户端 3 提供第9轮全局模型
2025-04-28 15:47:03 - INFO - [server_grpc.py:151] - 客户端 2 检查训练状态，当前next_step=True, count=2
2025-04-28 15:47:03 - INFO - [server_grpc.py:156] - 客户端 2 获得训练许可，count增加到 3/3
2025-04-28 15:47:03 - INFO - [server_grpc.py:160] - 所有客户端已获得训练许可，重置next_step=False, count=0
2025-04-28 15:47:03 - INFO - [client_grpc.py:201] - 所有客户端已就绪，开始请求全局模型
2025-04-28 15:47:03 - INFO - [client_grpc.py:212] - 客户端 1 请求第 9 轮的全局模型
2025-04-28 15:47:03 - INFO - [client_grpc.py:221] - 全局模型指标 - 准确率: 0.8198, 精确率: 0.6398, 召回率: 0.4044, F1分数: 0.4956, AUC-ROC: 0.7623
2025-04-28 15:47:03 - INFO - [client_grpc.py:224] - 客户端 1 更新模型参数
2025-04-28 15:47:03 - INFO - [client_grpc.py:185] - 开始第 10 轮训练
2025-04-28 15:47:03 - INFO - [server_grpc.py:239] - 向客户端 2 提供第9轮全局模型
2025-04-28 15:47:03 - INFO - [client_grpc.py:212] - 客户端 3 请求第 9 轮的全局模型
2025-04-28 15:47:03 - INFO - [client_grpc.py:221] - 全局模型指标 - 准确率: 0.8198, 精确率: 0.6398, 召回率: 0.4044, F1分数: 0.4956, AUC-ROC: 0.7623
2025-04-28 15:47:03 - INFO - [client_grpc.py:224] - 客户端 3 更新模型参数
2025-04-28 15:47:03 - INFO - [client_grpc.py:185] - 开始第 10 轮训练
2025-04-28 15:47:03 - INFO - [client_grpc.py:212] - 客户端 2 请求第 9 轮的全局模型
2025-04-28 15:47:03 - INFO - [client_grpc.py:221] - 全局模型指标 - 准确率: 0.8198, 精确率: 0.6398, 召回率: 0.4044, F1分数: 0.4956, AUC-ROC: 0.7623
2025-04-28 15:47:03 - INFO - [client_grpc.py:224] - 客户端 2 更新模型参数
2025-04-28 15:47:03 - INFO - [client_grpc.py:185] - 开始第 10 轮训练
2025-04-28 15:47:03 - INFO - [client_grpc.py:118] - 本地训练完成，评估指标: {'accuracy': 0.8325, 'precision': 0.6944444444444444, 'recall': 0.3698224852071006, 'f1': 0.4826254826254826, 'auc_roc': 0.7443993285758493}
2025-04-28 15:47:03 - INFO - [server_grpc.py:179] - 接收到客户端 1 的参数更新，轮次: 10
2025-04-28 15:47:03 - INFO - [server_grpc.py:206] - 存储客户端 1 参数更新，当前轮次 10 已提交 1/3个客户端
2025-04-28 15:47:03 - INFO - [client_grpc.py:189] - 客户端 1 提交轮次 10 的参数更新
2025-04-28 15:47:03 - INFO - [server_grpc.py:151] - 客户端 1 检查训练状态，当前next_step=False, count=0
2025-04-28 15:47:03 - INFO - [client_grpc.py:197] - 等待其他客户端提交参数 (3/3)
2025-04-28 15:47:03 - INFO - [client_grpc.py:118] - 本地训练完成，评估指标: {'accuracy': 0.825625, 'precision': 0.6286919831223629, 'recall': 0.43823529411764706, 'f1': 0.5164644714038128, 'auc_roc': 0.7463281979458449}
2025-04-28 15:47:03 - INFO - [server_grpc.py:179] - 接收到客户端 3 的参数更新，轮次: 10
2025-04-28 15:47:03 - INFO - [server_grpc.py:206] - 存储客户端 3 参数更新，当前轮次 10 已提交 2/3个客户端
2025-04-28 15:47:03 - INFO - [client_grpc.py:189] - 客户端 3 提交轮次 10 的参数更新
2025-04-28 15:47:03 - INFO - [server_grpc.py:151] - 客户端 3 检查训练状态，当前next_step=False, count=0
2025-04-28 15:47:03 - INFO - [client_grpc.py:197] - 等待其他客户端提交参数 (3/3)
2025-04-28 15:47:03 - INFO - [client_grpc.py:118] - 本地训练完成，评估指标: {'accuracy': 0.825, 'precision': 0.6631578947368421, 'recall': 0.3684210526315789, 'f1': 0.4736842105263158, 'auc_roc': 0.7295670283286383}
2025-04-28 15:47:03 - INFO - [server_grpc.py:179] - 接收到客户端 2 的参数更新，轮次: 10
2025-04-28 15:47:03 - INFO - [server_grpc.py:206] - 存储客户端 2 参数更新，当前轮次 10 已提交 3/3个客户端
2025-04-28 15:47:03 - INFO - [server_grpc.py:209] - 轮次 10 所有客户端参数已收集完毕，开始聚合
2025-04-28 15:47:03 - INFO - [server_grpc.py:81] - 开始聚合参数，参数列表长度: 3
2025-04-28 15:47:03 - INFO - [server_grpc.py:91] - 当前轮次活跃客户端IDs: ['1', '3', '2']
2025-04-28 15:47:03 - INFO - [server_grpc.py:97] - 计算客户端权重完成: [0.3333333333333333, 0.3333333333333333, 0.3333333333333333]
2025-04-28 15:47:03 - DEBUG - [server_grpc.py:113] - 聚合参数 intercept: 客户端 1/3, 权重 0.3333333333333333
2025-04-28 15:47:03 - DEBUG - [server_grpc.py:113] - 聚合参数 intercept: 客户端 2/3, 权重 0.3333333333333333
2025-04-28 15:47:03 - DEBUG - [server_grpc.py:113] - 聚合参数 intercept: 客户端 3/3, 权重 0.3333333333333333
2025-04-28 15:47:03 - DEBUG - [server_grpc.py:113] - 聚合参数 coef: 客户端 1/3, 权重 0.3333333333333333
2025-04-28 15:47:03 - DEBUG - [server_grpc.py:113] - 聚合参数 coef: 客户端 2/3, 权重 0.3333333333333333
2025-04-28 15:47:03 - DEBUG - [server_grpc.py:113] - 聚合参数 coef: 客户端 3/3, 权重 0.3333333333333333
2025-04-28 15:47:03 - INFO - [server_grpc.py:275] - 全局模型参数更新完成
2025-04-28 15:47:03 - INFO - [server_grpc.py:283] - 全局模型在轮次 10 的性能: {'accuracy': 0.8198333333333333, 'precision': 0.6397590361445783, 'recall': 0.4044173648134044, 'f1': 0.4955669622025199, 'auc_roc': 0.7622052927585188}
2025-04-28 15:47:03 - INFO - [server_grpc.py:288] - 轮次 10 处理完成
2025-04-28 15:47:03 - INFO - [server_grpc.py:214] - 达到最大轮次 10，结束训练
2025-04-28 15:47:03 - INFO - [server_grpc.py:151] - 客户端 1 检查训练状态，当前next_step=True, count=0
2025-04-28 15:47:03 - INFO - [client_grpc.py:189] - 客户端 2 提交轮次 10 的参数更新
2025-04-28 15:47:03 - INFO - [server_grpc.py:156] - 客户端 1 获得训练许可，count增加到 1/3
2025-04-28 15:47:03 - INFO - [server_grpc.py:151] - 客户端 3 检查训练状态，当前next_step=True, count=1
2025-04-28 15:47:03 - INFO - [server_grpc.py:156] - 客户端 3 获得训练许可，count增加到 2/3
2025-04-28 15:47:03 - INFO - [client_grpc.py:201] - 所有客户端已就绪，开始请求全局模型
2025-04-28 15:47:03 - INFO - [client_grpc.py:201] - 所有客户端已就绪，开始请求全局模型
2025-04-28 15:47:03 - INFO - [server_grpc.py:239] - 向客户端 1 提供第10轮全局模型
2025-04-28 15:47:03 - INFO - [server_grpc.py:239] - 向客户端 3 提供第10轮全局模型
2025-04-28 15:47:03 - INFO - [server_grpc.py:151] - 客户端 2 检查训练状态，当前next_step=True, count=2
2025-04-28 15:47:03 - INFO - [server_grpc.py:156] - 客户端 2 获得训练许可，count增加到 3/3
2025-04-28 15:47:03 - INFO - [server_grpc.py:160] - 所有客户端已获得训练许可，重置next_step=False, count=0
2025-04-28 15:47:03 - INFO - [client_grpc.py:201] - 所有客户端已就绪，开始请求全局模型
2025-04-28 15:47:03 - INFO - [server_grpc.py:239] - 向客户端 2 提供第10轮全局模型
2025-04-28 15:47:04 - INFO - [client_grpc.py:212] - 客户端 3 请求第 10 轮的全局模型
2025-04-28 15:47:04 - INFO - [client_grpc.py:221] - 全局模型指标 - 准确率: 0.8198, 精确率: 0.6398, 召回率: 0.4044, F1分数: 0.4956, AUC-ROC: 0.7622
2025-04-28 15:47:04 - INFO - [client_grpc.py:224] - 客户端 3 更新模型参数
2025-04-28 15:47:04 - INFO - [client_grpc.py:226] - 客户端 3 完成训练
2025-04-28 15:47:04 - INFO - [client_grpc.py:233] - 已关闭gRPC通道
2025-04-28 15:47:04 - INFO - [client_grpc.py:212] - 客户端 1 请求第 10 轮的全局模型
2025-04-28 15:47:04 - INFO - [client_grpc.py:221] - 全局模型指标 - 准确率: 0.8198, 精确率: 0.6398, 召回率: 0.4044, F1分数: 0.4956, AUC-ROC: 0.7622
2025-04-28 15:47:04 - INFO - [client_grpc.py:224] - 客户端 1 更新模型参数
2025-04-28 15:47:04 - INFO - [client_grpc.py:226] - 客户端 1 完成训练
2025-04-28 15:47:04 - INFO - [client_grpc.py:233] - 已关闭gRPC通道
2025-04-28 15:47:04 - INFO - [client_grpc.py:212] - 客户端 2 请求第 10 轮的全局模型
2025-04-28 15:47:04 - INFO - [client_grpc.py:221] - 全局模型指标 - 准确率: 0.8198, 精确率: 0.6398, 召回率: 0.4044, F1分数: 0.4956, AUC-ROC: 0.7622
2025-04-28 15:47:04 - INFO - [client_grpc.py:224] - 客户端 2 更新模型参数
2025-04-28 15:47:04 - INFO - [client_grpc.py:226] - 客户端 2 完成训练
2025-04-28 15:47:04 - INFO - [client_grpc.py:233] - 已关闭gRPC通道
