2025-04-28 15:12:20 - INFO - [logging_config.py:55] - 日志文件已创建: logs/20250428_151220.log
2025-04-28 15:12:20 - INFO - [parameter_handler.py:32] - 服务器已加载私钥
2025-04-28 15:12:20 - INFO - [server_grpc.py:67] - 服务器初始化完成，等待 3 个客户端注册，计划训练 10 轮
2025-04-28 15:12:20 - INFO - [server_grpc.py:316] - 联邦学习安全服务器正在启动，监听端口: 50051
2025-04-28 15:12:20 - INFO - [logging_config.py:55] - 日志文件已创建: logs/20250428_151220.log
2025-04-28 15:12:20 - INFO - [logging_config.py:55] - 日志文件已创建: logs/20250428_151220.log
2025-04-28 15:12:20 - INFO - [logging_config.py:55] - 日志文件已创建: logs/20250428_151220.log
2025-04-28 15:12:20 - INFO - [client_grpc.py:259] - 成功加载客户端数据: /app/data/credit_card_train_normalized.csv, 形状: X=(8000, 26), y=(8000,)
2025-04-28 15:12:20 - INFO - [client_grpc.py:259] - 成功加载客户端数据: /app/data/credit_card_train_normalized.csv, 形状: X=(8000, 26), y=(8000,)
2025-04-28 15:12:20 - INFO - [client_grpc.py:259] - 成功加载客户端数据: /app/data/credit_card_train_normalized.csv, 形状: X=(8000, 26), y=(8000,)
2025-04-28 15:12:20 - DEBUG - [client_grpc.py:84] - 数据集划分完成 - 训练集: (6400, 26), 测试集: (1600, 26)
2025-04-28 15:12:20 - DEBUG - [client_grpc.py:84] - 数据集划分完成 - 训练集: (6400, 26), 测试集: (1600, 26)
2025-04-28 15:12:20 - DEBUG - [client_grpc.py:84] - 数据集划分完成 - 训练集: (6400, 26), 测试集: (1600, 26)
2025-04-28 15:12:20 - INFO - [client_grpc.py:91] - 数据初始化完成，训练数据大小: 6400
2025-04-28 15:12:20 - INFO - [client_grpc.py:91] - 数据初始化完成，训练数据大小: 6400
2025-04-28 15:12:20 - INFO - [client_grpc.py:91] - 数据初始化完成，训练数据大小: 6400
2025-04-28 15:12:20 - INFO - [parameter_handler.py:37] - 客户端已加载公钥
2025-04-28 15:12:20 - INFO - [parameter_handler.py:37] - 客户端已加载公钥
2025-04-28 15:12:20 - INFO - [parameter_handler.py:37] - 客户端已加载公钥
2025-04-28 15:12:20 - INFO - [client_grpc.py:53] - 使用安全通道(SSL/TLS)连接服务器
2025-04-28 15:12:20 - INFO - [client_grpc.py:53] - 使用安全通道(SSL/TLS)连接服务器
2025-04-28 15:12:20 - INFO - [client_grpc.py:53] - 使用安全通道(SSL/TLS)连接服务器
2025-04-28 15:12:20 - INFO - [client_grpc.py:74] - 客户端 2 初始化完成，数据集大小: 6400
2025-04-28 15:12:20 - INFO - [client_grpc.py:74] - 客户端 1 初始化完成，数据集大小: 6400
2025-04-28 15:12:20 - INFO - [client_grpc.py:74] - 客户端 3 初始化完成，数据集大小: 6400
2025-04-28 15:12:20 - INFO - [server_grpc.py:115] - 接收到客户端 2 的注册请求
2025-04-28 15:12:20 - INFO - [server_grpc.py:126] - 客户端 2 注册成功，当前 1/3 个客户端
2025-04-28 15:12:20 - DEBUG - [client_grpc.py:114] - [client] _deserialize_parameters input: {'coef': data: "\000\000\000\000\000\000\000\000\000\000\000\000\000\000\000\000\000\000\000\000\000\000\000\000\000\000\000\000\000\000\000\000\000\000\000\000\000\000\000\000\000\000\000\000\000\000\000\000\000\000\000\000\000\000\000\000\000\000\000\000\000\000\000\000\000\000\000\000\000\000\000\000\000\000\000\000\000\000\000\000\000\000\000\000\000\000\000\000\000\000\000\000\000\000\000\000\000\000\000\000\000\000\000\000\000\000\000\000\000\000\000\000\000\000\000\000\000\000\000\000\000\000\000\000\000\000\000\000\000\000\000\000\000\000\000\000\000\000\000\000\000\000\000\000\000\000\000\000\000\000\000\000\000\000\000\000\000\000\000\000\000\000\000\000\000\000\000\000\000\000\000\000\000\000\000\000\000\000\000\000\000\000\000\000\000\000\000\000\000\000\000\000\000\000\000\000\000\000\000\000\000\000\000\000\000\000\000\000"
shape: 1
shape: 26
dtype: "float64"
, 'intercept': data: "2V\261\321!\230$?"
shape: 1
dtype: "float64"
}
2025-04-28 15:12:20 - DEBUG - [client_grpc.py:121] - [client] deserialized param: key=coef, type=<class 'numpy.ndarray'>, value=[[0. 0. 0. 0. 0. 0. 0. 0. 0. 0. 0. 0. 0. 0. 0. 0. 0. 0. 0. 0. 0. 0. 0. 0.
  0. 0.]]
2025-04-28 15:12:20 - DEBUG - [client_grpc.py:121] - [client] deserialized param: key=intercept, type=<class 'numpy.ndarray'>, value=[0.00015712]
2025-04-28 15:12:20 - DEBUG - [client_grpc.py:124] - [client] mapped (final) param: key=coef, type=<class 'numpy.ndarray'>, value=[[0. 0. 0. 0. 0. 0. 0. 0. 0. 0. 0. 0. 0. 0. 0. 0. 0. 0. 0. 0. 0. 0. 0. 0.
  0. 0.]]
2025-04-28 15:12:20 - DEBUG - [client_grpc.py:124] - [client] mapped (final) param: key=intercept, type=<class 'numpy.ndarray'>, value=[0.00015712]
2025-04-28 15:12:20 - INFO - [server_grpc.py:115] - 接收到客户端 1 的注册请求
2025-04-28 15:12:20 - INFO - [client_grpc.py:188] - 已设置初始模型参数
2025-04-28 15:12:20 - INFO - [server_grpc.py:115] - 接收到客户端 3 的注册请求
2025-04-28 15:12:20 - INFO - [server_grpc.py:126] - 客户端 1 注册成功，当前 2/3 个客户端
2025-04-28 15:12:20 - INFO - [server_grpc.py:126] - 客户端 3 注册成功，当前 3/3 个客户端
2025-04-28 15:12:20 - DEBUG - [client_grpc.py:114] - [client] _deserialize_parameters input: {'coef': data: "\000\000\000\000\000\000\000\000\000\000\000\000\000\000\000\000\000\000\000\000\000\000\000\000\000\000\000\000\000\000\000\000\000\000\000\000\000\000\000\000\000\000\000\000\000\000\000\000\000\000\000\000\000\000\000\000\000\000\000\000\000\000\000\000\000\000\000\000\000\000\000\000\000\000\000\000\000\000\000\000\000\000\000\000\000\000\000\000\000\000\000\000\000\000\000\000\000\000\000\000\000\000\000\000\000\000\000\000\000\000\000\000\000\000\000\000\000\000\000\000\000\000\000\000\000\000\000\000\000\000\000\000\000\000\000\000\000\000\000\000\000\000\000\000\000\000\000\000\000\000\000\000\000\000\000\000\000\000\000\000\000\000\000\000\000\000\000\000\000\000\000\000\000\000\000\000\000\000\000\000\000\000\000\000\000\000\000\000\000\000\000\000\000\000\000\000\000\000\000\000\000\000\000\000\000\000\000\000"
shape: 1
shape: 26
dtype: "float64"
, 'intercept': data: "2V\261\321!\230$?"
shape: 1
dtype: "float64"
}
2025-04-28 15:12:20 - INFO - [server_grpc.py:141] - 客户端 2 检查训练状态，当前next_step=True, count=0
2025-04-28 15:12:20 - DEBUG - [client_grpc.py:114] - [client] _deserialize_parameters input: {'coef': data: "\000\000\000\000\000\000\000\000\000\000\000\000\000\000\000\000\000\000\000\000\000\000\000\000\000\000\000\000\000\000\000\000\000\000\000\000\000\000\000\000\000\000\000\000\000\000\000\000\000\000\000\000\000\000\000\000\000\000\000\000\000\000\000\000\000\000\000\000\000\000\000\000\000\000\000\000\000\000\000\000\000\000\000\000\000\000\000\000\000\000\000\000\000\000\000\000\000\000\000\000\000\000\000\000\000\000\000\000\000\000\000\000\000\000\000\000\000\000\000\000\000\000\000\000\000\000\000\000\000\000\000\000\000\000\000\000\000\000\000\000\000\000\000\000\000\000\000\000\000\000\000\000\000\000\000\000\000\000\000\000\000\000\000\000\000\000\000\000\000\000\000\000\000\000\000\000\000\000\000\000\000\000\000\000\000\000\000\000\000\000\000\000\000\000\000\000\000\000\000\000\000\000\000\000\000\000\000\000"
shape: 1
shape: 26
dtype: "float64"
, 'intercept': data: "2V\261\321!\230$?"
shape: 1
dtype: "float64"
}
2025-04-28 15:12:20 - INFO - [server_grpc.py:146] - 客户端 2 获得训练许可，count增加到 1/3
2025-04-28 15:12:20 - DEBUG - [client_grpc.py:121] - [client] deserialized param: key=coef, type=<class 'numpy.ndarray'>, value=[[0. 0. 0. 0. 0. 0. 0. 0. 0. 0. 0. 0. 0. 0. 0. 0. 0. 0. 0. 0. 0. 0. 0. 0.
  0. 0.]]
2025-04-28 15:12:20 - DEBUG - [client_grpc.py:121] - [client] deserialized param: key=intercept, type=<class 'numpy.ndarray'>, value=[0.00015712]
2025-04-28 15:12:20 - DEBUG - [client_grpc.py:121] - [client] deserialized param: key=coef, type=<class 'numpy.ndarray'>, value=[[0. 0. 0. 0. 0. 0. 0. 0. 0. 0. 0. 0. 0. 0. 0. 0. 0. 0. 0. 0. 0. 0. 0. 0.
  0. 0.]]
2025-04-28 15:12:20 - INFO - [client_grpc.py:200] - 所有客户端已就绪，开始训练
2025-04-28 15:12:20 - DEBUG - [client_grpc.py:124] - [client] mapped (final) param: key=coef, type=<class 'numpy.ndarray'>, value=[[0. 0. 0. 0. 0. 0. 0. 0. 0. 0. 0. 0. 0. 0. 0. 0. 0. 0. 0. 0. 0. 0. 0. 0.
  0. 0.]]
2025-04-28 15:12:20 - INFO - [client_grpc.py:204] - 开始第 1 轮训练
2025-04-28 15:12:20 - DEBUG - [client_grpc.py:121] - [client] deserialized param: key=intercept, type=<class 'numpy.ndarray'>, value=[0.00015712]
2025-04-28 15:12:20 - DEBUG - [client_grpc.py:124] - [client] mapped (final) param: key=intercept, type=<class 'numpy.ndarray'>, value=[0.00015712]
2025-04-28 15:12:20 - DEBUG - [client_grpc.py:124] - [client] mapped (final) param: key=coef, type=<class 'numpy.ndarray'>, value=[[0. 0. 0. 0. 0. 0. 0. 0. 0. 0. 0. 0. 0. 0. 0. 0. 0. 0. 0. 0. 0. 0. 0. 0.
  0. 0.]]
2025-04-28 15:12:20 - INFO - [client_grpc.py:188] - 已设置初始模型参数
2025-04-28 15:12:20 - DEBUG - [client_grpc.py:124] - [client] mapped (final) param: key=intercept, type=<class 'numpy.ndarray'>, value=[0.00015712]
2025-04-28 15:12:20 - INFO - [client_grpc.py:188] - 已设置初始模型参数
2025-04-28 15:12:20 - INFO - [server_grpc.py:141] - 客户端 1 检查训练状态，当前next_step=True, count=1
2025-04-28 15:12:20 - INFO - [server_grpc.py:146] - 客户端 1 获得训练许可，count增加到 2/3
2025-04-28 15:12:20 - INFO - [server_grpc.py:141] - 客户端 3 检查训练状态，当前next_step=True, count=2
2025-04-28 15:12:20 - INFO - [client_grpc.py:200] - 所有客户端已就绪，开始训练
2025-04-28 15:12:20 - INFO - [server_grpc.py:146] - 客户端 3 获得训练许可，count增加到 3/3
2025-04-28 15:12:20 - INFO - [client_grpc.py:204] - 开始第 1 轮训练
2025-04-28 15:12:20 - INFO - [server_grpc.py:150] - 所有客户端已获得训练许可，重置next_step=False, count=0
2025-04-28 15:12:20 - INFO - [client_grpc.py:200] - 所有客户端已就绪，开始训练
2025-04-28 15:12:20 - INFO - [client_grpc.py:204] - 开始第 1 轮训练
2025-04-28 15:12:20 - INFO - [client_grpc.py:140] - 本地训练完成，评估指标: {'accuracy': 0.825625, 'precision': 0.6286919831223629, 'recall': 0.43823529411764706, 'f1': 0.5164644714038128, 'auc_roc': 0.7464985994397759}
2025-04-28 15:12:20 - DEBUG - [client_grpc.py:95] - [client] model.get_parameters() output: {'coef': array([[-0.14362544,  0.05300332,  0.65829033,  0.04614081,  0.20465386,
        -0.00170558,  0.10691626,  0.1073569 , -0.48635872,  0.53243355,
        -0.05320111,  0.29305818, -0.34387749,  0.09093187, -0.29175875,
        -0.10505287, -0.07661166, -0.03623852,  0.01688764, -0.05680726,
        -0.12291646,  0.80520641,  0.68314776,  0.78432852,  0.11563552,
        -0.16574447]]), 'intercept': array([-0.80880511])}
2025-04-28 15:12:20 - DEBUG - [client_grpc.py:97] - [client] model param: key=coef, type=<class 'numpy.ndarray'>, value=[[-0.14362544  0.05300332  0.65829033  0.04614081  0.20465386 -0.00170558
   0.10691626  0.1073569  -0.48635872  0.53243355 -0.05320111  0.29305818
  -0.34387749  0.09093187 -0.29175875 -0.10505287 -0.07661166 -0.03623852
   0.01688764 -0.05680726 -0.12291646  0.80520641  0.68314776  0.78432852
   0.11563552 -0.16574447]]
2025-04-28 15:12:20 - INFO - [client_grpc.py:140] - 本地训练完成，评估指标: {'accuracy': 0.8325, 'precision': 0.6944444444444444, 'recall': 0.3698224852071006, 'f1': 0.4826254826254826, 'auc_roc': 0.7447369161376233}
2025-04-28 15:12:20 - DEBUG - [client_grpc.py:97] - [client] model param: key=intercept, type=<class 'numpy.ndarray'>, value=[-0.80880511]
2025-04-28 15:12:20 - DEBUG - [client_grpc.py:104] - [client] mapped param: key=coef, type=<class 'numpy.ndarray'>, value=[[-0.14362544  0.05300332  0.65829033  0.04614081  0.20465386 -0.00170558
   0.10691626  0.1073569  -0.48635872  0.53243355 -0.05320111  0.29305818
  -0.34387749  0.09093187 -0.29175875 -0.10505287 -0.07661166 -0.03623852
   0.01688764 -0.05680726 -0.12291646  0.80520641  0.68314776  0.78432852
   0.11563552 -0.16574447]]
2025-04-28 15:12:20 - DEBUG - [client_grpc.py:104] - [client] mapped param: key=intercept, type=<class 'numpy.ndarray'>, value=[-0.80880511]
2025-04-28 15:12:20 - DEBUG - [parameter_handler.py:69] - [serialize_encrypted_parameters] key=coef, original type=<class 'numpy.ndarray'>, value=[[-0.14362544  0.05300332  0.65829033  0.04614081  0.20465386 -0.00170558
   0.10691626  0.1073569  -0.48635872  0.53243355 -0.05320111  0.29305818
  -0.34387749  0.09093187 -0.29175875 -0.10505287 -0.07661166 -0.03623852
   0.01688764 -0.05680726 -0.12291646  0.80520641  0.68314776  0.78432852
   0.11563552 -0.16574447]]
2025-04-28 15:12:20 - DEBUG - [parameter_handler.py:73] - [serialize_encrypted_parameters] key=coef, after np.array: type=<class 'numpy.ndarray'>, dtype=float64, shape=(1, 26), value=[[-0.14362544  0.05300332  0.65829033  0.04614081  0.20465386 -0.00170558
   0.10691626  0.1073569  -0.48635872  0.53243355 -0.05320111  0.29305818
  -0.34387749  0.09093187 -0.29175875 -0.10505287 -0.07661166 -0.03623852
   0.01688764 -0.05680726 -0.12291646  0.80520641  0.68314776  0.78432852
   0.11563552 -0.16574447]]
2025-04-28 15:12:20 - ERROR - [client_grpc.py:277] - 训练过程中发生错误: Don't know the precision of type <class 'numpy.int64'>.
2025-04-28 15:12:20 - DEBUG - [client_grpc.py:95] - [client] model.get_parameters() output: {'coef': array([[-0.19314389, -0.01407825,  0.70144849,  0.10991683,  0.03977883,
         0.07378222,  0.08830065,  0.19451214, -0.09771119,  0.0374038 ,
         0.19295123, -0.05918975,  0.19791061, -0.23673076, -0.01565828,
        -0.23950723, -0.04950271, -0.0986845 , -0.00425242, -0.0236105 ,
        -0.16791938,  1.0440804 ,  1.11156929,  1.08401682,  0.00551225,
        -0.20121307]]), 'intercept': array([-1.06996311])}
2025-04-28 15:12:20 - INFO - [client_grpc.py:247] - 已关闭gRPC通道
2025-04-28 15:12:20 - DEBUG - [client_grpc.py:97] - [client] model param: key=coef, type=<class 'numpy.ndarray'>, value=[[-0.19314389 -0.01407825  0.70144849  0.10991683  0.03977883  0.07378222
   0.08830065  0.19451214 -0.09771119  0.0374038   0.19295123 -0.05918975
   0.19791061 -0.23673076 -0.01565828 -0.23950723 -0.04950271 -0.0986845
  -0.00425242 -0.0236105  -0.16791938  1.0440804   1.11156929  1.08401682
   0.00551225 -0.20121307]]
2025-04-28 15:12:20 - DEBUG - [client_grpc.py:97] - [client] model param: key=intercept, type=<class 'numpy.ndarray'>, value=[-1.06996311]
2025-04-28 15:12:20 - DEBUG - [client_grpc.py:104] - [client] mapped param: key=coef, type=<class 'numpy.ndarray'>, value=[[-0.19314389 -0.01407825  0.70144849  0.10991683  0.03977883  0.07378222
   0.08830065  0.19451214 -0.09771119  0.0374038   0.19295123 -0.05918975
   0.19791061 -0.23673076 -0.01565828 -0.23950723 -0.04950271 -0.0986845
  -0.00425242 -0.0236105  -0.16791938  1.0440804   1.11156929  1.08401682
   0.00551225 -0.20121307]]
2025-04-28 15:12:20 - INFO - [client_grpc.py:140] - 本地训练完成，评估指标: {'accuracy': 0.82375, 'precision': 0.6595744680851063, 'recall': 0.36257309941520466, 'f1': 0.46792452830188674, 'auc_roc': 0.730164374901217}
2025-04-28 15:12:20 - DEBUG - [client_grpc.py:104] - [client] mapped param: key=intercept, type=<class 'numpy.ndarray'>, value=[-1.06996311]
2025-04-28 15:12:20 - DEBUG - [parameter_handler.py:69] - [serialize_encrypted_parameters] key=coef, original type=<class 'numpy.ndarray'>, value=[[-0.19314389 -0.01407825  0.70144849  0.10991683  0.03977883  0.07378222
   0.08830065  0.19451214 -0.09771119  0.0374038   0.19295123 -0.05918975
   0.19791061 -0.23673076 -0.01565828 -0.23950723 -0.04950271 -0.0986845
  -0.00425242 -0.0236105  -0.16791938  1.0440804   1.11156929  1.08401682
   0.00551225 -0.20121307]]
2025-04-28 15:12:20 - DEBUG - [parameter_handler.py:73] - [serialize_encrypted_parameters] key=coef, after np.array: type=<class 'numpy.ndarray'>, dtype=float64, shape=(1, 26), value=[[-0.19314389 -0.01407825  0.70144849  0.10991683  0.03977883  0.07378222
   0.08830065  0.19451214 -0.09771119  0.0374038   0.19295123 -0.05918975
   0.19791061 -0.23673076 -0.01565828 -0.23950723 -0.04950271 -0.0986845
  -0.00425242 -0.0236105  -0.16791938  1.0440804   1.11156929  1.08401682
   0.00551225 -0.20121307]]
2025-04-28 15:12:20 - ERROR - [client_grpc.py:277] - 训练过程中发生错误: Don't know the precision of type <class 'numpy.int64'>.
2025-04-28 15:12:20 - INFO - [client_grpc.py:247] - 已关闭gRPC通道
2025-04-28 15:12:20 - DEBUG - [client_grpc.py:95] - [client] model.get_parameters() output: {'coef': array([[-0.23634427,  0.01781691,  0.75028253,  0.05376814,  0.03579735,
         0.22600324, -0.03477761,  0.11865197, -0.0046559 ,  0.10647341,
         0.10128258, -0.21204519, -0.02869959,  0.00747986, -0.16283108,
        -0.0935969 , -0.02945498,  0.02787337,  0.03203561, -0.05836772,
        -0.26325024,  0.88076509,  0.95572952,  0.8919838 , -0.02227758,
        -0.11023061]]), 'intercept': array([-0.88853902])}
2025-04-28 15:12:20 - DEBUG - [client_grpc.py:97] - [client] model param: key=coef, type=<class 'numpy.ndarray'>, value=[[-0.23634427  0.01781691  0.75028253  0.05376814  0.03579735  0.22600324
  -0.03477761  0.11865197 -0.0046559   0.10647341  0.10128258 -0.21204519
  -0.02869959  0.00747986 -0.16283108 -0.0935969  -0.02945498  0.02787337
   0.03203561 -0.05836772 -0.26325024  0.88076509  0.95572952  0.8919838
  -0.02227758 -0.11023061]]
2025-04-28 15:12:20 - DEBUG - [client_grpc.py:97] - [client] model param: key=intercept, type=<class 'numpy.ndarray'>, value=[-0.88853902]
2025-04-28 15:12:20 - DEBUG - [client_grpc.py:104] - [client] mapped param: key=coef, type=<class 'numpy.ndarray'>, value=[[-0.23634427  0.01781691  0.75028253  0.05376814  0.03579735  0.22600324
  -0.03477761  0.11865197 -0.0046559   0.10647341  0.10128258 -0.21204519
  -0.02869959  0.00747986 -0.16283108 -0.0935969  -0.02945498  0.02787337
   0.03203561 -0.05836772 -0.26325024  0.88076509  0.95572952  0.8919838
  -0.02227758 -0.11023061]]
2025-04-28 15:12:20 - DEBUG - [client_grpc.py:104] - [client] mapped param: key=intercept, type=<class 'numpy.ndarray'>, value=[-0.88853902]
2025-04-28 15:12:20 - DEBUG - [parameter_handler.py:69] - [serialize_encrypted_parameters] key=coef, original type=<class 'numpy.ndarray'>, value=[[-0.23634427  0.01781691  0.75028253  0.05376814  0.03579735  0.22600324
  -0.03477761  0.11865197 -0.0046559   0.10647341  0.10128258 -0.21204519
  -0.02869959  0.00747986 -0.16283108 -0.0935969  -0.02945498  0.02787337
   0.03203561 -0.05836772 -0.26325024  0.88076509  0.95572952  0.8919838
  -0.02227758 -0.11023061]]
2025-04-28 15:12:20 - DEBUG - [parameter_handler.py:73] - [serialize_encrypted_parameters] key=coef, after np.array: type=<class 'numpy.ndarray'>, dtype=float64, shape=(1, 26), value=[[-0.23634427  0.01781691  0.75028253  0.05376814  0.03579735  0.22600324
  -0.03477761  0.11865197 -0.0046559   0.10647341  0.10128258 -0.21204519
  -0.02869959  0.00747986 -0.16283108 -0.0935969  -0.02945498  0.02787337
   0.03203561 -0.05836772 -0.26325024  0.88076509  0.95572952  0.8919838
  -0.02227758 -0.11023061]]
2025-04-28 15:12:20 - ERROR - [client_grpc.py:277] - 训练过程中发生错误: Don't know the precision of type <class 'numpy.int64'>.
2025-04-28 15:12:20 - INFO - [client_grpc.py:247] - 已关闭gRPC通道
