2025-04-28 15:41:53 - INFO - [logging_config.py:55] - 日志文件已创建: logs/20250428_154153.log
2025-04-28 15:41:54 - INFO - [server_grpc.py:61] - 服务器初始化完成，等待 3 个客户端注册，计划训练 10 轮
2025-04-28 15:41:54 - INFO - [server_grpc.py:311] - 联邦学习安全服务器正在启动，监听端口: 50051
2025-04-28 15:41:54 - INFO - [server_grpc.py:113] - 接收到客户端 1 的注册请求
2025-04-28 15:41:54 - INFO - [server_grpc.py:121] - 客户端 1 注册成功，当前 1/3 个客户端
2025-04-28 15:41:54 - INFO - [server_grpc.py:113] - 接收到客户端 2 的注册请求
2025-04-28 15:41:54 - INFO - [server_grpc.py:121] - 客户端 2 注册成功，当前 2/3 个客户端
2025-04-28 15:41:54 - INFO - [server_grpc.py:136] - 客户端 1 检查训练状态，当前next_step=False, count=0
2025-04-28 15:41:54 - INFO - [server_grpc.py:113] - 接收到客户端 3 的注册请求
2025-04-28 15:41:54 - INFO - [server_grpc.py:121] - 客户端 3 注册成功，当前 3/3 个客户端
2025-04-28 15:41:54 - INFO - [server_grpc.py:136] - 客户端 2 检查训练状态，当前next_step=True, count=0
2025-04-28 15:41:54 - INFO - [server_grpc.py:141] - 客户端 2 获得训练许可，count增加到 1/3
2025-04-28 15:41:54 - INFO - [server_grpc.py:136] - 客户端 3 检查训练状态，当前next_step=True, count=1
2025-04-28 15:41:54 - INFO - [server_grpc.py:141] - 客户端 3 获得训练许可，count增加到 2/3
2025-04-28 15:41:54 - INFO - [server_grpc.py:136] - 客户端 1 检查训练状态，当前next_step=True, count=2
2025-04-28 15:41:54 - INFO - [server_grpc.py:141] - 客户端 1 获得训练许可，count增加到 3/3
2025-04-28 15:41:54 - INFO - [server_grpc.py:145] - 所有客户端已获得训练许可，重置next_step=False, count=0
2025-04-28 15:41:54 - INFO - [server_grpc.py:164] - 接收到客户端 2 的参数更新，轮次: 1
2025-04-28 15:41:54 - INFO - [server_grpc.py:191] - 存储客户端 2 参数更新，当前轮次 1 已提交 1/3个客户端
2025-04-28 15:41:54 - INFO - [server_grpc.py:136] - 客户端 2 检查训练状态，当前next_step=False, count=0
2025-04-28 15:41:54 - INFO - [server_grpc.py:164] - 接收到客户端 3 的参数更新，轮次: 1
2025-04-28 15:41:54 - INFO - [server_grpc.py:191] - 存储客户端 3 参数更新，当前轮次 1 已提交 2/3个客户端
2025-04-28 15:41:54 - INFO - [server_grpc.py:136] - 客户端 3 检查训练状态，当前next_step=False, count=0
2025-04-28 15:41:54 - INFO - [server_grpc.py:164] - 接收到客户端 1 的参数更新，轮次: 1
2025-04-28 15:41:54 - INFO - [server_grpc.py:191] - 存储客户端 1 参数更新，当前轮次 1 已提交 3/3个客户端
2025-04-28 15:41:54 - INFO - [server_grpc.py:194] - 轮次 1 所有客户端参数已收集完毕，开始聚合
2025-04-28 15:41:54 - INFO - [server_grpc.py:66] - 开始聚合参数，参数列表长度: 3
2025-04-28 15:41:54 - INFO - [server_grpc.py:76] - 当前轮次活跃客户端IDs: ['2', '3', '1']
2025-04-28 15:41:54 - INFO - [server_grpc.py:82] - 计算客户端权重完成: [0.3333333333333333, 0.3333333333333333, 0.3333333333333333]
2025-04-28 15:41:54 - DEBUG - [server_grpc.py:98] - 聚合参数 intercept: 客户端 1/3, 权重 0.3333333333333333
2025-04-28 15:41:54 - DEBUG - [server_grpc.py:98] - 聚合参数 intercept: 客户端 2/3, 权重 0.3333333333333333
2025-04-28 15:41:54 - DEBUG - [server_grpc.py:98] - 聚合参数 intercept: 客户端 3/3, 权重 0.3333333333333333
2025-04-28 15:41:54 - DEBUG - [server_grpc.py:98] - 聚合参数 coef: 客户端 1/3, 权重 0.3333333333333333
2025-04-28 15:41:54 - DEBUG - [server_grpc.py:98] - 聚合参数 coef: 客户端 2/3, 权重 0.3333333333333333
2025-04-28 15:41:54 - DEBUG - [server_grpc.py:98] - 聚合参数 coef: 客户端 3/3, 权重 0.3333333333333333
2025-04-28 15:41:54 - INFO - [server_grpc.py:260] - 全局模型参数更新完成
2025-04-28 15:41:54 - INFO - [server_grpc.py:268] - 全局模型在轮次 1 的性能: {'accuracy': 0.8198333333333333, 'precision': 0.6397590361445783, 'recall': 0.4044173648134044, 'f1': 0.4955669622025199, 'auc_roc': 0.7622590786429253}
2025-04-28 15:41:54 - INFO - [server_grpc.py:273] - 轮次 1 处理完成
2025-04-28 15:41:54 - INFO - [server_grpc.py:136] - 客户端 2 检查训练状态，当前next_step=True, count=0
2025-04-28 15:41:54 - INFO - [server_grpc.py:141] - 客户端 2 获得训练许可，count增加到 1/3
2025-04-28 15:41:54 - INFO - [server_grpc.py:136] - 客户端 3 检查训练状态，当前next_step=True, count=1
2025-04-28 15:41:54 - INFO - [server_grpc.py:141] - 客户端 3 获得训练许可，count增加到 2/3
2025-04-28 15:41:54 - INFO - [server_grpc.py:136] - 客户端 1 检查训练状态，当前next_step=True, count=2
2025-04-28 15:41:54 - INFO - [server_grpc.py:141] - 客户端 1 获得训练许可，count增加到 3/3
2025-04-28 15:41:54 - INFO - [server_grpc.py:145] - 所有客户端已获得训练许可，重置next_step=False, count=0
2025-04-28 15:41:54 - INFO - [server_grpc.py:224] - 向客户端 2 提供第1轮全局模型
2025-04-28 15:41:54 - INFO - [server_grpc.py:224] - 向客户端 3 提供第1轮全局模型
2025-04-28 15:41:54 - INFO - [server_grpc.py:224] - 向客户端 1 提供第1轮全局模型
2025-04-28 15:41:55 - INFO - [server_grpc.py:164] - 接收到客户端 3 的参数更新，轮次: 2
2025-04-28 15:41:55 - INFO - [server_grpc.py:191] - 存储客户端 3 参数更新，当前轮次 2 已提交 1/3个客户端
2025-04-28 15:41:55 - INFO - [server_grpc.py:136] - 客户端 3 检查训练状态，当前next_step=False, count=0
2025-04-28 15:41:55 - INFO - [server_grpc.py:164] - 接收到客户端 1 的参数更新，轮次: 2
2025-04-28 15:41:55 - INFO - [server_grpc.py:191] - 存储客户端 1 参数更新，当前轮次 2 已提交 2/3个客户端
2025-04-28 15:41:55 - INFO - [server_grpc.py:136] - 客户端 1 检查训练状态，当前next_step=False, count=0
2025-04-28 15:41:55 - INFO - [server_grpc.py:164] - 接收到客户端 2 的参数更新，轮次: 2
2025-04-28 15:41:55 - INFO - [server_grpc.py:191] - 存储客户端 2 参数更新，当前轮次 2 已提交 3/3个客户端
2025-04-28 15:41:55 - INFO - [server_grpc.py:194] - 轮次 2 所有客户端参数已收集完毕，开始聚合
2025-04-28 15:41:55 - INFO - [server_grpc.py:66] - 开始聚合参数，参数列表长度: 3
2025-04-28 15:41:55 - INFO - [server_grpc.py:76] - 当前轮次活跃客户端IDs: ['3', '1', '2']
2025-04-28 15:41:55 - INFO - [server_grpc.py:82] - 计算客户端权重完成: [0.3333333333333333, 0.3333333333333333, 0.3333333333333333]
2025-04-28 15:41:55 - DEBUG - [server_grpc.py:98] - 聚合参数 intercept: 客户端 1/3, 权重 0.3333333333333333
2025-04-28 15:41:55 - DEBUG - [server_grpc.py:98] - 聚合参数 intercept: 客户端 2/3, 权重 0.3333333333333333
2025-04-28 15:41:55 - DEBUG - [server_grpc.py:98] - 聚合参数 intercept: 客户端 3/3, 权重 0.3333333333333333
2025-04-28 15:41:55 - DEBUG - [server_grpc.py:98] - 聚合参数 coef: 客户端 1/3, 权重 0.3333333333333333
2025-04-28 15:41:55 - DEBUG - [server_grpc.py:98] - 聚合参数 coef: 客户端 2/3, 权重 0.3333333333333333
2025-04-28 15:41:55 - DEBUG - [server_grpc.py:98] - 聚合参数 coef: 客户端 3/3, 权重 0.3333333333333333
2025-04-28 15:41:55 - INFO - [server_grpc.py:260] - 全局模型参数更新完成
2025-04-28 15:41:55 - INFO - [server_grpc.py:268] - 全局模型在轮次 2 的性能: {'accuracy': 0.8196666666666667, 'precision': 0.6393244873341375, 'recall': 0.4036557501904037, 'f1': 0.4948646125116713, 'auc_roc': 0.7623931371161438}
2025-04-28 15:41:55 - INFO - [server_grpc.py:273] - 轮次 2 处理完成
2025-04-28 15:41:55 - INFO - [server_grpc.py:136] - 客户端 3 检查训练状态，当前next_step=True, count=0
2025-04-28 15:41:55 - INFO - [server_grpc.py:141] - 客户端 3 获得训练许可，count增加到 1/3
2025-04-28 15:41:55 - INFO - [server_grpc.py:136] - 客户端 2 检查训练状态，当前next_step=True, count=1
2025-04-28 15:41:55 - INFO - [server_grpc.py:141] - 客户端 2 获得训练许可，count增加到 2/3
2025-04-28 15:41:55 - INFO - [server_grpc.py:224] - 向客户端 3 提供第2轮全局模型
2025-04-28 15:41:55 - INFO - [server_grpc.py:224] - 向客户端 2 提供第2轮全局模型
2025-04-28 15:41:55 - INFO - [server_grpc.py:136] - 客户端 1 检查训练状态，当前next_step=True, count=2
2025-04-28 15:41:55 - INFO - [server_grpc.py:141] - 客户端 1 获得训练许可，count增加到 3/3
2025-04-28 15:41:55 - INFO - [server_grpc.py:145] - 所有客户端已获得训练许可，重置next_step=False, count=0
2025-04-28 15:41:55 - INFO - [server_grpc.py:224] - 向客户端 1 提供第2轮全局模型
2025-04-28 15:41:55 - INFO - [server_grpc.py:164] - 接收到客户端 3 的参数更新，轮次: 3
2025-04-28 15:41:55 - INFO - [server_grpc.py:191] - 存储客户端 3 参数更新，当前轮次 3 已提交 1/3个客户端
2025-04-28 15:41:55 - INFO - [server_grpc.py:136] - 客户端 3 检查训练状态，当前next_step=False, count=0
2025-04-28 15:41:55 - INFO - [server_grpc.py:164] - 接收到客户端 1 的参数更新，轮次: 3
2025-04-28 15:41:55 - INFO - [server_grpc.py:191] - 存储客户端 1 参数更新，当前轮次 3 已提交 2/3个客户端
2025-04-28 15:41:55 - INFO - [server_grpc.py:136] - 客户端 1 检查训练状态，当前next_step=False, count=0
2025-04-28 15:41:55 - INFO - [server_grpc.py:164] - 接收到客户端 2 的参数更新，轮次: 3
2025-04-28 15:41:55 - INFO - [server_grpc.py:191] - 存储客户端 2 参数更新，当前轮次 3 已提交 3/3个客户端
2025-04-28 15:41:55 - INFO - [server_grpc.py:194] - 轮次 3 所有客户端参数已收集完毕，开始聚合
2025-04-28 15:41:55 - INFO - [server_grpc.py:66] - 开始聚合参数，参数列表长度: 3
2025-04-28 15:41:55 - INFO - [server_grpc.py:76] - 当前轮次活跃客户端IDs: ['3', '1', '2']
2025-04-28 15:41:55 - INFO - [server_grpc.py:82] - 计算客户端权重完成: [0.3333333333333333, 0.3333333333333333, 0.3333333333333333]
2025-04-28 15:41:55 - DEBUG - [server_grpc.py:98] - 聚合参数 intercept: 客户端 1/3, 权重 0.3333333333333333
2025-04-28 15:41:55 - DEBUG - [server_grpc.py:98] - 聚合参数 intercept: 客户端 2/3, 权重 0.3333333333333333
2025-04-28 15:41:55 - DEBUG - [server_grpc.py:98] - 聚合参数 intercept: 客户端 3/3, 权重 0.3333333333333333
2025-04-28 15:41:55 - DEBUG - [server_grpc.py:98] - 聚合参数 coef: 客户端 1/3, 权重 0.3333333333333333
2025-04-28 15:41:55 - DEBUG - [server_grpc.py:98] - 聚合参数 coef: 客户端 2/3, 权重 0.3333333333333333
2025-04-28 15:41:55 - DEBUG - [server_grpc.py:98] - 聚合参数 coef: 客户端 3/3, 权重 0.3333333333333333
2025-04-28 15:41:55 - INFO - [server_grpc.py:260] - 全局模型参数更新完成
2025-04-28 15:41:55 - INFO - [server_grpc.py:268] - 全局模型在轮次 3 的性能: {'accuracy': 0.8195, 'precision': 0.6385542168674698, 'recall': 0.4036557501904037, 'f1': 0.4946336910872609, 'auc_roc': 0.7622533913137584}
2025-04-28 15:41:55 - INFO - [server_grpc.py:273] - 轮次 3 处理完成
2025-04-28 15:41:55 - INFO - [server_grpc.py:136] - 客户端 3 检查训练状态，当前next_step=True, count=0
2025-04-28 15:41:55 - INFO - [server_grpc.py:141] - 客户端 3 获得训练许可，count增加到 1/3
2025-04-28 15:41:55 - INFO - [server_grpc.py:136] - 客户端 2 检查训练状态，当前next_step=True, count=1
2025-04-28 15:41:55 - INFO - [server_grpc.py:141] - 客户端 2 获得训练许可，count增加到 2/3
2025-04-28 15:41:55 - INFO - [server_grpc.py:224] - 向客户端 3 提供第3轮全局模型
2025-04-28 15:41:55 - INFO - [server_grpc.py:224] - 向客户端 2 提供第3轮全局模型
2025-04-28 15:41:55 - INFO - [server_grpc.py:136] - 客户端 1 检查训练状态，当前next_step=True, count=2
2025-04-28 15:41:55 - INFO - [server_grpc.py:141] - 客户端 1 获得训练许可，count增加到 3/3
2025-04-28 15:41:55 - INFO - [server_grpc.py:145] - 所有客户端已获得训练许可，重置next_step=False, count=0
2025-04-28 15:41:55 - INFO - [server_grpc.py:224] - 向客户端 1 提供第3轮全局模型
2025-04-28 15:41:55 - INFO - [server_grpc.py:164] - 接收到客户端 3 的参数更新，轮次: 4
2025-04-28 15:41:55 - INFO - [server_grpc.py:191] - 存储客户端 3 参数更新，当前轮次 4 已提交 1/3个客户端
2025-04-28 15:41:55 - INFO - [server_grpc.py:136] - 客户端 3 检查训练状态，当前next_step=False, count=0
2025-04-28 15:41:55 - INFO - [server_grpc.py:164] - 接收到客户端 1 的参数更新，轮次: 4
2025-04-28 15:41:55 - INFO - [server_grpc.py:191] - 存储客户端 1 参数更新，当前轮次 4 已提交 2/3个客户端
2025-04-28 15:41:55 - INFO - [server_grpc.py:136] - 客户端 1 检查训练状态，当前next_step=False, count=0
2025-04-28 15:41:55 - INFO - [server_grpc.py:164] - 接收到客户端 2 的参数更新，轮次: 4
2025-04-28 15:41:55 - INFO - [server_grpc.py:191] - 存储客户端 2 参数更新，当前轮次 4 已提交 3/3个客户端
2025-04-28 15:41:55 - INFO - [server_grpc.py:194] - 轮次 4 所有客户端参数已收集完毕，开始聚合
2025-04-28 15:41:55 - INFO - [server_grpc.py:66] - 开始聚合参数，参数列表长度: 3
2025-04-28 15:41:55 - INFO - [server_grpc.py:76] - 当前轮次活跃客户端IDs: ['3', '1', '2']
2025-04-28 15:41:55 - INFO - [server_grpc.py:82] - 计算客户端权重完成: [0.3333333333333333, 0.3333333333333333, 0.3333333333333333]
2025-04-28 15:41:55 - DEBUG - [server_grpc.py:98] - 聚合参数 intercept: 客户端 1/3, 权重 0.3333333333333333
2025-04-28 15:41:55 - DEBUG - [server_grpc.py:98] - 聚合参数 intercept: 客户端 2/3, 权重 0.3333333333333333
2025-04-28 15:41:55 - DEBUG - [server_grpc.py:98] - 聚合参数 intercept: 客户端 3/3, 权重 0.3333333333333333
2025-04-28 15:41:55 - DEBUG - [server_grpc.py:98] - 聚合参数 coef: 客户端 1/3, 权重 0.3333333333333333
2025-04-28 15:41:55 - DEBUG - [server_grpc.py:98] - 聚合参数 coef: 客户端 2/3, 权重 0.3333333333333333
2025-04-28 15:41:55 - DEBUG - [server_grpc.py:98] - 聚合参数 coef: 客户端 3/3, 权重 0.3333333333333333
2025-04-28 15:41:55 - INFO - [server_grpc.py:260] - 全局模型参数更新完成
2025-04-28 15:41:55 - INFO - [server_grpc.py:268] - 全局模型在轮次 4 的性能: {'accuracy': 0.8196666666666667, 'precision': 0.6389891696750902, 'recall': 0.4044173648134044, 'f1': 0.49533582089552236, 'auc_roc': 0.7622854028522118}
2025-04-28 15:41:55 - INFO - [server_grpc.py:273] - 轮次 4 处理完成
2025-04-28 15:41:55 - INFO - [server_grpc.py:136] - 客户端 3 检查训练状态，当前next_step=True, count=0
2025-04-28 15:41:55 - INFO - [server_grpc.py:141] - 客户端 3 获得训练许可，count增加到 1/3
2025-04-28 15:41:55 - INFO - [server_grpc.py:224] - 向客户端 3 提供第4轮全局模型
2025-04-28 15:41:55 - INFO - [server_grpc.py:136] - 客户端 2 检查训练状态，当前next_step=True, count=1
2025-04-28 15:41:55 - INFO - [server_grpc.py:141] - 客户端 2 获得训练许可，count增加到 2/3
2025-04-28 15:41:55 - INFO - [server_grpc.py:224] - 向客户端 2 提供第4轮全局模型
2025-04-28 15:41:55 - INFO - [server_grpc.py:136] - 客户端 1 检查训练状态，当前next_step=True, count=2
2025-04-28 15:41:55 - INFO - [server_grpc.py:141] - 客户端 1 获得训练许可，count增加到 3/3
2025-04-28 15:41:55 - INFO - [server_grpc.py:145] - 所有客户端已获得训练许可，重置next_step=False, count=0
2025-04-28 15:41:55 - INFO - [server_grpc.py:224] - 向客户端 1 提供第4轮全局模型
2025-04-28 15:41:56 - INFO - [server_grpc.py:164] - 接收到客户端 1 的参数更新，轮次: 5
2025-04-28 15:41:56 - INFO - [server_grpc.py:191] - 存储客户端 1 参数更新，当前轮次 5 已提交 1/3个客户端
2025-04-28 15:41:56 - INFO - [server_grpc.py:136] - 客户端 1 检查训练状态，当前next_step=False, count=0
2025-04-28 15:41:56 - INFO - [server_grpc.py:164] - 接收到客户端 2 的参数更新，轮次: 5
2025-04-28 15:41:56 - INFO - [server_grpc.py:191] - 存储客户端 2 参数更新，当前轮次 5 已提交 2/3个客户端
2025-04-28 15:41:56 - INFO - [server_grpc.py:136] - 客户端 2 检查训练状态，当前next_step=False, count=0
2025-04-28 15:41:56 - INFO - [server_grpc.py:164] - 接收到客户端 3 的参数更新，轮次: 5
2025-04-28 15:41:56 - INFO - [server_grpc.py:191] - 存储客户端 3 参数更新，当前轮次 5 已提交 3/3个客户端
2025-04-28 15:41:56 - INFO - [server_grpc.py:194] - 轮次 5 所有客户端参数已收集完毕，开始聚合
2025-04-28 15:41:56 - INFO - [server_grpc.py:66] - 开始聚合参数，参数列表长度: 3
2025-04-28 15:41:56 - INFO - [server_grpc.py:76] - 当前轮次活跃客户端IDs: ['1', '2', '3']
2025-04-28 15:41:56 - INFO - [server_grpc.py:82] - 计算客户端权重完成: [0.3333333333333333, 0.3333333333333333, 0.3333333333333333]
2025-04-28 15:41:56 - DEBUG - [server_grpc.py:98] - 聚合参数 intercept: 客户端 1/3, 权重 0.3333333333333333
2025-04-28 15:41:56 - DEBUG - [server_grpc.py:98] - 聚合参数 intercept: 客户端 2/3, 权重 0.3333333333333333
2025-04-28 15:41:56 - DEBUG - [server_grpc.py:98] - 聚合参数 intercept: 客户端 3/3, 权重 0.3333333333333333
2025-04-28 15:41:56 - DEBUG - [server_grpc.py:98] - 聚合参数 coef: 客户端 1/3, 权重 0.3333333333333333
2025-04-28 15:41:56 - DEBUG - [server_grpc.py:98] - 聚合参数 coef: 客户端 2/3, 权重 0.3333333333333333
2025-04-28 15:41:56 - DEBUG - [server_grpc.py:98] - 聚合参数 coef: 客户端 3/3, 权重 0.3333333333333333
2025-04-28 15:41:56 - INFO - [server_grpc.py:260] - 全局模型参数更新完成
2025-04-28 15:41:56 - INFO - [server_grpc.py:268] - 全局模型在轮次 5 的性能: {'accuracy': 0.82, 'precision': 0.6405307599517491, 'recall': 0.4044173648134044, 'f1': 0.49579831932773105, 'auc_roc': 0.7621810809857799}
2025-04-28 15:41:56 - INFO - [server_grpc.py:273] - 轮次 5 处理完成
2025-04-28 15:41:56 - INFO - [server_grpc.py:136] - 客户端 3 检查训练状态，当前next_step=True, count=0
2025-04-28 15:41:56 - INFO - [server_grpc.py:141] - 客户端 3 获得训练许可，count增加到 1/3
2025-04-28 15:41:56 - INFO - [server_grpc.py:224] - 向客户端 3 提供第5轮全局模型
2025-04-28 15:41:56 - INFO - [server_grpc.py:136] - 客户端 1 检查训练状态，当前next_step=True, count=1
2025-04-28 15:41:56 - INFO - [server_grpc.py:141] - 客户端 1 获得训练许可，count增加到 2/3
2025-04-28 15:41:56 - INFO - [server_grpc.py:224] - 向客户端 1 提供第5轮全局模型
2025-04-28 15:41:56 - INFO - [server_grpc.py:136] - 客户端 2 检查训练状态，当前next_step=True, count=2
2025-04-28 15:41:56 - INFO - [server_grpc.py:141] - 客户端 2 获得训练许可，count增加到 3/3
2025-04-28 15:41:56 - INFO - [server_grpc.py:145] - 所有客户端已获得训练许可，重置next_step=False, count=0
2025-04-28 15:41:56 - INFO - [server_grpc.py:224] - 向客户端 2 提供第5轮全局模型
2025-04-28 15:41:56 - INFO - [server_grpc.py:164] - 接收到客户端 3 的参数更新，轮次: 6
2025-04-28 15:41:56 - INFO - [server_grpc.py:191] - 存储客户端 3 参数更新，当前轮次 6 已提交 1/3个客户端
2025-04-28 15:41:56 - INFO - [server_grpc.py:136] - 客户端 3 检查训练状态，当前next_step=False, count=0
2025-04-28 15:41:56 - INFO - [server_grpc.py:164] - 接收到客户端 2 的参数更新，轮次: 6
2025-04-28 15:41:56 - INFO - [server_grpc.py:191] - 存储客户端 2 参数更新，当前轮次 6 已提交 2/3个客户端
2025-04-28 15:41:56 - INFO - [server_grpc.py:136] - 客户端 2 检查训练状态，当前next_step=False, count=0
2025-04-28 15:41:56 - INFO - [server_grpc.py:136] - 客户端 3 检查训练状态，当前next_step=False, count=0
2025-04-28 15:41:56 - INFO - [server_grpc.py:164] - 接收到客户端 1 的参数更新，轮次: 6
2025-04-28 15:41:56 - INFO - [server_grpc.py:191] - 存储客户端 1 参数更新，当前轮次 6 已提交 3/3个客户端
2025-04-28 15:41:56 - INFO - [server_grpc.py:194] - 轮次 6 所有客户端参数已收集完毕，开始聚合
2025-04-28 15:41:56 - INFO - [server_grpc.py:66] - 开始聚合参数，参数列表长度: 3
2025-04-28 15:41:56 - INFO - [server_grpc.py:76] - 当前轮次活跃客户端IDs: ['3', '2', '1']
2025-04-28 15:41:56 - INFO - [server_grpc.py:82] - 计算客户端权重完成: [0.3333333333333333, 0.3333333333333333, 0.3333333333333333]
2025-04-28 15:41:56 - DEBUG - [server_grpc.py:98] - 聚合参数 intercept: 客户端 1/3, 权重 0.3333333333333333
2025-04-28 15:41:56 - DEBUG - [server_grpc.py:98] - 聚合参数 intercept: 客户端 2/3, 权重 0.3333333333333333
2025-04-28 15:41:56 - DEBUG - [server_grpc.py:98] - 聚合参数 intercept: 客户端 3/3, 权重 0.3333333333333333
2025-04-28 15:41:56 - DEBUG - [server_grpc.py:98] - 聚合参数 coef: 客户端 1/3, 权重 0.3333333333333333
2025-04-28 15:41:56 - DEBUG - [server_grpc.py:98] - 聚合参数 coef: 客户端 2/3, 权重 0.3333333333333333
2025-04-28 15:41:56 - DEBUG - [server_grpc.py:98] - 聚合参数 coef: 客户端 3/3, 权重 0.3333333333333333
2025-04-28 15:41:56 - INFO - [server_grpc.py:260] - 全局模型参数更新完成
2025-04-28 15:41:56 - INFO - [server_grpc.py:268] - 全局模型在轮次 6 的性能: {'accuracy': 0.8196666666666667, 'precision': 0.6393244873341375, 'recall': 0.4036557501904037, 'f1': 0.4948646125116713, 'auc_roc': 0.7621534568155409}
2025-04-28 15:41:56 - INFO - [server_grpc.py:273] - 轮次 6 处理完成
2025-04-28 15:41:56 - INFO - [server_grpc.py:136] - 客户端 1 检查训练状态，当前next_step=True, count=0
2025-04-28 15:41:56 - INFO - [server_grpc.py:141] - 客户端 1 获得训练许可，count增加到 1/3
2025-04-28 15:41:56 - INFO - [server_grpc.py:136] - 客户端 2 检查训练状态，当前next_step=True, count=1
2025-04-28 15:41:56 - INFO - [server_grpc.py:224] - 向客户端 1 提供第6轮全局模型
2025-04-28 15:41:56 - INFO - [server_grpc.py:141] - 客户端 2 获得训练许可，count增加到 2/3
2025-04-28 15:41:56 - INFO - [server_grpc.py:136] - 客户端 3 检查训练状态，当前next_step=True, count=2
2025-04-28 15:41:56 - INFO - [server_grpc.py:141] - 客户端 3 获得训练许可，count增加到 3/3
2025-04-28 15:41:56 - INFO - [server_grpc.py:145] - 所有客户端已获得训练许可，重置next_step=False, count=0
2025-04-28 15:41:56 - INFO - [server_grpc.py:224] - 向客户端 3 提供第6轮全局模型
2025-04-28 15:41:56 - INFO - [server_grpc.py:224] - 向客户端 2 提供第6轮全局模型
2025-04-28 15:41:56 - INFO - [server_grpc.py:164] - 接收到客户端 3 的参数更新，轮次: 7
2025-04-28 15:41:56 - INFO - [server_grpc.py:191] - 存储客户端 3 参数更新，当前轮次 7 已提交 1/3个客户端
2025-04-28 15:41:56 - INFO - [server_grpc.py:136] - 客户端 3 检查训练状态，当前next_step=False, count=0
2025-04-28 15:41:56 - INFO - [server_grpc.py:164] - 接收到客户端 1 的参数更新，轮次: 7
2025-04-28 15:41:56 - INFO - [server_grpc.py:191] - 存储客户端 1 参数更新，当前轮次 7 已提交 2/3个客户端
2025-04-28 15:41:56 - INFO - [server_grpc.py:136] - 客户端 1 检查训练状态，当前next_step=False, count=0
2025-04-28 15:41:56 - INFO - [server_grpc.py:164] - 接收到客户端 2 的参数更新，轮次: 7
2025-04-28 15:41:56 - INFO - [server_grpc.py:191] - 存储客户端 2 参数更新，当前轮次 7 已提交 3/3个客户端
2025-04-28 15:41:56 - INFO - [server_grpc.py:194] - 轮次 7 所有客户端参数已收集完毕，开始聚合
2025-04-28 15:41:56 - INFO - [server_grpc.py:66] - 开始聚合参数，参数列表长度: 3
2025-04-28 15:41:56 - INFO - [server_grpc.py:76] - 当前轮次活跃客户端IDs: ['3', '1', '2']
2025-04-28 15:41:56 - INFO - [server_grpc.py:82] - 计算客户端权重完成: [0.3333333333333333, 0.3333333333333333, 0.3333333333333333]
2025-04-28 15:41:56 - DEBUG - [server_grpc.py:98] - 聚合参数 intercept: 客户端 1/3, 权重 0.3333333333333333
2025-04-28 15:41:56 - DEBUG - [server_grpc.py:98] - 聚合参数 intercept: 客户端 2/3, 权重 0.3333333333333333
2025-04-28 15:41:56 - DEBUG - [server_grpc.py:98] - 聚合参数 intercept: 客户端 3/3, 权重 0.3333333333333333
2025-04-28 15:41:56 - DEBUG - [server_grpc.py:98] - 聚合参数 coef: 客户端 1/3, 权重 0.3333333333333333
2025-04-28 15:41:56 - DEBUG - [server_grpc.py:98] - 聚合参数 coef: 客户端 2/3, 权重 0.3333333333333333
2025-04-28 15:41:56 - DEBUG - [server_grpc.py:98] - 聚合参数 coef: 客户端 3/3, 权重 0.3333333333333333
2025-04-28 15:41:56 - INFO - [server_grpc.py:260] - 全局模型参数更新完成
2025-04-28 15:41:56 - INFO - [server_grpc.py:268] - 全局模型在轮次 7 的性能: {'accuracy': 0.8198333333333333, 'precision': 0.6394230769230769, 'recall': 0.4051789794364052, 'f1': 0.49603729603729607, 'auc_roc': 0.7621801060150656}
2025-04-28 15:41:56 - INFO - [server_grpc.py:273] - 轮次 7 处理完成
2025-04-28 15:41:56 - INFO - [server_grpc.py:136] - 客户端 2 检查训练状态，当前next_step=True, count=0
2025-04-28 15:41:56 - INFO - [server_grpc.py:141] - 客户端 2 获得训练许可，count增加到 1/3
2025-04-28 15:41:56 - INFO - [server_grpc.py:224] - 向客户端 2 提供第7轮全局模型
2025-04-28 15:41:56 - INFO - [server_grpc.py:136] - 客户端 3 检查训练状态，当前next_step=True, count=1
2025-04-28 15:41:56 - INFO - [server_grpc.py:141] - 客户端 3 获得训练许可，count增加到 2/3
2025-04-28 15:41:56 - INFO - [server_grpc.py:224] - 向客户端 3 提供第7轮全局模型
2025-04-28 15:41:56 - INFO - [server_grpc.py:136] - 客户端 1 检查训练状态，当前next_step=True, count=2
2025-04-28 15:41:56 - INFO - [server_grpc.py:141] - 客户端 1 获得训练许可，count增加到 3/3
2025-04-28 15:41:56 - INFO - [server_grpc.py:145] - 所有客户端已获得训练许可，重置next_step=False, count=0
2025-04-28 15:41:56 - INFO - [server_grpc.py:224] - 向客户端 1 提供第7轮全局模型
2025-04-28 15:41:57 - INFO - [server_grpc.py:164] - 接收到客户端 2 的参数更新，轮次: 8
2025-04-28 15:41:57 - INFO - [server_grpc.py:191] - 存储客户端 2 参数更新，当前轮次 8 已提交 1/3个客户端
2025-04-28 15:41:57 - INFO - [server_grpc.py:136] - 客户端 2 检查训练状态，当前next_step=False, count=0
2025-04-28 15:41:57 - INFO - [server_grpc.py:164] - 接收到客户端 3 的参数更新，轮次: 8
2025-04-28 15:41:57 - INFO - [server_grpc.py:191] - 存储客户端 3 参数更新，当前轮次 8 已提交 2/3个客户端
2025-04-28 15:41:57 - INFO - [server_grpc.py:136] - 客户端 3 检查训练状态，当前next_step=False, count=0
2025-04-28 15:41:57 - INFO - [server_grpc.py:164] - 接收到客户端 1 的参数更新，轮次: 8
2025-04-28 15:41:57 - INFO - [server_grpc.py:191] - 存储客户端 1 参数更新，当前轮次 8 已提交 3/3个客户端
2025-04-28 15:41:57 - INFO - [server_grpc.py:194] - 轮次 8 所有客户端参数已收集完毕，开始聚合
2025-04-28 15:41:57 - INFO - [server_grpc.py:66] - 开始聚合参数，参数列表长度: 3
2025-04-28 15:41:57 - INFO - [server_grpc.py:76] - 当前轮次活跃客户端IDs: ['2', '3', '1']
2025-04-28 15:41:57 - INFO - [server_grpc.py:82] - 计算客户端权重完成: [0.3333333333333333, 0.3333333333333333, 0.3333333333333333]
2025-04-28 15:41:57 - DEBUG - [server_grpc.py:98] - 聚合参数 intercept: 客户端 1/3, 权重 0.3333333333333333
2025-04-28 15:41:57 - DEBUG - [server_grpc.py:98] - 聚合参数 intercept: 客户端 2/3, 权重 0.3333333333333333
2025-04-28 15:41:57 - DEBUG - [server_grpc.py:98] - 聚合参数 intercept: 客户端 3/3, 权重 0.3333333333333333
2025-04-28 15:41:57 - DEBUG - [server_grpc.py:98] - 聚合参数 coef: 客户端 1/3, 权重 0.3333333333333333
2025-04-28 15:41:57 - DEBUG - [server_grpc.py:98] - 聚合参数 coef: 客户端 2/3, 权重 0.3333333333333333
2025-04-28 15:41:57 - DEBUG - [server_grpc.py:98] - 聚合参数 coef: 客户端 3/3, 权重 0.3333333333333333
2025-04-28 15:41:57 - INFO - [server_grpc.py:260] - 全局模型参数更新完成
2025-04-28 15:41:57 - INFO - [server_grpc.py:268] - 全局模型在轮次 8 的性能: {'accuracy': 0.8198333333333333, 'precision': 0.6394230769230769, 'recall': 0.4051789794364052, 'f1': 0.49603729603729607, 'auc_roc': 0.762353650802214}
2025-04-28 15:41:57 - INFO - [server_grpc.py:273] - 轮次 8 处理完成
2025-04-28 15:41:57 - INFO - [server_grpc.py:136] - 客户端 1 检查训练状态，当前next_step=True, count=0
2025-04-28 15:41:57 - INFO - [server_grpc.py:141] - 客户端 1 获得训练许可，count增加到 1/3
2025-04-28 15:41:57 - INFO - [server_grpc.py:224] - 向客户端 1 提供第8轮全局模型
2025-04-28 15:41:57 - INFO - [server_grpc.py:136] - 客户端 2 检查训练状态，当前next_step=True, count=1
2025-04-28 15:41:57 - INFO - [server_grpc.py:141] - 客户端 2 获得训练许可，count增加到 2/3
2025-04-28 15:41:57 - INFO - [server_grpc.py:224] - 向客户端 2 提供第8轮全局模型
2025-04-28 15:41:57 - INFO - [server_grpc.py:136] - 客户端 3 检查训练状态，当前next_step=True, count=2
2025-04-28 15:41:57 - INFO - [server_grpc.py:141] - 客户端 3 获得训练许可，count增加到 3/3
2025-04-28 15:41:57 - INFO - [server_grpc.py:145] - 所有客户端已获得训练许可，重置next_step=False, count=0
2025-04-28 15:41:57 - INFO - [server_grpc.py:224] - 向客户端 3 提供第8轮全局模型
2025-04-28 15:41:57 - INFO - [server_grpc.py:164] - 接收到客户端 1 的参数更新，轮次: 9
2025-04-28 15:41:57 - INFO - [server_grpc.py:191] - 存储客户端 1 参数更新，当前轮次 9 已提交 1/3个客户端
2025-04-28 15:41:57 - INFO - [server_grpc.py:136] - 客户端 1 检查训练状态，当前next_step=False, count=0
2025-04-28 15:41:57 - INFO - [server_grpc.py:164] - 接收到客户端 3 的参数更新，轮次: 9
2025-04-28 15:41:57 - INFO - [server_grpc.py:191] - 存储客户端 3 参数更新，当前轮次 9 已提交 2/3个客户端
2025-04-28 15:41:57 - INFO - [server_grpc.py:136] - 客户端 3 检查训练状态，当前next_step=False, count=0
2025-04-28 15:41:57 - INFO - [server_grpc.py:164] - 接收到客户端 2 的参数更新，轮次: 9
2025-04-28 15:41:57 - INFO - [server_grpc.py:191] - 存储客户端 2 参数更新，当前轮次 9 已提交 3/3个客户端
2025-04-28 15:41:57 - INFO - [server_grpc.py:194] - 轮次 9 所有客户端参数已收集完毕，开始聚合
2025-04-28 15:41:57 - INFO - [server_grpc.py:66] - 开始聚合参数，参数列表长度: 3
2025-04-28 15:41:57 - INFO - [server_grpc.py:76] - 当前轮次活跃客户端IDs: ['1', '3', '2']
2025-04-28 15:41:57 - INFO - [server_grpc.py:82] - 计算客户端权重完成: [0.3333333333333333, 0.3333333333333333, 0.3333333333333333]
2025-04-28 15:41:57 - DEBUG - [server_grpc.py:98] - 聚合参数 intercept: 客户端 1/3, 权重 0.3333333333333333
2025-04-28 15:41:57 - DEBUG - [server_grpc.py:98] - 聚合参数 intercept: 客户端 2/3, 权重 0.3333333333333333
2025-04-28 15:41:57 - DEBUG - [server_grpc.py:98] - 聚合参数 intercept: 客户端 3/3, 权重 0.3333333333333333
2025-04-28 15:41:57 - DEBUG - [server_grpc.py:98] - 聚合参数 coef: 客户端 1/3, 权重 0.3333333333333333
2025-04-28 15:41:57 - DEBUG - [server_grpc.py:98] - 聚合参数 coef: 客户端 2/3, 权重 0.3333333333333333
2025-04-28 15:41:57 - DEBUG - [server_grpc.py:98] - 聚合参数 coef: 客户端 3/3, 权重 0.3333333333333333
2025-04-28 15:41:57 - INFO - [server_grpc.py:260] - 全局模型参数更新完成
2025-04-28 15:41:57 - INFO - [server_grpc.py:268] - 全局模型在轮次 9 的性能: {'accuracy': 0.8193333333333334, 'precision': 0.6377858002406739, 'recall': 0.4036557501904037, 'f1': 0.49440298507462693, 'auc_roc': 0.7622720782524495}
2025-04-28 15:41:57 - INFO - [server_grpc.py:273] - 轮次 9 处理完成
2025-04-28 15:41:57 - INFO - [server_grpc.py:136] - 客户端 2 检查训练状态，当前next_step=True, count=0
2025-04-28 15:41:57 - INFO - [server_grpc.py:141] - 客户端 2 获得训练许可，count增加到 1/3
2025-04-28 15:41:57 - INFO - [server_grpc.py:224] - 向客户端 2 提供第9轮全局模型
2025-04-28 15:41:57 - INFO - [server_grpc.py:136] - 客户端 1 检查训练状态，当前next_step=True, count=1
2025-04-28 15:41:57 - INFO - [server_grpc.py:141] - 客户端 1 获得训练许可，count增加到 2/3
2025-04-28 15:41:57 - INFO - [server_grpc.py:224] - 向客户端 1 提供第9轮全局模型
2025-04-28 15:41:57 - INFO - [server_grpc.py:136] - 客户端 3 检查训练状态，当前next_step=True, count=2
2025-04-28 15:41:57 - INFO - [server_grpc.py:141] - 客户端 3 获得训练许可，count增加到 3/3
2025-04-28 15:41:57 - INFO - [server_grpc.py:145] - 所有客户端已获得训练许可，重置next_step=False, count=0
2025-04-28 15:41:57 - INFO - [server_grpc.py:224] - 向客户端 3 提供第9轮全局模型
2025-04-28 15:41:57 - INFO - [server_grpc.py:164] - 接收到客户端 2 的参数更新，轮次: 10
2025-04-28 15:41:57 - INFO - [server_grpc.py:191] - 存储客户端 2 参数更新，当前轮次 10 已提交 1/3个客户端
2025-04-28 15:41:57 - INFO - [server_grpc.py:136] - 客户端 2 检查训练状态，当前next_step=False, count=0
2025-04-28 15:41:57 - INFO - [server_grpc.py:164] - 接收到客户端 1 的参数更新，轮次: 10
2025-04-28 15:41:57 - INFO - [server_grpc.py:191] - 存储客户端 1 参数更新，当前轮次 10 已提交 2/3个客户端
2025-04-28 15:41:57 - INFO - [server_grpc.py:136] - 客户端 1 检查训练状态，当前next_step=False, count=0
2025-04-28 15:41:57 - INFO - [server_grpc.py:164] - 接收到客户端 3 的参数更新，轮次: 10
2025-04-28 15:41:57 - INFO - [server_grpc.py:191] - 存储客户端 3 参数更新，当前轮次 10 已提交 3/3个客户端
2025-04-28 15:41:57 - INFO - [server_grpc.py:194] - 轮次 10 所有客户端参数已收集完毕，开始聚合
2025-04-28 15:41:57 - INFO - [server_grpc.py:66] - 开始聚合参数，参数列表长度: 3
2025-04-28 15:41:57 - INFO - [server_grpc.py:76] - 当前轮次活跃客户端IDs: ['2', '1', '3']
2025-04-28 15:41:57 - INFO - [server_grpc.py:82] - 计算客户端权重完成: [0.3333333333333333, 0.3333333333333333, 0.3333333333333333]
2025-04-28 15:41:57 - DEBUG - [server_grpc.py:98] - 聚合参数 intercept: 客户端 1/3, 权重 0.3333333333333333
2025-04-28 15:41:57 - DEBUG - [server_grpc.py:98] - 聚合参数 intercept: 客户端 2/3, 权重 0.3333333333333333
2025-04-28 15:41:57 - DEBUG - [server_grpc.py:98] - 聚合参数 intercept: 客户端 3/3, 权重 0.3333333333333333
2025-04-28 15:41:57 - DEBUG - [server_grpc.py:98] - 聚合参数 coef: 客户端 1/3, 权重 0.3333333333333333
2025-04-28 15:41:57 - DEBUG - [server_grpc.py:98] - 聚合参数 coef: 客户端 2/3, 权重 0.3333333333333333
2025-04-28 15:41:57 - DEBUG - [server_grpc.py:98] - 聚合参数 coef: 客户端 3/3, 权重 0.3333333333333333
2025-04-28 15:41:57 - INFO - [server_grpc.py:260] - 全局模型参数更新完成
2025-04-28 15:41:57 - INFO - [server_grpc.py:268] - 全局模型在轮次 10 的性能: {'accuracy': 0.8198333333333333, 'precision': 0.6397590361445783, 'recall': 0.4044173648134044, 'f1': 0.4955669622025199, 'auc_roc': 0.762372012750667}
2025-04-28 15:41:57 - INFO - [server_grpc.py:273] - 轮次 10 处理完成
2025-04-28 15:41:57 - INFO - [server_grpc.py:199] - 达到最大轮次 10，结束训练
2025-04-28 15:41:57 - INFO - [server_grpc.py:136] - 客户端 3 检查训练状态，当前next_step=True, count=0
2025-04-28 15:41:57 - INFO - [server_grpc.py:141] - 客户端 3 获得训练许可，count增加到 1/3
2025-04-28 15:41:57 - INFO - [server_grpc.py:224] - 向客户端 3 提供第10轮全局模型
2025-04-28 15:41:57 - INFO - [server_grpc.py:136] - 客户端 2 检查训练状态，当前next_step=True, count=1
2025-04-28 15:41:57 - INFO - [server_grpc.py:141] - 客户端 2 获得训练许可，count增加到 2/3
2025-04-28 15:41:57 - INFO - [server_grpc.py:136] - 客户端 1 检查训练状态，当前next_step=True, count=2
2025-04-28 15:41:57 - INFO - [server_grpc.py:141] - 客户端 1 获得训练许可，count增加到 3/3
2025-04-28 15:41:57 - INFO - [server_grpc.py:145] - 所有客户端已获得训练许可，重置next_step=False, count=0
2025-04-28 15:41:57 - INFO - [server_grpc.py:224] - 向客户端 2 提供第10轮全局模型
2025-04-28 15:41:57 - INFO - [server_grpc.py:224] - 向客户端 1 提供第10轮全局模型
