2025-04-22 03:04:33 - INFO - [logging_config.py:55] - 日志文件已创建: logs/20250422_030433.log
2025-04-22 03:04:33 - INFO - [logging_config.py:55] - 日志文件已创建: logs/20250422_030433.log
2025-04-22 03:04:33 - INFO - [logging_config.py:55] - 日志文件已创建: logs/20250422_030433.log
2025-04-22 03:04:33 - INFO - [logging_config.py:55] - 日志文件已创建: logs/20250422_030433.log
2025-04-22 03:04:33 - INFO - [client_grpc.py:272] - 成功加载客户端数据: /app/data/credit_card_train_normalized.csv, 形状: X=(8000, 26), y=(8000,)
2025-04-22 03:04:33 - INFO - [client_grpc.py:272] - 成功加载客户端数据: /app/data/credit_card_train_normalized.csv, 形状: X=(8000, 26), y=(8000,)
2025-04-22 03:04:33 - INFO - [client_grpc.py:272] - 成功加载客户端数据: /app/data/credit_card_train_normalized.csv, 形状: X=(8000, 26), y=(8000,)
2025-04-22 03:04:33 - DEBUG - [client_grpc.py:81] - 数据集划分完成 - 训练集: (6400, 26), 测试集: (1600, 26)
2025-04-22 03:04:33 - DEBUG - [client_grpc.py:81] - 数据集划分完成 - 训练集: (6400, 26), 测试集: (1600, 26)
2025-04-22 03:04:33 - INFO - [client_grpc.py:88] - 数据初始化完成，训练数据大小: 6400
2025-04-22 03:04:33 - DEBUG - [client_grpc.py:81] - 数据集划分完成 - 训练集: (6400, 26), 测试集: (1600, 26)
2025-04-22 03:04:33 - INFO - [client_grpc.py:88] - 数据初始化完成，训练数据大小: 6400
2025-04-22 03:04:33 - INFO - [client_grpc.py:88] - 数据初始化完成，训练数据大小: 6400
2025-04-22 03:04:33 - INFO - [server_grpc.py:60] - 服务器初始化完成，等待 3 个客户端注册，计划训练 10 轮
2025-04-22 03:04:33 - INFO - [server_grpc.py:344] - 联邦学习安全服务器正在启动，监听端口: 50051
2025-04-22 03:04:33 - INFO - [client_grpc.py:50] - 使用安全通道(SSL/TLS)连接服务器
2025-04-22 03:04:33 - INFO - [client_grpc.py:50] - 使用安全通道(SSL/TLS)连接服务器
2025-04-22 03:04:33 - INFO - [client_grpc.py:50] - 使用安全通道(SSL/TLS)连接服务器
2025-04-22 03:04:33 - INFO - [client_grpc.py:71] - 客户端 1 初始化完成，数据集大小: 6400
2025-04-22 03:04:33 - INFO - [client_grpc.py:71] - 客户端 3 初始化完成，数据集大小: 6400
2025-04-22 03:04:33 - INFO - [client_grpc.py:71] - 客户端 2 初始化完成，数据集大小: 6400
2025-04-22 03:04:33 - INFO - [server_grpc.py:146] - 接收到客户端 3 的注册请求
2025-04-22 03:04:33 - INFO - [server_grpc.py:146] - 接收到客户端 2 的注册请求
2025-04-22 03:04:33 - INFO - [server_grpc.py:154] - 客户端 3 注册成功，当前 1/3 个客户端
2025-04-22 03:04:33 - INFO - [server_grpc.py:146] - 接收到客户端 1 的注册请求
2025-04-22 03:04:33 - INFO - [server_grpc.py:154] - 客户端 2 注册成功，当前 2/3 个客户端
2025-04-22 03:04:33 - INFO - [client_grpc.py:201] - 已设置初始模型参数
2025-04-22 03:04:33 - INFO - [server_grpc.py:154] - 客户端 1 注册成功，当前 3/3 个客户端
2025-04-22 03:04:33 - INFO - [client_grpc.py:201] - 已设置初始模型参数
2025-04-22 03:04:33 - INFO - [client_grpc.py:201] - 已设置初始模型参数
2025-04-22 03:04:33 - INFO - [server_grpc.py:169] - 客户端 3 检查训练状态，当前next_step=True, count=0
2025-04-22 03:04:33 - INFO - [server_grpc.py:174] - 客户端 3 获得训练许可，count增加到 1/3
2025-04-22 03:04:33 - INFO - [server_grpc.py:169] - 客户端 2 检查训练状态，当前next_step=True, count=1
2025-04-22 03:04:33 - INFO - [client_grpc.py:213] - 所有客户端已就绪，开始训练
2025-04-22 03:04:33 - INFO - [server_grpc.py:174] - 客户端 2 获得训练许可，count增加到 2/3
2025-04-22 03:04:33 - INFO - [client_grpc.py:217] - 开始第 1 轮训练
2025-04-22 03:04:33 - INFO - [server_grpc.py:169] - 客户端 1 检查训练状态，当前next_step=True, count=2
2025-04-22 03:04:33 - INFO - [client_grpc.py:213] - 所有客户端已就绪，开始训练
2025-04-22 03:04:33 - INFO - [server_grpc.py:174] - 客户端 1 获得训练许可，count增加到 3/3
2025-04-22 03:04:33 - INFO - [server_grpc.py:178] - 所有客户端已获得训练许可，重置next_step=False, count=0
2025-04-22 03:04:33 - INFO - [client_grpc.py:217] - 开始第 1 轮训练
2025-04-22 03:04:33 - INFO - [client_grpc.py:213] - 所有客户端已就绪，开始训练
2025-04-22 03:04:33 - INFO - [client_grpc.py:217] - 开始第 1 轮训练
2025-04-22 03:04:33 - INFO - [client_grpc.py:153] - 本地训练完成，评估指标: {'accuracy': 0.8325, 'precision': 0.6944444444444444, 'recall': 0.3698224852071006, 'f1': 0.4826254826254826, 'auc_roc': 0.7441133168915687}
2025-04-22 03:04:33 - INFO - [server_grpc.py:197] - 接收到客户端 1 的参数更新，轮次: 1
2025-04-22 03:04:33 - INFO - [server_grpc.py:224] - 存储客户端 1 参数更新，当前轮次 1 已提交 1/3个客户端
2025-04-22 03:04:33 - INFO - [client_grpc.py:221] - 客户端 1 提交轮次 1 的参数更新
2025-04-22 03:04:33 - INFO - [server_grpc.py:169] - 客户端 1 检查训练状态，当前next_step=False, count=0
2025-04-22 03:04:33 - INFO - [client_grpc.py:229] - 等待其他客户端提交参数 (3/3)
2025-04-22 03:04:33 - INFO - [client_grpc.py:153] - 本地训练完成，评估指标: {'accuracy': 0.82625, 'precision': 0.6302521008403361, 'recall': 0.4411764705882353, 'f1': 0.5190311418685122, 'auc_roc': 0.7462605042016807}
2025-04-22 03:04:33 - INFO - [server_grpc.py:197] - 接收到客户端 3 的参数更新，轮次: 1
2025-04-22 03:04:33 - INFO - [server_grpc.py:224] - 存储客户端 3 参数更新，当前轮次 1 已提交 2/3个客户端
2025-04-22 03:04:33 - INFO - [client_grpc.py:221] - 客户端 3 提交轮次 1 的参数更新
2025-04-22 03:04:33 - INFO - [server_grpc.py:169] - 客户端 3 检查训练状态，当前next_step=False, count=0
2025-04-22 03:04:33 - INFO - [client_grpc.py:229] - 等待其他客户端提交参数 (3/3)
2025-04-22 03:04:33 - INFO - [client_grpc.py:153] - 本地训练完成，评估指标: {'accuracy': 0.82375, 'precision': 0.6595744680851063, 'recall': 0.36257309941520466, 'f1': 0.46792452830188674, 'auc_roc': 0.7304572374231817}
2025-04-22 03:04:33 - INFO - [server_grpc.py:197] - 接收到客户端 2 的参数更新，轮次: 1
2025-04-22 03:04:33 - INFO - [server_grpc.py:224] - 存储客户端 2 参数更新，当前轮次 1 已提交 3/3个客户端
2025-04-22 03:04:33 - INFO - [server_grpc.py:227] - 轮次 1 所有客户端参数已收集完毕，开始聚合
2025-04-22 03:04:33 - INFO - [server_grpc.py:65] - 开始聚合参数，参数列表长度: 3
2025-04-22 03:04:33 - INFO - [server_grpc.py:75] - 当前轮次活跃客户端IDs: ['1', '3', '2']
2025-04-22 03:04:33 - INFO - [server_grpc.py:81] - 计算客户端权重完成: [0.3333333333333333, 0.3333333333333333, 0.3333333333333333]
2025-04-22 03:04:33 - DEBUG - [server_grpc.py:97] - 聚合参数 intercept: 客户端 1/3, 权重 0.3333333333333333
2025-04-22 03:04:33 - DEBUG - [server_grpc.py:97] - 聚合参数 intercept: 客户端 2/3, 权重 0.3333333333333333
2025-04-22 03:04:33 - DEBUG - [server_grpc.py:97] - 聚合参数 intercept: 客户端 3/3, 权重 0.3333333333333333
2025-04-22 03:04:33 - DEBUG - [server_grpc.py:97] - 聚合参数 coef: 客户端 1/3, 权重 0.3333333333333333
2025-04-22 03:04:33 - DEBUG - [server_grpc.py:97] - 聚合参数 coef: 客户端 2/3, 权重 0.3333333333333333
2025-04-22 03:04:33 - DEBUG - [server_grpc.py:97] - 聚合参数 coef: 客户端 3/3, 权重 0.3333333333333333
2025-04-22 03:04:33 - INFO - [server_grpc.py:293] - 全局模型参数更新完成
2025-04-22 03:04:33 - INFO - [server_grpc.py:301] - 全局模型在轮次 1 的性能: {'accuracy': 0.8196666666666667, 'precision': 0.6393244873341375, 'recall': 0.4036557501904037, 'f1': 0.4948646125116713, 'auc_roc': 0.7623762376237623}
2025-04-22 03:04:33 - INFO - [server_grpc.py:306] - 轮次 1 处理完成
2025-04-22 03:04:33 - INFO - [client_grpc.py:221] - 客户端 2 提交轮次 1 的参数更新
2025-04-22 03:04:33 - INFO - [server_grpc.py:169] - 客户端 2 检查训练状态，当前next_step=True, count=0
2025-04-22 03:04:33 - INFO - [server_grpc.py:174] - 客户端 2 获得训练许可，count增加到 1/3
2025-04-22 03:04:33 - INFO - [client_grpc.py:233] - 所有客户端已就绪，开始请求全局模型
2025-04-22 03:04:33 - INFO - [server_grpc.py:257] - 向客户端 2 提供第1轮全局模型
2025-04-22 03:04:33 - INFO - [server_grpc.py:169] - 客户端 1 检查训练状态，当前next_step=True, count=1
2025-04-22 03:04:33 - INFO - [server_grpc.py:174] - 客户端 1 获得训练许可，count增加到 2/3
2025-04-22 03:04:33 - INFO - [client_grpc.py:233] - 所有客户端已就绪，开始请求全局模型
2025-04-22 03:04:33 - INFO - [server_grpc.py:257] - 向客户端 1 提供第1轮全局模型
2025-04-22 03:04:33 - INFO - [server_grpc.py:169] - 客户端 3 检查训练状态，当前next_step=True, count=2
2025-04-22 03:04:33 - INFO - [server_grpc.py:174] - 客户端 3 获得训练许可，count增加到 3/3
2025-04-22 03:04:33 - INFO - [server_grpc.py:178] - 所有客户端已获得训练许可，重置next_step=False, count=0
2025-04-22 03:04:33 - INFO - [client_grpc.py:233] - 所有客户端已就绪，开始请求全局模型
2025-04-22 03:04:33 - INFO - [server_grpc.py:257] - 向客户端 3 提供第1轮全局模型
2025-04-22 03:04:34 - INFO - [client_grpc.py:244] - 客户端 1 请求第 1 轮的全局模型
2025-04-22 03:04:34 - INFO - [client_grpc.py:248] - 全局模型指标 - 准确率: 0.8197, 精确率: 0.6393, 召回率: 0.4037, F1分数: 0.4949, AUC-ROC: 0.7624
2025-04-22 03:04:34 - INFO - [client_grpc.py:244] - 客户端 2 请求第 1 轮的全局模型
2025-04-22 03:04:34 - INFO - [client_grpc.py:251] - 客户端 1 更新模型参数
2025-04-22 03:04:34 - INFO - [client_grpc.py:248] - 全局模型指标 - 准确率: 0.8197, 精确率: 0.6393, 召回率: 0.4037, F1分数: 0.4949, AUC-ROC: 0.7624
2025-04-22 03:04:34 - INFO - [client_grpc.py:251] - 客户端 2 更新模型参数
2025-04-22 03:04:34 - INFO - [client_grpc.py:217] - 开始第 2 轮训练
2025-04-22 03:04:34 - INFO - [client_grpc.py:217] - 开始第 2 轮训练
2025-04-22 03:04:34 - INFO - [client_grpc.py:244] - 客户端 3 请求第 1 轮的全局模型
2025-04-22 03:04:34 - INFO - [client_grpc.py:248] - 全局模型指标 - 准确率: 0.8197, 精确率: 0.6393, 召回率: 0.4037, F1分数: 0.4949, AUC-ROC: 0.7624
2025-04-22 03:04:34 - INFO - [client_grpc.py:251] - 客户端 3 更新模型参数
2025-04-22 03:04:34 - INFO - [client_grpc.py:217] - 开始第 2 轮训练
2025-04-22 03:04:34 - INFO - [client_grpc.py:153] - 本地训练完成，评估指标: {'accuracy': 0.825625, 'precision': 0.6276150627615062, 'recall': 0.4411764705882353, 'f1': 0.5181347150259067, 'auc_roc': 0.7466923436041082}
2025-04-22 03:04:34 - INFO - [server_grpc.py:197] - 接收到客户端 3 的参数更新，轮次: 2
2025-04-22 03:04:34 - INFO - [server_grpc.py:224] - 存储客户端 3 参数更新，当前轮次 2 已提交 1/3个客户端
2025-04-22 03:04:34 - INFO - [client_grpc.py:153] - 本地训练完成，评估指标: {'accuracy': 0.833125, 'precision': 0.6961325966850829, 'recall': 0.3727810650887574, 'f1': 0.48554913294797686, 'auc_roc': 0.7449010212023743}
2025-04-22 03:04:34 - INFO - [server_grpc.py:197] - 接收到客户端 1 的参数更新，轮次: 2
2025-04-22 03:04:34 - INFO - [server_grpc.py:224] - 存储客户端 1 参数更新，当前轮次 2 已提交 2/3个客户端
2025-04-22 03:04:34 - INFO - [client_grpc.py:221] - 客户端 3 提交轮次 2 的参数更新
2025-04-22 03:04:34 - INFO - [server_grpc.py:169] - 客户端 3 检查训练状态，当前next_step=False, count=0
2025-04-22 03:04:34 - INFO - [client_grpc.py:221] - 客户端 1 提交轮次 2 的参数更新
2025-04-22 03:04:34 - INFO - [client_grpc.py:229] - 等待其他客户端提交参数 (3/3)
2025-04-22 03:04:34 - INFO - [server_grpc.py:169] - 客户端 1 检查训练状态，当前next_step=False, count=0
2025-04-22 03:04:34 - INFO - [client_grpc.py:229] - 等待其他客户端提交参数 (3/3)
2025-04-22 03:04:34 - INFO - [client_grpc.py:153] - 本地训练完成，评估指标: {'accuracy': 0.82375, 'precision': 0.6595744680851063, 'recall': 0.36257309941520466, 'f1': 0.46792452830188674, 'auc_roc': 0.7298622151563328}
2025-04-22 03:04:34 - INFO - [server_grpc.py:197] - 接收到客户端 2 的参数更新，轮次: 2
2025-04-22 03:04:34 - INFO - [server_grpc.py:224] - 存储客户端 2 参数更新，当前轮次 2 已提交 3/3个客户端
2025-04-22 03:04:34 - INFO - [server_grpc.py:227] - 轮次 2 所有客户端参数已收集完毕，开始聚合
2025-04-22 03:04:34 - INFO - [server_grpc.py:65] - 开始聚合参数，参数列表长度: 3
2025-04-22 03:04:34 - INFO - [server_grpc.py:75] - 当前轮次活跃客户端IDs: ['3', '1', '2']
2025-04-22 03:04:34 - INFO - [server_grpc.py:81] - 计算客户端权重完成: [0.3333333333333333, 0.3333333333333333, 0.3333333333333333]
2025-04-22 03:04:34 - DEBUG - [server_grpc.py:97] - 聚合参数 intercept: 客户端 1/3, 权重 0.3333333333333333
2025-04-22 03:04:34 - DEBUG - [server_grpc.py:97] - 聚合参数 intercept: 客户端 2/3, 权重 0.3333333333333333
2025-04-22 03:04:34 - DEBUG - [server_grpc.py:97] - 聚合参数 intercept: 客户端 3/3, 权重 0.3333333333333333
2025-04-22 03:04:34 - DEBUG - [server_grpc.py:97] - 聚合参数 coef: 客户端 1/3, 权重 0.3333333333333333
2025-04-22 03:04:34 - DEBUG - [server_grpc.py:97] - 聚合参数 coef: 客户端 2/3, 权重 0.3333333333333333
2025-04-22 03:04:34 - DEBUG - [server_grpc.py:97] - 聚合参数 coef: 客户端 3/3, 权重 0.3333333333333333
2025-04-22 03:04:34 - INFO - [server_grpc.py:293] - 全局模型参数更新完成
2025-04-22 03:04:34 - INFO - [server_grpc.py:301] - 全局模型在轮次 2 的性能: {'accuracy': 0.8198333333333333, 'precision': 0.6394230769230769, 'recall': 0.4051789794364052, 'f1': 0.49603729603729607, 'auc_roc': 0.7622966150154266}
2025-04-22 03:04:34 - INFO - [server_grpc.py:306] - 轮次 2 处理完成
2025-04-22 03:04:34 - INFO - [client_grpc.py:221] - 客户端 2 提交轮次 2 的参数更新
2025-04-22 03:04:34 - INFO - [server_grpc.py:169] - 客户端 2 检查训练状态，当前next_step=True, count=0
2025-04-22 03:04:34 - INFO - [server_grpc.py:174] - 客户端 2 获得训练许可，count增加到 1/3
2025-04-22 03:04:34 - INFO - [client_grpc.py:233] - 所有客户端已就绪，开始请求全局模型
2025-04-22 03:04:34 - INFO - [server_grpc.py:257] - 向客户端 2 提供第2轮全局模型
2025-04-22 03:04:34 - INFO - [server_grpc.py:169] - 客户端 3 检查训练状态，当前next_step=True, count=1
2025-04-22 03:04:34 - INFO - [server_grpc.py:174] - 客户端 3 获得训练许可，count增加到 2/3
2025-04-22 03:04:34 - INFO - [client_grpc.py:244] - 客户端 2 请求第 2 轮的全局模型
2025-04-22 03:04:34 - INFO - [client_grpc.py:248] - 全局模型指标 - 准确率: 0.8198, 精确率: 0.6394, 召回率: 0.4052, F1分数: 0.4960, AUC-ROC: 0.7623
2025-04-22 03:04:34 - INFO - [client_grpc.py:251] - 客户端 2 更新模型参数
2025-04-22 03:04:34 - INFO - [server_grpc.py:169] - 客户端 1 检查训练状态，当前next_step=True, count=2
2025-04-22 03:04:34 - INFO - [client_grpc.py:233] - 所有客户端已就绪，开始请求全局模型
2025-04-22 03:04:34 - INFO - [client_grpc.py:217] - 开始第 3 轮训练
2025-04-22 03:04:34 - INFO - [server_grpc.py:174] - 客户端 1 获得训练许可，count增加到 3/3
2025-04-22 03:04:34 - INFO - [server_grpc.py:178] - 所有客户端已获得训练许可，重置next_step=False, count=0
2025-04-22 03:04:34 - INFO - [client_grpc.py:233] - 所有客户端已就绪，开始请求全局模型
2025-04-22 03:04:34 - INFO - [server_grpc.py:257] - 向客户端 3 提供第2轮全局模型
2025-04-22 03:04:34 - INFO - [server_grpc.py:257] - 向客户端 1 提供第2轮全局模型
2025-04-22 03:04:34 - INFO - [client_grpc.py:244] - 客户端 3 请求第 2 轮的全局模型
2025-04-22 03:04:34 - INFO - [client_grpc.py:248] - 全局模型指标 - 准确率: 0.8198, 精确率: 0.6394, 召回率: 0.4052, F1分数: 0.4960, AUC-ROC: 0.7623
2025-04-22 03:04:34 - INFO - [client_grpc.py:251] - 客户端 3 更新模型参数
2025-04-22 03:04:34 - INFO - [client_grpc.py:217] - 开始第 3 轮训练
2025-04-22 03:04:34 - INFO - [client_grpc.py:244] - 客户端 1 请求第 2 轮的全局模型
2025-04-22 03:04:34 - INFO - [client_grpc.py:248] - 全局模型指标 - 准确率: 0.8198, 精确率: 0.6394, 召回率: 0.4052, F1分数: 0.4960, AUC-ROC: 0.7623
2025-04-22 03:04:34 - INFO - [client_grpc.py:251] - 客户端 1 更新模型参数
2025-04-22 03:04:34 - INFO - [client_grpc.py:217] - 开始第 3 轮训练
2025-04-22 03:04:34 - INFO - [client_grpc.py:153] - 本地训练完成，评估指标: {'accuracy': 0.823125, 'precision': 0.6577540106951871, 'recall': 0.35964912280701755, 'f1': 0.46502835538752363, 'auc_roc': 0.7296181630546955}
2025-04-22 03:04:34 - INFO - [server_grpc.py:197] - 接收到客户端 2 的参数更新，轮次: 3
2025-04-22 03:04:34 - INFO - [server_grpc.py:224] - 存储客户端 2 参数更新，当前轮次 3 已提交 1/3个客户端
2025-04-22 03:04:34 - INFO - [client_grpc.py:221] - 客户端 2 提交轮次 3 的参数更新
2025-04-22 03:04:34 - INFO - [server_grpc.py:169] - 客户端 2 检查训练状态，当前next_step=False, count=0
2025-04-22 03:04:34 - INFO - [client_grpc.py:229] - 等待其他客户端提交参数 (3/3)
2025-04-22 03:04:34 - INFO - [server_grpc.py:169] - 客户端 2 检查训练状态，当前next_step=False, count=0
2025-04-22 03:04:34 - INFO - [client_grpc.py:229] - 等待其他客户端提交参数 (3/3)
2025-04-22 03:04:34 - INFO - [client_grpc.py:153] - 本地训练完成，评估指标: {'accuracy': 0.8325, 'precision': 0.6944444444444444, 'recall': 0.3698224852071006, 'f1': 0.4826254826254826, 'auc_roc': 0.7441672371271297}
2025-04-22 03:04:34 - INFO - [server_grpc.py:197] - 接收到客户端 1 的参数更新，轮次: 3
2025-04-22 03:04:34 - INFO - [server_grpc.py:224] - 存储客户端 1 参数更新，当前轮次 3 已提交 2/3个客户端
2025-04-22 03:04:34 - INFO - [client_grpc.py:221] - 客户端 1 提交轮次 3 的参数更新
2025-04-22 03:04:34 - INFO - [server_grpc.py:169] - 客户端 1 检查训练状态，当前next_step=False, count=0
2025-04-22 03:04:34 - INFO - [client_grpc.py:229] - 等待其他客户端提交参数 (3/3)
2025-04-22 03:04:34 - INFO - [client_grpc.py:153] - 本地训练完成，评估指标: {'accuracy': 0.82625, 'precision': 0.6302521008403361, 'recall': 0.4411764705882353, 'f1': 0.5190311418685122, 'auc_roc': 0.7465546218487394}
2025-04-22 03:04:34 - INFO - [server_grpc.py:197] - 接收到客户端 3 的参数更新，轮次: 3
2025-04-22 03:04:34 - INFO - [server_grpc.py:224] - 存储客户端 3 参数更新，当前轮次 3 已提交 3/3个客户端
2025-04-22 03:04:34 - INFO - [server_grpc.py:227] - 轮次 3 所有客户端参数已收集完毕，开始聚合
2025-04-22 03:04:34 - INFO - [server_grpc.py:65] - 开始聚合参数，参数列表长度: 3
2025-04-22 03:04:34 - INFO - [server_grpc.py:75] - 当前轮次活跃客户端IDs: ['2', '1', '3']
2025-04-22 03:04:34 - INFO - [server_grpc.py:81] - 计算客户端权重完成: [0.3333333333333333, 0.3333333333333333, 0.3333333333333333]
2025-04-22 03:04:34 - DEBUG - [server_grpc.py:97] - 聚合参数 intercept: 客户端 1/3, 权重 0.3333333333333333
2025-04-22 03:04:34 - DEBUG - [server_grpc.py:97] - 聚合参数 intercept: 客户端 2/3, 权重 0.3333333333333333
2025-04-22 03:04:34 - DEBUG - [server_grpc.py:97] - 聚合参数 intercept: 客户端 3/3, 权重 0.3333333333333333
2025-04-22 03:04:34 - DEBUG - [server_grpc.py:97] - 聚合参数 coef: 客户端 1/3, 权重 0.3333333333333333
2025-04-22 03:04:34 - DEBUG - [server_grpc.py:97] - 聚合参数 coef: 客户端 2/3, 权重 0.3333333333333333
2025-04-22 03:04:34 - DEBUG - [server_grpc.py:97] - 聚合参数 coef: 客户端 3/3, 权重 0.3333333333333333
2025-04-22 03:04:34 - INFO - [server_grpc.py:293] - 全局模型参数更新完成
2025-04-22 03:04:34 - INFO - [server_grpc.py:301] - 全局模型在轮次 3 的性能: {'accuracy': 0.82, 'precision': 0.6401925391095066, 'recall': 0.4051789794364052, 'f1': 0.49626865671641784, 'auc_roc': 0.7623502384047138}
2025-04-22 03:04:34 - INFO - [server_grpc.py:306] - 轮次 3 处理完成
2025-04-22 03:04:34 - INFO - [client_grpc.py:221] - 客户端 3 提交轮次 3 的参数更新
2025-04-22 03:04:34 - INFO - [server_grpc.py:169] - 客户端 3 检查训练状态，当前next_step=True, count=0
2025-04-22 03:04:34 - INFO - [server_grpc.py:174] - 客户端 3 获得训练许可，count增加到 1/3
2025-04-22 03:04:34 - INFO - [client_grpc.py:233] - 所有客户端已就绪，开始请求全局模型
2025-04-22 03:04:34 - INFO - [server_grpc.py:257] - 向客户端 3 提供第3轮全局模型
2025-04-22 03:04:34 - INFO - [server_grpc.py:169] - 客户端 2 检查训练状态，当前next_step=True, count=1
2025-04-22 03:04:34 - INFO - [server_grpc.py:174] - 客户端 2 获得训练许可，count增加到 2/3
2025-04-22 03:04:34 - INFO - [client_grpc.py:233] - 所有客户端已就绪，开始请求全局模型
2025-04-22 03:04:34 - INFO - [server_grpc.py:257] - 向客户端 2 提供第3轮全局模型
2025-04-22 03:04:34 - INFO - [server_grpc.py:169] - 客户端 1 检查训练状态，当前next_step=True, count=2
2025-04-22 03:04:34 - INFO - [server_grpc.py:174] - 客户端 1 获得训练许可，count增加到 3/3
2025-04-22 03:04:34 - INFO - [server_grpc.py:178] - 所有客户端已获得训练许可，重置next_step=False, count=0
2025-04-22 03:04:34 - INFO - [client_grpc.py:233] - 所有客户端已就绪，开始请求全局模型
2025-04-22 03:04:34 - INFO - [server_grpc.py:257] - 向客户端 1 提供第3轮全局模型
2025-04-22 03:04:34 - INFO - [client_grpc.py:244] - 客户端 3 请求第 3 轮的全局模型
2025-04-22 03:04:34 - INFO - [client_grpc.py:248] - 全局模型指标 - 准确率: 0.8200, 精确率: 0.6402, 召回率: 0.4052, F1分数: 0.4963, AUC-ROC: 0.7624
2025-04-22 03:04:34 - INFO - [client_grpc.py:251] - 客户端 3 更新模型参数
2025-04-22 03:04:34 - INFO - [client_grpc.py:217] - 开始第 4 轮训练
2025-04-22 03:04:34 - INFO - [client_grpc.py:244] - 客户端 2 请求第 3 轮的全局模型
2025-04-22 03:04:34 - INFO - [client_grpc.py:248] - 全局模型指标 - 准确率: 0.8200, 精确率: 0.6402, 召回率: 0.4052, F1分数: 0.4963, AUC-ROC: 0.7624
2025-04-22 03:04:34 - INFO - [client_grpc.py:251] - 客户端 2 更新模型参数
2025-04-22 03:04:34 - INFO - [client_grpc.py:217] - 开始第 4 轮训练
2025-04-22 03:04:34 - INFO - [client_grpc.py:244] - 客户端 1 请求第 3 轮的全局模型
2025-04-22 03:04:34 - INFO - [client_grpc.py:248] - 全局模型指标 - 准确率: 0.8200, 精确率: 0.6402, 召回率: 0.4052, F1分数: 0.4963, AUC-ROC: 0.7624
2025-04-22 03:04:34 - INFO - [client_grpc.py:251] - 客户端 1 更新模型参数
2025-04-22 03:04:34 - INFO - [client_grpc.py:217] - 开始第 4 轮训练
2025-04-22 03:04:34 - INFO - [client_grpc.py:153] - 本地训练完成，评估指标: {'accuracy': 0.825625, 'precision': 0.6276150627615062, 'recall': 0.4411764705882353, 'f1': 0.5181347150259067, 'auc_roc': 0.7464005602240897}
2025-04-22 03:04:34 - INFO - [server_grpc.py:197] - 接收到客户端 3 的参数更新，轮次: 4
2025-04-22 03:04:34 - INFO - [server_grpc.py:224] - 存储客户端 3 参数更新，当前轮次 4 已提交 1/3个客户端
2025-04-22 03:04:34 - INFO - [client_grpc.py:221] - 客户端 3 提交轮次 4 的参数更新
2025-04-22 03:04:34 - INFO - [server_grpc.py:169] - 客户端 3 检查训练状态，当前next_step=False, count=0
2025-04-22 03:04:34 - INFO - [client_grpc.py:229] - 等待其他客户端提交参数 (3/3)
2025-04-22 03:04:34 - INFO - [client_grpc.py:153] - 本地训练完成，评估指标: {'accuracy': 0.831875, 'precision': 0.6927374301675978, 'recall': 0.3668639053254438, 'f1': 0.4796905222437137, 'auc_roc': 0.7444743480340213}
2025-04-22 03:04:34 - INFO - [server_grpc.py:197] - 接收到客户端 1 的参数更新，轮次: 4
2025-04-22 03:04:34 - INFO - [server_grpc.py:224] - 存储客户端 1 参数更新，当前轮次 4 已提交 2/3个客户端
2025-04-22 03:04:34 - INFO - [client_grpc.py:221] - 客户端 1 提交轮次 4 的参数更新
2025-04-22 03:04:34 - INFO - [server_grpc.py:169] - 客户端 1 检查训练状态，当前next_step=False, count=0
2025-04-22 03:04:34 - INFO - [client_grpc.py:229] - 等待其他客户端提交参数 (3/3)
2025-04-22 03:04:34 - INFO - [client_grpc.py:153] - 本地训练完成，评估指标: {'accuracy': 0.82375, 'precision': 0.6595744680851063, 'recall': 0.36257309941520466, 'f1': 0.46792452830188674, 'auc_roc': 0.7291951394118578}
2025-04-22 03:04:34 - INFO - [server_grpc.py:197] - 接收到客户端 2 的参数更新，轮次: 4
2025-04-22 03:04:34 - INFO - [server_grpc.py:224] - 存储客户端 2 参数更新，当前轮次 4 已提交 3/3个客户端
2025-04-22 03:04:34 - INFO - [server_grpc.py:227] - 轮次 4 所有客户端参数已收集完毕，开始聚合
2025-04-22 03:04:34 - INFO - [server_grpc.py:65] - 开始聚合参数，参数列表长度: 3
2025-04-22 03:04:34 - INFO - [server_grpc.py:75] - 当前轮次活跃客户端IDs: ['3', '1', '2']
2025-04-22 03:04:34 - INFO - [server_grpc.py:81] - 计算客户端权重完成: [0.3333333333333333, 0.3333333333333333, 0.3333333333333333]
2025-04-22 03:04:34 - DEBUG - [server_grpc.py:97] - 聚合参数 intercept: 客户端 1/3, 权重 0.3333333333333333
2025-04-22 03:04:34 - DEBUG - [server_grpc.py:97] - 聚合参数 intercept: 客户端 2/3, 权重 0.3333333333333333
2025-04-22 03:04:34 - DEBUG - [server_grpc.py:97] - 聚合参数 intercept: 客户端 3/3, 权重 0.3333333333333333
2025-04-22 03:04:34 - DEBUG - [server_grpc.py:97] - 聚合参数 coef: 客户端 1/3, 权重 0.3333333333333333
2025-04-22 03:04:34 - DEBUG - [server_grpc.py:97] - 聚合参数 coef: 客户端 2/3, 权重 0.3333333333333333
2025-04-22 03:04:34 - DEBUG - [server_grpc.py:97] - 聚合参数 coef: 客户端 3/3, 权重 0.3333333333333333
2025-04-22 03:04:34 - INFO - [server_grpc.py:293] - 全局模型参数更新完成
2025-04-22 03:04:34 - INFO - [server_grpc.py:301] - 全局模型在轮次 4 的性能: {'accuracy': 0.82, 'precision': 0.6405307599517491, 'recall': 0.4044173648134044, 'f1': 0.49579831932773105, 'auc_roc': 0.7622912526764977}
2025-04-22 03:04:34 - INFO - [server_grpc.py:306] - 轮次 4 处理完成
2025-04-22 03:04:34 - INFO - [server_grpc.py:169] - 客户端 3 检查训练状态，当前next_step=True, count=0
2025-04-22 03:04:34 - INFO - [server_grpc.py:174] - 客户端 3 获得训练许可，count增加到 1/3
2025-04-22 03:04:34 - INFO - [client_grpc.py:221] - 客户端 2 提交轮次 4 的参数更新
2025-04-22 03:04:34 - INFO - [server_grpc.py:169] - 客户端 2 检查训练状态，当前next_step=True, count=1
2025-04-22 03:04:34 - INFO - [server_grpc.py:174] - 客户端 2 获得训练许可，count增加到 2/3
2025-04-22 03:04:34 - INFO - [client_grpc.py:233] - 所有客户端已就绪，开始请求全局模型
2025-04-22 03:04:34 - INFO - [client_grpc.py:233] - 所有客户端已就绪，开始请求全局模型
2025-04-22 03:04:34 - INFO - [server_grpc.py:257] - 向客户端 3 提供第4轮全局模型
2025-04-22 03:04:34 - INFO - [server_grpc.py:257] - 向客户端 2 提供第4轮全局模型
2025-04-22 03:04:35 - INFO - [server_grpc.py:169] - 客户端 1 检查训练状态，当前next_step=True, count=2
2025-04-22 03:04:35 - INFO - [server_grpc.py:174] - 客户端 1 获得训练许可，count增加到 3/3
2025-04-22 03:04:35 - INFO - [server_grpc.py:178] - 所有客户端已获得训练许可，重置next_step=False, count=0
2025-04-22 03:04:35 - INFO - [client_grpc.py:233] - 所有客户端已就绪，开始请求全局模型
2025-04-22 03:04:35 - INFO - [server_grpc.py:257] - 向客户端 1 提供第4轮全局模型
2025-04-22 03:04:35 - INFO - [client_grpc.py:244] - 客户端 2 请求第 4 轮的全局模型
2025-04-22 03:04:35 - INFO - [client_grpc.py:248] - 全局模型指标 - 准确率: 0.8200, 精确率: 0.6405, 召回率: 0.4044, F1分数: 0.4958, AUC-ROC: 0.7623
2025-04-22 03:04:35 - INFO - [client_grpc.py:251] - 客户端 2 更新模型参数
2025-04-22 03:04:35 - INFO - [client_grpc.py:217] - 开始第 5 轮训练
2025-04-22 03:04:35 - INFO - [client_grpc.py:244] - 客户端 3 请求第 4 轮的全局模型
2025-04-22 03:04:35 - INFO - [client_grpc.py:248] - 全局模型指标 - 准确率: 0.8200, 精确率: 0.6405, 召回率: 0.4044, F1分数: 0.4958, AUC-ROC: 0.7623
2025-04-22 03:04:35 - INFO - [client_grpc.py:251] - 客户端 3 更新模型参数
2025-04-22 03:04:35 - INFO - [client_grpc.py:217] - 开始第 5 轮训练
2025-04-22 03:04:35 - INFO - [client_grpc.py:244] - 客户端 1 请求第 4 轮的全局模型
2025-04-22 03:04:35 - INFO - [client_grpc.py:248] - 全局模型指标 - 准确率: 0.8200, 精确率: 0.6405, 召回率: 0.4044, F1分数: 0.4958, AUC-ROC: 0.7623
2025-04-22 03:04:35 - INFO - [client_grpc.py:251] - 客户端 1 更新模型参数
2025-04-22 03:04:35 - INFO - [client_grpc.py:217] - 开始第 5 轮训练
2025-04-22 03:04:35 - INFO - [client_grpc.py:153] - 本地训练完成，评估指标: {'accuracy': 0.824375, 'precision': 0.6613756613756614, 'recall': 0.3654970760233918, 'f1': 0.4708097928436912, 'auc_roc': 0.7298715123792523}
2025-04-22 03:04:35 - INFO - [server_grpc.py:197] - 接收到客户端 2 的参数更新，轮次: 5
2025-04-22 03:04:35 - INFO - [server_grpc.py:224] - 存储客户端 2 参数更新，当前轮次 5 已提交 1/3个客户端
2025-04-22 03:04:35 - INFO - [client_grpc.py:221] - 客户端 2 提交轮次 5 的参数更新
2025-04-22 03:04:35 - INFO - [server_grpc.py:169] - 客户端 2 检查训练状态，当前next_step=False, count=0
2025-04-22 03:04:35 - INFO - [client_grpc.py:229] - 等待其他客户端提交参数 (3/3)
2025-04-22 03:04:35 - INFO - [client_grpc.py:153] - 本地训练完成，评估指标: {'accuracy': 0.825625, 'precision': 0.6286919831223629, 'recall': 0.43823529411764706, 'f1': 0.5164644714038128, 'auc_roc': 0.7461321195144724}
2025-04-22 03:04:35 - INFO - [server_grpc.py:197] - 接收到客户端 3 的参数更新，轮次: 5
2025-04-22 03:04:35 - INFO - [server_grpc.py:224] - 存储客户端 3 参数更新，当前轮次 5 已提交 2/3个客户端
2025-04-22 03:04:35 - INFO - [client_grpc.py:221] - 客户端 3 提交轮次 5 的参数更新
2025-04-22 03:04:35 - INFO - [server_grpc.py:169] - 客户端 3 检查训练状态，当前next_step=False, count=0
2025-04-22 03:04:35 - INFO - [client_grpc.py:229] - 等待其他客户端提交参数 (3/3)
2025-04-22 03:04:35 - INFO - [client_grpc.py:153] - 本地训练完成，评估指标: {'accuracy': 0.8325, 'precision': 0.6944444444444444, 'recall': 0.3698224852071006, 'f1': 0.4826254826254826, 'auc_roc': 0.7449174317088495}
2025-04-22 03:04:35 - INFO - [server_grpc.py:197] - 接收到客户端 1 的参数更新，轮次: 5
2025-04-22 03:04:35 - INFO - [server_grpc.py:224] - 存储客户端 1 参数更新，当前轮次 5 已提交 3/3个客户端
2025-04-22 03:04:35 - INFO - [server_grpc.py:227] - 轮次 5 所有客户端参数已收集完毕，开始聚合
2025-04-22 03:04:35 - INFO - [server_grpc.py:65] - 开始聚合参数，参数列表长度: 3
2025-04-22 03:04:35 - INFO - [server_grpc.py:75] - 当前轮次活跃客户端IDs: ['2', '3', '1']
2025-04-22 03:04:35 - INFO - [server_grpc.py:81] - 计算客户端权重完成: [0.3333333333333333, 0.3333333333333333, 0.3333333333333333]
2025-04-22 03:04:35 - DEBUG - [server_grpc.py:97] - 聚合参数 intercept: 客户端 1/3, 权重 0.3333333333333333
2025-04-22 03:04:35 - DEBUG - [server_grpc.py:97] - 聚合参数 intercept: 客户端 2/3, 权重 0.3333333333333333
2025-04-22 03:04:35 - DEBUG - [server_grpc.py:97] - 聚合参数 intercept: 客户端 3/3, 权重 0.3333333333333333
2025-04-22 03:04:35 - DEBUG - [server_grpc.py:97] - 聚合参数 coef: 客户端 1/3, 权重 0.3333333333333333
2025-04-22 03:04:35 - DEBUG - [server_grpc.py:97] - 聚合参数 coef: 客户端 2/3, 权重 0.3333333333333333
2025-04-22 03:04:35 - DEBUG - [server_grpc.py:97] - 聚合参数 coef: 客户端 3/3, 权重 0.3333333333333333
2025-04-22 03:04:35 - INFO - [server_grpc.py:293] - 全局模型参数更新完成
2025-04-22 03:04:35 - INFO - [server_grpc.py:301] - 全局模型在轮次 5 的性能: {'accuracy': 0.8198333333333333, 'precision': 0.6397590361445783, 'recall': 0.4044173648134044, 'f1': 0.4955669622025199, 'auc_roc': 0.7623162769248318}
2025-04-22 03:04:35 - INFO - [server_grpc.py:306] - 轮次 5 处理完成
2025-04-22 03:04:35 - INFO - [server_grpc.py:169] - 客户端 2 检查训练状态，当前next_step=True, count=0
2025-04-22 03:04:35 - INFO - [client_grpc.py:221] - 客户端 1 提交轮次 5 的参数更新
2025-04-22 03:04:35 - INFO - [server_grpc.py:174] - 客户端 2 获得训练许可，count增加到 1/3
2025-04-22 03:04:35 - INFO - [server_grpc.py:169] - 客户端 3 检查训练状态，当前next_step=True, count=1
2025-04-22 03:04:35 - INFO - [client_grpc.py:233] - 所有客户端已就绪，开始请求全局模型
2025-04-22 03:04:35 - INFO - [server_grpc.py:174] - 客户端 3 获得训练许可，count增加到 2/3
2025-04-22 03:04:35 - INFO - [server_grpc.py:169] - 客户端 1 检查训练状态，当前next_step=True, count=2
2025-04-22 03:04:35 - INFO - [server_grpc.py:174] - 客户端 1 获得训练许可，count增加到 3/3
2025-04-22 03:04:35 - INFO - [client_grpc.py:233] - 所有客户端已就绪，开始请求全局模型
2025-04-22 03:04:35 - INFO - [server_grpc.py:178] - 所有客户端已获得训练许可，重置next_step=False, count=0
2025-04-22 03:04:35 - INFO - [client_grpc.py:233] - 所有客户端已就绪，开始请求全局模型
2025-04-22 03:04:35 - INFO - [server_grpc.py:257] - 向客户端 3 提供第5轮全局模型
2025-04-22 03:04:35 - INFO - [server_grpc.py:257] - 向客户端 2 提供第5轮全局模型
2025-04-22 03:04:35 - INFO - [server_grpc.py:257] - 向客户端 1 提供第5轮全局模型
2025-04-22 03:04:35 - INFO - [client_grpc.py:244] - 客户端 3 请求第 5 轮的全局模型
2025-04-22 03:04:35 - INFO - [client_grpc.py:248] - 全局模型指标 - 准确率: 0.8198, 精确率: 0.6398, 召回率: 0.4044, F1分数: 0.4956, AUC-ROC: 0.7623
2025-04-22 03:04:35 - INFO - [client_grpc.py:251] - 客户端 3 更新模型参数
2025-04-22 03:04:35 - INFO - [client_grpc.py:217] - 开始第 6 轮训练
2025-04-22 03:04:35 - INFO - [client_grpc.py:244] - 客户端 1 请求第 5 轮的全局模型
2025-04-22 03:04:35 - INFO - [client_grpc.py:248] - 全局模型指标 - 准确率: 0.8198, 精确率: 0.6398, 召回率: 0.4044, F1分数: 0.4956, AUC-ROC: 0.7623
2025-04-22 03:04:35 - INFO - [client_grpc.py:251] - 客户端 1 更新模型参数
2025-04-22 03:04:35 - INFO - [client_grpc.py:217] - 开始第 6 轮训练
2025-04-22 03:04:35 - INFO - [client_grpc.py:244] - 客户端 2 请求第 5 轮的全局模型
2025-04-22 03:04:35 - INFO - [client_grpc.py:248] - 全局模型指标 - 准确率: 0.8198, 精确率: 0.6398, 召回率: 0.4044, F1分数: 0.4956, AUC-ROC: 0.7623
2025-04-22 03:04:35 - INFO - [client_grpc.py:251] - 客户端 2 更新模型参数
2025-04-22 03:04:35 - INFO - [client_grpc.py:217] - 开始第 6 轮训练
2025-04-22 03:04:35 - INFO - [client_grpc.py:153] - 本地训练完成，评估指标: {'accuracy': 0.825625, 'precision': 0.6286919831223629, 'recall': 0.43823529411764706, 'f1': 0.5164644714038128, 'auc_roc': 0.7465056022408965}
2025-04-22 03:04:35 - INFO - [server_grpc.py:197] - 接收到客户端 3 的参数更新，轮次: 6
2025-04-22 03:04:35 - INFO - [server_grpc.py:224] - 存储客户端 3 参数更新，当前轮次 6 已提交 1/3个客户端
2025-04-22 03:04:35 - INFO - [client_grpc.py:221] - 客户端 3 提交轮次 6 的参数更新
2025-04-22 03:04:35 - INFO - [server_grpc.py:169] - 客户端 3 检查训练状态，当前next_step=False, count=0
2025-04-22 03:04:35 - INFO - [client_grpc.py:229] - 等待其他客户端提交参数 (3/3)
2025-04-22 03:04:35 - INFO - [client_grpc.py:153] - 本地训练完成，评估指标: {'accuracy': 0.82375, 'precision': 0.6595744680851063, 'recall': 0.36257309941520466, 'f1': 0.46792452830188674, 'auc_roc': 0.7299017283537407}
2025-04-22 03:04:35 - INFO - [server_grpc.py:197] - 接收到客户端 2 的参数更新，轮次: 6
2025-04-22 03:04:35 - INFO - [server_grpc.py:224] - 存储客户端 2 参数更新，当前轮次 6 已提交 2/3个客户端
2025-04-22 03:04:35 - INFO - [client_grpc.py:221] - 客户端 2 提交轮次 6 的参数更新
2025-04-22 03:04:35 - INFO - [server_grpc.py:169] - 客户端 2 检查训练状态，当前next_step=False, count=0
2025-04-22 03:04:35 - INFO - [client_grpc.py:229] - 等待其他客户端提交参数 (3/3)
2025-04-22 03:04:35 - INFO - [client_grpc.py:153] - 本地训练完成，评估指标: {'accuracy': 0.8325, 'precision': 0.6966292134831461, 'recall': 0.3668639053254438, 'f1': 0.4806201550387597, 'auc_roc': 0.7444344939468676}
2025-04-22 03:04:35 - INFO - [server_grpc.py:197] - 接收到客户端 1 的参数更新，轮次: 6
2025-04-22 03:04:35 - INFO - [server_grpc.py:224] - 存储客户端 1 参数更新，当前轮次 6 已提交 3/3个客户端
2025-04-22 03:04:35 - INFO - [server_grpc.py:227] - 轮次 6 所有客户端参数已收集完毕，开始聚合
2025-04-22 03:04:35 - INFO - [server_grpc.py:65] - 开始聚合参数，参数列表长度: 3
2025-04-22 03:04:35 - INFO - [server_grpc.py:75] - 当前轮次活跃客户端IDs: ['3', '2', '1']
2025-04-22 03:04:35 - INFO - [server_grpc.py:81] - 计算客户端权重完成: [0.3333333333333333, 0.3333333333333333, 0.3333333333333333]
2025-04-22 03:04:35 - DEBUG - [server_grpc.py:97] - 聚合参数 intercept: 客户端 1/3, 权重 0.3333333333333333
2025-04-22 03:04:35 - DEBUG - [server_grpc.py:97] - 聚合参数 intercept: 客户端 2/3, 权重 0.3333333333333333
2025-04-22 03:04:35 - DEBUG - [server_grpc.py:97] - 聚合参数 intercept: 客户端 3/3, 权重 0.3333333333333333
2025-04-22 03:04:35 - DEBUG - [server_grpc.py:97] - 聚合参数 coef: 客户端 1/3, 权重 0.3333333333333333
2025-04-22 03:04:35 - DEBUG - [server_grpc.py:97] - 聚合参数 coef: 客户端 2/3, 权重 0.3333333333333333
2025-04-22 03:04:35 - DEBUG - [server_grpc.py:97] - 聚合参数 coef: 客户端 3/3, 权重 0.3333333333333333
2025-04-22 03:04:35 - INFO - [server_grpc.py:293] - 全局模型参数更新完成
2025-04-22 03:04:35 - INFO - [server_grpc.py:301] - 全局模型在轮次 6 的性能: {'accuracy': 0.8198333333333333, 'precision': 0.6397590361445783, 'recall': 0.4044173648134044, 'f1': 0.4955669622025199, 'auc_roc': 0.7622784155620926}
2025-04-22 03:04:35 - INFO - [server_grpc.py:306] - 轮次 6 处理完成
2025-04-22 03:04:35 - INFO - [server_grpc.py:169] - 客户端 3 检查训练状态，当前next_step=True, count=0
2025-04-22 03:04:35 - INFO - [server_grpc.py:174] - 客户端 3 获得训练许可，count增加到 1/3
2025-04-22 03:04:35 - INFO - [client_grpc.py:233] - 所有客户端已就绪，开始请求全局模型
2025-04-22 03:04:35 - INFO - [server_grpc.py:169] - 客户端 2 检查训练状态，当前next_step=True, count=1
2025-04-22 03:04:35 - INFO - [client_grpc.py:221] - 客户端 1 提交轮次 6 的参数更新
2025-04-22 03:04:35 - INFO - [server_grpc.py:174] - 客户端 2 获得训练许可，count增加到 2/3
2025-04-22 03:04:35 - INFO - [client_grpc.py:233] - 所有客户端已就绪，开始请求全局模型
2025-04-22 03:04:35 - INFO - [server_grpc.py:257] - 向客户端 3 提供第6轮全局模型
2025-04-22 03:04:35 - INFO - [server_grpc.py:169] - 客户端 1 检查训练状态，当前next_step=True, count=2
2025-04-22 03:04:35 - INFO - [server_grpc.py:174] - 客户端 1 获得训练许可，count增加到 3/3
2025-04-22 03:04:35 - INFO - [server_grpc.py:178] - 所有客户端已获得训练许可，重置next_step=False, count=0
2025-04-22 03:04:35 - INFO - [server_grpc.py:257] - 向客户端 2 提供第6轮全局模型
2025-04-22 03:04:35 - INFO - [client_grpc.py:233] - 所有客户端已就绪，开始请求全局模型
2025-04-22 03:04:35 - INFO - [server_grpc.py:257] - 向客户端 1 提供第6轮全局模型
2025-04-22 03:04:35 - INFO - [client_grpc.py:244] - 客户端 3 请求第 6 轮的全局模型
2025-04-22 03:04:35 - INFO - [client_grpc.py:248] - 全局模型指标 - 准确率: 0.8198, 精确率: 0.6398, 召回率: 0.4044, F1分数: 0.4956, AUC-ROC: 0.7623
2025-04-22 03:04:35 - INFO - [client_grpc.py:251] - 客户端 3 更新模型参数
2025-04-22 03:04:35 - INFO - [client_grpc.py:217] - 开始第 7 轮训练
2025-04-22 03:04:35 - INFO - [client_grpc.py:244] - 客户端 2 请求第 6 轮的全局模型
2025-04-22 03:04:35 - INFO - [client_grpc.py:248] - 全局模型指标 - 准确率: 0.8198, 精确率: 0.6398, 召回率: 0.4044, F1分数: 0.4956, AUC-ROC: 0.7623
2025-04-22 03:04:35 - INFO - [client_grpc.py:251] - 客户端 2 更新模型参数
2025-04-22 03:04:35 - INFO - [client_grpc.py:217] - 开始第 7 轮训练
2025-04-22 03:04:35 - INFO - [client_grpc.py:244] - 客户端 1 请求第 6 轮的全局模型
2025-04-22 03:04:35 - INFO - [client_grpc.py:248] - 全局模型指标 - 准确率: 0.8198, 精确率: 0.6398, 召回率: 0.4044, F1分数: 0.4956, AUC-ROC: 0.7623
2025-04-22 03:04:35 - INFO - [client_grpc.py:251] - 客户端 1 更新模型参数
2025-04-22 03:04:35 - INFO - [client_grpc.py:217] - 开始第 7 轮训练
2025-04-22 03:04:35 - INFO - [client_grpc.py:153] - 本地训练完成，评估指标: {'accuracy': 0.823125, 'precision': 0.6577540106951871, 'recall': 0.35964912280701755, 'f1': 0.46502835538752363, 'auc_roc': 0.7298529179334134}
2025-04-22 03:04:35 - INFO - [server_grpc.py:197] - 接收到客户端 2 的参数更新，轮次: 7
2025-04-22 03:04:35 - INFO - [server_grpc.py:224] - 存储客户端 2 参数更新，当前轮次 7 已提交 1/3个客户端
2025-04-22 03:04:35 - INFO - [client_grpc.py:221] - 客户端 2 提交轮次 7 的参数更新
2025-04-22 03:04:35 - INFO - [server_grpc.py:169] - 客户端 2 检查训练状态，当前next_step=False, count=0
2025-04-22 03:04:35 - INFO - [client_grpc.py:229] - 等待其他客户端提交参数 (3/3)
2025-04-22 03:04:35 - INFO - [client_grpc.py:153] - 本地训练完成，评估指标: {'accuracy': 0.8325, 'precision': 0.6944444444444444, 'recall': 0.3698224852071006, 'f1': 0.4826254826254826, 'auc_roc': 0.7435670814617542}
2025-04-22 03:04:35 - INFO - [client_grpc.py:153] - 本地训练完成，评估指标: {'accuracy': 0.825625, 'precision': 0.6286919831223629, 'recall': 0.43823529411764706, 'f1': 0.5164644714038128, 'auc_roc': 0.7464775910364146}
2025-04-22 03:04:35 - INFO - [server_grpc.py:197] - 接收到客户端 1 的参数更新，轮次: 7
2025-04-22 03:04:35 - INFO - [server_grpc.py:224] - 存储客户端 1 参数更新，当前轮次 7 已提交 2/3个客户端
2025-04-22 03:04:35 - INFO - [client_grpc.py:221] - 客户端 1 提交轮次 7 的参数更新
2025-04-22 03:04:35 - INFO - [server_grpc.py:197] - 接收到客户端 3 的参数更新，轮次: 7
2025-04-22 03:04:35 - INFO - [server_grpc.py:224] - 存储客户端 3 参数更新，当前轮次 7 已提交 3/3个客户端
2025-04-22 03:04:35 - INFO - [server_grpc.py:227] - 轮次 7 所有客户端参数已收集完毕，开始聚合
2025-04-22 03:04:35 - INFO - [server_grpc.py:65] - 开始聚合参数，参数列表长度: 3
2025-04-22 03:04:35 - INFO - [server_grpc.py:75] - 当前轮次活跃客户端IDs: ['2', '1', '3']
2025-04-22 03:04:35 - INFO - [server_grpc.py:81] - 计算客户端权重完成: [0.3333333333333333, 0.3333333333333333, 0.3333333333333333]
2025-04-22 03:04:35 - DEBUG - [server_grpc.py:97] - 聚合参数 intercept: 客户端 1/3, 权重 0.3333333333333333
2025-04-22 03:04:35 - DEBUG - [server_grpc.py:97] - 聚合参数 intercept: 客户端 2/3, 权重 0.3333333333333333
2025-04-22 03:04:35 - DEBUG - [server_grpc.py:97] - 聚合参数 intercept: 客户端 3/3, 权重 0.3333333333333333
2025-04-22 03:04:35 - DEBUG - [server_grpc.py:97] - 聚合参数 coef: 客户端 1/3, 权重 0.3333333333333333
2025-04-22 03:04:35 - DEBUG - [server_grpc.py:97] - 聚合参数 coef: 客户端 2/3, 权重 0.3333333333333333
2025-04-22 03:04:35 - DEBUG - [server_grpc.py:97] - 聚合参数 coef: 客户端 3/3, 权重 0.3333333333333333
2025-04-22 03:04:35 - INFO - [server_grpc.py:293] - 全局模型参数更新完成
2025-04-22 03:04:36 - INFO - [server_grpc.py:301] - 全局模型在轮次 7 的性能: {'accuracy': 0.8195, 'precision': 0.6385542168674698, 'recall': 0.4036557501904037, 'f1': 0.4946336910872609, 'auc_roc': 0.7623149769638795}
2025-04-22 03:04:36 - INFO - [server_grpc.py:306] - 轮次 7 处理完成
2025-04-22 03:04:36 - INFO - [server_grpc.py:169] - 客户端 1 检查训练状态，当前next_step=True, count=0
2025-04-22 03:04:36 - INFO - [server_grpc.py:174] - 客户端 1 获得训练许可，count增加到 1/3
2025-04-22 03:04:36 - INFO - [client_grpc.py:221] - 客户端 3 提交轮次 7 的参数更新
2025-04-22 03:04:36 - INFO - [server_grpc.py:169] - 客户端 2 检查训练状态，当前next_step=True, count=1
2025-04-22 03:04:36 - INFO - [server_grpc.py:174] - 客户端 2 获得训练许可，count增加到 2/3
2025-04-22 03:04:36 - INFO - [server_grpc.py:169] - 客户端 3 检查训练状态，当前next_step=True, count=2
2025-04-22 03:04:36 - INFO - [client_grpc.py:233] - 所有客户端已就绪，开始请求全局模型
2025-04-22 03:04:36 - INFO - [client_grpc.py:233] - 所有客户端已就绪，开始请求全局模型
2025-04-22 03:04:36 - INFO - [server_grpc.py:174] - 客户端 3 获得训练许可，count增加到 3/3
2025-04-22 03:04:36 - INFO - [server_grpc.py:178] - 所有客户端已获得训练许可，重置next_step=False, count=0
2025-04-22 03:04:36 - INFO - [server_grpc.py:257] - 向客户端 1 提供第7轮全局模型
2025-04-22 03:04:36 - INFO - [client_grpc.py:233] - 所有客户端已就绪，开始请求全局模型
2025-04-22 03:04:36 - INFO - [server_grpc.py:257] - 向客户端 3 提供第7轮全局模型
2025-04-22 03:04:36 - INFO - [server_grpc.py:257] - 向客户端 2 提供第7轮全局模型
2025-04-22 03:04:36 - INFO - [client_grpc.py:244] - 客户端 3 请求第 7 轮的全局模型
2025-04-22 03:04:36 - INFO - [client_grpc.py:248] - 全局模型指标 - 准确率: 0.8195, 精确率: 0.6386, 召回率: 0.4037, F1分数: 0.4946, AUC-ROC: 0.7623
2025-04-22 03:04:36 - INFO - [client_grpc.py:251] - 客户端 3 更新模型参数
2025-04-22 03:04:36 - INFO - [client_grpc.py:217] - 开始第 8 轮训练
2025-04-22 03:04:36 - INFO - [client_grpc.py:244] - 客户端 1 请求第 7 轮的全局模型
2025-04-22 03:04:36 - INFO - [client_grpc.py:248] - 全局模型指标 - 准确率: 0.8195, 精确率: 0.6386, 召回率: 0.4037, F1分数: 0.4946, AUC-ROC: 0.7623
2025-04-22 03:04:36 - INFO - [client_grpc.py:251] - 客户端 1 更新模型参数
2025-04-22 03:04:36 - INFO - [client_grpc.py:217] - 开始第 8 轮训练
2025-04-22 03:04:36 - INFO - [client_grpc.py:244] - 客户端 2 请求第 7 轮的全局模型
2025-04-22 03:04:36 - INFO - [client_grpc.py:248] - 全局模型指标 - 准确率: 0.8195, 精确率: 0.6386, 召回率: 0.4037, F1分数: 0.4946, AUC-ROC: 0.7623
2025-04-22 03:04:36 - INFO - [client_grpc.py:251] - 客户端 2 更新模型参数
2025-04-22 03:04:36 - INFO - [client_grpc.py:217] - 开始第 8 轮训练
2025-04-22 03:04:36 - INFO - [client_grpc.py:153] - 本地训练完成，评估指标: {'accuracy': 0.82625, 'precision': 0.6302521008403361, 'recall': 0.4411764705882353, 'f1': 0.5190311418685122, 'auc_roc': 0.7461788048552754}
2025-04-22 03:04:36 - INFO - [server_grpc.py:197] - 接收到客户端 3 的参数更新，轮次: 8
2025-04-22 03:04:36 - INFO - [server_grpc.py:224] - 存储客户端 3 参数更新，当前轮次 8 已提交 1/3个客户端
2025-04-22 03:04:36 - INFO - [client_grpc.py:221] - 客户端 3 提交轮次 8 的参数更新
2025-04-22 03:04:36 - INFO - [server_grpc.py:169] - 客户端 3 检查训练状态，当前next_step=False, count=0
2025-04-22 03:04:36 - INFO - [client_grpc.py:229] - 等待其他客户端提交参数 (3/3)
2025-04-22 03:04:36 - INFO - [client_grpc.py:153] - 本地训练完成，评估指标: {'accuracy': 0.824375, 'precision': 0.6613756613756614, 'recall': 0.3654970760233918, 'f1': 0.4708097928436912, 'auc_roc': 0.7294066512332766}
2025-04-22 03:04:36 - INFO - [server_grpc.py:197] - 接收到客户端 2 的参数更新，轮次: 8
2025-04-22 03:04:36 - INFO - [server_grpc.py:224] - 存储客户端 2 参数更新，当前轮次 8 已提交 2/3个客户端
2025-04-22 03:04:36 - INFO - [client_grpc.py:221] - 客户端 2 提交轮次 8 的参数更新
2025-04-22 03:04:36 - INFO - [server_grpc.py:169] - 客户端 2 检查训练状态，当前next_step=False, count=0
2025-04-22 03:04:36 - INFO - [client_grpc.py:229] - 等待其他客户端提交参数 (3/3)
2025-04-22 03:04:36 - INFO - [client_grpc.py:153] - 本地训练完成，评估指标: {'accuracy': 0.8325, 'precision': 0.6944444444444444, 'recall': 0.3698224852071006, 'f1': 0.4826254826254826, 'auc_roc': 0.7442914881047271}
2025-04-22 03:04:36 - INFO - [server_grpc.py:197] - 接收到客户端 1 的参数更新，轮次: 8
2025-04-22 03:04:36 - INFO - [server_grpc.py:224] - 存储客户端 1 参数更新，当前轮次 8 已提交 3/3个客户端
2025-04-22 03:04:36 - INFO - [server_grpc.py:227] - 轮次 8 所有客户端参数已收集完毕，开始聚合
2025-04-22 03:04:36 - INFO - [server_grpc.py:65] - 开始聚合参数，参数列表长度: 3
2025-04-22 03:04:36 - INFO - [server_grpc.py:75] - 当前轮次活跃客户端IDs: ['3', '2', '1']
2025-04-22 03:04:36 - INFO - [server_grpc.py:81] - 计算客户端权重完成: [0.3333333333333333, 0.3333333333333333, 0.3333333333333333]
2025-04-22 03:04:36 - DEBUG - [server_grpc.py:97] - 聚合参数 intercept: 客户端 1/3, 权重 0.3333333333333333
2025-04-22 03:04:36 - DEBUG - [server_grpc.py:97] - 聚合参数 intercept: 客户端 2/3, 权重 0.3333333333333333
2025-04-22 03:04:36 - DEBUG - [server_grpc.py:97] - 聚合参数 intercept: 客户端 3/3, 权重 0.3333333333333333
2025-04-22 03:04:36 - DEBUG - [server_grpc.py:97] - 聚合参数 coef: 客户端 1/3, 权重 0.3333333333333333
2025-04-22 03:04:36 - DEBUG - [server_grpc.py:97] - 聚合参数 coef: 客户端 2/3, 权重 0.3333333333333333
2025-04-22 03:04:36 - DEBUG - [server_grpc.py:97] - 聚合参数 coef: 客户端 3/3, 权重 0.3333333333333333
2025-04-22 03:04:36 - INFO - [server_grpc.py:293] - 全局模型参数更新完成
2025-04-22 03:04:36 - INFO - [server_grpc.py:301] - 全局模型在轮次 8 的性能: {'accuracy': 0.8198333333333333, 'precision': 0.6397590361445783, 'recall': 0.4044173648134044, 'f1': 0.4955669622025199, 'auc_roc': 0.7624405856909073}
2025-04-22 03:04:36 - INFO - [server_grpc.py:306] - 轮次 8 处理完成
2025-04-22 03:04:36 - INFO - [server_grpc.py:169] - 客户端 3 检查训练状态，当前next_step=True, count=0
2025-04-22 03:04:36 - INFO - [client_grpc.py:221] - 客户端 1 提交轮次 8 的参数更新
2025-04-22 03:04:36 - INFO - [server_grpc.py:174] - 客户端 3 获得训练许可，count增加到 1/3
2025-04-22 03:04:36 - INFO - [client_grpc.py:233] - 所有客户端已就绪，开始请求全局模型
2025-04-22 03:04:36 - INFO - [server_grpc.py:169] - 客户端 1 检查训练状态，当前next_step=True, count=1
2025-04-22 03:04:36 - INFO - [server_grpc.py:174] - 客户端 1 获得训练许可，count增加到 2/3
2025-04-22 03:04:36 - INFO - [server_grpc.py:257] - 向客户端 3 提供第8轮全局模型
2025-04-22 03:04:36 - INFO - [client_grpc.py:233] - 所有客户端已就绪，开始请求全局模型
2025-04-22 03:04:36 - INFO - [server_grpc.py:257] - 向客户端 1 提供第8轮全局模型
2025-04-22 03:04:36 - INFO - [server_grpc.py:169] - 客户端 2 检查训练状态，当前next_step=True, count=2
2025-04-22 03:04:36 - INFO - [server_grpc.py:174] - 客户端 2 获得训练许可，count增加到 3/3
2025-04-22 03:04:36 - INFO - [server_grpc.py:178] - 所有客户端已获得训练许可，重置next_step=False, count=0
2025-04-22 03:04:36 - INFO - [client_grpc.py:233] - 所有客户端已就绪，开始请求全局模型
2025-04-22 03:04:36 - INFO - [server_grpc.py:257] - 向客户端 2 提供第8轮全局模型
2025-04-22 03:04:36 - INFO - [client_grpc.py:244] - 客户端 3 请求第 8 轮的全局模型
2025-04-22 03:04:36 - INFO - [client_grpc.py:248] - 全局模型指标 - 准确率: 0.8198, 精确率: 0.6398, 召回率: 0.4044, F1分数: 0.4956, AUC-ROC: 0.7624
2025-04-22 03:04:36 - INFO - [client_grpc.py:251] - 客户端 3 更新模型参数
2025-04-22 03:04:36 - INFO - [client_grpc.py:217] - 开始第 9 轮训练
2025-04-22 03:04:36 - INFO - [client_grpc.py:244] - 客户端 2 请求第 8 轮的全局模型
2025-04-22 03:04:36 - INFO - [client_grpc.py:248] - 全局模型指标 - 准确率: 0.8198, 精确率: 0.6398, 召回率: 0.4044, F1分数: 0.4956, AUC-ROC: 0.7624
2025-04-22 03:04:36 - INFO - [client_grpc.py:251] - 客户端 2 更新模型参数
2025-04-22 03:04:36 - INFO - [client_grpc.py:217] - 开始第 9 轮训练
2025-04-22 03:04:36 - INFO - [client_grpc.py:244] - 客户端 1 请求第 8 轮的全局模型
2025-04-22 03:04:36 - INFO - [client_grpc.py:248] - 全局模型指标 - 准确率: 0.8198, 精确率: 0.6398, 召回率: 0.4044, F1分数: 0.4956, AUC-ROC: 0.7624
2025-04-22 03:04:36 - INFO - [client_grpc.py:251] - 客户端 1 更新模型参数
2025-04-22 03:04:36 - INFO - [client_grpc.py:217] - 开始第 9 轮训练
2025-04-22 03:04:36 - INFO - [client_grpc.py:153] - 本地训练完成，评估指标: {'accuracy': 0.825625, 'precision': 0.6286919831223629, 'recall': 0.43823529411764706, 'f1': 0.5164644714038128, 'auc_roc': 0.7465056022408963}
2025-04-22 03:04:36 - INFO - [server_grpc.py:197] - 接收到客户端 3 的参数更新，轮次: 9
2025-04-22 03:04:36 - INFO - [server_grpc.py:224] - 存储客户端 3 参数更新，当前轮次 9 已提交 1/3个客户端
2025-04-22 03:04:36 - INFO - [client_grpc.py:221] - 客户端 3 提交轮次 9 的参数更新
2025-04-22 03:04:36 - INFO - [server_grpc.py:169] - 客户端 3 检查训练状态，当前next_step=False, count=0
2025-04-22 03:04:36 - INFO - [client_grpc.py:229] - 等待其他客户端提交参数 (3/3)
2025-04-22 03:04:36 - INFO - [client_grpc.py:153] - 本地训练完成，评估指标: {'accuracy': 0.8325, 'precision': 0.6944444444444444, 'recall': 0.3698224852071006, 'f1': 0.4826254826254826, 'auc_roc': 0.7449666632282748}
2025-04-22 03:04:36 - INFO - [client_grpc.py:153] - 本地训练完成，评估指标: {'accuracy': 0.82375, 'precision': 0.689873417721519, 'recall': 0.31871345029239767, 'f1': 0.436, 'auc_roc': 0.7299784304428267}
2025-04-22 03:04:36 - INFO - [server_grpc.py:197] - 接收到客户端 1 的参数更新，轮次: 9
2025-04-22 03:04:36 - INFO - [server_grpc.py:224] - 存储客户端 1 参数更新，当前轮次 9 已提交 2/3个客户端
2025-04-22 03:04:36 - INFO - [server_grpc.py:197] - 接收到客户端 2 的参数更新，轮次: 9
2025-04-22 03:04:36 - INFO - [server_grpc.py:224] - 存储客户端 2 参数更新，当前轮次 9 已提交 3/3个客户端
2025-04-22 03:04:36 - INFO - [client_grpc.py:221] - 客户端 1 提交轮次 9 的参数更新
2025-04-22 03:04:36 - INFO - [server_grpc.py:227] - 轮次 9 所有客户端参数已收集完毕，开始聚合
2025-04-22 03:04:36 - INFO - [server_grpc.py:65] - 开始聚合参数，参数列表长度: 3
2025-04-22 03:04:36 - INFO - [server_grpc.py:75] - 当前轮次活跃客户端IDs: ['3', '1', '2']
2025-04-22 03:04:36 - INFO - [server_grpc.py:81] - 计算客户端权重完成: [0.3333333333333333, 0.3333333333333333, 0.3333333333333333]
2025-04-22 03:04:36 - DEBUG - [server_grpc.py:97] - 聚合参数 intercept: 客户端 1/3, 权重 0.3333333333333333
2025-04-22 03:04:36 - DEBUG - [server_grpc.py:97] - 聚合参数 intercept: 客户端 2/3, 权重 0.3333333333333333
2025-04-22 03:04:36 - DEBUG - [server_grpc.py:97] - 聚合参数 intercept: 客户端 3/3, 权重 0.3333333333333333
2025-04-22 03:04:36 - DEBUG - [server_grpc.py:97] - 聚合参数 coef: 客户端 1/3, 权重 0.3333333333333333
2025-04-22 03:04:36 - DEBUG - [server_grpc.py:97] - 聚合参数 coef: 客户端 2/3, 权重 0.3333333333333333
2025-04-22 03:04:36 - DEBUG - [server_grpc.py:97] - 聚合参数 coef: 客户端 3/3, 权重 0.3333333333333333
2025-04-22 03:04:36 - INFO - [server_grpc.py:293] - 全局模型参数更新完成
2025-04-22 03:04:36 - INFO - [server_grpc.py:301] - 全局模型在轮次 9 的性能: {'accuracy': 0.8201666666666667, 'precision': 0.6409638554216868, 'recall': 0.4051789794364052, 'f1': 0.49650023331777887, 'auc_roc': 0.7621649939689936}
2025-04-22 03:04:36 - INFO - [server_grpc.py:306] - 轮次 9 处理完成
2025-04-22 03:04:36 - INFO - [server_grpc.py:169] - 客户端 1 检查训练状态，当前next_step=True, count=0
2025-04-22 03:04:36 - INFO - [server_grpc.py:174] - 客户端 1 获得训练许可，count增加到 1/3
2025-04-22 03:04:36 - INFO - [client_grpc.py:221] - 客户端 2 提交轮次 9 的参数更新
2025-04-22 03:04:36 - INFO - [server_grpc.py:169] - 客户端 3 检查训练状态，当前next_step=True, count=1
2025-04-22 03:04:36 - INFO - [client_grpc.py:233] - 所有客户端已就绪，开始请求全局模型
2025-04-22 03:04:36 - INFO - [server_grpc.py:174] - 客户端 3 获得训练许可，count增加到 2/3
2025-04-22 03:04:36 - INFO - [server_grpc.py:257] - 向客户端 1 提供第9轮全局模型
2025-04-22 03:04:36 - INFO - [client_grpc.py:233] - 所有客户端已就绪，开始请求全局模型
2025-04-22 03:04:36 - INFO - [server_grpc.py:169] - 客户端 2 检查训练状态，当前next_step=True, count=2
2025-04-22 03:04:36 - INFO - [server_grpc.py:257] - 向客户端 3 提供第9轮全局模型
2025-04-22 03:04:36 - INFO - [server_grpc.py:174] - 客户端 2 获得训练许可，count增加到 3/3
2025-04-22 03:04:36 - INFO - [server_grpc.py:178] - 所有客户端已获得训练许可，重置next_step=False, count=0
2025-04-22 03:04:36 - INFO - [client_grpc.py:233] - 所有客户端已就绪，开始请求全局模型
2025-04-22 03:04:36 - INFO - [server_grpc.py:257] - 向客户端 2 提供第9轮全局模型
2025-04-22 03:04:36 - INFO - [client_grpc.py:244] - 客户端 1 请求第 9 轮的全局模型
2025-04-22 03:04:36 - INFO - [client_grpc.py:248] - 全局模型指标 - 准确率: 0.8202, 精确率: 0.6410, 召回率: 0.4052, F1分数: 0.4965, AUC-ROC: 0.7622
2025-04-22 03:04:36 - INFO - [client_grpc.py:251] - 客户端 1 更新模型参数
2025-04-22 03:04:36 - INFO - [client_grpc.py:217] - 开始第 10 轮训练
2025-04-22 03:04:36 - INFO - [client_grpc.py:244] - 客户端 2 请求第 9 轮的全局模型
2025-04-22 03:04:36 - INFO - [client_grpc.py:248] - 全局模型指标 - 准确率: 0.8202, 精确率: 0.6410, 召回率: 0.4052, F1分数: 0.4965, AUC-ROC: 0.7622
2025-04-22 03:04:36 - INFO - [client_grpc.py:251] - 客户端 2 更新模型参数
2025-04-22 03:04:36 - INFO - [client_grpc.py:244] - 客户端 3 请求第 9 轮的全局模型
2025-04-22 03:04:36 - INFO - [client_grpc.py:217] - 开始第 10 轮训练
2025-04-22 03:04:36 - INFO - [client_grpc.py:248] - 全局模型指标 - 准确率: 0.8202, 精确率: 0.6410, 召回率: 0.4052, F1分数: 0.4965, AUC-ROC: 0.7622
2025-04-22 03:04:36 - INFO - [client_grpc.py:251] - 客户端 3 更新模型参数
2025-04-22 03:04:36 - INFO - [client_grpc.py:217] - 开始第 10 轮训练
2025-04-22 03:04:36 - INFO - [client_grpc.py:153] - 本地训练完成，评估指标: {'accuracy': 0.824375, 'precision': 0.6613756613756614, 'recall': 0.3654970760233918, 'f1': 0.4708097928436912, 'auc_roc': 0.7296762706979425}
2025-04-22 03:04:36 - INFO - [server_grpc.py:197] - 接收到客户端 2 的参数更新，轮次: 10
2025-04-22 03:04:36 - INFO - [server_grpc.py:224] - 存储客户端 2 参数更新，当前轮次 10 已提交 1/3个客户端
2025-04-22 03:04:36 - INFO - [client_grpc.py:221] - 客户端 2 提交轮次 10 的参数更新
2025-04-22 03:04:36 - INFO - [server_grpc.py:169] - 客户端 2 检查训练状态，当前next_step=False, count=0
2025-04-22 03:04:36 - INFO - [client_grpc.py:229] - 等待其他客户端提交参数 (3/3)
2025-04-22 03:04:36 - INFO - [client_grpc.py:153] - 本地训练完成，评估指标: {'accuracy': 0.825, 'precision': 0.6260504201680672, 'recall': 0.43823529411764706, 'f1': 0.5155709342560554, 'auc_roc': 0.74609243697479}
2025-04-22 03:04:36 - INFO - [client_grpc.py:153] - 本地训练完成，评估指标: {'accuracy': 0.8325, 'precision': 0.6944444444444444, 'recall': 0.3698224852071006, 'f1': 0.4826254826254826, 'auc_roc': 0.7443524414144919}
2025-04-22 03:04:36 - INFO - [server_grpc.py:197] - 接收到客户端 3 的参数更新，轮次: 10
2025-04-22 03:04:36 - INFO - [server_grpc.py:224] - 存储客户端 3 参数更新，当前轮次 10 已提交 2/3个客户端
2025-04-22 03:04:36 - INFO - [client_grpc.py:221] - 客户端 3 提交轮次 10 的参数更新
2025-04-22 03:04:36 - INFO - [server_grpc.py:197] - 接收到客户端 1 的参数更新，轮次: 10
2025-04-22 03:04:36 - INFO - [server_grpc.py:169] - 客户端 3 检查训练状态，当前next_step=False, count=0
2025-04-22 03:04:37 - INFO - [server_grpc.py:224] - 存储客户端 1 参数更新，当前轮次 10 已提交 3/3个客户端
2025-04-22 03:04:37 - INFO - [server_grpc.py:227] - 轮次 10 所有客户端参数已收集完毕，开始聚合
2025-04-22 03:04:37 - INFO - [server_grpc.py:65] - 开始聚合参数，参数列表长度: 3
2025-04-22 03:04:37 - INFO - [server_grpc.py:75] - 当前轮次活跃客户端IDs: ['2', '3', '1']
2025-04-22 03:04:37 - INFO - [server_grpc.py:81] - 计算客户端权重完成: [0.3333333333333333, 0.3333333333333333, 0.3333333333333333]
2025-04-22 03:04:37 - DEBUG - [server_grpc.py:97] - 聚合参数 intercept: 客户端 1/3, 权重 0.3333333333333333
2025-04-22 03:04:37 - DEBUG - [server_grpc.py:97] - 聚合参数 intercept: 客户端 2/3, 权重 0.3333333333333333
2025-04-22 03:04:37 - DEBUG - [server_grpc.py:97] - 聚合参数 intercept: 客户端 3/3, 权重 0.3333333333333333
2025-04-22 03:04:37 - INFO - [client_grpc.py:229] - 等待其他客户端提交参数 (3/3)
2025-04-22 03:04:37 - DEBUG - [server_grpc.py:97] - 聚合参数 coef: 客户端 1/3, 权重 0.3333333333333333
2025-04-22 03:04:37 - DEBUG - [server_grpc.py:97] - 聚合参数 coef: 客户端 2/3, 权重 0.3333333333333333
2025-04-22 03:04:37 - DEBUG - [server_grpc.py:97] - 聚合参数 coef: 客户端 3/3, 权重 0.3333333333333333
2025-04-22 03:04:37 - INFO - [server_grpc.py:293] - 全局模型参数更新完成
2025-04-22 03:04:37 - INFO - [server_grpc.py:301] - 全局模型在轮次 10 的性能: {'accuracy': 0.82, 'precision': 0.6398559423769508, 'recall': 0.40594059405940597, 'f1': 0.4967381174277726, 'auc_roc': 0.7621344448866119}
2025-04-22 03:04:37 - INFO - [server_grpc.py:306] - 轮次 10 处理完成
2025-04-22 03:04:37 - INFO - [server_grpc.py:232] - 达到最大轮次 10，结束训练
2025-04-22 03:04:37 - INFO - [client_grpc.py:221] - 客户端 1 提交轮次 10 的参数更新
2025-04-22 03:04:37 - INFO - [server_grpc.py:169] - 客户端 1 检查训练状态，当前next_step=True, count=0
2025-04-22 03:04:37 - INFO - [server_grpc.py:174] - 客户端 1 获得训练许可，count增加到 1/3
2025-04-22 03:04:37 - INFO - [client_grpc.py:233] - 所有客户端已就绪，开始请求全局模型
2025-04-22 03:04:37 - INFO - [server_grpc.py:257] - 向客户端 1 提供第10轮全局模型
2025-04-22 03:04:37 - INFO - [server_grpc.py:169] - 客户端 2 检查训练状态，当前next_step=True, count=1
2025-04-22 03:04:37 - INFO - [server_grpc.py:174] - 客户端 2 获得训练许可，count增加到 2/3
2025-04-22 03:04:37 - INFO - [client_grpc.py:233] - 所有客户端已就绪，开始请求全局模型
2025-04-22 03:04:37 - INFO - [server_grpc.py:257] - 向客户端 2 提供第10轮全局模型
2025-04-22 03:04:37 - INFO - [server_grpc.py:169] - 客户端 3 检查训练状态，当前next_step=True, count=2
2025-04-22 03:04:37 - INFO - [server_grpc.py:174] - 客户端 3 获得训练许可，count增加到 3/3
2025-04-22 03:04:37 - INFO - [server_grpc.py:178] - 所有客户端已获得训练许可，重置next_step=False, count=0
2025-04-22 03:04:37 - INFO - [client_grpc.py:233] - 所有客户端已就绪，开始请求全局模型
2025-04-22 03:04:37 - INFO - [server_grpc.py:257] - 向客户端 3 提供第10轮全局模型
2025-04-22 03:04:37 - INFO - [client_grpc.py:244] - 客户端 2 请求第 10 轮的全局模型
2025-04-22 03:04:37 - INFO - [client_grpc.py:248] - 全局模型指标 - 准确率: 0.8200, 精确率: 0.6399, 召回率: 0.4059, F1分数: 0.4967, AUC-ROC: 0.7621
2025-04-22 03:04:37 - INFO - [client_grpc.py:251] - 客户端 2 更新模型参数
2025-04-22 03:04:37 - INFO - [client_grpc.py:253] - 客户端 2 完成训练
2025-04-22 03:04:37 - INFO - [client_grpc.py:260] - 已关闭gRPC通道
2025-04-22 03:04:37 - INFO - [client_grpc.py:244] - 客户端 1 请求第 10 轮的全局模型
2025-04-22 03:04:37 - INFO - [client_grpc.py:248] - 全局模型指标 - 准确率: 0.8200, 精确率: 0.6399, 召回率: 0.4059, F1分数: 0.4967, AUC-ROC: 0.7621
2025-04-22 03:04:37 - INFO - [client_grpc.py:251] - 客户端 1 更新模型参数
2025-04-22 03:04:37 - INFO - [client_grpc.py:253] - 客户端 1 完成训练
2025-04-22 03:04:37 - INFO - [client_grpc.py:260] - 已关闭gRPC通道
2025-04-22 03:04:37 - INFO - [client_grpc.py:244] - 客户端 3 请求第 10 轮的全局模型
2025-04-22 03:04:37 - INFO - [client_grpc.py:248] - 全局模型指标 - 准确率: 0.8200, 精确率: 0.6399, 召回率: 0.4059, F1分数: 0.4967, AUC-ROC: 0.7621
2025-04-22 03:04:37 - INFO - [client_grpc.py:251] - 客户端 3 更新模型参数
2025-04-22 03:04:37 - INFO - [client_grpc.py:253] - 客户端 3 完成训练
2025-04-22 03:04:37 - INFO - [client_grpc.py:260] - 已关闭gRPC通道
