2025-04-28 15:16:28 - INFO - [logging_config.py:55] - 日志文件已创建: logs/20250428_151628.log
2025-04-28 15:16:28 - INFO - [parameter_handler.py:32] - 服务器已加载私钥
2025-04-28 15:16:28 - INFO - [server_grpc.py:67] - 服务器初始化完成，等待 3 个客户端注册，计划训练 10 轮
2025-04-28 15:16:28 - INFO - [server_grpc.py:316] - 联邦学习安全服务器正在启动，监听端口: 50051
2025-04-28 15:16:28 - INFO - [logging_config.py:55] - 日志文件已创建: logs/20250428_151628.log
2025-04-28 15:16:28 - INFO - [logging_config.py:55] - 日志文件已创建: logs/20250428_151628.log
2025-04-28 15:16:28 - INFO - [logging_config.py:55] - 日志文件已创建: logs/20250428_151628.log
2025-04-28 15:16:28 - INFO - [client_grpc.py:259] - 成功加载客户端数据: /app/data/credit_card_train_normalized.csv, 形状: X=(8000, 26), y=(8000,)
2025-04-28 15:16:28 - INFO - [client_grpc.py:259] - 成功加载客户端数据: /app/data/credit_card_train_normalized.csv, 形状: X=(8000, 26), y=(8000,)
2025-04-28 15:16:28 - INFO - [client_grpc.py:259] - 成功加载客户端数据: /app/data/credit_card_train_normalized.csv, 形状: X=(8000, 26), y=(8000,)
2025-04-28 15:16:28 - DEBUG - [client_grpc.py:84] - 数据集划分完成 - 训练集: (6400, 26), 测试集: (1600, 26)
2025-04-28 15:16:28 - DEBUG - [client_grpc.py:84] - 数据集划分完成 - 训练集: (6400, 26), 测试集: (1600, 26)
2025-04-28 15:16:28 - DEBUG - [client_grpc.py:84] - 数据集划分完成 - 训练集: (6400, 26), 测试集: (1600, 26)
2025-04-28 15:16:28 - INFO - [client_grpc.py:91] - 数据初始化完成，训练数据大小: 6400
2025-04-28 15:16:28 - INFO - [client_grpc.py:91] - 数据初始化完成，训练数据大小: 6400
2025-04-28 15:16:28 - INFO - [client_grpc.py:91] - 数据初始化完成，训练数据大小: 6400
2025-04-28 15:16:28 - INFO - [parameter_handler.py:37] - 客户端已加载公钥
2025-04-28 15:16:28 - INFO - [parameter_handler.py:37] - 客户端已加载公钥
2025-04-28 15:16:28 - INFO - [parameter_handler.py:37] - 客户端已加载公钥
2025-04-28 15:16:28 - INFO - [client_grpc.py:53] - 使用安全通道(SSL/TLS)连接服务器
2025-04-28 15:16:28 - INFO - [client_grpc.py:53] - 使用安全通道(SSL/TLS)连接服务器
2025-04-28 15:16:28 - INFO - [client_grpc.py:53] - 使用安全通道(SSL/TLS)连接服务器
2025-04-28 15:16:28 - INFO - [client_grpc.py:74] - 客户端 2 初始化完成，数据集大小: 6400
2025-04-28 15:16:28 - INFO - [client_grpc.py:74] - 客户端 1 初始化完成，数据集大小: 6400
2025-04-28 15:16:28 - INFO - [client_grpc.py:74] - 客户端 3 初始化完成，数据集大小: 6400
2025-04-28 15:16:28 - INFO - [server_grpc.py:115] - 接收到客户端 2 的注册请求
2025-04-28 15:16:28 - INFO - [server_grpc.py:115] - 接收到客户端 3 的注册请求
2025-04-28 15:16:28 - INFO - [server_grpc.py:126] - 客户端 2 注册成功，当前 1/3 个客户端
2025-04-28 15:16:28 - INFO - [server_grpc.py:126] - 客户端 3 注册成功，当前 2/3 个客户端
2025-04-28 15:16:28 - DEBUG - [client_grpc.py:114] - [client] _deserialize_parameters input: {'coef': data: "\000\000\000\000\000\000\000\000\000\000\000\000\000\000\000\000\000\000\000\000\000\000\000\000\000\000\000\000\000\000\000\000\000\000\000\000\000\000\000\000\000\000\000\000\000\000\000\000\000\000\000\000\000\000\000\000\000\000\000\000\000\000\000\000\000\000\000\000\000\000\000\000\000\000\000\000\000\000\000\000\000\000\000\000\000\000\000\000\000\000\000\000\000\000\000\000\000\000\000\000\000\000\000\000\000\000\000\000\000\000\000\000\000\000\000\000\000\000\000\000\000\000\000\000\000\000\000\000\000\000\000\000\000\000\000\000\000\000\000\000\000\000\000\000\000\000\000\000\000\000\000\000\000\000\000\000\000\000\000\000\000\000\000\000\000\000\000\000\000\000\000\000\000\000\000\000\000\000\000\000\000\000\000\000\000\000\000\000\000\000\000\000\000\000\000\000\000\000\000\000\000\000\000\000\000\000\000\000"
shape: 1
shape: 26
dtype: "float64"
, 'intercept': data: "2V\261\321!\230$?"
shape: 1
dtype: "float64"
}
2025-04-28 15:16:28 - DEBUG - [client_grpc.py:114] - [client] _deserialize_parameters input: {'coef': data: "\000\000\000\000\000\000\000\000\000\000\000\000\000\000\000\000\000\000\000\000\000\000\000\000\000\000\000\000\000\000\000\000\000\000\000\000\000\000\000\000\000\000\000\000\000\000\000\000\000\000\000\000\000\000\000\000\000\000\000\000\000\000\000\000\000\000\000\000\000\000\000\000\000\000\000\000\000\000\000\000\000\000\000\000\000\000\000\000\000\000\000\000\000\000\000\000\000\000\000\000\000\000\000\000\000\000\000\000\000\000\000\000\000\000\000\000\000\000\000\000\000\000\000\000\000\000\000\000\000\000\000\000\000\000\000\000\000\000\000\000\000\000\000\000\000\000\000\000\000\000\000\000\000\000\000\000\000\000\000\000\000\000\000\000\000\000\000\000\000\000\000\000\000\000\000\000\000\000\000\000\000\000\000\000\000\000\000\000\000\000\000\000\000\000\000\000\000\000\000\000\000\000\000\000\000\000\000\000"
shape: 1
shape: 26
dtype: "float64"
, 'intercept': data: "2V\261\321!\230$?"
shape: 1
dtype: "float64"
}
2025-04-28 15:16:28 - INFO - [server_grpc.py:115] - 接收到客户端 1 的注册请求
2025-04-28 15:16:28 - INFO - [server_grpc.py:126] - 客户端 1 注册成功，当前 3/3 个客户端
2025-04-28 15:16:28 - DEBUG - [client_grpc.py:121] - [client] deserialized param: key=coef, type=<class 'numpy.ndarray'>, value=[[0. 0. 0. 0. 0. 0. 0. 0. 0. 0. 0. 0. 0. 0. 0. 0. 0. 0. 0. 0. 0. 0. 0. 0.
  0. 0.]]
2025-04-28 15:16:28 - DEBUG - [client_grpc.py:121] - [client] deserialized param: key=coef, type=<class 'numpy.ndarray'>, value=[[0. 0. 0. 0. 0. 0. 0. 0. 0. 0. 0. 0. 0. 0. 0. 0. 0. 0. 0. 0. 0. 0. 0. 0.
  0. 0.]]
2025-04-28 15:16:28 - DEBUG - [client_grpc.py:121] - [client] deserialized param: key=intercept, type=<class 'numpy.ndarray'>, value=[0.00015712]
2025-04-28 15:16:28 - DEBUG - [client_grpc.py:121] - [client] deserialized param: key=intercept, type=<class 'numpy.ndarray'>, value=[0.00015712]
2025-04-28 15:16:28 - DEBUG - [client_grpc.py:114] - [client] _deserialize_parameters input: {'coef': data: "\000\000\000\000\000\000\000\000\000\000\000\000\000\000\000\000\000\000\000\000\000\000\000\000\000\000\000\000\000\000\000\000\000\000\000\000\000\000\000\000\000\000\000\000\000\000\000\000\000\000\000\000\000\000\000\000\000\000\000\000\000\000\000\000\000\000\000\000\000\000\000\000\000\000\000\000\000\000\000\000\000\000\000\000\000\000\000\000\000\000\000\000\000\000\000\000\000\000\000\000\000\000\000\000\000\000\000\000\000\000\000\000\000\000\000\000\000\000\000\000\000\000\000\000\000\000\000\000\000\000\000\000\000\000\000\000\000\000\000\000\000\000\000\000\000\000\000\000\000\000\000\000\000\000\000\000\000\000\000\000\000\000\000\000\000\000\000\000\000\000\000\000\000\000\000\000\000\000\000\000\000\000\000\000\000\000\000\000\000\000\000\000\000\000\000\000\000\000\000\000\000\000\000\000\000\000\000\000"
shape: 1
shape: 26
dtype: "float64"
, 'intercept': data: "2V\261\321!\230$?"
shape: 1
dtype: "float64"
}
2025-04-28 15:16:28 - DEBUG - [client_grpc.py:124] - [client] mapped (final) param: key=coef, type=<class 'numpy.ndarray'>, value=[[0. 0. 0. 0. 0. 0. 0. 0. 0. 0. 0. 0. 0. 0. 0. 0. 0. 0. 0. 0. 0. 0. 0. 0.
  0. 0.]]
2025-04-28 15:16:28 - DEBUG - [client_grpc.py:124] - [client] mapped (final) param: key=coef, type=<class 'numpy.ndarray'>, value=[[0. 0. 0. 0. 0. 0. 0. 0. 0. 0. 0. 0. 0. 0. 0. 0. 0. 0. 0. 0. 0. 0. 0. 0.
  0. 0.]]
2025-04-28 15:16:28 - DEBUG - [client_grpc.py:124] - [client] mapped (final) param: key=intercept, type=<class 'numpy.ndarray'>, value=[0.00015712]
2025-04-28 15:16:28 - DEBUG - [client_grpc.py:124] - [client] mapped (final) param: key=intercept, type=<class 'numpy.ndarray'>, value=[0.00015712]
2025-04-28 15:16:28 - DEBUG - [client_grpc.py:121] - [client] deserialized param: key=coef, type=<class 'numpy.ndarray'>, value=[[0. 0. 0. 0. 0. 0. 0. 0. 0. 0. 0. 0. 0. 0. 0. 0. 0. 0. 0. 0. 0. 0. 0. 0.
  0. 0.]]
2025-04-28 15:16:28 - INFO - [client_grpc.py:188] - 已设置初始模型参数
2025-04-28 15:16:28 - INFO - [client_grpc.py:188] - 已设置初始模型参数
2025-04-28 15:16:28 - DEBUG - [client_grpc.py:121] - [client] deserialized param: key=intercept, type=<class 'numpy.ndarray'>, value=[0.00015712]
2025-04-28 15:16:28 - DEBUG - [client_grpc.py:124] - [client] mapped (final) param: key=coef, type=<class 'numpy.ndarray'>, value=[[0. 0. 0. 0. 0. 0. 0. 0. 0. 0. 0. 0. 0. 0. 0. 0. 0. 0. 0. 0. 0. 0. 0. 0.
  0. 0.]]
2025-04-28 15:16:28 - DEBUG - [client_grpc.py:124] - [client] mapped (final) param: key=intercept, type=<class 'numpy.ndarray'>, value=[0.00015712]
2025-04-28 15:16:28 - INFO - [client_grpc.py:188] - 已设置初始模型参数
2025-04-28 15:16:28 - INFO - [server_grpc.py:141] - 客户端 3 检查训练状态，当前next_step=True, count=0
2025-04-28 15:16:28 - INFO - [server_grpc.py:146] - 客户端 3 获得训练许可，count增加到 1/3
2025-04-28 15:16:28 - INFO - [server_grpc.py:141] - 客户端 2 检查训练状态，当前next_step=True, count=1
2025-04-28 15:16:28 - INFO - [client_grpc.py:200] - 所有客户端已就绪，开始训练
2025-04-28 15:16:28 - INFO - [client_grpc.py:204] - 开始第 1 轮训练
2025-04-28 15:16:28 - INFO - [server_grpc.py:146] - 客户端 2 获得训练许可，count增加到 2/3
2025-04-28 15:16:28 - INFO - [server_grpc.py:141] - 客户端 1 检查训练状态，当前next_step=True, count=2
2025-04-28 15:16:28 - INFO - [server_grpc.py:146] - 客户端 1 获得训练许可，count增加到 3/3
2025-04-28 15:16:28 - INFO - [client_grpc.py:200] - 所有客户端已就绪，开始训练
2025-04-28 15:16:28 - INFO - [server_grpc.py:150] - 所有客户端已获得训练许可，重置next_step=False, count=0
2025-04-28 15:16:28 - INFO - [client_grpc.py:204] - 开始第 1 轮训练
2025-04-28 15:16:28 - INFO - [client_grpc.py:200] - 所有客户端已就绪，开始训练
2025-04-28 15:16:28 - INFO - [client_grpc.py:204] - 开始第 1 轮训练
2025-04-28 15:16:29 - INFO - [client_grpc.py:140] - 本地训练完成，评估指标: {'accuracy': 0.825625, 'precision': 0.6286919831223629, 'recall': 0.43823529411764706, 'f1': 0.5164644714038128, 'auc_roc': 0.7464985994397758}
2025-04-28 15:16:29 - DEBUG - [client_grpc.py:95] - [client] model.get_parameters() output: {'coef': array([[-0.14299385,  0.06003263,  0.66056853,  0.04669867,  0.20403412,
        -0.00158315,  0.10498259,  0.10967338, -0.47560011,  0.51903648,
        -0.05640722,  0.30173854, -0.31782514,  0.05777401, -0.27344578,
        -0.11684853, -0.08169914, -0.04216644,  0.02163399, -0.06122037,
        -0.1265251 ,  0.81555085,  0.70027773,  0.79678853,  0.09255952,
        -0.18943336]]), 'intercept': array([-0.79567556])}
2025-04-28 15:16:29 - DEBUG - [client_grpc.py:97] - [client] model param: key=coef, type=<class 'numpy.ndarray'>, value=[[-0.14299385  0.06003263  0.66056853  0.04669867  0.20403412 -0.00158315
   0.10498259  0.10967338 -0.47560011  0.51903648 -0.05640722  0.30173854
  -0.31782514  0.05777401 -0.27344578 -0.11684853 -0.08169914 -0.04216644
   0.02163399 -0.06122037 -0.1265251   0.81555085  0.70027773  0.79678853
   0.09255952 -0.18943336]]
2025-04-28 15:16:29 - DEBUG - [client_grpc.py:97] - [client] model param: key=intercept, type=<class 'numpy.ndarray'>, value=[-0.79567556]
2025-04-28 15:16:29 - DEBUG - [client_grpc.py:104] - [client] mapped param: key=coef, type=<class 'numpy.ndarray'>, value=[[-0.14299385  0.06003263  0.66056853  0.04669867  0.20403412 -0.00158315
   0.10498259  0.10967338 -0.47560011  0.51903648 -0.05640722  0.30173854
  -0.31782514  0.05777401 -0.27344578 -0.11684853 -0.08169914 -0.04216644
   0.02163399 -0.06122037 -0.1265251   0.81555085  0.70027773  0.79678853
   0.09255952 -0.18943336]]
2025-04-28 15:16:29 - DEBUG - [client_grpc.py:104] - [client] mapped param: key=intercept, type=<class 'numpy.ndarray'>, value=[-0.79567556]
2025-04-28 15:16:29 - DEBUG - [parameter_handler.py:69] - [serialize_encrypted_parameters] key=coef, original type=<class 'numpy.ndarray'>, value=[[-0.14299385  0.06003263  0.66056853  0.04669867  0.20403412 -0.00158315
   0.10498259  0.10967338 -0.47560011  0.51903648 -0.05640722  0.30173854
  -0.31782514  0.05777401 -0.27344578 -0.11684853 -0.08169914 -0.04216644
   0.02163399 -0.06122037 -0.1265251   0.81555085  0.70027773  0.79678853
   0.09255952 -0.18943336]]
2025-04-28 15:16:29 - DEBUG - [parameter_handler.py:73] - [serialize_encrypted_parameters] key=coef, after np.array: type=<class 'numpy.ndarray'>, dtype=float64, shape=(1, 26), value=[[-0.14299385  0.06003263  0.66056853  0.04669867  0.20403412 -0.00158315
   0.10498259  0.10967338 -0.47560011  0.51903648 -0.05640722  0.30173854
  -0.31782514  0.05777401 -0.27344578 -0.11684853 -0.08169914 -0.04216644
   0.02163399 -0.06122037 -0.1265251   0.81555085  0.70027773  0.79678853
   0.09255952 -0.18943336]]
2025-04-28 15:16:29 - ERROR - [client_grpc.py:277] - 训练过程中发生错误: Don't know the precision of type <class 'numpy.int64'>.
2025-04-28 15:16:29 - INFO - [client_grpc.py:247] - 已关闭gRPC通道
2025-04-28 15:16:29 - INFO - [client_grpc.py:140] - 本地训练完成，评估指标: {'accuracy': 0.824375, 'precision': 0.6613756613756614, 'recall': 0.3654970760233918, 'f1': 0.4708097928436912, 'auc_roc': 0.7300016735001256}
2025-04-28 15:16:29 - DEBUG - [client_grpc.py:95] - [client] model.get_parameters() output: {'coef': array([[-0.23533733,  0.02124778,  0.75580665,  0.05305151,  0.03659312,
         0.22598703, -0.03964791,  0.12339982,  0.02836874,  0.06208044,
         0.10847284, -0.17558119, -0.05196037, -0.00208973, -0.16119695,
        -0.09517055, -0.02950704,  0.03293659,  0.038672  , -0.06085909,
        -0.26530807,  0.95333889,  1.02627528,  0.96911526,  0.00271463,
        -0.0852531 ]]), 'intercept': array([-0.98566577])}
2025-04-28 15:16:29 - DEBUG - [client_grpc.py:97] - [client] model param: key=coef, type=<class 'numpy.ndarray'>, value=[[-0.23533733  0.02124778  0.75580665  0.05305151  0.03659312  0.22598703
  -0.03964791  0.12339982  0.02836874  0.06208044  0.10847284 -0.17558119
  -0.05196037 -0.00208973 -0.16119695 -0.09517055 -0.02950704  0.03293659
   0.038672   -0.06085909 -0.26530807  0.95333889  1.02627528  0.96911526
   0.00271463 -0.0852531 ]]
2025-04-28 15:16:29 - DEBUG - [client_grpc.py:97] - [client] model param: key=intercept, type=<class 'numpy.ndarray'>, value=[-0.98566577]
2025-04-28 15:16:29 - INFO - [client_grpc.py:140] - 本地训练完成，评估指标: {'accuracy': 0.8325, 'precision': 0.6944444444444444, 'recall': 0.3698224852071006, 'f1': 0.4826254826254826, 'auc_roc': 0.7450393383283789}
2025-04-28 15:16:29 - DEBUG - [client_grpc.py:104] - [client] mapped param: key=coef, type=<class 'numpy.ndarray'>, value=[[-0.23533733  0.02124778  0.75580665  0.05305151  0.03659312  0.22598703
  -0.03964791  0.12339982  0.02836874  0.06208044  0.10847284 -0.17558119
  -0.05196037 -0.00208973 -0.16119695 -0.09517055 -0.02950704  0.03293659
   0.038672   -0.06085909 -0.26530807  0.95333889  1.02627528  0.96911526
   0.00271463 -0.0852531 ]]
2025-04-28 15:16:29 - DEBUG - [client_grpc.py:104] - [client] mapped param: key=intercept, type=<class 'numpy.ndarray'>, value=[-0.98566577]
2025-04-28 15:16:29 - DEBUG - [client_grpc.py:95] - [client] model.get_parameters() output: {'coef': array([[-0.19720125, -0.01020193,  0.6972429 ,  0.10736812,  0.04184475,
         0.07988948,  0.08752417,  0.19804447, -0.07139713,  0.03137849,
         0.17212508, -0.06482911,  0.20938995, -0.23575855, -0.01538578,
        -0.22940108, -0.03805547, -0.10430632, -0.00689215, -0.03010789,
        -0.16856356,  1.11679985,  1.18150823,  1.15497011,  0.00127771,
        -0.20593813]]), 'intercept': array([-1.134654])}
2025-04-28 15:16:29 - DEBUG - [parameter_handler.py:69] - [serialize_encrypted_parameters] key=coef, original type=<class 'numpy.ndarray'>, value=[[-0.23533733  0.02124778  0.75580665  0.05305151  0.03659312  0.22598703
  -0.03964791  0.12339982  0.02836874  0.06208044  0.10847284 -0.17558119
  -0.05196037 -0.00208973 -0.16119695 -0.09517055 -0.02950704  0.03293659
   0.038672   -0.06085909 -0.26530807  0.95333889  1.02627528  0.96911526
   0.00271463 -0.0852531 ]]
2025-04-28 15:16:29 - DEBUG - [client_grpc.py:97] - [client] model param: key=coef, type=<class 'numpy.ndarray'>, value=[[-0.19720125 -0.01020193  0.6972429   0.10736812  0.04184475  0.07988948
   0.08752417  0.19804447 -0.07139713  0.03137849  0.17212508 -0.06482911
   0.20938995 -0.23575855 -0.01538578 -0.22940108 -0.03805547 -0.10430632
  -0.00689215 -0.03010789 -0.16856356  1.11679985  1.18150823  1.15497011
   0.00127771 -0.20593813]]
2025-04-28 15:16:29 - DEBUG - [parameter_handler.py:73] - [serialize_encrypted_parameters] key=coef, after np.array: type=<class 'numpy.ndarray'>, dtype=float64, shape=(1, 26), value=[[-0.23533733  0.02124778  0.75580665  0.05305151  0.03659312  0.22598703
  -0.03964791  0.12339982  0.02836874  0.06208044  0.10847284 -0.17558119
  -0.05196037 -0.00208973 -0.16119695 -0.09517055 -0.02950704  0.03293659
   0.038672   -0.06085909 -0.26530807  0.95333889  1.02627528  0.96911526
   0.00271463 -0.0852531 ]]
2025-04-28 15:16:29 - DEBUG - [client_grpc.py:97] - [client] model param: key=intercept, type=<class 'numpy.ndarray'>, value=[-1.134654]
2025-04-28 15:16:29 - ERROR - [client_grpc.py:277] - 训练过程中发生错误: Don't know the precision of type <class 'numpy.int64'>.
2025-04-28 15:16:29 - DEBUG - [client_grpc.py:104] - [client] mapped param: key=coef, type=<class 'numpy.ndarray'>, value=[[-0.19720125 -0.01020193  0.6972429   0.10736812  0.04184475  0.07988948
   0.08752417  0.19804447 -0.07139713  0.03137849  0.17212508 -0.06482911
   0.20938995 -0.23575855 -0.01538578 -0.22940108 -0.03805547 -0.10430632
  -0.00689215 -0.03010789 -0.16856356  1.11679985  1.18150823  1.15497011
   0.00127771 -0.20593813]]
2025-04-28 15:16:29 - DEBUG - [client_grpc.py:104] - [client] mapped param: key=intercept, type=<class 'numpy.ndarray'>, value=[-1.134654]
2025-04-28 15:16:29 - INFO - [client_grpc.py:247] - 已关闭gRPC通道
2025-04-28 15:16:29 - DEBUG - [parameter_handler.py:69] - [serialize_encrypted_parameters] key=coef, original type=<class 'numpy.ndarray'>, value=[[-0.19720125 -0.01020193  0.6972429   0.10736812  0.04184475  0.07988948
   0.08752417  0.19804447 -0.07139713  0.03137849  0.17212508 -0.06482911
   0.20938995 -0.23575855 -0.01538578 -0.22940108 -0.03805547 -0.10430632
  -0.00689215 -0.03010789 -0.16856356  1.11679985  1.18150823  1.15497011
   0.00127771 -0.20593813]]
2025-04-28 15:16:29 - DEBUG - [parameter_handler.py:73] - [serialize_encrypted_parameters] key=coef, after np.array: type=<class 'numpy.ndarray'>, dtype=float64, shape=(1, 26), value=[[-0.19720125 -0.01020193  0.6972429   0.10736812  0.04184475  0.07988948
   0.08752417  0.19804447 -0.07139713  0.03137849  0.17212508 -0.06482911
   0.20938995 -0.23575855 -0.01538578 -0.22940108 -0.03805547 -0.10430632
  -0.00689215 -0.03010789 -0.16856356  1.11679985  1.18150823  1.15497011
   0.00127771 -0.20593813]]
2025-04-28 15:16:29 - ERROR - [client_grpc.py:277] - 训练过程中发生错误: Don't know the precision of type <class 'numpy.int64'>.
2025-04-28 15:16:29 - INFO - [client_grpc.py:247] - 已关闭gRPC通道
