2025-04-14 16:56:01 - INFO - [logging_config.py:55] - 日志文件已创建: logs\20250414_165601.log
2025-04-14 16:56:03 - INFO - [main.py:54] - 
=== 运行联邦学习实验 ===
2025-04-14 16:56:03 - INFO - [main.py:41] - 添加逻辑回归模型...
2025-04-14 16:56:03 - INFO - [main.py:44] - 添加神经网络模型...
2025-04-14 16:56:03 - INFO - [base_experiment.py:39] - 成功加载标准化数据: 训练集 (24000, 26), 测试集 (6000, 26)
2025-04-14 16:56:03 - INFO - [base_experiment.py:49] - 成功加载非标准化数据: 训练集 (24000, 23), 测试集 (6000, 23)
2025-04-14 16:56:03 - INFO - [federated.py:126] - 
=== 开始 logistic 的联邦学习 ===
2025-04-14 16:56:03 - INFO - [federated.py:133] - 使用标准化数据训练模型 logistic
2025-04-14 16:56:03 - INFO - [federated.py:30] - 开始数据分割,总样本数: 24000, 客户端数: 3
2025-04-14 16:56:03 - INFO - [federated.py:34] - 每个客户端平均数据量: 8000
2025-04-14 16:56:03 - INFO - [federated.py:48] - 客户端0数据量: 8000
2025-04-14 16:56:03 - INFO - [federated.py:48] - 客户端1数据量: 8000
2025-04-14 16:56:03 - INFO - [federated.py:48] - 客户端2数据量: 8000
2025-04-14 16:56:03 - INFO - [fed_server.py:50] - 
=== LogisticRegression 联邦学习第 1 轮 ===
2025-04-14 16:56:03 - INFO - [fed_server.py:72] - 全局模型评估指标:
2025-04-14 16:56:03 - INFO - [fed_server.py:73] - Accuracy: 0.8190
2025-04-14 16:56:03 - INFO - [fed_server.py:74] - Precision: 0.6570
2025-04-14 16:56:03 - INFO - [fed_server.py:75] - Recall: 0.3618
2025-04-14 16:56:03 - INFO - [fed_server.py:76] - F1 Score: 0.4666
2025-04-14 16:56:03 - INFO - [fed_server.py:77] - AUC-ROC: 0.7638
2025-04-14 16:56:03 - INFO - [fed_server.py:50] - 
=== LogisticRegression 联邦学习第 2 轮 ===
2025-04-14 16:56:03 - INFO - [fed_server.py:72] - 全局模型评估指标:
2025-04-14 16:56:03 - INFO - [fed_server.py:73] - Accuracy: 0.8190
2025-04-14 16:56:03 - INFO - [fed_server.py:74] - Precision: 0.6570
2025-04-14 16:56:03 - INFO - [fed_server.py:75] - Recall: 0.3618
2025-04-14 16:56:03 - INFO - [fed_server.py:76] - F1 Score: 0.4666
2025-04-14 16:56:03 - INFO - [fed_server.py:77] - AUC-ROC: 0.7637
2025-04-14 16:56:03 - INFO - [fed_server.py:50] - 
=== LogisticRegression 联邦学习第 3 轮 ===
2025-04-14 16:56:04 - INFO - [fed_server.py:72] - 全局模型评估指标:
2025-04-14 16:56:04 - INFO - [fed_server.py:73] - Accuracy: 0.8188
2025-04-14 16:56:04 - INFO - [fed_server.py:74] - Precision: 0.6556
2025-04-14 16:56:04 - INFO - [fed_server.py:75] - Recall: 0.3625
2025-04-14 16:56:04 - INFO - [fed_server.py:76] - F1 Score: 0.4669
2025-04-14 16:56:04 - INFO - [fed_server.py:77] - AUC-ROC: 0.7639
2025-04-14 16:56:04 - INFO - [fed_server.py:50] - 
=== LogisticRegression 联邦学习第 4 轮 ===
2025-04-14 16:56:04 - INFO - [fed_server.py:72] - 全局模型评估指标:
2025-04-14 16:56:04 - INFO - [fed_server.py:73] - Accuracy: 0.8188
2025-04-14 16:56:04 - INFO - [fed_server.py:74] - Precision: 0.6561
2025-04-14 16:56:04 - INFO - [fed_server.py:75] - Recall: 0.3618
2025-04-14 16:56:04 - INFO - [fed_server.py:76] - F1 Score: 0.4664
2025-04-14 16:56:04 - INFO - [fed_server.py:77] - AUC-ROC: 0.7637
2025-04-14 16:56:04 - INFO - [fed_server.py:50] - 
=== LogisticRegression 联邦学习第 5 轮 ===
2025-04-14 16:56:04 - INFO - [fed_server.py:72] - 全局模型评估指标:
2025-04-14 16:56:04 - INFO - [fed_server.py:73] - Accuracy: 0.8188
2025-04-14 16:56:04 - INFO - [fed_server.py:74] - Precision: 0.6556
2025-04-14 16:56:04 - INFO - [fed_server.py:75] - Recall: 0.3625
2025-04-14 16:56:04 - INFO - [fed_server.py:76] - F1 Score: 0.4669
2025-04-14 16:56:04 - INFO - [fed_server.py:77] - AUC-ROC: 0.7640
2025-04-14 16:56:04 - INFO - [fed_server.py:50] - 
=== LogisticRegression 联邦学习第 6 轮 ===
2025-04-14 16:56:04 - INFO - [fed_server.py:72] - 全局模型评估指标:
2025-04-14 16:56:04 - INFO - [fed_server.py:73] - Accuracy: 0.8190
2025-04-14 16:56:04 - INFO - [fed_server.py:74] - Precision: 0.6570
2025-04-14 16:56:04 - INFO - [fed_server.py:75] - Recall: 0.3618
2025-04-14 16:56:04 - INFO - [fed_server.py:76] - F1 Score: 0.4666
2025-04-14 16:56:04 - INFO - [fed_server.py:77] - AUC-ROC: 0.7638
2025-04-14 16:56:04 - INFO - [fed_server.py:50] - 
=== LogisticRegression 联邦学习第 7 轮 ===
2025-04-14 16:56:04 - INFO - [fed_server.py:72] - 全局模型评估指标:
2025-04-14 16:56:04 - INFO - [fed_server.py:73] - Accuracy: 0.8190
2025-04-14 16:56:04 - INFO - [fed_server.py:74] - Precision: 0.6570
2025-04-14 16:56:04 - INFO - [fed_server.py:75] - Recall: 0.3618
2025-04-14 16:56:04 - INFO - [fed_server.py:76] - F1 Score: 0.4666
2025-04-14 16:56:04 - INFO - [fed_server.py:77] - AUC-ROC: 0.7638
2025-04-14 16:56:04 - INFO - [fed_server.py:50] - 
=== LogisticRegression 联邦学习第 8 轮 ===
2025-04-14 16:56:05 - INFO - [fed_server.py:72] - 全局模型评估指标:
2025-04-14 16:56:05 - INFO - [fed_server.py:73] - Accuracy: 0.8190
2025-04-14 16:56:05 - INFO - [fed_server.py:74] - Precision: 0.6566
2025-04-14 16:56:05 - INFO - [fed_server.py:75] - Recall: 0.3625
2025-04-14 16:56:05 - INFO - [fed_server.py:76] - F1 Score: 0.4671
2025-04-14 16:56:05 - INFO - [fed_server.py:77] - AUC-ROC: 0.7639
2025-04-14 16:56:05 - INFO - [fed_server.py:50] - 
=== LogisticRegression 联邦学习第 9 轮 ===
2025-04-14 16:56:05 - INFO - [fed_server.py:72] - 全局模型评估指标:
2025-04-14 16:56:05 - INFO - [fed_server.py:73] - Accuracy: 0.8188
2025-04-14 16:56:05 - INFO - [fed_server.py:74] - Precision: 0.6556
2025-04-14 16:56:05 - INFO - [fed_server.py:75] - Recall: 0.3625
2025-04-14 16:56:05 - INFO - [fed_server.py:76] - F1 Score: 0.4669
2025-04-14 16:56:05 - INFO - [fed_server.py:77] - AUC-ROC: 0.7638
2025-04-14 16:56:05 - INFO - [fed_server.py:50] - 
=== LogisticRegression 联邦学习第 10 轮 ===
2025-04-14 16:56:05 - INFO - [fed_server.py:72] - 最终评估 - 全局模型评估指标:
2025-04-14 16:56:05 - INFO - [fed_server.py:73] - 最终评估 - Accuracy: 0.8190
2025-04-14 16:56:05 - INFO - [fed_server.py:74] - 最终评估 - Precision: 0.6566
2025-04-14 16:56:05 - INFO - [fed_server.py:75] - 最终评估 - Recall: 0.3625
2025-04-14 16:56:05 - INFO - [fed_server.py:76] - 最终评估 - F1 Score: 0.4671
2025-04-14 16:56:05 - INFO - [fed_server.py:77] - 最终评估 - AUC-ROC: 0.7638
2025-04-14 16:56:05 - INFO - [federated.py:126] - 
=== 开始 neural_net 的联邦学习 ===
2025-04-14 16:56:05 - INFO - [federated.py:133] - 使用标准化数据训练模型 neural_net
2025-04-14 16:56:05 - INFO - [federated.py:30] - 开始数据分割,总样本数: 24000, 客户端数: 3
2025-04-14 16:56:05 - INFO - [federated.py:34] - 每个客户端平均数据量: 8000
2025-04-14 16:56:05 - INFO - [federated.py:48] - 客户端0数据量: 8000
2025-04-14 16:56:05 - INFO - [federated.py:48] - 客户端1数据量: 8000
2025-04-14 16:56:05 - INFO - [federated.py:48] - 客户端2数据量: 8000
2025-04-14 16:56:05 - INFO - [fed_server.py:50] - 
=== NeuralNet 联邦学习第 1 轮 ===
2025-04-14 16:56:12 - INFO - [fed_server.py:72] - 全局模型评估指标:
2025-04-14 16:56:12 - INFO - [fed_server.py:73] - Accuracy: 0.7993
2025-04-14 16:56:12 - INFO - [fed_server.py:74] - Precision: 0.5744
2025-04-14 16:56:12 - INFO - [fed_server.py:75] - Recall: 0.3206
2025-04-14 16:56:12 - INFO - [fed_server.py:76] - F1 Score: 0.4115
2025-04-14 16:56:12 - INFO - [fed_server.py:77] - AUC-ROC: 0.7352
2025-04-14 16:56:12 - INFO - [fed_server.py:50] - 
=== NeuralNet 联邦学习第 2 轮 ===
2025-04-14 16:56:16 - INFO - [fed_server.py:72] - 全局模型评估指标:
2025-04-14 16:56:16 - INFO - [fed_server.py:73] - Accuracy: 0.8207
2025-04-14 16:56:16 - INFO - [fed_server.py:74] - Precision: 0.6533
2025-04-14 16:56:16 - INFO - [fed_server.py:75] - Recall: 0.3846
2025-04-14 16:56:16 - INFO - [fed_server.py:76] - F1 Score: 0.4842
2025-04-14 16:56:16 - INFO - [fed_server.py:77] - AUC-ROC: 0.7673
2025-04-14 16:56:16 - INFO - [fed_server.py:50] - 
=== NeuralNet 联邦学习第 3 轮 ===
2025-04-14 16:56:21 - INFO - [fed_server.py:72] - 全局模型评估指标:
2025-04-14 16:56:21 - INFO - [fed_server.py:73] - Accuracy: 0.8202
2025-04-14 16:56:21 - INFO - [fed_server.py:74] - Precision: 0.6653
2025-04-14 16:56:21 - INFO - [fed_server.py:75] - Recall: 0.3587
2025-04-14 16:56:21 - INFO - [fed_server.py:76] - F1 Score: 0.4661
2025-04-14 16:56:21 - INFO - [fed_server.py:77] - AUC-ROC: 0.7676
2025-04-14 16:56:21 - INFO - [fed_server.py:50] - 
=== NeuralNet 联邦学习第 4 轮 ===
2025-04-14 16:56:25 - INFO - [fed_server.py:72] - 全局模型评估指标:
2025-04-14 16:56:25 - INFO - [fed_server.py:73] - Accuracy: 0.8202
2025-04-14 16:56:25 - INFO - [fed_server.py:74] - Precision: 0.6711
2025-04-14 16:56:25 - INFO - [fed_server.py:75] - Recall: 0.3496
2025-04-14 16:56:25 - INFO - [fed_server.py:76] - F1 Score: 0.4597
2025-04-14 16:56:25 - INFO - [fed_server.py:77] - AUC-ROC: 0.7654
2025-04-14 16:56:25 - INFO - [fed_server.py:50] - 
=== NeuralNet 联邦学习第 5 轮 ===
2025-04-14 16:56:30 - INFO - [fed_server.py:72] - 全局模型评估指标:
2025-04-14 16:56:30 - INFO - [fed_server.py:73] - Accuracy: 0.8187
2025-04-14 16:56:30 - INFO - [fed_server.py:74] - Precision: 0.6697
2025-04-14 16:56:30 - INFO - [fed_server.py:75] - Recall: 0.3382
2025-04-14 16:56:30 - INFO - [fed_server.py:76] - F1 Score: 0.4494
2025-04-14 16:56:30 - INFO - [fed_server.py:77] - AUC-ROC: 0.7654
2025-04-14 16:56:30 - INFO - [fed_server.py:50] - 
=== NeuralNet 联邦学习第 6 轮 ===
2025-04-14 16:56:35 - INFO - [fed_server.py:72] - 全局模型评估指标:
2025-04-14 16:56:35 - INFO - [fed_server.py:73] - Accuracy: 0.8210
2025-04-14 16:56:35 - INFO - [fed_server.py:74] - Precision: 0.6719
2025-04-14 16:56:35 - INFO - [fed_server.py:75] - Recall: 0.3557
2025-04-14 16:56:35 - INFO - [fed_server.py:76] - F1 Score: 0.4651
2025-04-14 16:56:35 - INFO - [fed_server.py:77] - AUC-ROC: 0.7645
2025-04-14 16:56:35 - INFO - [fed_server.py:50] - 
=== NeuralNet 联邦学习第 7 轮 ===
2025-04-14 16:56:40 - INFO - [fed_server.py:72] - 全局模型评估指标:
2025-04-14 16:56:40 - INFO - [fed_server.py:73] - Accuracy: 0.8200
2025-04-14 16:56:40 - INFO - [fed_server.py:74] - Precision: 0.6779
2025-04-14 16:56:40 - INFO - [fed_server.py:75] - Recall: 0.3382
2025-04-14 16:56:40 - INFO - [fed_server.py:76] - F1 Score: 0.4512
2025-04-14 16:56:40 - INFO - [fed_server.py:77] - AUC-ROC: 0.7638
2025-04-14 16:56:40 - INFO - [fed_server.py:50] - 
=== NeuralNet 联邦学习第 8 轮 ===
2025-04-14 16:56:44 - INFO - [fed_server.py:72] - 全局模型评估指标:
2025-04-14 16:56:44 - INFO - [fed_server.py:73] - Accuracy: 0.8170
2025-04-14 16:56:44 - INFO - [fed_server.py:74] - Precision: 0.6467
2025-04-14 16:56:44 - INFO - [fed_server.py:75] - Recall: 0.3610
2025-04-14 16:56:44 - INFO - [fed_server.py:76] - F1 Score: 0.4633
2025-04-14 16:56:44 - INFO - [fed_server.py:77] - AUC-ROC: 0.7617
2025-04-14 16:56:44 - INFO - [fed_server.py:50] - 
=== NeuralNet 联邦学习第 9 轮 ===
2025-04-14 16:56:49 - INFO - [fed_server.py:72] - 全局模型评估指标:
2025-04-14 16:56:49 - INFO - [fed_server.py:73] - Accuracy: 0.8162
2025-04-14 16:56:49 - INFO - [fed_server.py:74] - Precision: 0.6683
2025-04-14 16:56:49 - INFO - [fed_server.py:75] - Recall: 0.3176
2025-04-14 16:56:49 - INFO - [fed_server.py:76] - F1 Score: 0.4306
2025-04-14 16:56:49 - INFO - [fed_server.py:77] - AUC-ROC: 0.7637
2025-04-14 16:56:49 - INFO - [fed_server.py:50] - 
=== NeuralNet 联邦学习第 10 轮 ===
2025-04-14 16:56:54 - INFO - [fed_server.py:72] - 最终评估 - 全局模型评估指标:
2025-04-14 16:56:54 - INFO - [fed_server.py:73] - 最终评估 - Accuracy: 0.8178
2025-04-14 16:56:54 - INFO - [fed_server.py:74] - 最终评估 - Precision: 0.6603
2025-04-14 16:56:54 - INFO - [fed_server.py:75] - 最终评估 - Recall: 0.3450
2025-04-14 16:56:54 - INFO - [fed_server.py:76] - 最终评估 - F1 Score: 0.4532
2025-04-14 16:56:54 - INFO - [fed_server.py:77] - 最终评估 - AUC-ROC: 0.7603
2025-04-14 16:56:54 - INFO - [federated.py:110] - 
=== 联邦学习模型性能对比 ===
2025-04-14 16:56:54 - INFO - [federated.py:111] - 
            accuracy  precision    recall        f1   auc_roc
logistic    0.819000   0.656552  0.362529  0.467125  0.763825
neural_net  0.817833   0.660350  0.345011  0.453227  0.760259
