2025-04-29 06:48:43 - INFO - [logging_config.py:55] - 日志文件已创建: logs/20250429_064843.log
2025-04-29 06:48:43 - INFO - [server_grpc.py:66] - 同态加密状态: 启用
2025-04-29 06:48:43 - INFO - [server_grpc.py:72] - 成功加载同态加密私钥
2025-04-29 06:48:43 - INFO - [server_grpc.py:79] - 服务器初始化完成，等待 3 个客户端注册，计划训练 10 轮
2025-04-29 06:48:43 - INFO - [server_grpc.py:425] - 联邦学习安全服务器正在启动，监听端口: 50051
2025-04-29 06:48:43 - INFO - [logging_config.py:55] - 日志文件已创建: logs/20250429_064843.log
2025-04-29 06:48:44 - INFO - [client_grpc.py:277] - 成功加载客户端数据: /app/data/credit_card_train_normalized.csv, 形状: X=(8000, 26), y=(8000,)
2025-04-29 06:48:44 - DEBUG - [client_grpc.py:95] - 数据集划分完成 - 训练集: (6400, 26), 测试集: (1600, 26)
2025-04-29 06:48:44 - INFO - [client_grpc.py:102] - 数据初始化完成，训练数据大小: 6400
2025-04-29 06:48:44 - INFO - [client_grpc.py:34] - 同态加密状态: 启用
2025-04-29 06:48:44 - INFO - [client_grpc.py:40] - 成功加载同态加密公钥
2025-04-29 06:48:44 - INFO - [client_grpc.py:64] - 使用安全通道(SSL/TLS)连接服务器
2025-04-29 06:48:44 - INFO - [client_grpc.py:85] - 客户端 1 初始化完成，数据集大小: 6400
2025-04-29 06:48:44 - INFO - [server_grpc.py:131] - 接收到客户端 1 的注册请求
2025-04-29 06:48:44 - INFO - [server_grpc.py:137] - 联邦学习流程计时开始
2025-04-29 06:48:44 - INFO - [server_grpc.py:143] - 客户端 1 注册成功，当前 1/3 个客户端
2025-04-29 06:48:44 - INFO - [client_grpc.py:201] - 已设置初始模型参数
2025-04-29 06:48:44 - INFO - [server_grpc.py:157] - 客户端 1 检查训练状态，当前next_step=False, count=0
2025-04-29 06:48:44 - INFO - [client_grpc.py:209] - 等待其他客户端注册 (1/3)
2025-04-29 06:48:44 - INFO - [server_grpc.py:157] - 客户端 1 检查训练状态，当前next_step=False, count=0
2025-04-29 06:48:44 - INFO - [client_grpc.py:209] - 等待其他客户端注册 (1/3)
2025-04-29 06:48:44 - INFO - [server_grpc.py:157] - 客户端 1 检查训练状态，当前next_step=False, count=0
2025-04-29 06:48:44 - INFO - [client_grpc.py:209] - 等待其他客户端注册 (1/3)
2025-04-29 06:48:44 - INFO - [server_grpc.py:131] - 接收到客户端 2 的注册请求
2025-04-29 06:48:44 - INFO - [server_grpc.py:143] - 客户端 2 注册成功，当前 2/3 个客户端
2025-04-29 06:48:44 - INFO - [server_grpc.py:157] - 客户端 2 检查训练状态，当前next_step=False, count=0
2025-04-29 06:48:44 - INFO - [server_grpc.py:131] - 接收到客户端 3 的注册请求
2025-04-29 06:48:44 - INFO - [server_grpc.py:143] - 客户端 3 注册成功，当前 3/3 个客户端
2025-04-29 06:48:44 - INFO - [server_grpc.py:157] - 客户端 3 检查训练状态，当前next_step=True, count=0
2025-04-29 06:48:44 - INFO - [server_grpc.py:162] - 客户端 3 获得训练许可，count增加到 1/3
2025-04-29 06:48:44 - INFO - [server_grpc.py:157] - 客户端 1 检查训练状态，当前next_step=True, count=1
2025-04-29 06:48:44 - INFO - [server_grpc.py:162] - 客户端 1 获得训练许可，count增加到 2/3
2025-04-29 06:48:44 - INFO - [client_grpc.py:213] - 所有客户端已就绪，开始训练
2025-04-29 06:48:44 - INFO - [client_grpc.py:217] - 开始第 1 轮训练
2025-04-29 06:48:44 - INFO - [server_grpc.py:157] - 客户端 2 检查训练状态，当前next_step=True, count=2
2025-04-29 06:48:44 - INFO - [server_grpc.py:162] - 客户端 2 获得训练许可，count增加到 3/3
2025-04-29 06:48:44 - INFO - [server_grpc.py:166] - 所有客户端已获得训练许可，重置next_step=False, count=0
2025-04-29 06:48:44 - INFO - [client_grpc.py:117] - 本地训练完成，评估指标: {'accuracy': 0.8325, 'precision': 0.6944444444444444, 'recall': 0.3698224852071006, 'f1': 0.4826254826254826, 'auc_roc': 0.7446361087407046}
2025-04-29 06:48:51 - INFO - [server_grpc.py:245] - 接收到客户端 3 的密文参数更新，轮次: 1
2025-04-29 06:48:51 - INFO - [server_grpc.py:274] - 存储客户端 3 密文参数（未解密），当前轮次 1 已提交 1/3个客户端
2025-04-29 06:48:51 - INFO - [server_grpc.py:157] - 客户端 3 检查训练状态，当前next_step=False, count=0
2025-04-29 06:48:51 - INFO - [server_grpc.py:245] - 接收到客户端 2 的密文参数更新，轮次: 1
2025-04-29 06:48:51 - INFO - [server_grpc.py:274] - 存储客户端 2 密文参数（未解密），当前轮次 1 已提交 2/3个客户端
2025-04-29 06:48:51 - INFO - [server_grpc.py:157] - 客户端 2 检查训练状态，当前next_step=False, count=0
2025-04-29 06:48:51 - INFO - [server_grpc.py:245] - 接收到客户端 1 的密文参数更新，轮次: 1
2025-04-29 06:48:51 - INFO - [server_grpc.py:274] - 存储客户端 1 密文参数（未解密），当前轮次 1 已提交 3/3个客户端
2025-04-29 06:48:51 - INFO - [server_grpc.py:277] - 轮次 1 所有客户端参数已收集完毕，开始聚合
2025-04-29 06:48:51 - INFO - [server_grpc.py:373] - 开始同态加密参数聚合
2025-04-29 06:48:51 - INFO - [server_grpc.py:378] - 同态聚合权重: [0.3333333333333333, 0.3333333333333333, 0.3333333333333333]
2025-04-29 06:48:53 - INFO - [server_grpc.py:381] - 全局模型参数更新完成（同态加密聚合+解密）
2025-04-29 06:48:54 - INFO - [server_grpc.py:384] - 全局模型在轮次 1 的性能: {'accuracy': 0.82, 'precision': 0.6405307599517491, 'recall': 0.4044173648134044, 'f1': 0.49579831932773105, 'auc_roc': 0.7622486789553059}
2025-04-29 06:48:54 - INFO - [server_grpc.py:388] - 轮次 1 处理完成
2025-04-29 06:48:54 - INFO - [server_grpc.py:157] - 客户端 3 检查训练状态，当前next_step=True, count=0
2025-04-29 06:48:54 - INFO - [server_grpc.py:162] - 客户端 3 获得训练许可，count增加到 1/3
2025-04-29 06:48:54 - INFO - [server_grpc.py:157] - 客户端 2 检查训练状态，当前next_step=True, count=1
2025-04-29 06:48:54 - INFO - [server_grpc.py:162] - 客户端 2 获得训练许可，count增加到 2/3
2025-04-29 06:48:54 - INFO - [client_grpc.py:222] - 客户端 1 提交轮次 1 的密文参数更新
2025-04-29 06:48:54 - INFO - [server_grpc.py:157] - 客户端 1 检查训练状态，当前next_step=True, count=2
2025-04-29 06:48:54 - INFO - [server_grpc.py:162] - 客户端 1 获得训练许可，count增加到 3/3
2025-04-29 06:48:54 - INFO - [server_grpc.py:166] - 所有客户端已获得训练许可，重置next_step=False, count=0
2025-04-29 06:48:54 - INFO - [server_grpc.py:310] - 向客户端 3 提供第1轮全局模型
2025-04-29 06:48:54 - INFO - [client_grpc.py:238] - 所有客户端已就绪，开始请求全局模型
2025-04-29 06:48:54 - INFO - [server_grpc.py:310] - 向客户端 2 提供第1轮全局模型
2025-04-29 06:48:54 - INFO - [server_grpc.py:310] - 向客户端 1 提供第1轮全局模型
2025-04-29 06:48:54 - INFO - [client_grpc.py:249] - 客户端 1 请求第 1 轮的全局模型
2025-04-29 06:48:54 - INFO - [client_grpc.py:253] - 全局模型指标 - 准确率: 0.8200, 精确率: 0.6405, 召回率: 0.4044, F1分数: 0.4958, AUC-ROC: 0.7622
2025-04-29 06:48:54 - INFO - [client_grpc.py:256] - 客户端 1 更新模型参数
2025-04-29 06:48:54 - INFO - [client_grpc.py:217] - 开始第 2 轮训练
2025-04-29 06:48:54 - INFO - [client_grpc.py:117] - 本地训练完成，评估指标: {'accuracy': 0.8325, 'precision': 0.6944444444444444, 'recall': 0.3698224852071006, 'f1': 0.4826254826254826, 'auc_roc': 0.7441789589174692}
2025-04-29 06:49:01 - INFO - [server_grpc.py:245] - 接收到客户端 1 的密文参数更新，轮次: 2
2025-04-29 06:49:01 - INFO - [server_grpc.py:274] - 存储客户端 1 密文参数（未解密），当前轮次 2 已提交 1/3个客户端
2025-04-29 06:49:01 - INFO - [client_grpc.py:222] - 客户端 1 提交轮次 2 的密文参数更新
2025-04-29 06:49:01 - INFO - [server_grpc.py:157] - 客户端 1 检查训练状态，当前next_step=False, count=0
2025-04-29 06:49:01 - INFO - [client_grpc.py:234] - 等待其他客户端提交参数 (3/3)
2025-04-29 06:49:01 - INFO - [server_grpc.py:245] - 接收到客户端 3 的密文参数更新，轮次: 2
2025-04-29 06:49:01 - INFO - [server_grpc.py:274] - 存储客户端 3 密文参数（未解密），当前轮次 2 已提交 2/3个客户端
2025-04-29 06:49:01 - INFO - [server_grpc.py:157] - 客户端 3 检查训练状态，当前next_step=False, count=0
2025-04-29 06:49:01 - INFO - [server_grpc.py:157] - 客户端 1 检查训练状态，当前next_step=False, count=0
2025-04-29 06:49:01 - INFO - [client_grpc.py:234] - 等待其他客户端提交参数 (3/3)
2025-04-29 06:49:01 - INFO - [server_grpc.py:157] - 客户端 3 检查训练状态，当前next_step=False, count=0
2025-04-29 06:49:01 - INFO - [server_grpc.py:157] - 客户端 1 检查训练状态，当前next_step=False, count=0
2025-04-29 06:49:01 - INFO - [client_grpc.py:234] - 等待其他客户端提交参数 (3/3)
2025-04-29 06:49:01 - INFO - [server_grpc.py:245] - 接收到客户端 2 的密文参数更新，轮次: 2
2025-04-29 06:49:01 - INFO - [server_grpc.py:274] - 存储客户端 2 密文参数（未解密），当前轮次 2 已提交 3/3个客户端
2025-04-29 06:49:01 - INFO - [server_grpc.py:277] - 轮次 2 所有客户端参数已收集完毕，开始聚合
2025-04-29 06:49:01 - INFO - [server_grpc.py:373] - 开始同态加密参数聚合
2025-04-29 06:49:01 - INFO - [server_grpc.py:378] - 同态聚合权重: [0.3333333333333333, 0.3333333333333333, 0.3333333333333333]
2025-04-29 06:49:04 - INFO - [server_grpc.py:381] - 全局模型参数更新完成（同态加密聚合+解密）
2025-04-29 06:49:04 - INFO - [server_grpc.py:384] - 全局模型在轮次 2 的性能: {'accuracy': 0.8198333333333333, 'precision': 0.6397590361445783, 'recall': 0.4044173648134044, 'f1': 0.4955669622025199, 'auc_roc': 0.7622199173192334}
2025-04-29 06:49:04 - INFO - [server_grpc.py:388] - 轮次 2 处理完成
2025-04-29 06:49:04 - INFO - [server_grpc.py:157] - 客户端 3 检查训练状态，当前next_step=True, count=0
2025-04-29 06:49:04 - INFO - [server_grpc.py:162] - 客户端 3 获得训练许可，count增加到 1/3
2025-04-29 06:49:04 - INFO - [server_grpc.py:157] - 客户端 1 检查训练状态，当前next_step=True, count=1
2025-04-29 06:49:04 - INFO - [server_grpc.py:162] - 客户端 1 获得训练许可，count增加到 2/3
2025-04-29 06:49:04 - INFO - [client_grpc.py:238] - 所有客户端已就绪，开始请求全局模型
2025-04-29 06:49:04 - INFO - [server_grpc.py:157] - 客户端 2 检查训练状态，当前next_step=True, count=2
2025-04-29 06:49:04 - INFO - [server_grpc.py:162] - 客户端 2 获得训练许可，count增加到 3/3
2025-04-29 06:49:04 - INFO - [server_grpc.py:166] - 所有客户端已获得训练许可，重置next_step=False, count=0
2025-04-29 06:49:04 - INFO - [server_grpc.py:310] - 向客户端 1 提供第2轮全局模型
2025-04-29 06:49:04 - INFO - [server_grpc.py:310] - 向客户端 3 提供第2轮全局模型
2025-04-29 06:49:04 - INFO - [server_grpc.py:310] - 向客户端 2 提供第2轮全局模型
2025-04-29 06:49:04 - INFO - [client_grpc.py:249] - 客户端 1 请求第 2 轮的全局模型
2025-04-29 06:49:04 - INFO - [client_grpc.py:253] - 全局模型指标 - 准确率: 0.8198, 精确率: 0.6398, 召回率: 0.4044, F1分数: 0.4956, AUC-ROC: 0.7622
2025-04-29 06:49:04 - INFO - [client_grpc.py:256] - 客户端 1 更新模型参数
2025-04-29 06:49:04 - INFO - [client_grpc.py:217] - 开始第 3 轮训练
2025-04-29 06:49:04 - INFO - [client_grpc.py:117] - 本地训练完成，评估指标: {'accuracy': 0.8325, 'precision': 0.6944444444444444, 'recall': 0.3698224852071006, 'f1': 0.4826254826254826, 'auc_roc': 0.7451073247123473}
2025-04-29 06:49:11 - INFO - [server_grpc.py:245] - 接收到客户端 3 的密文参数更新，轮次: 3
2025-04-29 06:49:11 - INFO - [server_grpc.py:274] - 存储客户端 3 密文参数（未解密），当前轮次 3 已提交 1/3个客户端
2025-04-29 06:49:11 - INFO - [server_grpc.py:157] - 客户端 3 检查训练状态，当前next_step=False, count=0
2025-04-29 06:49:12 - INFO - [server_grpc.py:157] - 客户端 3 检查训练状态，当前next_step=False, count=0
2025-04-29 06:49:12 - INFO - [server_grpc.py:245] - 接收到客户端 2 的密文参数更新，轮次: 3
2025-04-29 06:49:12 - INFO - [server_grpc.py:274] - 存储客户端 2 密文参数（未解密），当前轮次 3 已提交 2/3个客户端
2025-04-29 06:49:12 - INFO - [server_grpc.py:157] - 客户端 2 检查训练状态，当前next_step=False, count=0
2025-04-29 06:49:12 - INFO - [server_grpc.py:245] - 接收到客户端 1 的密文参数更新，轮次: 3
2025-04-29 06:49:12 - INFO - [server_grpc.py:274] - 存储客户端 1 密文参数（未解密），当前轮次 3 已提交 3/3个客户端
2025-04-29 06:49:12 - INFO - [server_grpc.py:277] - 轮次 3 所有客户端参数已收集完毕，开始聚合
2025-04-29 06:49:12 - INFO - [server_grpc.py:373] - 开始同态加密参数聚合
2025-04-29 06:49:12 - INFO - [server_grpc.py:378] - 同态聚合权重: [0.3333333333333333, 0.3333333333333333, 0.3333333333333333]
2025-04-29 06:49:14 - INFO - [server_grpc.py:381] - 全局模型参数更新完成（同态加密聚合+解密）
2025-04-29 06:49:14 - INFO - [server_grpc.py:384] - 全局模型在轮次 3 的性能: {'accuracy': 0.8198333333333333, 'precision': 0.6397590361445783, 'recall': 0.4044173648134044, 'f1': 0.4955669622025199, 'auc_roc': 0.7623637254995952}
2025-04-29 06:49:14 - INFO - [server_grpc.py:388] - 轮次 3 处理完成
2025-04-29 06:49:14 - INFO - [server_grpc.py:157] - 客户端 3 检查训练状态，当前next_step=True, count=0
2025-04-29 06:49:14 - INFO - [client_grpc.py:222] - 客户端 1 提交轮次 3 的密文参数更新
2025-04-29 06:49:14 - INFO - [server_grpc.py:162] - 客户端 3 获得训练许可，count增加到 1/3
2025-04-29 06:49:14 - INFO - [server_grpc.py:157] - 客户端 2 检查训练状态，当前next_step=True, count=1
2025-04-29 06:49:14 - INFO - [server_grpc.py:162] - 客户端 2 获得训练许可，count增加到 2/3
2025-04-29 06:49:14 - INFO - [server_grpc.py:157] - 客户端 1 检查训练状态，当前next_step=True, count=2
2025-04-29 06:49:14 - INFO - [server_grpc.py:162] - 客户端 1 获得训练许可，count增加到 3/3
2025-04-29 06:49:14 - INFO - [server_grpc.py:310] - 向客户端 3 提供第3轮全局模型
2025-04-29 06:49:14 - INFO - [server_grpc.py:166] - 所有客户端已获得训练许可，重置next_step=False, count=0
2025-04-29 06:49:14 - INFO - [server_grpc.py:310] - 向客户端 2 提供第3轮全局模型
2025-04-29 06:49:14 - INFO - [client_grpc.py:238] - 所有客户端已就绪，开始请求全局模型
2025-04-29 06:49:14 - INFO - [server_grpc.py:310] - 向客户端 1 提供第3轮全局模型
2025-04-29 06:49:14 - INFO - [client_grpc.py:249] - 客户端 1 请求第 3 轮的全局模型
2025-04-29 06:49:14 - INFO - [client_grpc.py:253] - 全局模型指标 - 准确率: 0.8198, 精确率: 0.6398, 召回率: 0.4044, F1分数: 0.4956, AUC-ROC: 0.7624
2025-04-29 06:49:14 - INFO - [client_grpc.py:256] - 客户端 1 更新模型参数
2025-04-29 06:49:14 - INFO - [client_grpc.py:217] - 开始第 4 轮训练
2025-04-29 06:49:14 - INFO - [client_grpc.py:117] - 本地训练完成，评估指标: {'accuracy': 0.8325, 'precision': 0.6944444444444444, 'recall': 0.3698224852071006, 'f1': 0.4826254826254826, 'auc_roc': 0.7446384530987724}
2025-04-29 06:49:22 - INFO - [server_grpc.py:245] - 接收到客户端 3 的密文参数更新，轮次: 4
2025-04-29 06:49:22 - INFO - [server_grpc.py:274] - 存储客户端 3 密文参数（未解密），当前轮次 4 已提交 1/3个客户端
2025-04-29 06:49:22 - INFO - [server_grpc.py:157] - 客户端 3 检查训练状态，当前next_step=False, count=0
2025-04-29 06:49:22 - INFO - [server_grpc.py:157] - 客户端 3 检查训练状态，当前next_step=False, count=0
2025-04-29 06:49:22 - INFO - [server_grpc.py:245] - 接收到客户端 2 的密文参数更新，轮次: 4
2025-04-29 06:49:22 - INFO - [server_grpc.py:274] - 存储客户端 2 密文参数（未解密），当前轮次 4 已提交 2/3个客户端
2025-04-29 06:49:22 - INFO - [server_grpc.py:157] - 客户端 2 检查训练状态，当前next_step=False, count=0
2025-04-29 06:49:22 - INFO - [server_grpc.py:245] - 接收到客户端 1 的密文参数更新，轮次: 4
2025-04-29 06:49:22 - INFO - [server_grpc.py:274] - 存储客户端 1 密文参数（未解密），当前轮次 4 已提交 3/3个客户端
2025-04-29 06:49:22 - INFO - [server_grpc.py:277] - 轮次 4 所有客户端参数已收集完毕，开始聚合
2025-04-29 06:49:22 - INFO - [server_grpc.py:373] - 开始同态加密参数聚合
2025-04-29 06:49:22 - INFO - [server_grpc.py:378] - 同态聚合权重: [0.3333333333333333, 0.3333333333333333, 0.3333333333333333]
2025-04-29 06:49:24 - INFO - [server_grpc.py:381] - 全局模型参数更新完成（同态加密聚合+解密）
2025-04-29 06:49:24 - INFO - [server_grpc.py:384] - 全局模型在轮次 4 的性能: {'accuracy': 0.8198333333333333, 'precision': 0.6397590361445783, 'recall': 0.4044173648134044, 'f1': 0.4955669622025199, 'auc_roc': 0.762390537194239}
2025-04-29 06:49:24 - INFO - [server_grpc.py:388] - 轮次 4 处理完成
2025-04-29 06:49:24 - INFO - [server_grpc.py:157] - 客户端 3 检查训练状态，当前next_step=True, count=0
2025-04-29 06:49:24 - INFO - [server_grpc.py:162] - 客户端 3 获得训练许可，count增加到 1/3
2025-04-29 06:49:24 - INFO - [client_grpc.py:222] - 客户端 1 提交轮次 4 的密文参数更新
2025-04-29 06:49:24 - INFO - [server_grpc.py:157] - 客户端 2 检查训练状态，当前next_step=True, count=1
2025-04-29 06:49:24 - INFO - [server_grpc.py:162] - 客户端 2 获得训练许可，count增加到 2/3
2025-04-29 06:49:24 - INFO - [server_grpc.py:310] - 向客户端 3 提供第4轮全局模型
2025-04-29 06:49:24 - INFO - [server_grpc.py:157] - 客户端 1 检查训练状态，当前next_step=True, count=2
2025-04-29 06:49:24 - INFO - [server_grpc.py:310] - 向客户端 2 提供第4轮全局模型
2025-04-29 06:49:24 - INFO - [server_grpc.py:162] - 客户端 1 获得训练许可，count增加到 3/3
2025-04-29 06:49:24 - INFO - [server_grpc.py:166] - 所有客户端已获得训练许可，重置next_step=False, count=0
2025-04-29 06:49:24 - INFO - [client_grpc.py:238] - 所有客户端已就绪，开始请求全局模型
2025-04-29 06:49:24 - INFO - [server_grpc.py:310] - 向客户端 1 提供第4轮全局模型
2025-04-29 06:49:25 - INFO - [client_grpc.py:249] - 客户端 1 请求第 4 轮的全局模型
2025-04-29 06:49:25 - INFO - [client_grpc.py:253] - 全局模型指标 - 准确率: 0.8198, 精确率: 0.6398, 召回率: 0.4044, F1分数: 0.4956, AUC-ROC: 0.7624
2025-04-29 06:49:25 - INFO - [client_grpc.py:256] - 客户端 1 更新模型参数
2025-04-29 06:49:25 - INFO - [client_grpc.py:217] - 开始第 5 轮训练
2025-04-29 06:49:25 - INFO - [client_grpc.py:117] - 本地训练完成，评估指标: {'accuracy': 0.8325, 'precision': 0.6944444444444444, 'recall': 0.3698224852071006, 'f1': 0.4826254826254826, 'auc_roc': 0.7443922955016458}
2025-04-29 06:49:32 - INFO - [server_grpc.py:245] - 接收到客户端 2 的密文参数更新，轮次: 5
2025-04-29 06:49:32 - INFO - [server_grpc.py:274] - 存储客户端 2 密文参数（未解密），当前轮次 5 已提交 1/3个客户端
2025-04-29 06:49:32 - INFO - [server_grpc.py:157] - 客户端 2 检查训练状态，当前next_step=False, count=0
2025-04-29 06:49:32 - INFO - [server_grpc.py:245] - 接收到客户端 3 的密文参数更新，轮次: 5
2025-04-29 06:49:32 - INFO - [server_grpc.py:274] - 存储客户端 3 密文参数（未解密），当前轮次 5 已提交 2/3个客户端
2025-04-29 06:49:32 - INFO - [server_grpc.py:157] - 客户端 3 检查训练状态，当前next_step=False, count=0
2025-04-29 06:49:32 - INFO - [server_grpc.py:157] - 客户端 2 检查训练状态，当前next_step=False, count=0
2025-04-29 06:49:32 - INFO - [server_grpc.py:245] - 接收到客户端 1 的密文参数更新，轮次: 5
2025-04-29 06:49:32 - INFO - [server_grpc.py:274] - 存储客户端 1 密文参数（未解密），当前轮次 5 已提交 3/3个客户端
2025-04-29 06:49:32 - INFO - [server_grpc.py:277] - 轮次 5 所有客户端参数已收集完毕，开始聚合
2025-04-29 06:49:32 - INFO - [server_grpc.py:373] - 开始同态加密参数聚合
2025-04-29 06:49:32 - INFO - [server_grpc.py:378] - 同态聚合权重: [0.3333333333333333, 0.3333333333333333, 0.3333333333333333]
2025-04-29 06:49:35 - INFO - [server_grpc.py:381] - 全局模型参数更新完成（同态加密聚合+解密）
2025-04-29 06:49:35 - INFO - [server_grpc.py:384] - 全局模型在轮次 5 的性能: {'accuracy': 0.8196666666666667, 'precision': 0.6389891696750902, 'recall': 0.4044173648134044, 'f1': 0.49533582089552236, 'auc_roc': 0.7622964525203075}
2025-04-29 06:49:35 - INFO - [server_grpc.py:388] - 轮次 5 处理完成
2025-04-29 06:49:35 - INFO - [server_grpc.py:157] - 客户端 3 检查训练状态，当前next_step=True, count=0
2025-04-29 06:49:35 - INFO - [client_grpc.py:222] - 客户端 1 提交轮次 5 的密文参数更新
2025-04-29 06:49:35 - INFO - [server_grpc.py:162] - 客户端 3 获得训练许可，count增加到 1/3
2025-04-29 06:49:35 - INFO - [server_grpc.py:157] - 客户端 2 检查训练状态，当前next_step=True, count=1
2025-04-29 06:49:35 - INFO - [server_grpc.py:162] - 客户端 2 获得训练许可，count增加到 2/3
2025-04-29 06:49:35 - INFO - [server_grpc.py:157] - 客户端 1 检查训练状态，当前next_step=True, count=2
2025-04-29 06:49:35 - INFO - [server_grpc.py:162] - 客户端 1 获得训练许可，count增加到 3/3
2025-04-29 06:49:35 - INFO - [server_grpc.py:166] - 所有客户端已获得训练许可，重置next_step=False, count=0
2025-04-29 06:49:35 - INFO - [client_grpc.py:238] - 所有客户端已就绪，开始请求全局模型
2025-04-29 06:49:35 - INFO - [server_grpc.py:310] - 向客户端 2 提供第5轮全局模型
2025-04-29 06:49:35 - INFO - [server_grpc.py:310] - 向客户端 3 提供第5轮全局模型
2025-04-29 06:49:35 - INFO - [server_grpc.py:310] - 向客户端 1 提供第5轮全局模型
2025-04-29 06:49:35 - INFO - [client_grpc.py:249] - 客户端 1 请求第 5 轮的全局模型
2025-04-29 06:49:35 - INFO - [client_grpc.py:253] - 全局模型指标 - 准确率: 0.8197, 精确率: 0.6390, 召回率: 0.4044, F1分数: 0.4953, AUC-ROC: 0.7623
2025-04-29 06:49:35 - INFO - [client_grpc.py:256] - 客户端 1 更新模型参数
2025-04-29 06:49:35 - INFO - [client_grpc.py:217] - 开始第 6 轮训练
2025-04-29 06:49:35 - INFO - [client_grpc.py:117] - 本地训练完成，评估指标: {'accuracy': 0.8325, 'precision': 0.6944444444444444, 'recall': 0.3698224852071006, 'f1': 0.4826254826254826, 'auc_roc': 0.7440992507431614}
2025-04-29 06:49:42 - INFO - [server_grpc.py:245] - 接收到客户端 1 的密文参数更新，轮次: 6
2025-04-29 06:49:42 - INFO - [server_grpc.py:274] - 存储客户端 1 密文参数（未解密），当前轮次 6 已提交 1/3个客户端
2025-04-29 06:49:42 - INFO - [client_grpc.py:222] - 客户端 1 提交轮次 6 的密文参数更新
2025-04-29 06:49:42 - INFO - [server_grpc.py:157] - 客户端 1 检查训练状态，当前next_step=False, count=0
2025-04-29 06:49:42 - INFO - [client_grpc.py:234] - 等待其他客户端提交参数 (3/3)
2025-04-29 06:49:42 - INFO - [server_grpc.py:157] - 客户端 1 检查训练状态，当前next_step=False, count=0
2025-04-29 06:49:42 - INFO - [client_grpc.py:234] - 等待其他客户端提交参数 (3/3)
2025-04-29 06:49:42 - INFO - [server_grpc.py:245] - 接收到客户端 2 的密文参数更新，轮次: 6
2025-04-29 06:49:42 - INFO - [server_grpc.py:274] - 存储客户端 2 密文参数（未解密），当前轮次 6 已提交 2/3个客户端
2025-04-29 06:49:42 - INFO - [server_grpc.py:157] - 客户端 2 检查训练状态，当前next_step=False, count=0
2025-04-29 06:49:42 - INFO - [server_grpc.py:245] - 接收到客户端 3 的密文参数更新，轮次: 6
2025-04-29 06:49:42 - INFO - [server_grpc.py:274] - 存储客户端 3 密文参数（未解密），当前轮次 6 已提交 3/3个客户端
2025-04-29 06:49:42 - INFO - [server_grpc.py:277] - 轮次 6 所有客户端参数已收集完毕，开始聚合
2025-04-29 06:49:42 - INFO - [server_grpc.py:373] - 开始同态加密参数聚合
2025-04-29 06:49:42 - INFO - [server_grpc.py:378] - 同态聚合权重: [0.3333333333333333, 0.3333333333333333, 0.3333333333333333]
2025-04-29 06:49:45 - INFO - [server_grpc.py:381] - 全局模型参数更新完成（同态加密聚合+解密）
2025-04-29 06:49:45 - INFO - [server_grpc.py:384] - 全局模型在轮次 6 的性能: {'accuracy': 0.82, 'precision': 0.6405307599517491, 'recall': 0.4044173648134044, 'f1': 0.49579831932773105, 'auc_roc': 0.7622295045312577}
2025-04-29 06:49:45 - INFO - [server_grpc.py:388] - 轮次 6 处理完成
2025-04-29 06:49:45 - INFO - [server_grpc.py:157] - 客户端 1 检查训练状态，当前next_step=True, count=0
2025-04-29 06:49:45 - INFO - [server_grpc.py:162] - 客户端 1 获得训练许可，count增加到 1/3
2025-04-29 06:49:45 - INFO - [server_grpc.py:157] - 客户端 2 检查训练状态，当前next_step=True, count=1
2025-04-29 06:49:45 - INFO - [client_grpc.py:238] - 所有客户端已就绪，开始请求全局模型
2025-04-29 06:49:45 - INFO - [server_grpc.py:162] - 客户端 2 获得训练许可，count增加到 2/3
2025-04-29 06:49:45 - INFO - [server_grpc.py:310] - 向客户端 1 提供第6轮全局模型
2025-04-29 06:49:45 - INFO - [server_grpc.py:310] - 向客户端 2 提供第6轮全局模型
2025-04-29 06:49:45 - INFO - [server_grpc.py:157] - 客户端 3 检查训练状态，当前next_step=True, count=2
2025-04-29 06:49:45 - INFO - [server_grpc.py:162] - 客户端 3 获得训练许可，count增加到 3/3
2025-04-29 06:49:45 - INFO - [server_grpc.py:166] - 所有客户端已获得训练许可，重置next_step=False, count=0
2025-04-29 06:49:45 - INFO - [server_grpc.py:310] - 向客户端 3 提供第6轮全局模型
2025-04-29 06:49:45 - INFO - [client_grpc.py:249] - 客户端 1 请求第 6 轮的全局模型
2025-04-29 06:49:45 - INFO - [client_grpc.py:253] - 全局模型指标 - 准确率: 0.8200, 精确率: 0.6405, 召回率: 0.4044, F1分数: 0.4958, AUC-ROC: 0.7622
2025-04-29 06:49:45 - INFO - [client_grpc.py:256] - 客户端 1 更新模型参数
2025-04-29 06:49:45 - INFO - [client_grpc.py:217] - 开始第 7 轮训练
2025-04-29 06:49:45 - INFO - [client_grpc.py:117] - 本地训练完成，评估指标: {'accuracy': 0.8325, 'precision': 0.6944444444444444, 'recall': 0.3698224852071006, 'f1': 0.4826254826254826, 'auc_roc': 0.7445564005663968}
2025-04-29 06:49:53 - INFO - [server_grpc.py:245] - 接收到客户端 1 的密文参数更新，轮次: 7
2025-04-29 06:49:53 - INFO - [server_grpc.py:274] - 存储客户端 1 密文参数（未解密），当前轮次 7 已提交 1/3个客户端
2025-04-29 06:49:53 - INFO - [client_grpc.py:222] - 客户端 1 提交轮次 7 的密文参数更新
2025-04-29 06:49:53 - INFO - [server_grpc.py:157] - 客户端 1 检查训练状态，当前next_step=False, count=0
2025-04-29 06:49:53 - INFO - [client_grpc.py:234] - 等待其他客户端提交参数 (3/3)
2025-04-29 06:49:53 - INFO - [server_grpc.py:157] - 客户端 1 检查训练状态，当前next_step=False, count=0
2025-04-29 06:49:53 - INFO - [client_grpc.py:234] - 等待其他客户端提交参数 (3/3)
2025-04-29 06:49:53 - INFO - [server_grpc.py:157] - 客户端 1 检查训练状态，当前next_step=False, count=0
2025-04-29 06:49:53 - INFO - [client_grpc.py:234] - 等待其他客户端提交参数 (3/3)
2025-04-29 06:49:53 - INFO - [server_grpc.py:245] - 接收到客户端 3 的密文参数更新，轮次: 7
2025-04-29 06:49:53 - INFO - [server_grpc.py:274] - 存储客户端 3 密文参数（未解密），当前轮次 7 已提交 2/3个客户端
2025-04-29 06:49:53 - INFO - [server_grpc.py:157] - 客户端 3 检查训练状态，当前next_step=False, count=0
2025-04-29 06:49:53 - INFO - [server_grpc.py:157] - 客户端 1 检查训练状态，当前next_step=False, count=0
2025-04-29 06:49:53 - INFO - [client_grpc.py:234] - 等待其他客户端提交参数 (3/3)
2025-04-29 06:49:53 - INFO - [server_grpc.py:245] - 接收到客户端 2 的密文参数更新，轮次: 7
2025-04-29 06:49:53 - INFO - [server_grpc.py:274] - 存储客户端 2 密文参数（未解密），当前轮次 7 已提交 3/3个客户端
2025-04-29 06:49:53 - INFO - [server_grpc.py:277] - 轮次 7 所有客户端参数已收集完毕，开始聚合
2025-04-29 06:49:53 - INFO - [server_grpc.py:373] - 开始同态加密参数聚合
2025-04-29 06:49:53 - INFO - [server_grpc.py:378] - 同态聚合权重: [0.3333333333333333, 0.3333333333333333, 0.3333333333333333]
2025-04-29 06:49:55 - INFO - [server_grpc.py:381] - 全局模型参数更新完成（同态加密聚合+解密）
2025-04-29 06:49:55 - INFO - [server_grpc.py:384] - 全局模型在轮次 7 的性能: {'accuracy': 0.8198333333333333, 'precision': 0.6400966183574879, 'recall': 0.4036557501904037, 'f1': 0.49509574964969644, 'auc_roc': 0.7623014898689982}
2025-04-29 06:49:55 - INFO - [server_grpc.py:388] - 轮次 7 处理完成
2025-04-29 06:49:55 - INFO - [server_grpc.py:157] - 客户端 3 检查训练状态，当前next_step=True, count=0
2025-04-29 06:49:55 - INFO - [server_grpc.py:162] - 客户端 3 获得训练许可，count增加到 1/3
2025-04-29 06:49:55 - INFO - [server_grpc.py:157] - 客户端 1 检查训练状态，当前next_step=True, count=1
2025-04-29 06:49:55 - INFO - [server_grpc.py:162] - 客户端 1 获得训练许可，count增加到 2/3
2025-04-29 06:49:55 - INFO - [server_grpc.py:157] - 客户端 2 检查训练状态，当前next_step=True, count=2
2025-04-29 06:49:55 - INFO - [server_grpc.py:162] - 客户端 2 获得训练许可，count增加到 3/3
2025-04-29 06:49:55 - INFO - [server_grpc.py:166] - 所有客户端已获得训练许可，重置next_step=False, count=0
2025-04-29 06:49:55 - INFO - [client_grpc.py:238] - 所有客户端已就绪，开始请求全局模型
2025-04-29 06:49:55 - INFO - [server_grpc.py:310] - 向客户端 3 提供第7轮全局模型
2025-04-29 06:49:55 - INFO - [server_grpc.py:310] - 向客户端 1 提供第7轮全局模型
2025-04-29 06:49:55 - INFO - [server_grpc.py:310] - 向客户端 2 提供第7轮全局模型
2025-04-29 06:49:56 - INFO - [client_grpc.py:249] - 客户端 1 请求第 7 轮的全局模型
2025-04-29 06:49:56 - INFO - [client_grpc.py:253] - 全局模型指标 - 准确率: 0.8198, 精确率: 0.6401, 召回率: 0.4037, F1分数: 0.4951, AUC-ROC: 0.7623
2025-04-29 06:49:56 - INFO - [client_grpc.py:256] - 客户端 1 更新模型参数
2025-04-29 06:49:56 - INFO - [client_grpc.py:217] - 开始第 8 轮训练
2025-04-29 06:49:56 - INFO - [client_grpc.py:117] - 本地训练完成，评估指标: {'accuracy': 0.8325, 'precision': 0.6944444444444444, 'recall': 0.3698224852071006, 'f1': 0.4826254826254826, 'auc_roc': 0.7449479083637318}
2025-04-29 06:50:03 - INFO - [server_grpc.py:245] - 接收到客户端 3 的密文参数更新，轮次: 8
2025-04-29 06:50:03 - INFO - [server_grpc.py:274] - 存储客户端 3 密文参数（未解密），当前轮次 8 已提交 1/3个客户端
2025-04-29 06:50:03 - INFO - [server_grpc.py:157] - 客户端 3 检查训练状态，当前next_step=False, count=0
2025-04-29 06:50:03 - INFO - [server_grpc.py:245] - 接收到客户端 2 的密文参数更新，轮次: 8
2025-04-29 06:50:03 - INFO - [server_grpc.py:274] - 存储客户端 2 密文参数（未解密），当前轮次 8 已提交 2/3个客户端
2025-04-29 06:50:03 - INFO - [server_grpc.py:157] - 客户端 2 检查训练状态，当前next_step=False, count=0
2025-04-29 06:50:03 - INFO - [server_grpc.py:245] - 接收到客户端 1 的密文参数更新，轮次: 8
2025-04-29 06:50:03 - INFO - [server_grpc.py:274] - 存储客户端 1 密文参数（未解密），当前轮次 8 已提交 3/3个客户端
2025-04-29 06:50:03 - INFO - [server_grpc.py:277] - 轮次 8 所有客户端参数已收集完毕，开始聚合
2025-04-29 06:50:03 - INFO - [server_grpc.py:373] - 开始同态加密参数聚合
2025-04-29 06:50:03 - INFO - [server_grpc.py:378] - 同态聚合权重: [0.3333333333333333, 0.3333333333333333, 0.3333333333333333]
2025-04-29 06:50:06 - INFO - [server_grpc.py:381] - 全局模型参数更新完成（同态加密聚合+解密）
2025-04-29 06:50:06 - INFO - [server_grpc.py:384] - 全局模型在轮次 8 的性能: {'accuracy': 0.8196666666666667, 'precision': 0.6389891696750902, 'recall': 0.4044173648134044, 'f1': 0.49533582089552236, 'auc_roc': 0.7623419511536422}
2025-04-29 06:50:06 - INFO - [server_grpc.py:388] - 轮次 8 处理完成
2025-04-29 06:50:06 - INFO - [client_grpc.py:222] - 客户端 1 提交轮次 8 的密文参数更新
2025-04-29 06:50:06 - INFO - [server_grpc.py:157] - 客户端 3 检查训练状态，当前next_step=True, count=0
2025-04-29 06:50:06 - INFO - [server_grpc.py:162] - 客户端 3 获得训练许可，count增加到 1/3
2025-04-29 06:50:06 - INFO - [server_grpc.py:157] - 客户端 2 检查训练状态，当前next_step=True, count=1
2025-04-29 06:50:06 - INFO - [server_grpc.py:162] - 客户端 2 获得训练许可，count增加到 2/3
2025-04-29 06:50:06 - INFO - [server_grpc.py:157] - 客户端 1 检查训练状态，当前next_step=True, count=2
2025-04-29 06:50:06 - INFO - [server_grpc.py:162] - 客户端 1 获得训练许可，count增加到 3/3
2025-04-29 06:50:06 - INFO - [server_grpc.py:166] - 所有客户端已获得训练许可，重置next_step=False, count=0
2025-04-29 06:50:06 - INFO - [server_grpc.py:310] - 向客户端 3 提供第8轮全局模型
2025-04-29 06:50:06 - INFO - [client_grpc.py:238] - 所有客户端已就绪，开始请求全局模型
2025-04-29 06:50:06 - INFO - [server_grpc.py:310] - 向客户端 2 提供第8轮全局模型
2025-04-29 06:50:06 - INFO - [server_grpc.py:310] - 向客户端 1 提供第8轮全局模型
2025-04-29 06:50:06 - INFO - [client_grpc.py:249] - 客户端 1 请求第 8 轮的全局模型
2025-04-29 06:50:06 - INFO - [client_grpc.py:253] - 全局模型指标 - 准确率: 0.8197, 精确率: 0.6390, 召回率: 0.4044, F1分数: 0.4953, AUC-ROC: 0.7623
2025-04-29 06:50:06 - INFO - [client_grpc.py:256] - 客户端 1 更新模型参数
2025-04-29 06:50:06 - INFO - [client_grpc.py:217] - 开始第 9 轮训练
2025-04-29 06:50:06 - INFO - [client_grpc.py:117] - 本地训练完成，评估指标: {'accuracy': 0.8325, 'precision': 0.6944444444444444, 'recall': 0.3698224852071006, 'f1': 0.4826254826254826, 'auc_roc': 0.7447345717795554}
2025-04-29 06:50:13 - INFO - [server_grpc.py:245] - 接收到客户端 1 的密文参数更新，轮次: 9
2025-04-29 06:50:13 - INFO - [server_grpc.py:274] - 存储客户端 1 密文参数（未解密），当前轮次 9 已提交 1/3个客户端
2025-04-29 06:50:13 - INFO - [client_grpc.py:222] - 客户端 1 提交轮次 9 的密文参数更新
2025-04-29 06:50:13 - INFO - [server_grpc.py:157] - 客户端 1 检查训练状态，当前next_step=False, count=0
2025-04-29 06:50:13 - INFO - [client_grpc.py:234] - 等待其他客户端提交参数 (3/3)
2025-04-29 06:50:13 - INFO - [server_grpc.py:157] - 客户端 1 检查训练状态，当前next_step=False, count=0
2025-04-29 06:50:13 - INFO - [client_grpc.py:234] - 等待其他客户端提交参数 (3/3)
2025-04-29 06:50:13 - INFO - [server_grpc.py:157] - 客户端 1 检查训练状态，当前next_step=False, count=0
2025-04-29 06:50:13 - INFO - [client_grpc.py:234] - 等待其他客户端提交参数 (3/3)
2025-04-29 06:50:13 - INFO - [server_grpc.py:245] - 接收到客户端 2 的密文参数更新，轮次: 9
2025-04-29 06:50:13 - INFO - [server_grpc.py:274] - 存储客户端 2 密文参数（未解密），当前轮次 9 已提交 2/3个客户端
2025-04-29 06:50:13 - INFO - [server_grpc.py:157] - 客户端 2 检查训练状态，当前next_step=False, count=0
2025-04-29 06:50:14 - INFO - [server_grpc.py:245] - 接收到客户端 3 的密文参数更新，轮次: 9
2025-04-29 06:50:14 - INFO - [server_grpc.py:274] - 存储客户端 3 密文参数（未解密），当前轮次 9 已提交 3/3个客户端
2025-04-29 06:50:14 - INFO - [server_grpc.py:277] - 轮次 9 所有客户端参数已收集完毕，开始聚合
2025-04-29 06:50:14 - INFO - [server_grpc.py:373] - 开始同态加密参数聚合
2025-04-29 06:50:14 - INFO - [server_grpc.py:378] - 同态聚合权重: [0.3333333333333333, 0.3333333333333333, 0.3333333333333333]
2025-04-29 06:50:16 - INFO - [server_grpc.py:381] - 全局模型参数更新完成（同态加密聚合+解密）
2025-04-29 06:50:16 - INFO - [server_grpc.py:384] - 全局模型在轮次 9 的性能: {'accuracy': 0.8195, 'precision': 0.6388888888888888, 'recall': 0.4028941355674029, 'f1': 0.494161606725829, 'auc_roc': 0.7622810154839974}
2025-04-29 06:50:16 - INFO - [server_grpc.py:388] - 轮次 9 处理完成
2025-04-29 06:50:16 - INFO - [server_grpc.py:157] - 客户端 2 检查训练状态，当前next_step=True, count=0
2025-04-29 06:50:16 - INFO - [server_grpc.py:162] - 客户端 2 获得训练许可，count增加到 1/3
2025-04-29 06:50:16 - INFO - [server_grpc.py:157] - 客户端 1 检查训练状态，当前next_step=True, count=1
2025-04-29 06:50:16 - INFO - [server_grpc.py:162] - 客户端 1 获得训练许可，count增加到 2/3
2025-04-29 06:50:16 - INFO - [client_grpc.py:238] - 所有客户端已就绪，开始请求全局模型
2025-04-29 06:50:16 - INFO - [server_grpc.py:157] - 客户端 3 检查训练状态，当前next_step=True, count=2
2025-04-29 06:50:16 - INFO - [server_grpc.py:162] - 客户端 3 获得训练许可，count增加到 3/3
2025-04-29 06:50:16 - INFO - [server_grpc.py:310] - 向客户端 2 提供第9轮全局模型
2025-04-29 06:50:16 - INFO - [server_grpc.py:310] - 向客户端 1 提供第9轮全局模型
2025-04-29 06:50:16 - INFO - [server_grpc.py:166] - 所有客户端已获得训练许可，重置next_step=False, count=0
2025-04-29 06:50:16 - INFO - [server_grpc.py:310] - 向客户端 3 提供第9轮全局模型
2025-04-29 06:50:16 - INFO - [client_grpc.py:249] - 客户端 1 请求第 9 轮的全局模型
2025-04-29 06:50:16 - INFO - [client_grpc.py:253] - 全局模型指标 - 准确率: 0.8195, 精确率: 0.6389, 召回率: 0.4029, F1分数: 0.4942, AUC-ROC: 0.7623
2025-04-29 06:50:16 - INFO - [client_grpc.py:256] - 客户端 1 更新模型参数
2025-04-29 06:50:16 - INFO - [client_grpc.py:217] - 开始第 10 轮训练
2025-04-29 06:50:16 - INFO - [client_grpc.py:117] - 本地训练完成，评估指标: {'accuracy': 0.831875, 'precision': 0.6927374301675978, 'recall': 0.3668639053254438, 'f1': 0.4796905222437137, 'auc_roc': 0.7446150095180937}
2025-04-29 06:50:24 - INFO - [server_grpc.py:245] - 接收到客户端 1 的密文参数更新，轮次: 10
2025-04-29 06:50:24 - INFO - [server_grpc.py:274] - 存储客户端 1 密文参数（未解密），当前轮次 10 已提交 1/3个客户端
2025-04-29 06:50:24 - INFO - [server_grpc.py:245] - 接收到客户端 2 的密文参数更新，轮次: 10
2025-04-29 06:50:24 - INFO - [client_grpc.py:222] - 客户端 1 提交轮次 10 的密文参数更新
2025-04-29 06:50:24 - INFO - [server_grpc.py:274] - 存储客户端 2 密文参数（未解密），当前轮次 10 已提交 2/3个客户端
2025-04-29 06:50:24 - INFO - [server_grpc.py:157] - 客户端 1 检查训练状态，当前next_step=False, count=0
2025-04-29 06:50:24 - INFO - [client_grpc.py:234] - 等待其他客户端提交参数 (3/3)
2025-04-29 06:50:24 - INFO - [server_grpc.py:157] - 客户端 2 检查训练状态，当前next_step=False, count=0
2025-04-29 06:50:24 - INFO - [server_grpc.py:245] - 接收到客户端 3 的密文参数更新，轮次: 10
2025-04-29 06:50:24 - INFO - [server_grpc.py:274] - 存储客户端 3 密文参数（未解密），当前轮次 10 已提交 3/3个客户端
2025-04-29 06:50:24 - INFO - [server_grpc.py:277] - 轮次 10 所有客户端参数已收集完毕，开始聚合
2025-04-29 06:50:24 - INFO - [server_grpc.py:373] - 开始同态加密参数聚合
2025-04-29 06:50:24 - INFO - [server_grpc.py:378] - 同态聚合权重: [0.3333333333333333, 0.3333333333333333, 0.3333333333333333]
2025-04-29 06:50:26 - INFO - [server_grpc.py:381] - 全局模型参数更新完成（同态加密聚合+解密）
2025-04-29 06:50:26 - INFO - [server_grpc.py:384] - 全局模型在轮次 10 的性能: {'accuracy': 0.8198333333333333, 'precision': 0.6397590361445783, 'recall': 0.4044173648134044, 'f1': 0.4955669622025199, 'auc_roc': 0.762316439419951}
2025-04-29 06:50:26 - INFO - [server_grpc.py:388] - 轮次 10 处理完成
2025-04-29 06:50:26 - INFO - [server_grpc.py:282] - 达到最大轮次 10，结束训练
2025-04-29 06:50:26 - INFO - [server_grpc.py:286] - 联邦学习流程总耗时: 102.79 秒
2025-04-29 06:50:26 - INFO - [server_grpc.py:157] - 客户端 1 检查训练状态，当前next_step=True, count=0
2025-04-29 06:50:26 - INFO - [server_grpc.py:162] - 客户端 1 获得训练许可，count增加到 1/3
2025-04-29 06:50:26 - INFO - [server_grpc.py:157] - 客户端 2 检查训练状态，当前next_step=True, count=1
2025-04-29 06:50:26 - INFO - [server_grpc.py:162] - 客户端 2 获得训练许可，count增加到 2/3
2025-04-29 06:50:26 - INFO - [client_grpc.py:238] - 所有客户端已就绪，开始请求全局模型
2025-04-29 06:50:26 - INFO - [server_grpc.py:157] - 客户端 3 检查训练状态，当前next_step=True, count=2
2025-04-29 06:50:26 - INFO - [server_grpc.py:162] - 客户端 3 获得训练许可，count增加到 3/3
2025-04-29 06:50:26 - INFO - [server_grpc.py:310] - 向客户端 2 提供第10轮全局模型
2025-04-29 06:50:26 - INFO - [server_grpc.py:310] - 向客户端 1 提供第10轮全局模型
2025-04-29 06:50:26 - INFO - [server_grpc.py:166] - 所有客户端已获得训练许可，重置next_step=False, count=0
2025-04-29 06:50:26 - INFO - [server_grpc.py:310] - 向客户端 3 提供第10轮全局模型
2025-04-29 06:50:26 - INFO - [client_grpc.py:249] - 客户端 1 请求第 10 轮的全局模型
2025-04-29 06:50:26 - INFO - [client_grpc.py:253] - 全局模型指标 - 准确率: 0.8198, 精确率: 0.6398, 召回率: 0.4044, F1分数: 0.4956, AUC-ROC: 0.7623
2025-04-29 06:50:26 - INFO - [client_grpc.py:256] - 客户端 1 更新模型参数
2025-04-29 06:50:26 - INFO - [client_grpc.py:258] - 客户端 1 完成训练
2025-04-29 06:50:26 - INFO - [client_grpc.py:265] - 已关闭gRPC通道
