2025-04-14 16:54:18 - INFO - [logging_config.py:55] - 日志文件已创建: logs\20250414_165418.log
2025-04-14 16:54:20 - INFO - [main.py:54] - 
=== 运行联邦学习实验 ===
2025-04-14 16:54:20 - INFO - [main.py:41] - 添加逻辑回归模型...
2025-04-14 16:54:20 - INFO - [main.py:44] - 添加神经网络模型...
2025-04-14 16:54:20 - INFO - [base_experiment.py:39] - 成功加载标准化数据: 训练集 (24000, 26), 测试集 (6000, 26)
2025-04-14 16:54:20 - INFO - [base_experiment.py:49] - 成功加载非标准化数据: 训练集 (24000, 23), 测试集 (6000, 23)
2025-04-14 16:54:20 - INFO - [federated.py:126] - 
=== 开始 logistic 的联邦学习 ===
2025-04-14 16:54:20 - INFO - [federated.py:133] - 使用标准化数据训练模型 logistic
2025-04-14 16:54:20 - INFO - [federated.py:30] - 开始数据分割,总样本数: 24000, 客户端数: 3
2025-04-14 16:54:20 - INFO - [federated.py:34] - 每个客户端平均数据量: 8000
2025-04-14 16:54:20 - INFO - [federated.py:48] - 客户端0数据量: 8000
2025-04-14 16:54:20 - INFO - [federated.py:48] - 客户端1数据量: 8000
2025-04-14 16:54:20 - INFO - [federated.py:48] - 客户端2数据量: 8000
2025-04-14 16:54:20 - INFO - [fed_server.py:50] - 
=== LogisticRegression 联邦学习第 1 轮 ===
2025-04-14 16:54:20 - INFO - [fed_server.py:72] - 全局模型评估指标:
2025-04-14 16:54:20 - INFO - [fed_server.py:73] - Accuracy: 0.8188
2025-04-14 16:54:20 - INFO - [fed_server.py:74] - Precision: 0.6375
2025-04-14 16:54:20 - INFO - [fed_server.py:75] - Recall: 0.3991
2025-04-14 16:54:20 - INFO - [fed_server.py:76] - F1 Score: 0.4909
2025-04-14 16:54:20 - INFO - [fed_server.py:77] - AUC-ROC: 0.7632
2025-04-14 16:54:20 - INFO - [fed_server.py:50] - 
=== LogisticRegression 联邦学习第 2 轮 ===
2025-04-14 16:54:21 - INFO - [fed_server.py:72] - 全局模型评估指标:
2025-04-14 16:54:21 - INFO - [fed_server.py:73] - Accuracy: 0.8190
2025-04-14 16:54:21 - INFO - [fed_server.py:74] - Precision: 0.6379
2025-04-14 16:54:21 - INFO - [fed_server.py:75] - Recall: 0.3998
2025-04-14 16:54:21 - INFO - [fed_server.py:76] - F1 Score: 0.4916
2025-04-14 16:54:21 - INFO - [fed_server.py:77] - AUC-ROC: 0.7628
2025-04-14 16:54:21 - INFO - [fed_server.py:50] - 
=== LogisticRegression 联邦学习第 3 轮 ===
2025-04-14 16:54:21 - INFO - [fed_server.py:72] - 全局模型评估指标:
2025-04-14 16:54:21 - INFO - [fed_server.py:73] - Accuracy: 0.8190
2025-04-14 16:54:21 - INFO - [fed_server.py:74] - Precision: 0.6379
2025-04-14 16:54:21 - INFO - [fed_server.py:75] - Recall: 0.3998
2025-04-14 16:54:21 - INFO - [fed_server.py:76] - F1 Score: 0.4916
2025-04-14 16:54:21 - INFO - [fed_server.py:77] - AUC-ROC: 0.7631
2025-04-14 16:54:21 - INFO - [fed_server.py:50] - 
=== LogisticRegression 联邦学习第 4 轮 ===
2025-04-14 16:54:21 - INFO - [fed_server.py:72] - 全局模型评估指标:
2025-04-14 16:54:21 - INFO - [fed_server.py:73] - Accuracy: 0.8190
2025-04-14 16:54:21 - INFO - [fed_server.py:74] - Precision: 0.6379
2025-04-14 16:54:21 - INFO - [fed_server.py:75] - Recall: 0.3998
2025-04-14 16:54:21 - INFO - [fed_server.py:76] - F1 Score: 0.4916
2025-04-14 16:54:21 - INFO - [fed_server.py:77] - AUC-ROC: 0.7632
2025-04-14 16:54:21 - INFO - [fed_server.py:50] - 
=== LogisticRegression 联邦学习第 5 轮 ===
2025-04-14 16:54:21 - INFO - [fed_server.py:72] - 全局模型评估指标:
2025-04-14 16:54:21 - INFO - [fed_server.py:73] - Accuracy: 0.8190
2025-04-14 16:54:21 - INFO - [fed_server.py:74] - Precision: 0.6379
2025-04-14 16:54:21 - INFO - [fed_server.py:75] - Recall: 0.3998
2025-04-14 16:54:21 - INFO - [fed_server.py:76] - F1 Score: 0.4916
2025-04-14 16:54:21 - INFO - [fed_server.py:77] - AUC-ROC: 0.7630
2025-04-14 16:54:21 - INFO - [fed_server.py:50] - 
=== LogisticRegression 联邦学习第 6 轮 ===
2025-04-14 16:54:21 - INFO - [fed_server.py:72] - 全局模型评估指标:
2025-04-14 16:54:21 - INFO - [fed_server.py:73] - Accuracy: 0.8190
2025-04-14 16:54:21 - INFO - [fed_server.py:74] - Precision: 0.6379
2025-04-14 16:54:21 - INFO - [fed_server.py:75] - Recall: 0.3998
2025-04-14 16:54:21 - INFO - [fed_server.py:76] - F1 Score: 0.4916
2025-04-14 16:54:21 - INFO - [fed_server.py:77] - AUC-ROC: 0.7632
2025-04-14 16:54:21 - INFO - [fed_server.py:50] - 
=== LogisticRegression 联邦学习第 7 轮 ===
2025-04-14 16:54:21 - INFO - [fed_server.py:72] - 全局模型评估指标:
2025-04-14 16:54:21 - INFO - [fed_server.py:73] - Accuracy: 0.8188
2025-04-14 16:54:21 - INFO - [fed_server.py:74] - Precision: 0.6375
2025-04-14 16:54:21 - INFO - [fed_server.py:75] - Recall: 0.3991
2025-04-14 16:54:21 - INFO - [fed_server.py:76] - F1 Score: 0.4909
2025-04-14 16:54:21 - INFO - [fed_server.py:77] - AUC-ROC: 0.7632
2025-04-14 16:54:21 - INFO - [fed_server.py:50] - 
=== LogisticRegression 联邦学习第 8 轮 ===
2025-04-14 16:54:22 - INFO - [fed_server.py:72] - 全局模型评估指标:
2025-04-14 16:54:22 - INFO - [fed_server.py:73] - Accuracy: 0.8190
2025-04-14 16:54:22 - INFO - [fed_server.py:74] - Precision: 0.6379
2025-04-14 16:54:22 - INFO - [fed_server.py:75] - Recall: 0.3998
2025-04-14 16:54:22 - INFO - [fed_server.py:76] - F1 Score: 0.4916
2025-04-14 16:54:22 - INFO - [fed_server.py:77] - AUC-ROC: 0.7631
2025-04-14 16:54:22 - INFO - [fed_server.py:50] - 
=== LogisticRegression 联邦学习第 9 轮 ===
2025-04-14 16:54:22 - INFO - [fed_server.py:72] - 全局模型评估指标:
2025-04-14 16:54:22 - INFO - [fed_server.py:73] - Accuracy: 0.8190
2025-04-14 16:54:22 - INFO - [fed_server.py:74] - Precision: 0.6379
2025-04-14 16:54:22 - INFO - [fed_server.py:75] - Recall: 0.3998
2025-04-14 16:54:22 - INFO - [fed_server.py:76] - F1 Score: 0.4916
2025-04-14 16:54:22 - INFO - [fed_server.py:77] - AUC-ROC: 0.7630
2025-04-14 16:54:22 - INFO - [fed_server.py:50] - 
=== LogisticRegression 联邦学习第 10 轮 ===
2025-04-14 16:54:22 - INFO - [fed_server.py:72] - 最终评估 - 全局模型评估指标:
2025-04-14 16:54:22 - INFO - [fed_server.py:73] - 最终评估 - Accuracy: 0.8190
2025-04-14 16:54:22 - INFO - [fed_server.py:74] - 最终评估 - Precision: 0.6379
2025-04-14 16:54:22 - INFO - [fed_server.py:75] - 最终评估 - Recall: 0.3998
2025-04-14 16:54:22 - INFO - [fed_server.py:76] - 最终评估 - F1 Score: 0.4916
2025-04-14 16:54:22 - INFO - [fed_server.py:77] - 最终评估 - AUC-ROC: 0.7632
2025-04-14 16:54:22 - INFO - [federated.py:126] - 
=== 开始 neural_net 的联邦学习 ===
2025-04-14 16:54:22 - INFO - [federated.py:133] - 使用标准化数据训练模型 neural_net
2025-04-14 16:54:22 - INFO - [federated.py:30] - 开始数据分割,总样本数: 24000, 客户端数: 3
2025-04-14 16:54:22 - INFO - [federated.py:34] - 每个客户端平均数据量: 8000
2025-04-14 16:54:22 - INFO - [federated.py:48] - 客户端0数据量: 8000
2025-04-14 16:54:22 - INFO - [federated.py:48] - 客户端1数据量: 8000
2025-04-14 16:54:22 - INFO - [federated.py:48] - 客户端2数据量: 8000
2025-04-14 16:54:22 - INFO - [fed_server.py:50] - 
=== NeuralNet 联邦学习第 1 轮 ===
2025-04-14 16:54:23 - INFO - [neural_net.py:119] - Epoch [1/10], Loss: 1.0771
2025-04-14 16:54:24 - INFO - [neural_net.py:119] - Epoch [2/10], Loss: 0.9567
2025-04-14 16:54:24 - INFO - [neural_net.py:119] - Epoch [3/10], Loss: 0.9220
2025-04-14 16:54:24 - INFO - [neural_net.py:119] - Epoch [4/10], Loss: 0.9051
2025-04-14 16:54:24 - INFO - [neural_net.py:119] - Epoch [5/10], Loss: 0.8939
2025-04-14 16:54:24 - INFO - [neural_net.py:119] - Epoch [6/10], Loss: 0.8929
2025-04-14 16:54:24 - INFO - [neural_net.py:119] - Epoch [7/10], Loss: 0.8804
2025-04-14 16:54:25 - INFO - [neural_net.py:119] - Epoch [8/10], Loss: 0.8790
2025-04-14 16:54:25 - INFO - [neural_net.py:119] - Epoch [9/10], Loss: 0.8757
2025-04-14 16:54:25 - INFO - [neural_net.py:119] - Epoch [10/10], Loss: 0.8686
2025-04-14 16:54:25 - INFO - [neural_net.py:119] - Epoch [1/10], Loss: 1.0477
2025-04-14 16:54:25 - INFO - [neural_net.py:119] - Epoch [2/10], Loss: 0.9926
2025-04-14 16:54:25 - INFO - [neural_net.py:119] - Epoch [3/10], Loss: 0.9521
2025-04-14 16:54:26 - INFO - [neural_net.py:119] - Epoch [4/10], Loss: 0.9436
2025-04-14 16:54:26 - INFO - [neural_net.py:119] - Epoch [5/10], Loss: 0.9315
2025-04-14 16:54:26 - INFO - [neural_net.py:119] - Epoch [6/10], Loss: 0.9388
2025-04-14 16:54:26 - INFO - [neural_net.py:119] - Epoch [7/10], Loss: 0.9215
2025-04-14 16:54:26 - INFO - [neural_net.py:119] - Epoch [8/10], Loss: 0.9203
2025-04-14 16:54:26 - INFO - [neural_net.py:119] - Epoch [9/10], Loss: 0.9184
2025-04-14 16:54:27 - INFO - [neural_net.py:119] - Epoch [10/10], Loss: 0.9067
2025-04-14 16:54:27 - INFO - [neural_net.py:119] - Epoch [1/10], Loss: 1.0921
2025-04-14 16:54:27 - INFO - [neural_net.py:119] - Epoch [2/10], Loss: 0.9730
2025-04-14 16:54:27 - INFO - [neural_net.py:119] - Epoch [3/10], Loss: 0.9470
2025-04-14 16:54:27 - INFO - [neural_net.py:119] - Epoch [4/10], Loss: 0.9331
2025-04-14 16:54:27 - INFO - [neural_net.py:119] - Epoch [5/10], Loss: 0.9167
2025-04-14 16:54:28 - INFO - [neural_net.py:119] - Epoch [6/10], Loss: 0.9196
2025-04-14 16:54:28 - INFO - [neural_net.py:119] - Epoch [7/10], Loss: 0.9120
2025-04-14 16:54:28 - INFO - [neural_net.py:119] - Epoch [8/10], Loss: 0.9032
2025-04-14 16:54:28 - INFO - [neural_net.py:119] - Epoch [9/10], Loss: 0.9055
2025-04-14 16:54:28 - INFO - [neural_net.py:119] - Epoch [10/10], Loss: 0.9022
2025-04-14 16:54:28 - INFO - [fed_server.py:72] - 全局模型评估指标:
2025-04-14 16:54:28 - INFO - [fed_server.py:73] - Accuracy: 0.8030
2025-04-14 16:54:28 - INFO - [fed_server.py:74] - Precision: 0.5962
2025-04-14 16:54:28 - INFO - [fed_server.py:75] - Recall: 0.3092
2025-04-14 16:54:28 - INFO - [fed_server.py:76] - F1 Score: 0.4072
2025-04-14 16:54:28 - INFO - [fed_server.py:77] - AUC-ROC: 0.7317
2025-04-14 16:54:28 - INFO - [fed_server.py:50] - 
=== NeuralNet 联邦学习第 2 轮 ===
2025-04-14 16:54:28 - INFO - [neural_net.py:119] - Epoch [1/10], Loss: 0.9136
2025-04-14 16:54:29 - INFO - [neural_net.py:119] - Epoch [2/10], Loss: 0.8859
2025-04-14 16:54:29 - INFO - [neural_net.py:119] - Epoch [3/10], Loss: 0.8774
2025-04-14 16:54:29 - INFO - [neural_net.py:119] - Epoch [4/10], Loss: 0.8711
2025-04-14 16:54:29 - INFO - [neural_net.py:119] - Epoch [5/10], Loss: 0.8625
2025-04-14 16:54:29 - INFO - [neural_net.py:119] - Epoch [6/10], Loss: 0.8602
2025-04-14 16:54:29 - INFO - [neural_net.py:119] - Epoch [7/10], Loss: 0.8575
2025-04-14 16:54:29 - INFO - [neural_net.py:119] - Epoch [8/10], Loss: 0.8531
2025-04-14 16:54:30 - INFO - [neural_net.py:119] - Epoch [9/10], Loss: 0.8487
2025-04-14 16:54:30 - INFO - [neural_net.py:119] - Epoch [10/10], Loss: 0.8524
2025-04-14 16:54:30 - INFO - [neural_net.py:119] - Epoch [1/10], Loss: 0.9169
2025-04-14 16:54:30 - INFO - [neural_net.py:119] - Epoch [2/10], Loss: 0.8980
2025-04-14 16:54:30 - INFO - [neural_net.py:119] - Epoch [3/10], Loss: 0.8933
2025-04-14 16:54:30 - INFO - [neural_net.py:119] - Epoch [4/10], Loss: 0.8906
2025-04-14 16:54:31 - INFO - [neural_net.py:119] - Epoch [5/10], Loss: 0.8846
2025-04-14 16:54:31 - INFO - [neural_net.py:119] - Epoch [6/10], Loss: 0.8875
2025-04-14 16:54:31 - INFO - [neural_net.py:119] - Epoch [7/10], Loss: 0.8917
2025-04-14 16:54:31 - INFO - [neural_net.py:119] - Epoch [8/10], Loss: 0.8891
2025-04-14 16:54:31 - INFO - [neural_net.py:119] - Epoch [9/10], Loss: 0.8794
2025-04-14 16:54:31 - INFO - [neural_net.py:119] - Epoch [10/10], Loss: 0.8780
2025-04-14 16:54:31 - INFO - [neural_net.py:119] - Epoch [1/10], Loss: 0.8978
2025-04-14 16:54:32 - INFO - [neural_net.py:119] - Epoch [2/10], Loss: 0.8898
2025-04-14 16:54:32 - INFO - [neural_net.py:119] - Epoch [3/10], Loss: 0.8818
2025-04-14 16:54:32 - INFO - [neural_net.py:119] - Epoch [4/10], Loss: 0.8735
2025-04-14 16:54:32 - INFO - [neural_net.py:119] - Epoch [5/10], Loss: 0.8720
2025-04-14 16:54:32 - INFO - [neural_net.py:119] - Epoch [6/10], Loss: 0.8758
2025-04-14 16:54:32 - INFO - [neural_net.py:119] - Epoch [7/10], Loss: 0.8690
2025-04-14 16:54:33 - INFO - [neural_net.py:119] - Epoch [8/10], Loss: 0.8666
2025-04-14 16:54:33 - INFO - [neural_net.py:119] - Epoch [9/10], Loss: 0.8666
2025-04-14 16:54:33 - INFO - [neural_net.py:119] - Epoch [10/10], Loss: 0.8704
2025-04-14 16:54:33 - INFO - [fed_server.py:72] - 全局模型评估指标:
2025-04-14 16:54:33 - INFO - [fed_server.py:73] - Accuracy: 0.8170
2025-04-14 16:54:33 - INFO - [fed_server.py:74] - Precision: 0.6362
2025-04-14 16:54:33 - INFO - [fed_server.py:75] - Recall: 0.3823
2025-04-14 16:54:33 - INFO - [fed_server.py:76] - F1 Score: 0.4776
2025-04-14 16:54:33 - INFO - [fed_server.py:77] - AUC-ROC: 0.7650
2025-04-14 16:54:33 - INFO - [fed_server.py:50] - 
=== NeuralNet 联邦学习第 3 轮 ===
2025-04-14 16:54:33 - INFO - [neural_net.py:119] - Epoch [1/10], Loss: 0.8644
2025-04-14 16:54:33 - INFO - [neural_net.py:119] - Epoch [2/10], Loss: 0.8587
2025-04-14 16:54:33 - INFO - [neural_net.py:119] - Epoch [3/10], Loss: 0.8489
2025-04-14 16:54:34 - INFO - [neural_net.py:119] - Epoch [4/10], Loss: 0.8511
2025-04-14 16:54:34 - INFO - [neural_net.py:119] - Epoch [5/10], Loss: 0.8447
2025-04-14 16:54:34 - INFO - [neural_net.py:119] - Epoch [6/10], Loss: 0.8431
2025-04-14 16:54:34 - INFO - [neural_net.py:119] - Epoch [7/10], Loss: 0.8394
2025-04-14 16:54:34 - INFO - [neural_net.py:119] - Epoch [8/10], Loss: 0.8386
2025-04-14 16:54:34 - INFO - [neural_net.py:119] - Epoch [9/10], Loss: 0.8377
2025-04-14 16:54:34 - INFO - [neural_net.py:119] - Epoch [10/10], Loss: 0.8300
2025-04-14 16:54:35 - INFO - [neural_net.py:119] - Epoch [1/10], Loss: 0.8993
2025-04-14 16:54:35 - INFO - [neural_net.py:119] - Epoch [2/10], Loss: 0.8835
2025-04-14 16:54:35 - INFO - [neural_net.py:119] - Epoch [3/10], Loss: 0.8800
2025-04-14 16:54:35 - INFO - [neural_net.py:119] - Epoch [4/10], Loss: 0.8749
2025-04-14 16:54:35 - INFO - [neural_net.py:119] - Epoch [5/10], Loss: 0.8726
2025-04-14 16:54:35 - INFO - [neural_net.py:119] - Epoch [6/10], Loss: 0.8768
2025-04-14 16:54:36 - INFO - [neural_net.py:119] - Epoch [7/10], Loss: 0.8730
2025-04-14 16:54:36 - INFO - [neural_net.py:119] - Epoch [8/10], Loss: 0.8685
2025-04-14 16:54:36 - INFO - [neural_net.py:119] - Epoch [9/10], Loss: 0.8646
2025-04-14 16:54:36 - INFO - [neural_net.py:119] - Epoch [10/10], Loss: 0.8644
2025-04-14 16:54:36 - INFO - [neural_net.py:119] - Epoch [1/10], Loss: 0.8855
2025-04-14 16:54:37 - INFO - [neural_net.py:119] - Epoch [2/10], Loss: 0.8745
2025-04-14 16:54:37 - INFO - [neural_net.py:119] - Epoch [3/10], Loss: 0.8709
2025-04-14 16:54:37 - INFO - [neural_net.py:119] - Epoch [4/10], Loss: 0.8665
2025-04-14 16:54:37 - INFO - [neural_net.py:119] - Epoch [5/10], Loss: 0.8628
2025-04-14 16:54:37 - INFO - [neural_net.py:119] - Epoch [6/10], Loss: 0.8630
2025-04-14 16:54:37 - INFO - [neural_net.py:119] - Epoch [7/10], Loss: 0.8545
2025-04-14 16:54:37 - INFO - [neural_net.py:119] - Epoch [8/10], Loss: 0.8553
2025-04-14 16:54:38 - INFO - [neural_net.py:119] - Epoch [9/10], Loss: 0.8538
2025-04-14 16:54:38 - INFO - [neural_net.py:119] - Epoch [10/10], Loss: 0.8530
2025-04-14 16:54:38 - INFO - [fed_server.py:72] - 全局模型评估指标:
2025-04-14 16:54:38 - INFO - [fed_server.py:73] - Accuracy: 0.8185
2025-04-14 16:54:38 - INFO - [fed_server.py:74] - Precision: 0.6582
2025-04-14 16:54:38 - INFO - [fed_server.py:75] - Recall: 0.3549
2025-04-14 16:54:38 - INFO - [fed_server.py:76] - F1 Score: 0.4612
2025-04-14 16:54:38 - INFO - [fed_server.py:77] - AUC-ROC: 0.7677
2025-04-14 16:54:38 - INFO - [fed_server.py:50] - 
=== NeuralNet 联邦学习第 4 轮 ===
2025-04-14 16:54:38 - INFO - [neural_net.py:119] - Epoch [1/10], Loss: 0.8589
2025-04-14 16:54:38 - INFO - [neural_net.py:119] - Epoch [2/10], Loss: 0.8417
2025-04-14 16:54:38 - INFO - [neural_net.py:119] - Epoch [3/10], Loss: 0.8356
2025-04-14 16:54:39 - INFO - [neural_net.py:119] - Epoch [4/10], Loss: 0.8369
2025-04-14 16:54:39 - INFO - [neural_net.py:119] - Epoch [5/10], Loss: 0.8339
2025-04-14 16:54:39 - INFO - [neural_net.py:119] - Epoch [6/10], Loss: 0.8267
2025-04-14 16:54:39 - INFO - [neural_net.py:119] - Epoch [7/10], Loss: 0.8356
2025-04-14 16:54:39 - INFO - [neural_net.py:119] - Epoch [8/10], Loss: 0.8319
2025-04-14 16:54:39 - INFO - [neural_net.py:119] - Epoch [9/10], Loss: 0.8169
2025-04-14 16:54:40 - INFO - [neural_net.py:119] - Epoch [10/10], Loss: 0.8257
2025-04-14 16:54:40 - INFO - [neural_net.py:119] - Epoch [1/10], Loss: 0.8949
2025-04-14 16:54:40 - INFO - [neural_net.py:119] - Epoch [2/10], Loss: 0.8825
2025-04-14 16:54:40 - INFO - [neural_net.py:119] - Epoch [3/10], Loss: 0.8724
2025-04-14 16:54:40 - INFO - [neural_net.py:119] - Epoch [4/10], Loss: 0.8784
2025-04-14 16:54:40 - INFO - [neural_net.py:119] - Epoch [5/10], Loss: 0.8673
2025-04-14 16:54:41 - INFO - [neural_net.py:119] - Epoch [6/10], Loss: 0.8655
2025-04-14 16:54:41 - INFO - [neural_net.py:119] - Epoch [7/10], Loss: 0.8635
2025-04-14 16:54:41 - INFO - [neural_net.py:119] - Epoch [8/10], Loss: 0.8596
2025-04-14 16:54:41 - INFO - [neural_net.py:119] - Epoch [9/10], Loss: 0.8566
2025-04-14 16:54:41 - INFO - [neural_net.py:119] - Epoch [10/10], Loss: 0.8592
2025-04-14 16:54:41 - INFO - [neural_net.py:119] - Epoch [1/10], Loss: 0.8800
2025-04-14 16:54:42 - INFO - [neural_net.py:119] - Epoch [2/10], Loss: 0.8659
2025-04-14 16:54:42 - INFO - [neural_net.py:119] - Epoch [3/10], Loss: 0.8660
2025-04-14 16:54:42 - INFO - [neural_net.py:119] - Epoch [4/10], Loss: 0.8664
2025-04-14 16:54:42 - INFO - [neural_net.py:119] - Epoch [5/10], Loss: 0.8555
2025-04-14 16:54:42 - INFO - [neural_net.py:119] - Epoch [6/10], Loss: 0.8500
2025-04-14 16:54:43 - INFO - [neural_net.py:119] - Epoch [7/10], Loss: 0.8469
2025-04-14 16:54:43 - INFO - [neural_net.py:119] - Epoch [8/10], Loss: 0.8440
2025-04-14 16:54:43 - INFO - [neural_net.py:119] - Epoch [9/10], Loss: 0.8390
2025-04-14 16:54:43 - INFO - [neural_net.py:119] - Epoch [10/10], Loss: 0.8431
2025-04-14 16:54:43 - INFO - [fed_server.py:72] - 全局模型评估指标:
2025-04-14 16:54:43 - INFO - [fed_server.py:73] - Accuracy: 0.8178
2025-04-14 16:54:43 - INFO - [fed_server.py:74] - Precision: 0.6618
2025-04-14 16:54:43 - INFO - [fed_server.py:75] - Recall: 0.3427
2025-04-14 16:54:43 - INFO - [fed_server.py:76] - F1 Score: 0.4516
2025-04-14 16:54:43 - INFO - [fed_server.py:77] - AUC-ROC: 0.7658
2025-04-14 16:54:43 - INFO - [fed_server.py:50] - 
=== NeuralNet 联邦学习第 5 轮 ===
2025-04-14 16:54:43 - INFO - [neural_net.py:119] - Epoch [1/10], Loss: 0.8580
2025-04-14 16:54:44 - INFO - [neural_net.py:119] - Epoch [2/10], Loss: 0.8425
2025-04-14 16:54:44 - INFO - [neural_net.py:119] - Epoch [3/10], Loss: 0.8353
2025-04-14 16:54:44 - INFO - [neural_net.py:119] - Epoch [4/10], Loss: 0.8282
2025-04-14 16:54:44 - INFO - [neural_net.py:119] - Epoch [5/10], Loss: 0.8260
2025-04-14 16:54:44 - INFO - [neural_net.py:119] - Epoch [6/10], Loss: 0.8231
2025-04-14 16:54:44 - INFO - [neural_net.py:119] - Epoch [7/10], Loss: 0.8123
2025-04-14 16:54:44 - INFO - [neural_net.py:119] - Epoch [8/10], Loss: 0.8172
2025-04-14 16:54:45 - INFO - [neural_net.py:119] - Epoch [9/10], Loss: 0.8216
2025-04-14 16:54:45 - INFO - [neural_net.py:119] - Epoch [10/10], Loss: 0.8142
2025-04-14 16:54:45 - INFO - [neural_net.py:119] - Epoch [1/10], Loss: 0.8968
2025-04-14 16:54:45 - INFO - [neural_net.py:119] - Epoch [2/10], Loss: 0.8825
2025-04-14 16:54:45 - INFO - [neural_net.py:119] - Epoch [3/10], Loss: 0.8672
2025-04-14 16:54:45 - INFO - [neural_net.py:119] - Epoch [4/10], Loss: 0.8687
2025-04-14 16:54:46 - INFO - [neural_net.py:119] - Epoch [5/10], Loss: 0.8595
2025-04-14 16:54:46 - INFO - [neural_net.py:119] - Epoch [6/10], Loss: 0.8653
2025-04-14 16:54:46 - INFO - [neural_net.py:119] - Epoch [7/10], Loss: 0.8557
2025-04-14 16:54:46 - INFO - [neural_net.py:119] - Epoch [8/10], Loss: 0.8542
2025-04-14 16:54:46 - INFO - [neural_net.py:119] - Epoch [9/10], Loss: 0.8557
2025-04-14 16:54:46 - INFO - [neural_net.py:119] - Epoch [10/10], Loss: 0.8470
2025-04-14 16:54:47 - INFO - [neural_net.py:119] - Epoch [1/10], Loss: 0.8825
2025-04-14 16:54:47 - INFO - [neural_net.py:119] - Epoch [2/10], Loss: 0.8664
2025-04-14 16:54:47 - INFO - [neural_net.py:119] - Epoch [3/10], Loss: 0.8536
2025-04-14 16:54:47 - INFO - [neural_net.py:119] - Epoch [4/10], Loss: 0.8460
2025-04-14 16:54:47 - INFO - [neural_net.py:119] - Epoch [5/10], Loss: 0.8458
2025-04-14 16:54:47 - INFO - [neural_net.py:119] - Epoch [6/10], Loss: 0.8428
2025-04-14 16:54:48 - INFO - [neural_net.py:119] - Epoch [7/10], Loss: 0.8388
2025-04-14 16:54:48 - INFO - [neural_net.py:119] - Epoch [8/10], Loss: 0.8377
2025-04-14 16:54:48 - INFO - [neural_net.py:119] - Epoch [9/10], Loss: 0.8346
2025-04-14 16:54:48 - INFO - [neural_net.py:119] - Epoch [10/10], Loss: 0.8349
2025-04-14 16:54:48 - INFO - [fed_server.py:72] - 全局模型评估指标:
2025-04-14 16:54:48 - INFO - [fed_server.py:73] - Accuracy: 0.8195
2025-04-14 16:54:48 - INFO - [fed_server.py:74] - Precision: 0.6753
2025-04-14 16:54:48 - INFO - [fed_server.py:75] - Recall: 0.3374
2025-04-14 16:54:48 - INFO - [fed_server.py:76] - F1 Score: 0.4500
2025-04-14 16:54:48 - INFO - [fed_server.py:77] - AUC-ROC: 0.7684
2025-04-14 16:54:48 - INFO - [fed_server.py:50] - 
=== NeuralNet 联邦学习第 6 轮 ===
2025-04-14 16:54:48 - INFO - [neural_net.py:119] - Epoch [1/10], Loss: 0.8563
2025-04-14 16:54:49 - INFO - [neural_net.py:119] - Epoch [2/10], Loss: 0.8366
2025-04-14 16:54:49 - INFO - [neural_net.py:119] - Epoch [3/10], Loss: 0.8341
2025-04-14 16:54:49 - INFO - [neural_net.py:119] - Epoch [4/10], Loss: 0.8316
2025-04-14 16:54:49 - INFO - [neural_net.py:119] - Epoch [5/10], Loss: 0.8213
2025-04-14 16:54:49 - INFO - [neural_net.py:119] - Epoch [6/10], Loss: 0.8206
2025-04-14 16:54:49 - INFO - [neural_net.py:119] - Epoch [7/10], Loss: 0.8190
2025-04-14 16:54:50 - INFO - [neural_net.py:119] - Epoch [8/10], Loss: 0.8147
2025-04-14 16:54:50 - INFO - [neural_net.py:119] - Epoch [9/10], Loss: 0.8079
2025-04-14 16:54:50 - INFO - [neural_net.py:119] - Epoch [10/10], Loss: 0.8056
2025-04-14 16:54:50 - INFO - [neural_net.py:119] - Epoch [1/10], Loss: 0.8962
2025-04-14 16:54:50 - INFO - [neural_net.py:119] - Epoch [2/10], Loss: 0.8657
2025-04-14 16:54:50 - INFO - [neural_net.py:119] - Epoch [3/10], Loss: 0.8648
2025-04-14 16:54:51 - INFO - [neural_net.py:119] - Epoch [4/10], Loss: 0.8619
2025-04-14 16:54:51 - INFO - [neural_net.py:119] - Epoch [5/10], Loss: 0.8499
2025-04-14 16:54:51 - INFO - [neural_net.py:119] - Epoch [6/10], Loss: 0.8513
2025-04-14 16:54:51 - INFO - [neural_net.py:119] - Epoch [7/10], Loss: 0.8440
2025-04-14 16:54:51 - INFO - [neural_net.py:119] - Epoch [8/10], Loss: 0.8449
2025-04-14 16:54:51 - INFO - [neural_net.py:119] - Epoch [9/10], Loss: 0.8447
2025-04-14 16:54:52 - INFO - [neural_net.py:119] - Epoch [10/10], Loss: 0.8502
2025-04-14 16:54:52 - INFO - [neural_net.py:119] - Epoch [1/10], Loss: 0.8724
2025-04-14 16:54:52 - INFO - [neural_net.py:119] - Epoch [2/10], Loss: 0.8645
2025-04-14 16:54:52 - INFO - [neural_net.py:119] - Epoch [3/10], Loss: 0.8469
2025-04-14 16:54:52 - INFO - [neural_net.py:119] - Epoch [4/10], Loss: 0.8508
2025-04-14 16:54:52 - INFO - [neural_net.py:119] - Epoch [5/10], Loss: 0.8373
2025-04-14 16:54:52 - INFO - [neural_net.py:119] - Epoch [6/10], Loss: 0.8452
2025-04-14 16:54:53 - INFO - [neural_net.py:119] - Epoch [7/10], Loss: 0.8311
2025-04-14 16:54:53 - INFO - [neural_net.py:119] - Epoch [8/10], Loss: 0.8323
2025-04-14 16:54:53 - INFO - [neural_net.py:119] - Epoch [9/10], Loss: 0.8281
2025-04-14 16:54:53 - INFO - [neural_net.py:119] - Epoch [10/10], Loss: 0.8280
2025-04-14 16:54:53 - INFO - [fed_server.py:72] - 全局模型评估指标:
2025-04-14 16:54:53 - INFO - [fed_server.py:73] - Accuracy: 0.8177
2025-04-14 16:54:53 - INFO - [fed_server.py:74] - Precision: 0.6603
2025-04-14 16:54:53 - INFO - [fed_server.py:75] - Recall: 0.3435
2025-04-14 16:54:53 - INFO - [fed_server.py:76] - F1 Score: 0.4519
2025-04-14 16:54:53 - INFO - [fed_server.py:77] - AUC-ROC: 0.7624
2025-04-14 16:54:53 - INFO - [fed_server.py:50] - 
=== NeuralNet 联邦学习第 7 轮 ===
2025-04-14 16:54:53 - INFO - [neural_net.py:119] - Epoch [1/10], Loss: 0.8553
2025-04-14 16:54:54 - INFO - [neural_net.py:119] - Epoch [2/10], Loss: 0.8345
2025-04-14 16:54:54 - INFO - [neural_net.py:119] - Epoch [3/10], Loss: 0.8284
2025-04-14 16:54:54 - INFO - [neural_net.py:119] - Epoch [4/10], Loss: 0.8189
2025-04-14 16:54:54 - INFO - [neural_net.py:119] - Epoch [5/10], Loss: 0.8066
2025-04-14 16:54:54 - INFO - [neural_net.py:119] - Epoch [6/10], Loss: 0.8109
2025-04-14 16:54:54 - INFO - [neural_net.py:119] - Epoch [7/10], Loss: 0.8153
2025-04-14 16:54:55 - INFO - [neural_net.py:119] - Epoch [8/10], Loss: 0.8080
2025-04-14 16:54:55 - INFO - [neural_net.py:119] - Epoch [9/10], Loss: 0.8067
2025-04-14 16:54:55 - INFO - [neural_net.py:119] - Epoch [10/10], Loss: 0.8039
2025-04-14 16:54:55 - INFO - [neural_net.py:119] - Epoch [1/10], Loss: 0.8919
2025-04-14 16:54:55 - INFO - [neural_net.py:119] - Epoch [2/10], Loss: 0.8687
2025-04-14 16:54:55 - INFO - [neural_net.py:119] - Epoch [3/10], Loss: 0.8617
2025-04-14 16:54:56 - INFO - [neural_net.py:119] - Epoch [4/10], Loss: 0.8502
2025-04-14 16:54:56 - INFO - [neural_net.py:119] - Epoch [5/10], Loss: 0.8497
2025-04-14 16:54:56 - INFO - [neural_net.py:119] - Epoch [6/10], Loss: 0.8475
2025-04-14 16:54:56 - INFO - [neural_net.py:119] - Epoch [7/10], Loss: 0.8451
2025-04-14 16:54:56 - INFO - [neural_net.py:119] - Epoch [8/10], Loss: 0.8466
2025-04-14 16:54:56 - INFO - [neural_net.py:119] - Epoch [9/10], Loss: 0.8457
2025-04-14 16:54:57 - INFO - [neural_net.py:119] - Epoch [10/10], Loss: 0.8405
2025-04-14 16:54:57 - INFO - [neural_net.py:119] - Epoch [1/10], Loss: 0.8678
2025-04-14 16:54:57 - INFO - [neural_net.py:119] - Epoch [2/10], Loss: 0.8541
2025-04-14 16:54:57 - INFO - [neural_net.py:119] - Epoch [3/10], Loss: 0.8434
2025-04-14 16:54:57 - INFO - [neural_net.py:119] - Epoch [4/10], Loss: 0.8401
2025-04-14 16:54:57 - INFO - [neural_net.py:119] - Epoch [5/10], Loss: 0.8345
2025-04-14 16:54:58 - INFO - [neural_net.py:119] - Epoch [6/10], Loss: 0.8352
2025-04-14 16:54:58 - INFO - [neural_net.py:119] - Epoch [7/10], Loss: 0.8358
2025-04-14 16:54:58 - INFO - [neural_net.py:119] - Epoch [8/10], Loss: 0.8323
2025-04-14 16:54:58 - INFO - [neural_net.py:119] - Epoch [9/10], Loss: 0.8249
2025-04-14 16:54:58 - INFO - [neural_net.py:119] - Epoch [10/10], Loss: 0.8276
2025-04-14 16:54:58 - INFO - [fed_server.py:72] - 全局模型评估指标:
2025-04-14 16:54:58 - INFO - [fed_server.py:73] - Accuracy: 0.8167
2025-04-14 16:54:58 - INFO - [fed_server.py:74] - Precision: 0.6426
2025-04-14 16:54:58 - INFO - [fed_server.py:75] - Recall: 0.3656
2025-04-14 16:54:58 - INFO - [fed_server.py:76] - F1 Score: 0.4660
2025-04-14 16:54:58 - INFO - [fed_server.py:77] - AUC-ROC: 0.7661
2025-04-14 16:54:58 - INFO - [fed_server.py:50] - 
=== NeuralNet 联邦学习第 8 轮 ===
2025-04-14 16:54:59 - INFO - [neural_net.py:119] - Epoch [1/10], Loss: 0.8515
2025-04-14 16:54:59 - INFO - [neural_net.py:119] - Epoch [2/10], Loss: 0.8307
2025-04-14 16:54:59 - INFO - [neural_net.py:119] - Epoch [3/10], Loss: 0.8313
2025-04-14 16:54:59 - INFO - [neural_net.py:119] - Epoch [4/10], Loss: 0.8172
2025-04-14 16:54:59 - INFO - [neural_net.py:119] - Epoch [5/10], Loss: 0.8147
2025-04-14 16:54:59 - INFO - [neural_net.py:119] - Epoch [6/10], Loss: 0.8111
2025-04-14 16:55:00 - INFO - [neural_net.py:119] - Epoch [7/10], Loss: 0.8074
2025-04-14 16:55:00 - INFO - [neural_net.py:119] - Epoch [8/10], Loss: 0.8000
2025-04-14 16:55:00 - INFO - [neural_net.py:119] - Epoch [9/10], Loss: 0.8003
2025-04-14 16:55:00 - INFO - [neural_net.py:119] - Epoch [10/10], Loss: 0.8002
2025-04-14 16:55:00 - INFO - [neural_net.py:119] - Epoch [1/10], Loss: 0.8874
2025-04-14 16:55:00 - INFO - [neural_net.py:119] - Epoch [2/10], Loss: 0.8718
2025-04-14 16:55:01 - INFO - [neural_net.py:119] - Epoch [3/10], Loss: 0.8593
2025-04-14 16:55:01 - INFO - [neural_net.py:119] - Epoch [4/10], Loss: 0.8521
2025-04-14 16:55:01 - INFO - [neural_net.py:119] - Epoch [5/10], Loss: 0.8468
2025-04-14 16:55:01 - INFO - [neural_net.py:119] - Epoch [6/10], Loss: 0.8409
2025-04-14 16:55:01 - INFO - [neural_net.py:119] - Epoch [7/10], Loss: 0.8477
2025-04-14 16:55:02 - INFO - [neural_net.py:119] - Epoch [8/10], Loss: 0.8431
2025-04-14 16:55:02 - INFO - [neural_net.py:119] - Epoch [9/10], Loss: 0.8382
2025-04-14 16:55:02 - INFO - [neural_net.py:119] - Epoch [10/10], Loss: 0.8355
2025-04-14 16:55:02 - INFO - [neural_net.py:119] - Epoch [1/10], Loss: 0.8702
2025-04-14 16:55:02 - INFO - [neural_net.py:119] - Epoch [2/10], Loss: 0.8505
2025-04-14 16:55:03 - INFO - [neural_net.py:119] - Epoch [3/10], Loss: 0.8447
2025-04-14 16:55:03 - INFO - [neural_net.py:119] - Epoch [4/10], Loss: 0.8413
2025-04-14 16:55:03 - INFO - [neural_net.py:119] - Epoch [5/10], Loss: 0.8310
2025-04-14 16:55:03 - INFO - [neural_net.py:119] - Epoch [6/10], Loss: 0.8344
2025-04-14 16:55:03 - INFO - [neural_net.py:119] - Epoch [7/10], Loss: 0.8227
2025-04-14 16:55:03 - INFO - [neural_net.py:119] - Epoch [8/10], Loss: 0.8227
2025-04-14 16:55:04 - INFO - [neural_net.py:119] - Epoch [9/10], Loss: 0.8218
2025-04-14 16:55:04 - INFO - [neural_net.py:119] - Epoch [10/10], Loss: 0.8172
2025-04-14 16:55:04 - INFO - [fed_server.py:72] - 全局模型评估指标:
2025-04-14 16:55:04 - INFO - [fed_server.py:73] - Accuracy: 0.8162
2025-04-14 16:55:04 - INFO - [fed_server.py:74] - Precision: 0.6581
2025-04-14 16:55:04 - INFO - [fed_server.py:75] - Recall: 0.3328
2025-04-14 16:55:04 - INFO - [fed_server.py:76] - F1 Score: 0.4421
2025-04-14 16:55:04 - INFO - [fed_server.py:77] - AUC-ROC: 0.7614
2025-04-14 16:55:04 - INFO - [fed_server.py:50] - 
=== NeuralNet 联邦学习第 9 轮 ===
2025-04-14 16:55:04 - INFO - [neural_net.py:119] - Epoch [1/10], Loss: 0.8439
2025-04-14 16:55:04 - INFO - [neural_net.py:119] - Epoch [2/10], Loss: 0.8265
2025-04-14 16:55:04 - INFO - [neural_net.py:119] - Epoch [3/10], Loss: 0.8164
2025-04-14 16:55:04 - INFO - [neural_net.py:119] - Epoch [4/10], Loss: 0.8131
2025-04-14 16:55:05 - INFO - [neural_net.py:119] - Epoch [5/10], Loss: 0.8159
2025-04-14 16:55:05 - INFO - [neural_net.py:119] - Epoch [6/10], Loss: 0.8052
2025-04-14 16:55:05 - INFO - [neural_net.py:119] - Epoch [7/10], Loss: 0.7993
2025-04-14 16:55:05 - INFO - [neural_net.py:119] - Epoch [8/10], Loss: 0.8078
2025-04-14 16:55:05 - INFO - [neural_net.py:119] - Epoch [9/10], Loss: 0.7930
2025-04-14 16:55:05 - INFO - [neural_net.py:119] - Epoch [10/10], Loss: 0.7942
2025-04-14 16:55:06 - INFO - [neural_net.py:119] - Epoch [1/10], Loss: 0.8814
2025-04-14 16:55:06 - INFO - [neural_net.py:119] - Epoch [2/10], Loss: 0.8608
2025-04-14 16:55:06 - INFO - [neural_net.py:119] - Epoch [3/10], Loss: 0.8579
2025-04-14 16:55:06 - INFO - [neural_net.py:119] - Epoch [4/10], Loss: 0.8474
2025-04-14 16:55:06 - INFO - [neural_net.py:119] - Epoch [5/10], Loss: 0.8419
2025-04-14 16:55:06 - INFO - [neural_net.py:119] - Epoch [6/10], Loss: 0.8369
2025-04-14 16:55:07 - INFO - [neural_net.py:119] - Epoch [7/10], Loss: 0.8359
2025-04-14 16:55:07 - INFO - [neural_net.py:119] - Epoch [8/10], Loss: 0.8298
2025-04-14 16:55:07 - INFO - [neural_net.py:119] - Epoch [9/10], Loss: 0.8379
2025-04-14 16:55:07 - INFO - [neural_net.py:119] - Epoch [10/10], Loss: 0.8233
2025-04-14 16:55:07 - INFO - [neural_net.py:119] - Epoch [1/10], Loss: 0.8735
2025-04-14 16:55:08 - INFO - [neural_net.py:119] - Epoch [2/10], Loss: 0.8440
2025-04-14 16:55:08 - INFO - [neural_net.py:119] - Epoch [3/10], Loss: 0.8411
2025-04-14 16:55:08 - INFO - [neural_net.py:119] - Epoch [4/10], Loss: 0.8374
2025-04-14 16:55:08 - INFO - [neural_net.py:119] - Epoch [5/10], Loss: 0.8297
2025-04-14 16:55:08 - INFO - [neural_net.py:119] - Epoch [6/10], Loss: 0.8264
2025-04-14 16:55:08 - INFO - [neural_net.py:119] - Epoch [7/10], Loss: 0.8141
2025-04-14 16:55:08 - INFO - [neural_net.py:119] - Epoch [8/10], Loss: 0.8108
2025-04-14 16:55:09 - INFO - [neural_net.py:119] - Epoch [9/10], Loss: 0.8173
2025-04-14 16:55:09 - INFO - [neural_net.py:119] - Epoch [10/10], Loss: 0.8210
2025-04-14 16:55:09 - INFO - [fed_server.py:72] - 全局模型评估指标:
2025-04-14 16:55:09 - INFO - [fed_server.py:73] - Accuracy: 0.8152
2025-04-14 16:55:09 - INFO - [fed_server.py:74] - Precision: 0.6409
2025-04-14 16:55:09 - INFO - [fed_server.py:75] - Recall: 0.3534
2025-04-14 16:55:09 - INFO - [fed_server.py:76] - F1 Score: 0.4556
2025-04-14 16:55:09 - INFO - [fed_server.py:77] - AUC-ROC: 0.7621
2025-04-14 16:55:09 - INFO - [fed_server.py:50] - 
=== NeuralNet 联邦学习第 10 轮 ===
2025-04-14 16:55:09 - INFO - [neural_net.py:119] - Epoch [1/10], Loss: 0.8555
2025-04-14 16:55:09 - INFO - [neural_net.py:119] - Epoch [2/10], Loss: 0.8285
2025-04-14 16:55:09 - INFO - [neural_net.py:119] - Epoch [3/10], Loss: 0.8174
2025-04-14 16:55:10 - INFO - [neural_net.py:119] - Epoch [4/10], Loss: 0.8237
2025-04-14 16:55:10 - INFO - [neural_net.py:119] - Epoch [5/10], Loss: 0.8007
2025-04-14 16:55:10 - INFO - [neural_net.py:119] - Epoch [6/10], Loss: 0.8036
2025-04-14 16:55:10 - INFO - [neural_net.py:119] - Epoch [7/10], Loss: 0.7976
2025-04-14 16:55:10 - INFO - [neural_net.py:119] - Epoch [8/10], Loss: 0.7947
2025-04-14 16:55:10 - INFO - [neural_net.py:119] - Epoch [9/10], Loss: 0.7949
2025-04-14 16:55:11 - INFO - [neural_net.py:119] - Epoch [10/10], Loss: 0.7889
2025-04-14 16:55:11 - INFO - [neural_net.py:119] - Epoch [1/10], Loss: 0.8734
2025-04-14 16:55:11 - INFO - [neural_net.py:119] - Epoch [2/10], Loss: 0.8651
2025-04-14 16:55:11 - INFO - [neural_net.py:119] - Epoch [3/10], Loss: 0.8448
2025-04-14 16:55:11 - INFO - [neural_net.py:119] - Epoch [4/10], Loss: 0.8448
2025-04-14 16:55:11 - INFO - [neural_net.py:119] - Epoch [5/10], Loss: 0.8453
2025-04-14 16:55:12 - INFO - [neural_net.py:119] - Epoch [6/10], Loss: 0.8347
2025-04-14 16:55:12 - INFO - [neural_net.py:119] - Epoch [7/10], Loss: 0.8315
2025-04-14 16:55:12 - INFO - [neural_net.py:119] - Epoch [8/10], Loss: 0.8307
2025-04-14 16:55:12 - INFO - [neural_net.py:119] - Epoch [9/10], Loss: 0.8313
2025-04-14 16:55:12 - INFO - [neural_net.py:119] - Epoch [10/10], Loss: 0.8327
2025-04-14 16:55:12 - INFO - [neural_net.py:119] - Epoch [1/10], Loss: 0.8630
2025-04-14 16:55:13 - INFO - [neural_net.py:119] - Epoch [2/10], Loss: 0.8486
2025-04-14 16:55:13 - INFO - [neural_net.py:119] - Epoch [3/10], Loss: 0.8326
2025-04-14 16:55:13 - INFO - [neural_net.py:119] - Epoch [4/10], Loss: 0.8360
2025-04-14 16:55:13 - INFO - [neural_net.py:119] - Epoch [5/10], Loss: 0.8236
2025-04-14 16:55:13 - INFO - [neural_net.py:119] - Epoch [6/10], Loss: 0.8189
2025-04-14 16:55:13 - INFO - [neural_net.py:119] - Epoch [7/10], Loss: 0.8155
2025-04-14 16:55:14 - INFO - [neural_net.py:119] - Epoch [8/10], Loss: 0.8246
2025-04-14 16:55:14 - INFO - [neural_net.py:119] - Epoch [9/10], Loss: 0.8146
2025-04-14 16:55:14 - INFO - [neural_net.py:119] - Epoch [10/10], Loss: 0.8156
2025-04-14 16:55:14 - INFO - [fed_server.py:72] - 最终评估 - 全局模型评估指标:
2025-04-14 16:55:14 - INFO - [fed_server.py:73] - 最终评估 - Accuracy: 0.8135
2025-04-14 16:55:14 - INFO - [fed_server.py:74] - 最终评估 - Precision: 0.6304
2025-04-14 16:55:14 - INFO - [fed_server.py:75] - 最终评估 - Recall: 0.3572
2025-04-14 16:55:14 - INFO - [fed_server.py:76] - 最终评估 - F1 Score: 0.4560
2025-04-14 16:55:14 - INFO - [fed_server.py:77] - 最终评估 - AUC-ROC: 0.7608
2025-04-14 16:55:14 - INFO - [federated.py:110] - 
=== 联邦学习模型性能对比 ===
2025-04-14 16:55:14 - INFO - [federated.py:111] - 
            accuracy  precision    recall        f1   auc_roc
logistic      0.8190   0.637910  0.399848  0.491573  0.763202
neural_net    0.8135   0.630376  0.357197  0.456004  0.760806
