2025-04-28 14:57:22 - INFO - [logging_config.py:55] - 日志文件已创建: logs/20250428_145722.log
2025-04-28 14:57:22 - INFO - [logging_config.py:55] - 日志文件已创建: logs/20250428_145722.log
2025-04-28 14:57:22 - INFO - [logging_config.py:55] - 日志文件已创建: logs/20250428_145722.log
2025-04-28 14:57:22 - INFO - [logging_config.py:55] - 日志文件已创建: logs/20250428_145722.log
2025-04-28 14:57:22 - INFO - [parameter_handler.py:33] - 服务器已加载私钥
2025-04-28 14:57:22 - INFO - [server_grpc.py:67] - 服务器初始化完成，等待 3 个客户端注册，计划训练 10 轮
2025-04-28 14:57:22 - INFO - [server_grpc.py:316] - 联邦学习安全服务器正在启动，监听端口: 50051
2025-04-28 14:57:22 - INFO - [client_grpc.py:277] - 成功加载客户端数据: /app/data/credit_card_train_normalized.csv, 形状: X=(8000, 26), y=(8000,)
2025-04-28 14:57:22 - INFO - [client_grpc.py:277] - 成功加载客户端数据: /app/data/credit_card_train_normalized.csv, 形状: X=(8000, 26), y=(8000,)
2025-04-28 14:57:22 - INFO - [client_grpc.py:277] - 成功加载客户端数据: /app/data/credit_card_train_normalized.csv, 形状: X=(8000, 26), y=(8000,)
2025-04-28 14:57:22 - DEBUG - [client_grpc.py:84] - 数据集划分完成 - 训练集: (6400, 26), 测试集: (1600, 26)
2025-04-28 14:57:22 - INFO - [client_grpc.py:91] - 数据初始化完成，训练数据大小: 6400
2025-04-28 14:57:22 - DEBUG - [client_grpc.py:84] - 数据集划分完成 - 训练集: (6400, 26), 测试集: (1600, 26)
2025-04-28 14:57:22 - DEBUG - [client_grpc.py:84] - 数据集划分完成 - 训练集: (6400, 26), 测试集: (1600, 26)
2025-04-28 14:57:22 - INFO - [client_grpc.py:91] - 数据初始化完成，训练数据大小: 6400
2025-04-28 14:57:22 - INFO - [client_grpc.py:91] - 数据初始化完成，训练数据大小: 6400
2025-04-28 14:57:22 - INFO - [parameter_handler.py:38] - 客户端已加载公钥
2025-04-28 14:57:22 - INFO - [parameter_handler.py:38] - 客户端已加载公钥
2025-04-28 14:57:22 - INFO - [parameter_handler.py:38] - 客户端已加载公钥
2025-04-28 14:57:22 - INFO - [client_grpc.py:53] - 使用安全通道(SSL/TLS)连接服务器
2025-04-28 14:57:22 - INFO - [client_grpc.py:53] - 使用安全通道(SSL/TLS)连接服务器
2025-04-28 14:57:22 - INFO - [client_grpc.py:53] - 使用安全通道(SSL/TLS)连接服务器
2025-04-28 14:57:22 - INFO - [client_grpc.py:74] - 客户端 3 初始化完成，数据集大小: 6400
2025-04-28 14:57:22 - INFO - [client_grpc.py:74] - 客户端 1 初始化完成，数据集大小: 6400
2025-04-28 14:57:22 - INFO - [client_grpc.py:74] - 客户端 2 初始化完成，数据集大小: 6400
2025-04-28 14:57:22 - INFO - [server_grpc.py:115] - 接收到客户端 2 的注册请求
2025-04-28 14:57:22 - DEBUG - [parameter_handler.py:50] - [serialize_plain_parameters] key=coef, original type=<class 'numpy.ndarray'>, value=[[0. 0. 0. 0. 0. 0. 0. 0. 0. 0. 0. 0. 0. 0. 0. 0. 0. 0. 0. 0. 0. 0. 0. 0.
  0. 0.]]
2025-04-28 14:57:22 - INFO - [server_grpc.py:115] - 接收到客户端 3 的注册请求
2025-04-28 14:57:22 - DEBUG - [parameter_handler.py:54] - [serialize_plain_parameters] key=coef, after np.array: type=<class 'numpy.ndarray'>, dtype=float64, shape=(1, 26), value=[[0. 0. 0. 0. 0. 0. 0. 0. 0. 0. 0. 0. 0. 0. 0. 0. 0. 0. 0. 0. 0. 0. 0. 0.
  0. 0.]]
2025-04-28 14:57:22 - DEBUG - [parameter_handler.py:50] - [serialize_plain_parameters] key=coef, original type=<class 'numpy.ndarray'>, value=[[0. 0. 0. 0. 0. 0. 0. 0. 0. 0. 0. 0. 0. 0. 0. 0. 0. 0. 0. 0. 0. 0. 0. 0.
  0. 0.]]
2025-04-28 14:57:22 - DEBUG - [parameter_handler.py:50] - [serialize_plain_parameters] key=intercept, original type=<class 'numpy.ndarray'>, value=[0.00015712]
2025-04-28 14:57:22 - INFO - [server_grpc.py:115] - 接收到客户端 1 的注册请求
2025-04-28 14:57:22 - DEBUG - [parameter_handler.py:54] - [serialize_plain_parameters] key=coef, after np.array: type=<class 'numpy.ndarray'>, dtype=float64, shape=(1, 26), value=[[0. 0. 0. 0. 0. 0. 0. 0. 0. 0. 0. 0. 0. 0. 0. 0. 0. 0. 0. 0. 0. 0. 0. 0.
  0. 0.]]
2025-04-28 14:57:22 - DEBUG - [parameter_handler.py:54] - [serialize_plain_parameters] key=intercept, after np.array: type=<class 'numpy.ndarray'>, dtype=float64, shape=(1,), value=[0.00015712]
2025-04-28 14:57:22 - DEBUG - [parameter_handler.py:50] - [serialize_plain_parameters] key=coef, original type=<class 'numpy.ndarray'>, value=[[0. 0. 0. 0. 0. 0. 0. 0. 0. 0. 0. 0. 0. 0. 0. 0. 0. 0. 0. 0. 0. 0. 0. 0.
  0. 0.]]
2025-04-28 14:57:22 - DEBUG - [parameter_handler.py:50] - [serialize_plain_parameters] key=intercept, original type=<class 'numpy.ndarray'>, value=[0.00015712]
2025-04-28 14:57:22 - INFO - [server_grpc.py:126] - 客户端 2 注册成功，当前 1/3 个客户端
2025-04-28 14:57:22 - DEBUG - [parameter_handler.py:54] - [serialize_plain_parameters] key=coef, after np.array: type=<class 'numpy.ndarray'>, dtype=float64, shape=(1, 26), value=[[0. 0. 0. 0. 0. 0. 0. 0. 0. 0. 0. 0. 0. 0. 0. 0. 0. 0. 0. 0. 0. 0. 0. 0.
  0. 0.]]
2025-04-28 14:57:22 - DEBUG - [parameter_handler.py:54] - [serialize_plain_parameters] key=intercept, after np.array: type=<class 'numpy.ndarray'>, dtype=float64, shape=(1,), value=[0.00015712]
2025-04-28 14:57:22 - DEBUG - [client_grpc.py:114] - [client] _deserialize_parameters input: {'coef': data: "\000\000\000\000\000\000\000\000\000\000\000\000\000\000\000\000\000\000\000\000\000\000\000\000\000\000\000\000\000\000\000\000\000\000\000\000\000\000\000\000\000\000\000\000\000\000\000\000\000\000\000\000\000\000\000\000\000\000\000\000\000\000\000\000\000\000\000\000\000\000\000\000\000\000\000\000\000\000\000\000\000\000\000\000\000\000\000\000\000\000\000\000\000\000\000\000\000\000\000\000\000\000\000\000\000\000\000\000\000\000\000\000\000\000\000\000\000\000\000\000\000\000\000\000\000\000\000\000\000\000\000\000\000\000\000\000\000\000\000\000\000\000\000\000\000\000\000\000\000\000\000\000\000\000\000\000\000\000\000\000\000\000\000\000\000\000\000\000\000\000\000\000\000\000\000\000\000\000\000\000\000\000\000\000\000\000\000\000\000\000\000\000\000\000\000\000\000\000\000\000\000\000\000\000\000\000\000\000"
shape: 1
shape: 26
dtype: "float64"
, 'intercept': data: "2V\261\321!\230$?"
shape: 1
dtype: "float64"
}
2025-04-28 14:57:22 - DEBUG - [parameter_handler.py:50] - [serialize_plain_parameters] key=intercept, original type=<class 'numpy.ndarray'>, value=[0.00015712]
2025-04-28 14:57:22 - DEBUG - [client_grpc.py:121] - [client] deserialized param: key=coef, type=<class 'numpy.ndarray'>, value=[[0. 0. 0. 0. 0. 0. 0. 0. 0. 0. 0. 0. 0. 0. 0. 0. 0. 0. 0. 0. 0. 0. 0. 0.
  0. 0.]]
2025-04-28 14:57:22 - INFO - [server_grpc.py:126] - 客户端 3 注册成功，当前 2/3 个客户端
2025-04-28 14:57:22 - DEBUG - [parameter_handler.py:54] - [serialize_plain_parameters] key=intercept, after np.array: type=<class 'numpy.ndarray'>, dtype=float64, shape=(1,), value=[0.00015712]
2025-04-28 14:57:22 - DEBUG - [client_grpc.py:121] - [client] deserialized param: key=intercept, type=<class 'numpy.ndarray'>, value=[0.00015712]
2025-04-28 14:57:22 - INFO - [server_grpc.py:126] - 客户端 1 注册成功，当前 3/3 个客户端
2025-04-28 14:57:22 - DEBUG - [client_grpc.py:124] - [client] mapped (final) param: key=coef, type=<class 'numpy.ndarray'>, value=[[0. 0. 0. 0. 0. 0. 0. 0. 0. 0. 0. 0. 0. 0. 0. 0. 0. 0. 0. 0. 0. 0. 0. 0.
  0. 0.]]
2025-04-28 14:57:22 - DEBUG - [client_grpc.py:114] - [client] _deserialize_parameters input: {'coef': data: "\000\000\000\000\000\000\000\000\000\000\000\000\000\000\000\000\000\000\000\000\000\000\000\000\000\000\000\000\000\000\000\000\000\000\000\000\000\000\000\000\000\000\000\000\000\000\000\000\000\000\000\000\000\000\000\000\000\000\000\000\000\000\000\000\000\000\000\000\000\000\000\000\000\000\000\000\000\000\000\000\000\000\000\000\000\000\000\000\000\000\000\000\000\000\000\000\000\000\000\000\000\000\000\000\000\000\000\000\000\000\000\000\000\000\000\000\000\000\000\000\000\000\000\000\000\000\000\000\000\000\000\000\000\000\000\000\000\000\000\000\000\000\000\000\000\000\000\000\000\000\000\000\000\000\000\000\000\000\000\000\000\000\000\000\000\000\000\000\000\000\000\000\000\000\000\000\000\000\000\000\000\000\000\000\000\000\000\000\000\000\000\000\000\000\000\000\000\000\000\000\000\000\000\000\000\000\000\000"
shape: 1
shape: 26
dtype: "float64"
, 'intercept': data: "2V\261\321!\230$?"
shape: 1
dtype: "float64"
}
2025-04-28 14:57:22 - DEBUG - [client_grpc.py:124] - [client] mapped (final) param: key=intercept, type=<class 'numpy.ndarray'>, value=[0.00015712]
2025-04-28 14:57:22 - DEBUG - [client_grpc.py:121] - [client] deserialized param: key=coef, type=<class 'numpy.ndarray'>, value=[[0. 0. 0. 0. 0. 0. 0. 0. 0. 0. 0. 0. 0. 0. 0. 0. 0. 0. 0. 0. 0. 0. 0. 0.
  0. 0.]]
2025-04-28 14:57:22 - INFO - [client_grpc.py:206] - 已设置初始模型参数
2025-04-28 14:57:22 - DEBUG - [client_grpc.py:114] - [client] _deserialize_parameters input: {'coef': data: "\000\000\000\000\000\000\000\000\000\000\000\000\000\000\000\000\000\000\000\000\000\000\000\000\000\000\000\000\000\000\000\000\000\000\000\000\000\000\000\000\000\000\000\000\000\000\000\000\000\000\000\000\000\000\000\000\000\000\000\000\000\000\000\000\000\000\000\000\000\000\000\000\000\000\000\000\000\000\000\000\000\000\000\000\000\000\000\000\000\000\000\000\000\000\000\000\000\000\000\000\000\000\000\000\000\000\000\000\000\000\000\000\000\000\000\000\000\000\000\000\000\000\000\000\000\000\000\000\000\000\000\000\000\000\000\000\000\000\000\000\000\000\000\000\000\000\000\000\000\000\000\000\000\000\000\000\000\000\000\000\000\000\000\000\000\000\000\000\000\000\000\000\000\000\000\000\000\000\000\000\000\000\000\000\000\000\000\000\000\000\000\000\000\000\000\000\000\000\000\000\000\000\000\000\000\000\000\000"
shape: 1
shape: 26
dtype: "float64"
, 'intercept': data: "2V\261\321!\230$?"
shape: 1
dtype: "float64"
}
2025-04-28 14:57:22 - DEBUG - [client_grpc.py:121] - [client] deserialized param: key=intercept, type=<class 'numpy.ndarray'>, value=[0.00015712]
2025-04-28 14:57:22 - DEBUG - [client_grpc.py:124] - [client] mapped (final) param: key=coef, type=<class 'numpy.ndarray'>, value=[[0. 0. 0. 0. 0. 0. 0. 0. 0. 0. 0. 0. 0. 0. 0. 0. 0. 0. 0. 0. 0. 0. 0. 0.
  0. 0.]]
2025-04-28 14:57:22 - DEBUG - [client_grpc.py:121] - [client] deserialized param: key=coef, type=<class 'numpy.ndarray'>, value=[[0. 0. 0. 0. 0. 0. 0. 0. 0. 0. 0. 0. 0. 0. 0. 0. 0. 0. 0. 0. 0. 0. 0. 0.
  0. 0.]]
2025-04-28 14:57:22 - INFO - [server_grpc.py:141] - 客户端 2 检查训练状态，当前next_step=True, count=0
2025-04-28 14:57:22 - INFO - [server_grpc.py:146] - 客户端 2 获得训练许可，count增加到 1/3
2025-04-28 14:57:22 - DEBUG - [client_grpc.py:124] - [client] mapped (final) param: key=intercept, type=<class 'numpy.ndarray'>, value=[0.00015712]
2025-04-28 14:57:22 - DEBUG - [client_grpc.py:121] - [client] deserialized param: key=intercept, type=<class 'numpy.ndarray'>, value=[0.00015712]
2025-04-28 14:57:22 - INFO - [client_grpc.py:206] - 已设置初始模型参数
2025-04-28 14:57:22 - DEBUG - [client_grpc.py:124] - [client] mapped (final) param: key=coef, type=<class 'numpy.ndarray'>, value=[[0. 0. 0. 0. 0. 0. 0. 0. 0. 0. 0. 0. 0. 0. 0. 0. 0. 0. 0. 0. 0. 0. 0. 0.
  0. 0.]]
2025-04-28 14:57:22 - INFO - [client_grpc.py:218] - 所有客户端已就绪，开始训练
2025-04-28 14:57:22 - INFO - [client_grpc.py:222] - 开始第 1 轮训练
2025-04-28 14:57:22 - DEBUG - [client_grpc.py:124] - [client] mapped (final) param: key=intercept, type=<class 'numpy.ndarray'>, value=[0.00015712]
2025-04-28 14:57:22 - INFO - [server_grpc.py:141] - 客户端 3 检查训练状态，当前next_step=True, count=1
2025-04-28 14:57:22 - INFO - [client_grpc.py:206] - 已设置初始模型参数
2025-04-28 14:57:22 - INFO - [server_grpc.py:146] - 客户端 3 获得训练许可，count增加到 2/3
2025-04-28 14:57:22 - INFO - [client_grpc.py:218] - 所有客户端已就绪，开始训练
2025-04-28 14:57:22 - INFO - [client_grpc.py:222] - 开始第 1 轮训练
2025-04-28 14:57:22 - INFO - [server_grpc.py:141] - 客户端 1 检查训练状态，当前next_step=True, count=2
2025-04-28 14:57:22 - INFO - [server_grpc.py:146] - 客户端 1 获得训练许可，count增加到 3/3
2025-04-28 14:57:22 - INFO - [server_grpc.py:150] - 所有客户端已获得训练许可，重置next_step=False, count=0
2025-04-28 14:57:22 - INFO - [client_grpc.py:218] - 所有客户端已就绪，开始训练
2025-04-28 14:57:22 - INFO - [client_grpc.py:222] - 开始第 1 轮训练
2025-04-28 14:57:22 - INFO - [client_grpc.py:140] - 本地训练完成，评估指标: {'accuracy': 0.824375, 'precision': 0.6613756613756614, 'recall': 0.3654970760233918, 'f1': 0.4708097928436912, 'auc_roc': 0.7299482144683382}
2025-04-28 14:57:22 - INFO - [client_grpc.py:148] - 开始创建参数更新消息, 客户端ID: 2, 轮次: 0
2025-04-28 14:57:22 - DEBUG - [client_grpc.py:152] - 获取模型参数: {'coef': array([[-0.2351676 ,  0.01812866,  0.75238447,  0.05457347,  0.03977027,
         0.22285379, -0.03681245,  0.12299843,  0.02336608,  0.07036534,
         0.09414939, -0.15666589, -0.07453498,  0.01085851, -0.16316661,
        -0.09626923, -0.03229641,  0.03873522,  0.03389107, -0.06037777,
        -0.2656748 ,  0.81902098,  0.89468998,  0.83764626, -0.03161191,
        -0.12207471]]), 'intercept': array([-0.82015146])}
2025-04-28 14:57:22 - DEBUG - [client_grpc.py:155] - 创建TrainingMetrics消息, 指标数据: {'accuracy': 0.824375, 'precision': 0.6613756613756614, 'recall': 0.3654970760233918, 'f1': 0.4708097928436912, 'auc_roc': 0.7299482144683382}
2025-04-28 14:57:22 - DEBUG - [client_grpc.py:163] - TrainingMetrics创建完成: accuracy=0.8244, precision=0.6614
2025-04-28 14:57:22 - DEBUG - [client_grpc.py:166] - 开始序列化模型参数
2025-04-28 14:57:22 - DEBUG - [client_grpc.py:95] - [client] model.get_parameters() output: {'coef': array([[-0.2351676 ,  0.01812866,  0.75238447,  0.05457347,  0.03977027,
         0.22285379, -0.03681245,  0.12299843,  0.02336608,  0.07036534,
         0.09414939, -0.15666589, -0.07453498,  0.01085851, -0.16316661,
        -0.09626923, -0.03229641,  0.03873522,  0.03389107, -0.06037777,
        -0.2656748 ,  0.81902098,  0.89468998,  0.83764626, -0.03161191,
        -0.12207471]]), 'intercept': array([-0.82015146])}
2025-04-28 14:57:22 - DEBUG - [client_grpc.py:97] - [client] model param: key=coef, type=<class 'numpy.ndarray'>, value=[[-0.2351676   0.01812866  0.75238447  0.05457347  0.03977027  0.22285379
  -0.03681245  0.12299843  0.02336608  0.07036534  0.09414939 -0.15666589
  -0.07453498  0.01085851 -0.16316661 -0.09626923 -0.03229641  0.03873522
   0.03389107 -0.06037777 -0.2656748   0.81902098  0.89468998  0.83764626
  -0.03161191 -0.12207471]]
2025-04-28 14:57:22 - DEBUG - [client_grpc.py:97] - [client] model param: key=intercept, type=<class 'numpy.ndarray'>, value=[-0.82015146]
2025-04-28 14:57:22 - DEBUG - [client_grpc.py:104] - [client] mapped param: key=coef, type=<class 'numpy.ndarray'>, value=[[-0.2351676   0.01812866  0.75238447  0.05457347  0.03977027  0.22285379
  -0.03681245  0.12299843  0.02336608  0.07036534  0.09414939 -0.15666589
  -0.07453498  0.01085851 -0.16316661 -0.09626923 -0.03229641  0.03873522
   0.03389107 -0.06037777 -0.2656748   0.81902098  0.89468998  0.83764626
  -0.03161191 -0.12207471]]
2025-04-28 14:57:22 - DEBUG - [client_grpc.py:104] - [client] mapped param: key=intercept, type=<class 'numpy.ndarray'>, value=[-0.82015146]
2025-04-28 14:57:22 - DEBUG - [parameter_handler.py:70] - [serialize_encrypted_parameters] key=coef, original type=<class 'numpy.ndarray'>, value=[[-0.2351676   0.01812866  0.75238447  0.05457347  0.03977027  0.22285379
  -0.03681245  0.12299843  0.02336608  0.07036534  0.09414939 -0.15666589
  -0.07453498  0.01085851 -0.16316661 -0.09626923 -0.03229641  0.03873522
   0.03389107 -0.06037777 -0.2656748   0.81902098  0.89468998  0.83764626
  -0.03161191 -0.12207471]]
2025-04-28 14:57:22 - DEBUG - [parameter_handler.py:74] - [serialize_encrypted_parameters] key=coef, after np.array: type=<class 'numpy.ndarray'>, dtype=float64, shape=(1, 26), value=[[-0.2351676   0.01812866  0.75238447  0.05457347  0.03977027  0.22285379
  -0.03681245  0.12299843  0.02336608  0.07036534  0.09414939 -0.15666589
  -0.07453498  0.01085851 -0.16316661 -0.09626923 -0.03229641  0.03873522
   0.03389107 -0.06037777 -0.2656748   0.81902098  0.89468998  0.83764626
  -0.03161191 -0.12207471]]
2025-04-28 14:57:22 - ERROR - [client_grpc.py:295] - 训练过程中发生错误: Don't know the precision of type <class 'numpy.int64'>.
2025-04-28 14:57:22 - INFO - [client_grpc.py:265] - 已关闭gRPC通道
2025-04-28 14:57:22 - INFO - [client_grpc.py:140] - 本地训练完成，评估指标: {'accuracy': 0.825625, 'precision': 0.6286919831223629, 'recall': 0.43823529411764706, 'f1': 0.5164644714038128, 'auc_roc': 0.746204481792717}
2025-04-28 14:57:22 - INFO - [client_grpc.py:148] - 开始创建参数更新消息, 客户端ID: 3, 轮次: 0
2025-04-28 14:57:22 - DEBUG - [client_grpc.py:152] - 获取模型参数: {'coef': array([[-0.14094622,  0.05541363,  0.66029394,  0.04753461,  0.20457231,
        -0.002172  ,  0.10451122,  0.11133661, -0.47769213,  0.53265281,
        -0.06066104,  0.29536683, -0.3301246 ,  0.07040095, -0.27611456,
        -0.10337105, -0.08412982, -0.04365219,  0.0192461 , -0.06309817,
        -0.12387353,  0.79390296,  0.67475788,  0.77225979,  0.15493837,
        -0.12853784]]), 'intercept': array([-0.83259586])}
2025-04-28 14:57:22 - DEBUG - [client_grpc.py:155] - 创建TrainingMetrics消息, 指标数据: {'accuracy': 0.825625, 'precision': 0.6286919831223629, 'recall': 0.43823529411764706, 'f1': 0.5164644714038128, 'auc_roc': 0.746204481792717}
2025-04-28 14:57:22 - DEBUG - [client_grpc.py:163] - TrainingMetrics创建完成: accuracy=0.8256, precision=0.6287
2025-04-28 14:57:22 - DEBUG - [client_grpc.py:166] - 开始序列化模型参数
2025-04-28 14:57:22 - DEBUG - [client_grpc.py:95] - [client] model.get_parameters() output: {'coef': array([[-0.14094622,  0.05541363,  0.66029394,  0.04753461,  0.20457231,
        -0.002172  ,  0.10451122,  0.11133661, -0.47769213,  0.53265281,
        -0.06066104,  0.29536683, -0.3301246 ,  0.07040095, -0.27611456,
        -0.10337105, -0.08412982, -0.04365219,  0.0192461 , -0.06309817,
        -0.12387353,  0.79390296,  0.67475788,  0.77225979,  0.15493837,
        -0.12853784]]), 'intercept': array([-0.83259586])}
2025-04-28 14:57:22 - DEBUG - [client_grpc.py:97] - [client] model param: key=coef, type=<class 'numpy.ndarray'>, value=[[-0.14094622  0.05541363  0.66029394  0.04753461  0.20457231 -0.002172
   0.10451122  0.11133661 -0.47769213  0.53265281 -0.06066104  0.29536683
  -0.3301246   0.07040095 -0.27611456 -0.10337105 -0.08412982 -0.04365219
   0.0192461  -0.06309817 -0.12387353  0.79390296  0.67475788  0.77225979
   0.15493837 -0.12853784]]
2025-04-28 14:57:22 - DEBUG - [client_grpc.py:97] - [client] model param: key=intercept, type=<class 'numpy.ndarray'>, value=[-0.83259586]
2025-04-28 14:57:22 - DEBUG - [client_grpc.py:104] - [client] mapped param: key=coef, type=<class 'numpy.ndarray'>, value=[[-0.14094622  0.05541363  0.66029394  0.04753461  0.20457231 -0.002172
   0.10451122  0.11133661 -0.47769213  0.53265281 -0.06066104  0.29536683
  -0.3301246   0.07040095 -0.27611456 -0.10337105 -0.08412982 -0.04365219
   0.0192461  -0.06309817 -0.12387353  0.79390296  0.67475788  0.77225979
   0.15493837 -0.12853784]]
2025-04-28 14:57:22 - DEBUG - [client_grpc.py:104] - [client] mapped param: key=intercept, type=<class 'numpy.ndarray'>, value=[-0.83259586]
2025-04-28 14:57:22 - DEBUG - [parameter_handler.py:70] - [serialize_encrypted_parameters] key=coef, original type=<class 'numpy.ndarray'>, value=[[-0.14094622  0.05541363  0.66029394  0.04753461  0.20457231 -0.002172
   0.10451122  0.11133661 -0.47769213  0.53265281 -0.06066104  0.29536683
  -0.3301246   0.07040095 -0.27611456 -0.10337105 -0.08412982 -0.04365219
   0.0192461  -0.06309817 -0.12387353  0.79390296  0.67475788  0.77225979
   0.15493837 -0.12853784]]
2025-04-28 14:57:22 - DEBUG - [parameter_handler.py:74] - [serialize_encrypted_parameters] key=coef, after np.array: type=<class 'numpy.ndarray'>, dtype=float64, shape=(1, 26), value=[[-0.14094622  0.05541363  0.66029394  0.04753461  0.20457231 -0.002172
   0.10451122  0.11133661 -0.47769213  0.53265281 -0.06066104  0.29536683
  -0.3301246   0.07040095 -0.27611456 -0.10337105 -0.08412982 -0.04365219
   0.0192461  -0.06309817 -0.12387353  0.79390296  0.67475788  0.77225979
   0.15493837 -0.12853784]]
2025-04-28 14:57:22 - ERROR - [client_grpc.py:295] - 训练过程中发生错误: Don't know the precision of type <class 'numpy.int64'>.
2025-04-28 14:57:22 - INFO - [client_grpc.py:265] - 已关闭gRPC通道
2025-04-28 14:57:22 - INFO - [client_grpc.py:140] - 本地训练完成，评估指标: {'accuracy': 0.833125, 'precision': 0.6983240223463687, 'recall': 0.3698224852071006, 'f1': 0.4835589941972921, 'auc_roc': 0.7442867993885914}
2025-04-28 14:57:22 - INFO - [client_grpc.py:148] - 开始创建参数更新消息, 客户端ID: 1, 轮次: 0
2025-04-28 14:57:22 - DEBUG - [client_grpc.py:152] - 获取模型参数: {'coef': array([[-0.19481731, -0.01620262,  0.69652834,  0.11077858,  0.03767626,
         0.07968119,  0.08658425,  0.1990153 , -0.09663003,  0.03612415,
         0.21957362, -0.11155052,  0.22840876, -0.23430758, -0.01315355,
        -0.24468478, -0.03007952, -0.10714903, -0.00758469, -0.02673224,
        -0.16856315,  1.0315949 ,  1.0914079 ,  1.06656439,  0.01807732,
        -0.19158983]]), 'intercept': array([-1.06274112])}
2025-04-28 14:57:22 - DEBUG - [client_grpc.py:155] - 创建TrainingMetrics消息, 指标数据: {'accuracy': 0.833125, 'precision': 0.6983240223463687, 'recall': 0.3698224852071006, 'f1': 0.4835589941972921, 'auc_roc': 0.7442867993885914}
2025-04-28 14:57:22 - DEBUG - [client_grpc.py:163] - TrainingMetrics创建完成: accuracy=0.8331, precision=0.6983
2025-04-28 14:57:22 - DEBUG - [client_grpc.py:166] - 开始序列化模型参数
2025-04-28 14:57:23 - DEBUG - [client_grpc.py:95] - [client] model.get_parameters() output: {'coef': array([[-0.19481731, -0.01620262,  0.69652834,  0.11077858,  0.03767626,
         0.07968119,  0.08658425,  0.1990153 , -0.09663003,  0.03612415,
         0.21957362, -0.11155052,  0.22840876, -0.23430758, -0.01315355,
        -0.24468478, -0.03007952, -0.10714903, -0.00758469, -0.02673224,
        -0.16856315,  1.0315949 ,  1.0914079 ,  1.06656439,  0.01807732,
        -0.19158983]]), 'intercept': array([-1.06274112])}
2025-04-28 14:57:23 - DEBUG - [client_grpc.py:97] - [client] model param: key=coef, type=<class 'numpy.ndarray'>, value=[[-0.19481731 -0.01620262  0.69652834  0.11077858  0.03767626  0.07968119
   0.08658425  0.1990153  -0.09663003  0.03612415  0.21957362 -0.11155052
   0.22840876 -0.23430758 -0.01315355 -0.24468478 -0.03007952 -0.10714903
  -0.00758469 -0.02673224 -0.16856315  1.0315949   1.0914079   1.06656439
   0.01807732 -0.19158983]]
2025-04-28 14:57:23 - DEBUG - [client_grpc.py:97] - [client] model param: key=intercept, type=<class 'numpy.ndarray'>, value=[-1.06274112]
2025-04-28 14:57:23 - DEBUG - [client_grpc.py:104] - [client] mapped param: key=coef, type=<class 'numpy.ndarray'>, value=[[-0.19481731 -0.01620262  0.69652834  0.11077858  0.03767626  0.07968119
   0.08658425  0.1990153  -0.09663003  0.03612415  0.21957362 -0.11155052
   0.22840876 -0.23430758 -0.01315355 -0.24468478 -0.03007952 -0.10714903
  -0.00758469 -0.02673224 -0.16856315  1.0315949   1.0914079   1.06656439
   0.01807732 -0.19158983]]
2025-04-28 14:57:23 - DEBUG - [client_grpc.py:104] - [client] mapped param: key=intercept, type=<class 'numpy.ndarray'>, value=[-1.06274112]
2025-04-28 14:57:23 - DEBUG - [parameter_handler.py:70] - [serialize_encrypted_parameters] key=coef, original type=<class 'numpy.ndarray'>, value=[[-0.19481731 -0.01620262  0.69652834  0.11077858  0.03767626  0.07968119
   0.08658425  0.1990153  -0.09663003  0.03612415  0.21957362 -0.11155052
   0.22840876 -0.23430758 -0.01315355 -0.24468478 -0.03007952 -0.10714903
  -0.00758469 -0.02673224 -0.16856315  1.0315949   1.0914079   1.06656439
   0.01807732 -0.19158983]]
2025-04-28 14:57:23 - DEBUG - [parameter_handler.py:74] - [serialize_encrypted_parameters] key=coef, after np.array: type=<class 'numpy.ndarray'>, dtype=float64, shape=(1, 26), value=[[-0.19481731 -0.01620262  0.69652834  0.11077858  0.03767626  0.07968119
   0.08658425  0.1990153  -0.09663003  0.03612415  0.21957362 -0.11155052
   0.22840876 -0.23430758 -0.01315355 -0.24468478 -0.03007952 -0.10714903
  -0.00758469 -0.02673224 -0.16856315  1.0315949   1.0914079   1.06656439
   0.01807732 -0.19158983]]
2025-04-28 14:57:23 - ERROR - [client_grpc.py:295] - 训练过程中发生错误: Don't know the precision of type <class 'numpy.int64'>.
2025-04-28 14:57:23 - INFO - [client_grpc.py:265] - 已关闭gRPC通道
