2025-04-14 17:38:22 - INFO - [logging_config.py:55] - 日志文件已创建: logs\20250414_173822.log
2025-04-14 17:38:24 - INFO - [main.py:51] - 
=== 运行标准训练实验 ===
2025-04-14 17:38:24 - INFO - [main.py:21] - 添加XGBoost模型...
2025-04-14 17:38:24 - INFO - [main.py:24] - 添加随机森林模型...
2025-04-14 17:38:24 - INFO - [main.py:27] - 添加逻辑回归模型...
2025-04-14 17:38:24 - INFO - [main.py:30] - 添加神经网络模型...
2025-04-14 17:38:24 - INFO - [base_experiment.py:39] - 成功加载标准化数据: 训练集 (24000, 26), 测试集 (6000, 26)
2025-04-14 17:38:24 - INFO - [base_experiment.py:49] - 成功加载非标准化数据: 训练集 (24000, 23), 测试集 (6000, 23)
2025-04-14 17:38:24 - INFO - [standard.py:50] - 
=== xgboost 模型训练  ===
2025-04-14 17:38:24 - INFO - [standard.py:64] - 使用非标准化数据训练 xgboost 模型 
2025-04-14 17:38:24 - INFO - [xgboost_model.py:69] - 训练数据大小: (24000, 23)
2025-04-14 17:38:24 - INFO - [xgboost_model.py:70] - 训练集中的类别分布:
2025-04-14 17:38:24 - INFO - [xgboost_model.py:71] -   正样本数量: 5323
2025-04-14 17:38:24 - INFO - [xgboost_model.py:72] -   负样本数量: 18677
2025-04-14 17:38:24 - INFO - [xgboost_model.py:73] -   正样本权重: 3.5087356753710313
2025-04-14 17:38:26 - INFO - [xgboost_model.py:156] - 
=== XGBoost模型评估 ===
2025-04-14 17:38:26 - INFO - [xgboost_model.py:157] - 测试数据大小: (6000, 23)
2025-04-14 17:38:26 - INFO - [xgboost_model.py:165] - 使用阈值: 0.8000
2025-04-14 17:38:26 - INFO - [standard.py:31] - XGBoost模型评估指标:
2025-04-14 17:38:26 - INFO - [standard.py:32] - Accuracy: 0.8208
2025-04-14 17:38:26 - INFO - [standard.py:33] - Precision: 0.6889
2025-04-14 17:38:26 - INFO - [standard.py:34] - Recall: 0.3305
2025-04-14 17:38:26 - INFO - [standard.py:35] - F1 Score: 0.4467
2025-04-14 17:38:26 - INFO - [standard.py:36] - AUC-ROC: 0.7837
2025-04-14 17:38:26 - INFO - [standard.py:50] - 
=== random_forest 模型训练  ===
2025-04-14 17:38:26 - INFO - [standard.py:64] - 使用非标准化数据训练 random_forest 模型 
2025-04-14 17:38:26 - INFO - [random_forest.py:80] - 模型配置:
2025-04-14 17:38:26 - INFO - [random_forest.py:81] - - 参数调优: False
2025-04-14 17:38:26 - INFO - [random_forest.py:82] - - 训练数据形状: (24000, 23)
2025-04-14 17:38:26 - INFO - [random_forest.py:83] - 训练集类别分布:
2025-04-14 17:38:26 - INFO - [random_forest.py:84] - - 正样本数量: 5323
2025-04-14 17:38:26 - INFO - [random_forest.py:85] - - 负样本数量: 18677
2025-04-14 17:38:34 - INFO - [random_forest.py:116] - 交叉验证结果:
2025-04-14 17:38:34 - INFO - [random_forest.py:117] - - 平均AUC: 0.7773
2025-04-14 17:38:34 - INFO - [random_forest.py:118] - - 标准差: 0.0122
2025-04-14 17:38:34 - INFO - [random_forest.py:147] - 
=== 模型评估 ===
2025-04-14 17:38:34 - INFO - [random_forest.py:148] - 测试数据形状: (6000, 23)
2025-04-14 17:38:34 - INFO - [random_forest.py:155] - 使用阈值: 0.7000
2025-04-14 17:38:34 - INFO - [standard.py:31] - RandomForest模型评估指标:
2025-04-14 17:38:34 - INFO - [standard.py:32] - Accuracy: 0.8193
2025-04-14 17:38:34 - INFO - [standard.py:33] - Precision: 0.6597
2025-04-14 17:38:34 - INFO - [standard.py:34] - Recall: 0.3602
2025-04-14 17:38:34 - INFO - [standard.py:35] - F1 Score: 0.4660
2025-04-14 17:38:34 - INFO - [standard.py:36] - AUC-ROC: 0.7794
2025-04-14 17:38:34 - INFO - [standard.py:50] - 
=== logistic 模型训练  ===
2025-04-14 17:38:34 - INFO - [standard.py:58] - 使用标准化数据训练 logistic 模型 
2025-04-14 17:38:34 - INFO - [standard.py:31] - LogisticRegression模型评估指标:
2025-04-14 17:38:34 - INFO - [standard.py:32] - Accuracy: 0.8185
2025-04-14 17:38:34 - INFO - [standard.py:33] - Precision: 0.6356
2025-04-14 17:38:34 - INFO - [standard.py:34] - Recall: 0.3998
2025-04-14 17:38:34 - INFO - [standard.py:35] - F1 Score: 0.4909
2025-04-14 17:38:34 - INFO - [standard.py:36] - AUC-ROC: 0.7627
2025-04-14 17:38:34 - INFO - [standard.py:50] - 
=== neural_net 模型训练  ===
2025-04-14 17:38:34 - INFO - [standard.py:58] - 使用标准化数据训练 neural_net 模型 
2025-04-14 17:39:33 - INFO - [standard.py:31] - NeuralNet模型评估指标:
2025-04-14 17:39:33 - INFO - [standard.py:32] - Accuracy: 0.8202
2025-04-14 17:39:33 - INFO - [standard.py:33] - Precision: 0.6573
2025-04-14 17:39:33 - INFO - [standard.py:34] - Recall: 0.3724
2025-04-14 17:39:33 - INFO - [standard.py:35] - F1 Score: 0.4754
2025-04-14 17:39:33 - INFO - [standard.py:36] - AUC-ROC: 0.7761
2025-04-14 17:39:33 - INFO - [standard.py:94] - 
=== 模型性能对比 ===
2025-04-14 17:39:33 - INFO - [standard.py:95] - 
               accuracy  precision    recall        f1   auc_roc
xgboost        0.820833   0.688889  0.330541  0.446732  0.783665
random_forest  0.819333   0.659693  0.360244  0.466010  0.779358
logistic       0.818500   0.635593  0.399848  0.490884  0.762653
neural_net     0.820167   0.657258  0.372430  0.475450  0.776121
2025-04-14 17:39:33 - INFO - [standard.py:100] - 最佳模型是 xgboost, 得分: 0.8208
2025-04-14 17:39:33 - INFO - [main.py:54] - 
=== 运行联邦学习实验 ===
2025-04-14 17:39:33 - INFO - [main.py:41] - 添加逻辑回归模型...
2025-04-14 17:39:33 - INFO - [main.py:44] - 添加神经网络模型...
2025-04-14 17:39:33 - INFO - [base_experiment.py:39] - 成功加载标准化数据: 训练集 (24000, 26), 测试集 (6000, 26)
2025-04-14 17:39:33 - INFO - [base_experiment.py:49] - 成功加载非标准化数据: 训练集 (24000, 23), 测试集 (6000, 23)
2025-04-14 17:39:33 - INFO - [federated.py:126] - 
=== 开始 logistic 的联邦学习 ===
2025-04-14 17:39:33 - INFO - [federated.py:133] - 使用标准化数据训练模型 logistic
2025-04-14 17:39:33 - INFO - [federated.py:30] - 开始数据分割,总样本数: 24000, 客户端数: 3
2025-04-14 17:39:33 - INFO - [federated.py:34] - 每个客户端平均数据量: 8000
2025-04-14 17:39:33 - INFO - [federated.py:48] - 客户端0数据量: 8000
2025-04-14 17:39:33 - INFO - [federated.py:48] - 客户端1数据量: 8000
2025-04-14 17:39:33 - INFO - [federated.py:48] - 客户端2数据量: 8000
2025-04-14 17:39:33 - INFO - [fed_server.py:50] - 
=== LogisticRegression 联邦学习第 1 轮 ===
2025-04-14 17:39:34 - INFO - [fed_server.py:72] - 全局模型评估指标:
2025-04-14 17:39:34 - INFO - [fed_server.py:73] - Accuracy: 0.8185
2025-04-14 17:39:34 - INFO - [fed_server.py:74] - Precision: 0.6349
2025-04-14 17:39:34 - INFO - [fed_server.py:75] - Recall: 0.4014
2025-04-14 17:39:34 - INFO - [fed_server.py:76] - F1 Score: 0.4918
2025-04-14 17:39:34 - INFO - [fed_server.py:77] - AUC-ROC: 0.7629
2025-04-14 17:39:34 - INFO - [fed_server.py:50] - 
=== LogisticRegression 联邦学习第 2 轮 ===
2025-04-14 17:39:34 - INFO - [fed_server.py:72] - 全局模型评估指标:
2025-04-14 17:39:34 - INFO - [fed_server.py:73] - Accuracy: 0.8187
2025-04-14 17:39:34 - INFO - [fed_server.py:74] - Precision: 0.6357
2025-04-14 17:39:34 - INFO - [fed_server.py:75] - Recall: 0.4014
2025-04-14 17:39:34 - INFO - [fed_server.py:76] - F1 Score: 0.4921
2025-04-14 17:39:34 - INFO - [fed_server.py:77] - AUC-ROC: 0.7629
2025-04-14 17:39:34 - INFO - [fed_server.py:50] - 
=== LogisticRegression 联邦学习第 3 轮 ===
2025-04-14 17:39:34 - INFO - [fed_server.py:72] - 全局模型评估指标:
2025-04-14 17:39:34 - INFO - [fed_server.py:73] - Accuracy: 0.8183
2025-04-14 17:39:34 - INFO - [fed_server.py:74] - Precision: 0.6348
2025-04-14 17:39:34 - INFO - [fed_server.py:75] - Recall: 0.3998
2025-04-14 17:39:34 - INFO - [fed_server.py:76] - F1 Score: 0.4907
2025-04-14 17:39:34 - INFO - [fed_server.py:77] - AUC-ROC: 0.7630
2025-04-14 17:39:34 - INFO - [fed_server.py:50] - 
=== LogisticRegression 联邦学习第 4 轮 ===
2025-04-14 17:39:34 - INFO - [fed_server.py:72] - 全局模型评估指标:
2025-04-14 17:39:34 - INFO - [fed_server.py:73] - Accuracy: 0.8183
2025-04-14 17:39:34 - INFO - [fed_server.py:74] - Precision: 0.6345
2025-04-14 17:39:34 - INFO - [fed_server.py:75] - Recall: 0.4006
2025-04-14 17:39:34 - INFO - [fed_server.py:76] - F1 Score: 0.4911
2025-04-14 17:39:34 - INFO - [fed_server.py:77] - AUC-ROC: 0.7629
2025-04-14 17:39:34 - INFO - [fed_server.py:50] - 
=== LogisticRegression 联邦学习第 5 轮 ===
2025-04-14 17:39:34 - INFO - [fed_server.py:72] - 全局模型评估指标:
2025-04-14 17:39:34 - INFO - [fed_server.py:73] - Accuracy: 0.8185
2025-04-14 17:39:34 - INFO - [fed_server.py:74] - Precision: 0.6349
2025-04-14 17:39:34 - INFO - [fed_server.py:75] - Recall: 0.4014
2025-04-14 17:39:34 - INFO - [fed_server.py:76] - F1 Score: 0.4918
2025-04-14 17:39:34 - INFO - [fed_server.py:77] - AUC-ROC: 0.7630
2025-04-14 17:39:34 - INFO - [fed_server.py:50] - 
=== LogisticRegression 联邦学习第 6 轮 ===
2025-04-14 17:39:34 - INFO - [fed_server.py:72] - 全局模型评估指标:
2025-04-14 17:39:34 - INFO - [fed_server.py:73] - Accuracy: 0.8185
2025-04-14 17:39:34 - INFO - [fed_server.py:74] - Precision: 0.6349
2025-04-14 17:39:34 - INFO - [fed_server.py:75] - Recall: 0.4014
2025-04-14 17:39:34 - INFO - [fed_server.py:76] - F1 Score: 0.4918
2025-04-14 17:39:34 - INFO - [fed_server.py:77] - AUC-ROC: 0.7629
2025-04-14 17:39:34 - INFO - [fed_server.py:50] - 
=== LogisticRegression 联邦学习第 7 轮 ===
2025-04-14 17:39:35 - INFO - [fed_server.py:72] - 全局模型评估指标:
2025-04-14 17:39:35 - INFO - [fed_server.py:73] - Accuracy: 0.8185
2025-04-14 17:39:35 - INFO - [fed_server.py:74] - Precision: 0.6349
2025-04-14 17:39:35 - INFO - [fed_server.py:75] - Recall: 0.4014
2025-04-14 17:39:35 - INFO - [fed_server.py:76] - F1 Score: 0.4918
2025-04-14 17:39:35 - INFO - [fed_server.py:77] - AUC-ROC: 0.7629
2025-04-14 17:39:35 - INFO - [fed_server.py:50] - 
=== LogisticRegression 联邦学习第 8 轮 ===
2025-04-14 17:39:35 - INFO - [fed_server.py:72] - 全局模型评估指标:
2025-04-14 17:39:35 - INFO - [fed_server.py:73] - Accuracy: 0.8183
2025-04-14 17:39:35 - INFO - [fed_server.py:74] - Precision: 0.6345
2025-04-14 17:39:35 - INFO - [fed_server.py:75] - Recall: 0.4006
2025-04-14 17:39:35 - INFO - [fed_server.py:76] - F1 Score: 0.4911
2025-04-14 17:39:35 - INFO - [fed_server.py:77] - AUC-ROC: 0.7630
2025-04-14 17:39:35 - INFO - [fed_server.py:50] - 
=== LogisticRegression 联邦学习第 9 轮 ===
2025-04-14 17:39:35 - INFO - [fed_server.py:72] - 全局模型评估指标:
2025-04-14 17:39:35 - INFO - [fed_server.py:73] - Accuracy: 0.8183
2025-04-14 17:39:35 - INFO - [fed_server.py:74] - Precision: 0.6345
2025-04-14 17:39:35 - INFO - [fed_server.py:75] - Recall: 0.4006
2025-04-14 17:39:35 - INFO - [fed_server.py:76] - F1 Score: 0.4911
2025-04-14 17:39:35 - INFO - [fed_server.py:77] - AUC-ROC: 0.7630
2025-04-14 17:39:35 - INFO - [fed_server.py:50] - 
=== LogisticRegression 联邦学习第 10 轮 ===
2025-04-14 17:39:35 - INFO - [fed_server.py:72] - 最终评估 - 全局模型评估指标:
2025-04-14 17:39:35 - INFO - [fed_server.py:73] - 最终评估 - Accuracy: 0.8188
2025-04-14 17:39:35 - INFO - [fed_server.py:74] - 最终评估 - Precision: 0.6361
2025-04-14 17:39:35 - INFO - [fed_server.py:75] - 最终评估 - Recall: 0.4021
2025-04-14 17:39:35 - INFO - [fed_server.py:76] - 最终评估 - F1 Score: 0.4928
2025-04-14 17:39:35 - INFO - [fed_server.py:77] - 最终评估 - AUC-ROC: 0.7628
2025-04-14 17:39:35 - INFO - [federated.py:126] - 
=== 开始 neural_net 的联邦学习 ===
2025-04-14 17:39:35 - INFO - [federated.py:133] - 使用标准化数据训练模型 neural_net
2025-04-14 17:39:35 - INFO - [federated.py:30] - 开始数据分割,总样本数: 24000, 客户端数: 3
2025-04-14 17:39:35 - INFO - [federated.py:34] - 每个客户端平均数据量: 8000
2025-04-14 17:39:35 - INFO - [federated.py:48] - 客户端0数据量: 8000
2025-04-14 17:39:35 - INFO - [federated.py:48] - 客户端1数据量: 8000
2025-04-14 17:39:35 - INFO - [federated.py:48] - 客户端2数据量: 8000
2025-04-14 17:39:35 - INFO - [fed_server.py:50] - 
=== NeuralNet 联邦学习第 1 轮 ===
2025-04-14 17:39:40 - INFO - [fed_server.py:72] - 全局模型评估指标:
2025-04-14 17:39:40 - INFO - [fed_server.py:73] - Accuracy: 0.7912
2025-04-14 17:39:40 - INFO - [fed_server.py:74] - Precision: 0.6042
2025-04-14 17:39:40 - INFO - [fed_server.py:75] - Recall: 0.1325
2025-04-14 17:39:40 - INFO - [fed_server.py:76] - F1 Score: 0.2174
2025-04-14 17:39:40 - INFO - [fed_server.py:77] - AUC-ROC: 0.7193
2025-04-14 17:39:40 - INFO - [fed_server.py:50] - 
=== NeuralNet 联邦学习第 2 轮 ===
2025-04-14 17:39:45 - INFO - [fed_server.py:72] - 全局模型评估指标:
2025-04-14 17:39:45 - INFO - [fed_server.py:73] - Accuracy: 0.8220
2025-04-14 17:39:45 - INFO - [fed_server.py:74] - Precision: 0.6911
2025-04-14 17:39:45 - INFO - [fed_server.py:75] - Recall: 0.3374
2025-04-14 17:39:45 - INFO - [fed_server.py:76] - F1 Score: 0.4534
2025-04-14 17:39:45 - INFO - [fed_server.py:77] - AUC-ROC: 0.7736
2025-04-14 17:39:45 - INFO - [fed_server.py:50] - 
=== NeuralNet 联邦学习第 3 轮 ===
2025-04-14 17:39:49 - INFO - [fed_server.py:72] - 全局模型评估指标:
2025-04-14 17:39:49 - INFO - [fed_server.py:73] - Accuracy: 0.8213
2025-04-14 17:39:49 - INFO - [fed_server.py:74] - Precision: 0.6695
2025-04-14 17:39:49 - INFO - [fed_server.py:75] - Recall: 0.3625
2025-04-14 17:39:49 - INFO - [fed_server.py:76] - F1 Score: 0.4704
2025-04-14 17:39:49 - INFO - [fed_server.py:77] - AUC-ROC: 0.7748
2025-04-14 17:39:49 - INFO - [fed_server.py:50] - 
=== NeuralNet 联邦学习第 4 轮 ===
2025-04-14 17:39:54 - INFO - [fed_server.py:72] - 全局模型评估指标:
2025-04-14 17:39:54 - INFO - [fed_server.py:73] - Accuracy: 0.8197
2025-04-14 17:39:54 - INFO - [fed_server.py:74] - Precision: 0.6546
2025-04-14 17:39:54 - INFO - [fed_server.py:75] - Recall: 0.3724
2025-04-14 17:39:54 - INFO - [fed_server.py:76] - F1 Score: 0.4748
2025-04-14 17:39:54 - INFO - [fed_server.py:77] - AUC-ROC: 0.7732
2025-04-14 17:39:54 - INFO - [fed_server.py:50] - 
=== NeuralNet 联邦学习第 5 轮 ===
2025-04-14 17:39:59 - INFO - [fed_server.py:72] - 全局模型评估指标:
2025-04-14 17:39:59 - INFO - [fed_server.py:73] - Accuracy: 0.8192
2025-04-14 17:39:59 - INFO - [fed_server.py:74] - Precision: 0.6488
2025-04-14 17:39:59 - INFO - [fed_server.py:75] - Recall: 0.3785
2025-04-14 17:39:59 - INFO - [fed_server.py:76] - F1 Score: 0.4781
2025-04-14 17:39:59 - INFO - [fed_server.py:77] - AUC-ROC: 0.7729
2025-04-14 17:39:59 - INFO - [fed_server.py:50] - 
=== NeuralNet 联邦学习第 6 轮 ===
2025-04-14 17:40:04 - INFO - [fed_server.py:72] - 全局模型评估指标:
2025-04-14 17:40:04 - INFO - [fed_server.py:73] - Accuracy: 0.8210
2025-04-14 17:40:04 - INFO - [fed_server.py:74] - Precision: 0.6644
2025-04-14 17:40:04 - INFO - [fed_server.py:75] - Recall: 0.3679
2025-04-14 17:40:04 - INFO - [fed_server.py:76] - F1 Score: 0.4735
2025-04-14 17:40:04 - INFO - [fed_server.py:77] - AUC-ROC: 0.7742
2025-04-14 17:40:04 - INFO - [fed_server.py:50] - 
=== NeuralNet 联邦学习第 7 轮 ===
2025-04-14 17:40:08 - INFO - [fed_server.py:72] - 全局模型评估指标:
2025-04-14 17:40:08 - INFO - [fed_server.py:73] - Accuracy: 0.8192
2025-04-14 17:40:08 - INFO - [fed_server.py:74] - Precision: 0.6810
2025-04-14 17:40:08 - INFO - [fed_server.py:75] - Recall: 0.3267
2025-04-14 17:40:08 - INFO - [fed_server.py:76] - F1 Score: 0.4416
2025-04-14 17:40:08 - INFO - [fed_server.py:77] - AUC-ROC: 0.7759
2025-04-14 17:40:08 - INFO - [fed_server.py:50] - 
=== NeuralNet 联邦学习第 8 轮 ===
2025-04-14 17:40:13 - INFO - [fed_server.py:72] - 全局模型评估指标:
2025-04-14 17:40:13 - INFO - [fed_server.py:73] - Accuracy: 0.8222
2025-04-14 17:40:13 - INFO - [fed_server.py:74] - Precision: 0.6783
2025-04-14 17:40:13 - INFO - [fed_server.py:75] - Recall: 0.3564
2025-04-14 17:40:13 - INFO - [fed_server.py:76] - F1 Score: 0.4673
2025-04-14 17:40:13 - INFO - [fed_server.py:77] - AUC-ROC: 0.7741
2025-04-14 17:40:13 - INFO - [fed_server.py:50] - 
=== NeuralNet 联邦学习第 9 轮 ===
2025-04-14 17:40:18 - INFO - [fed_server.py:72] - 全局模型评估指标:
2025-04-14 17:40:18 - INFO - [fed_server.py:73] - Accuracy: 0.8217
2025-04-14 17:40:18 - INFO - [fed_server.py:74] - Precision: 0.7035
2025-04-14 17:40:18 - INFO - [fed_server.py:75] - Recall: 0.3199
2025-04-14 17:40:18 - INFO - [fed_server.py:76] - F1 Score: 0.4398
2025-04-14 17:40:18 - INFO - [fed_server.py:77] - AUC-ROC: 0.7744
2025-04-14 17:40:18 - INFO - [fed_server.py:50] - 
=== NeuralNet 联邦学习第 10 轮 ===
2025-04-14 17:40:22 - INFO - [fed_server.py:72] - 最终评估 - 全局模型评估指标:
2025-04-14 17:40:22 - INFO - [fed_server.py:73] - 最终评估 - Accuracy: 0.8188
2025-04-14 17:40:22 - INFO - [fed_server.py:74] - 最终评估 - Precision: 0.6535
2025-04-14 17:40:22 - INFO - [fed_server.py:75] - 最终评估 - Recall: 0.3663
2025-04-14 17:40:22 - INFO - [fed_server.py:76] - 最终评估 - F1 Score: 0.4695
2025-04-14 17:40:22 - INFO - [fed_server.py:77] - 最终评估 - AUC-ROC: 0.7712
2025-04-14 17:40:23 - INFO - [federated.py:110] - 
=== 联邦学习模型性能对比 ===
2025-04-14 17:40:23 - INFO - [federated.py:111] - 
            accuracy  precision    recall        f1   auc_roc
logistic    0.818833   0.636145  0.402133  0.492767  0.762843
neural_net  0.818833   0.653533  0.366337  0.469497  0.771150
