2025-04-14 16:30:19 - INFO - [logging_config.py:55] - 日志文件已创建: logs\20250414_163019.log
2025-04-14 16:30:21 - INFO - [main.py:54] - 
=== 运行联邦学习实验 ===
2025-04-14 16:30:21 - INFO - [main.py:41] - 添加逻辑回归模型...
2025-04-14 16:30:21 - INFO - [main.py:44] - 添加神经网络模型...
2025-04-14 16:30:21 - INFO - [base_experiment.py:39] - 成功加载标准化数据: 训练集 (24000, 26), 测试集 (6000, 26)
2025-04-14 16:30:21 - INFO - [base_experiment.py:49] - 成功加载非标准化数据: 训练集 (24000, 23), 测试集 (6000, 23)
2025-04-14 16:30:21 - INFO - [federated.py:129] - 
=== 开始 logistic 的联邦学习 ===
2025-04-14 16:30:21 - INFO - [federated.py:136] - 使用标准化数据训练模型 logistic
2025-04-14 16:30:21 - INFO - [federated.py:30] - 开始数据分割,总样本数: 24000, 客户端数: 3
2025-04-14 16:30:21 - INFO - [federated.py:34] - 每个客户端平均数据量: 8000
2025-04-14 16:30:21 - INFO - [federated.py:48] - 客户端0数据量: 8000
2025-04-14 16:30:21 - INFO - [federated.py:48] - 客户端1数据量: 8000
2025-04-14 16:30:21 - INFO - [federated.py:48] - 客户端2数据量: 8000
2025-04-14 16:30:21 - INFO - [fed_server.py:50] - 联邦学习第 1 轮
2025-04-14 16:30:21 - INFO - [logistic_regression.py:127] - 
=== Model Evaluation ===
2025-04-14 16:30:21 - INFO - [logistic_regression.py:119] - Found best threshold: 0.70 (Accuracy: 0.8213)
2025-04-14 16:30:21 - INFO - [logistic_regression.py:134] - Using threshold: 0.7000000000000002
2025-04-14 16:30:21 - INFO - [logistic_regression.py:127] - 
=== Model Evaluation ===
2025-04-14 16:30:21 - INFO - [logistic_regression.py:119] - Found best threshold: 0.70 (Accuracy: 0.8287)
2025-04-14 16:30:21 - INFO - [logistic_regression.py:134] - Using threshold: 0.7000000000000002
2025-04-14 16:30:21 - INFO - [logistic_regression.py:127] - 
=== Model Evaluation ===
2025-04-14 16:30:21 - INFO - [logistic_regression.py:119] - Found best threshold: 0.80 (Accuracy: 0.8144)
2025-04-14 16:30:21 - INFO - [logistic_regression.py:134] - Using threshold: 0.8000000000000002
2025-04-14 16:30:21 - INFO - [logistic_regression.py:127] - 
=== Model Evaluation ===
2025-04-14 16:30:21 - INFO - [logistic_regression.py:119] - Found best threshold: 0.70 (Accuracy: 0.8197)
2025-04-14 16:30:21 - INFO - [logistic_regression.py:134] - Using threshold: 0.7000000000000002
2025-04-14 16:30:21 - INFO - [fed_server.py:69] - 全局模型评估指标:
2025-04-14 16:30:21 - INFO - [fed_server.py:70] - Accuracy: 0.8197
2025-04-14 16:30:21 - INFO - [fed_server.py:71] - Precision: 0.6387
2025-04-14 16:30:21 - INFO - [fed_server.py:72] - Recall: 0.4052
2025-04-14 16:30:21 - INFO - [fed_server.py:73] - F1 Score: 0.4958
2025-04-14 16:30:21 - INFO - [fed_server.py:74] - AUC-ROC: 0.7634
2025-04-14 16:30:21 - INFO - [federated.py:84] - 轮次 1/10 完成
2025-04-14 16:30:21 - INFO - [fed_server.py:50] - 联邦学习第 2 轮
2025-04-14 16:30:21 - INFO - [logistic_regression.py:127] - 
=== Model Evaluation ===
2025-04-14 16:30:21 - INFO - [logistic_regression.py:119] - Found best threshold: 0.70 (Accuracy: 0.8213)
2025-04-14 16:30:21 - INFO - [logistic_regression.py:134] - Using threshold: 0.7000000000000002
2025-04-14 16:30:21 - INFO - [logistic_regression.py:127] - 
=== Model Evaluation ===
2025-04-14 16:30:21 - INFO - [logistic_regression.py:119] - Found best threshold: 0.70 (Accuracy: 0.8281)
2025-04-14 16:30:21 - INFO - [logistic_regression.py:134] - Using threshold: 0.7000000000000002
2025-04-14 16:30:21 - INFO - [logistic_regression.py:127] - 
=== Model Evaluation ===
2025-04-14 16:30:21 - INFO - [logistic_regression.py:119] - Found best threshold: 0.80 (Accuracy: 0.8144)
2025-04-14 16:30:21 - INFO - [logistic_regression.py:134] - Using threshold: 0.8000000000000002
2025-04-14 16:30:21 - INFO - [logistic_regression.py:127] - 
=== Model Evaluation ===
2025-04-14 16:30:21 - INFO - [logistic_regression.py:119] - Found best threshold: 0.70 (Accuracy: 0.8198)
2025-04-14 16:30:21 - INFO - [logistic_regression.py:134] - Using threshold: 0.7000000000000002
2025-04-14 16:30:21 - INFO - [fed_server.py:69] - 全局模型评估指标:
2025-04-14 16:30:21 - INFO - [fed_server.py:70] - Accuracy: 0.8198
2025-04-14 16:30:21 - INFO - [fed_server.py:71] - Precision: 0.6394
2025-04-14 16:30:21 - INFO - [fed_server.py:72] - Recall: 0.4052
2025-04-14 16:30:21 - INFO - [fed_server.py:73] - F1 Score: 0.4960
2025-04-14 16:30:21 - INFO - [fed_server.py:74] - AUC-ROC: 0.7634
2025-04-14 16:30:21 - INFO - [federated.py:84] - 轮次 2/10 完成
2025-04-14 16:30:21 - INFO - [fed_server.py:50] - 联邦学习第 3 轮
2025-04-14 16:30:21 - INFO - [logistic_regression.py:127] - 
=== Model Evaluation ===
2025-04-14 16:30:21 - INFO - [logistic_regression.py:119] - Found best threshold: 0.70 (Accuracy: 0.8213)
2025-04-14 16:30:21 - INFO - [logistic_regression.py:134] - Using threshold: 0.7000000000000002
2025-04-14 16:30:21 - INFO - [logistic_regression.py:127] - 
=== Model Evaluation ===
2025-04-14 16:30:21 - INFO - [logistic_regression.py:119] - Found best threshold: 0.70 (Accuracy: 0.8281)
2025-04-14 16:30:21 - INFO - [logistic_regression.py:134] - Using threshold: 0.7000000000000002
2025-04-14 16:30:22 - INFO - [logistic_regression.py:127] - 
=== Model Evaluation ===
2025-04-14 16:30:22 - INFO - [logistic_regression.py:119] - Found best threshold: 0.80 (Accuracy: 0.8137)
2025-04-14 16:30:22 - INFO - [logistic_regression.py:134] - Using threshold: 0.8000000000000002
2025-04-14 16:30:22 - INFO - [logistic_regression.py:127] - 
=== Model Evaluation ===
2025-04-14 16:30:22 - INFO - [logistic_regression.py:119] - Found best threshold: 0.70 (Accuracy: 0.8198)
2025-04-14 16:30:22 - INFO - [logistic_regression.py:134] - Using threshold: 0.7000000000000002
2025-04-14 16:30:22 - INFO - [fed_server.py:69] - 全局模型评估指标:
2025-04-14 16:30:22 - INFO - [fed_server.py:70] - Accuracy: 0.8198
2025-04-14 16:30:22 - INFO - [fed_server.py:71] - Precision: 0.6391
2025-04-14 16:30:22 - INFO - [fed_server.py:72] - Recall: 0.4059
2025-04-14 16:30:22 - INFO - [fed_server.py:73] - F1 Score: 0.4965
2025-04-14 16:30:22 - INFO - [fed_server.py:74] - AUC-ROC: 0.7634
2025-04-14 16:30:22 - INFO - [federated.py:84] - 轮次 3/10 完成
2025-04-14 16:30:22 - INFO - [fed_server.py:50] - 联邦学习第 4 轮
2025-04-14 16:30:22 - INFO - [logistic_regression.py:127] - 
=== Model Evaluation ===
2025-04-14 16:30:22 - INFO - [logistic_regression.py:119] - Found best threshold: 0.70 (Accuracy: 0.8206)
2025-04-14 16:30:22 - INFO - [logistic_regression.py:134] - Using threshold: 0.7000000000000002
2025-04-14 16:30:22 - INFO - [logistic_regression.py:127] - 
=== Model Evaluation ===
2025-04-14 16:30:22 - INFO - [logistic_regression.py:119] - Found best threshold: 0.70 (Accuracy: 0.8281)
2025-04-14 16:30:22 - INFO - [logistic_regression.py:134] - Using threshold: 0.7000000000000002
2025-04-14 16:30:22 - INFO - [logistic_regression.py:127] - 
=== Model Evaluation ===
2025-04-14 16:30:22 - INFO - [logistic_regression.py:119] - Found best threshold: 0.80 (Accuracy: 0.8137)
2025-04-14 16:30:22 - INFO - [logistic_regression.py:134] - Using threshold: 0.8000000000000002
2025-04-14 16:30:22 - INFO - [logistic_regression.py:127] - 
=== Model Evaluation ===
2025-04-14 16:30:22 - INFO - [logistic_regression.py:119] - Found best threshold: 0.70 (Accuracy: 0.8195)
2025-04-14 16:30:22 - INFO - [logistic_regression.py:134] - Using threshold: 0.7000000000000002
2025-04-14 16:30:22 - INFO - [fed_server.py:69] - 全局模型评估指标:
2025-04-14 16:30:22 - INFO - [fed_server.py:70] - Accuracy: 0.8195
2025-04-14 16:30:22 - INFO - [fed_server.py:71] - Precision: 0.6382
2025-04-14 16:30:22 - INFO - [fed_server.py:72] - Recall: 0.4044
2025-04-14 16:30:22 - INFO - [fed_server.py:73] - F1 Score: 0.4951
2025-04-14 16:30:22 - INFO - [fed_server.py:74] - AUC-ROC: 0.7635
2025-04-14 16:30:22 - INFO - [federated.py:84] - 轮次 4/10 完成
2025-04-14 16:30:22 - INFO - [fed_server.py:50] - 联邦学习第 5 轮
2025-04-14 16:30:22 - INFO - [logistic_regression.py:127] - 
=== Model Evaluation ===
2025-04-14 16:30:22 - INFO - [logistic_regression.py:119] - Found best threshold: 0.70 (Accuracy: 0.8213)
2025-04-14 16:30:22 - INFO - [logistic_regression.py:134] - Using threshold: 0.7000000000000002
2025-04-14 16:30:22 - INFO - [logistic_regression.py:127] - 
=== Model Evaluation ===
2025-04-14 16:30:22 - INFO - [logistic_regression.py:119] - Found best threshold: 0.70 (Accuracy: 0.8281)
2025-04-14 16:30:22 - INFO - [logistic_regression.py:134] - Using threshold: 0.7000000000000002
2025-04-14 16:30:22 - INFO - [logistic_regression.py:127] - 
=== Model Evaluation ===
2025-04-14 16:30:22 - INFO - [logistic_regression.py:119] - Found best threshold: 0.80 (Accuracy: 0.8144)
2025-04-14 16:30:22 - INFO - [logistic_regression.py:134] - Using threshold: 0.8000000000000002
2025-04-14 16:30:22 - INFO - [logistic_regression.py:127] - 
=== Model Evaluation ===
2025-04-14 16:30:22 - INFO - [logistic_regression.py:119] - Found best threshold: 0.70 (Accuracy: 0.8195)
2025-04-14 16:30:22 - INFO - [logistic_regression.py:134] - Using threshold: 0.7000000000000002
2025-04-14 16:30:22 - INFO - [fed_server.py:69] - 全局模型评估指标:
2025-04-14 16:30:22 - INFO - [fed_server.py:70] - Accuracy: 0.8195
2025-04-14 16:30:22 - INFO - [fed_server.py:71] - Precision: 0.6382
2025-04-14 16:30:22 - INFO - [fed_server.py:72] - Recall: 0.4044
2025-04-14 16:30:22 - INFO - [fed_server.py:73] - F1 Score: 0.4951
2025-04-14 16:30:22 - INFO - [fed_server.py:74] - AUC-ROC: 0.7631
2025-04-14 16:30:22 - INFO - [federated.py:84] - 轮次 5/10 完成
2025-04-14 16:30:22 - INFO - [fed_server.py:50] - 联邦学习第 6 轮
2025-04-14 16:30:22 - INFO - [logistic_regression.py:127] - 
=== Model Evaluation ===
2025-04-14 16:30:22 - INFO - [logistic_regression.py:119] - Found best threshold: 0.70 (Accuracy: 0.8213)
2025-04-14 16:30:22 - INFO - [logistic_regression.py:134] - Using threshold: 0.7000000000000002
2025-04-14 16:30:22 - INFO - [logistic_regression.py:127] - 
=== Model Evaluation ===
2025-04-14 16:30:22 - INFO - [logistic_regression.py:119] - Found best threshold: 0.70 (Accuracy: 0.8281)
2025-04-14 16:30:22 - INFO - [logistic_regression.py:134] - Using threshold: 0.7000000000000002
2025-04-14 16:30:22 - INFO - [logistic_regression.py:127] - 
=== Model Evaluation ===
2025-04-14 16:30:22 - INFO - [logistic_regression.py:119] - Found best threshold: 0.80 (Accuracy: 0.8137)
2025-04-14 16:30:22 - INFO - [logistic_regression.py:134] - Using threshold: 0.8000000000000002
2025-04-14 16:30:22 - INFO - [logistic_regression.py:127] - 
=== Model Evaluation ===
2025-04-14 16:30:22 - INFO - [logistic_regression.py:119] - Found best threshold: 0.70 (Accuracy: 0.8195)
2025-04-14 16:30:22 - INFO - [logistic_regression.py:134] - Using threshold: 0.7000000000000002
2025-04-14 16:30:22 - INFO - [fed_server.py:69] - 全局模型评估指标:
2025-04-14 16:30:22 - INFO - [fed_server.py:70] - Accuracy: 0.8195
2025-04-14 16:30:22 - INFO - [fed_server.py:71] - Precision: 0.6382
2025-04-14 16:30:22 - INFO - [fed_server.py:72] - Recall: 0.4044
2025-04-14 16:30:22 - INFO - [fed_server.py:73] - F1 Score: 0.4951
2025-04-14 16:30:22 - INFO - [fed_server.py:74] - AUC-ROC: 0.7635
2025-04-14 16:30:22 - INFO - [federated.py:84] - 轮次 6/10 完成
2025-04-14 16:30:22 - INFO - [fed_server.py:50] - 联邦学习第 7 轮
2025-04-14 16:30:22 - INFO - [logistic_regression.py:127] - 
=== Model Evaluation ===
2025-04-14 16:30:22 - INFO - [logistic_regression.py:119] - Found best threshold: 0.70 (Accuracy: 0.8213)
2025-04-14 16:30:22 - INFO - [logistic_regression.py:134] - Using threshold: 0.7000000000000002
2025-04-14 16:30:22 - INFO - [logistic_regression.py:127] - 
=== Model Evaluation ===
2025-04-14 16:30:22 - INFO - [logistic_regression.py:119] - Found best threshold: 0.75 (Accuracy: 0.8287)
2025-04-14 16:30:22 - INFO - [logistic_regression.py:134] - Using threshold: 0.7500000000000002
2025-04-14 16:30:22 - INFO - [logistic_regression.py:127] - 
=== Model Evaluation ===
2025-04-14 16:30:22 - INFO - [logistic_regression.py:119] - Found best threshold: 0.80 (Accuracy: 0.8150)
2025-04-14 16:30:22 - INFO - [logistic_regression.py:134] - Using threshold: 0.8000000000000002
2025-04-14 16:30:22 - INFO - [logistic_regression.py:127] - 
=== Model Evaluation ===
2025-04-14 16:30:22 - INFO - [logistic_regression.py:119] - Found best threshold: 0.70 (Accuracy: 0.8197)
2025-04-14 16:30:22 - INFO - [logistic_regression.py:134] - Using threshold: 0.7000000000000002
2025-04-14 16:30:22 - INFO - [fed_server.py:69] - 全局模型评估指标:
2025-04-14 16:30:22 - INFO - [fed_server.py:70] - Accuracy: 0.8197
2025-04-14 16:30:22 - INFO - [fed_server.py:71] - Precision: 0.6383
2025-04-14 16:30:22 - INFO - [fed_server.py:72] - Recall: 0.4059
2025-04-14 16:30:22 - INFO - [fed_server.py:73] - F1 Score: 0.4963
2025-04-14 16:30:22 - INFO - [fed_server.py:74] - AUC-ROC: 0.7635
2025-04-14 16:30:22 - INFO - [federated.py:84] - 轮次 7/10 完成
2025-04-14 16:30:22 - INFO - [fed_server.py:50] - 联邦学习第 8 轮
2025-04-14 16:30:22 - INFO - [logistic_regression.py:127] - 
=== Model Evaluation ===
2025-04-14 16:30:22 - INFO - [logistic_regression.py:119] - Found best threshold: 0.70 (Accuracy: 0.8206)
2025-04-14 16:30:22 - INFO - [logistic_regression.py:134] - Using threshold: 0.7000000000000002
2025-04-14 16:30:22 - INFO - [logistic_regression.py:127] - 
=== Model Evaluation ===
2025-04-14 16:30:22 - INFO - [logistic_regression.py:119] - Found best threshold: 0.70 (Accuracy: 0.8281)
2025-04-14 16:30:22 - INFO - [logistic_regression.py:134] - Using threshold: 0.7000000000000002
2025-04-14 16:30:22 - INFO - [logistic_regression.py:127] - 
=== Model Evaluation ===
2025-04-14 16:30:22 - INFO - [logistic_regression.py:119] - Found best threshold: 0.80 (Accuracy: 0.8137)
2025-04-14 16:30:22 - INFO - [logistic_regression.py:134] - Using threshold: 0.8000000000000002
2025-04-14 16:30:22 - INFO - [logistic_regression.py:127] - 
=== Model Evaluation ===
2025-04-14 16:30:22 - INFO - [logistic_regression.py:119] - Found best threshold: 0.70 (Accuracy: 0.8198)
2025-04-14 16:30:22 - INFO - [logistic_regression.py:134] - Using threshold: 0.7000000000000002
2025-04-14 16:30:22 - INFO - [fed_server.py:69] - 全局模型评估指标:
2025-04-14 16:30:22 - INFO - [fed_server.py:70] - Accuracy: 0.8198
2025-04-14 16:30:22 - INFO - [fed_server.py:71] - Precision: 0.6391
2025-04-14 16:30:22 - INFO - [fed_server.py:72] - Recall: 0.4059
2025-04-14 16:30:22 - INFO - [fed_server.py:73] - F1 Score: 0.4965
2025-04-14 16:30:22 - INFO - [fed_server.py:74] - AUC-ROC: 0.7633
2025-04-14 16:30:22 - INFO - [federated.py:84] - 轮次 8/10 完成
2025-04-14 16:30:22 - INFO - [fed_server.py:50] - 联邦学习第 9 轮
2025-04-14 16:30:22 - INFO - [logistic_regression.py:127] - 
=== Model Evaluation ===
2025-04-14 16:30:22 - INFO - [logistic_regression.py:119] - Found best threshold: 0.70 (Accuracy: 0.8213)
2025-04-14 16:30:22 - INFO - [logistic_regression.py:134] - Using threshold: 0.7000000000000002
2025-04-14 16:30:23 - INFO - [logistic_regression.py:127] - 
=== Model Evaluation ===
2025-04-14 16:30:23 - INFO - [logistic_regression.py:119] - Found best threshold: 0.75 (Accuracy: 0.8287)
2025-04-14 16:30:23 - INFO - [logistic_regression.py:134] - Using threshold: 0.7500000000000002
2025-04-14 16:30:23 - INFO - [logistic_regression.py:127] - 
=== Model Evaluation ===
2025-04-14 16:30:23 - INFO - [logistic_regression.py:119] - Found best threshold: 0.80 (Accuracy: 0.8137)
2025-04-14 16:30:23 - INFO - [logistic_regression.py:134] - Using threshold: 0.8000000000000002
2025-04-14 16:30:23 - INFO - [logistic_regression.py:127] - 
=== Model Evaluation ===
2025-04-14 16:30:23 - INFO - [logistic_regression.py:119] - Found best threshold: 0.70 (Accuracy: 0.8197)
2025-04-14 16:30:23 - INFO - [logistic_regression.py:134] - Using threshold: 0.7000000000000002
2025-04-14 16:30:23 - INFO - [fed_server.py:69] - 全局模型评估指标:
2025-04-14 16:30:23 - INFO - [fed_server.py:70] - Accuracy: 0.8197
2025-04-14 16:30:23 - INFO - [fed_server.py:71] - Precision: 0.6387
2025-04-14 16:30:23 - INFO - [fed_server.py:72] - Recall: 0.4052
2025-04-14 16:30:23 - INFO - [fed_server.py:73] - F1 Score: 0.4958
2025-04-14 16:30:23 - INFO - [fed_server.py:74] - AUC-ROC: 0.7634
2025-04-14 16:30:23 - INFO - [federated.py:84] - 轮次 9/10 完成
2025-04-14 16:30:23 - INFO - [fed_server.py:50] - 联邦学习第 10 轮
2025-04-14 16:30:23 - INFO - [logistic_regression.py:127] - 
=== Model Evaluation ===
2025-04-14 16:30:23 - INFO - [logistic_regression.py:119] - Found best threshold: 0.70 (Accuracy: 0.8213)
2025-04-14 16:30:23 - INFO - [logistic_regression.py:134] - Using threshold: 0.7000000000000002
2025-04-14 16:30:23 - INFO - [logistic_regression.py:127] - 
=== Model Evaluation ===
2025-04-14 16:30:23 - INFO - [logistic_regression.py:119] - Found best threshold: 0.70 (Accuracy: 0.8281)
2025-04-14 16:30:23 - INFO - [logistic_regression.py:134] - Using threshold: 0.7000000000000002
2025-04-14 16:30:23 - INFO - [logistic_regression.py:127] - 
=== Model Evaluation ===
2025-04-14 16:30:23 - INFO - [logistic_regression.py:119] - Found best threshold: 0.80 (Accuracy: 0.8144)
2025-04-14 16:30:23 - INFO - [logistic_regression.py:134] - Using threshold: 0.8000000000000002
2025-04-14 16:30:23 - INFO - [logistic_regression.py:127] - 
=== Model Evaluation ===
2025-04-14 16:30:23 - INFO - [logistic_regression.py:119] - Found best threshold: 0.70 (Accuracy: 0.8198)
2025-04-14 16:30:23 - INFO - [logistic_regression.py:134] - Using threshold: 0.7000000000000002
2025-04-14 16:30:23 - INFO - [fed_server.py:69] - 全局模型评估指标:
2025-04-14 16:30:23 - INFO - [fed_server.py:70] - Accuracy: 0.8198
2025-04-14 16:30:23 - INFO - [fed_server.py:71] - Precision: 0.6391
2025-04-14 16:30:23 - INFO - [fed_server.py:72] - Recall: 0.4059
2025-04-14 16:30:23 - INFO - [fed_server.py:73] - F1 Score: 0.4965
2025-04-14 16:30:23 - INFO - [fed_server.py:74] - AUC-ROC: 0.7634
2025-04-14 16:30:23 - INFO - [federated.py:84] - 轮次 10/10 完成
2025-04-14 16:30:23 - INFO - [federated.py:164] - logistic 在测试集上的最终评估:
2025-04-14 16:30:23 - INFO - [logistic_regression.py:127] - 
=== Model Evaluation ===
2025-04-14 16:30:23 - INFO - [logistic_regression.py:119] - Found best threshold: 0.70 (Accuracy: 0.8198)
2025-04-14 16:30:23 - INFO - [logistic_regression.py:134] - Using threshold: 0.7000000000000002
2025-04-14 16:30:23 - INFO - [federated.py:129] - 
=== 开始 neural_net 的联邦学习 ===
2025-04-14 16:30:23 - INFO - [federated.py:136] - 使用标准化数据训练模型 neural_net
2025-04-14 16:30:23 - INFO - [federated.py:30] - 开始数据分割,总样本数: 24000, 客户端数: 3
2025-04-14 16:30:23 - INFO - [federated.py:34] - 每个客户端平均数据量: 8000
2025-04-14 16:30:23 - INFO - [federated.py:48] - 客户端0数据量: 8000
2025-04-14 16:30:23 - INFO - [federated.py:48] - 客户端1数据量: 8000
2025-04-14 16:30:23 - INFO - [federated.py:48] - 客户端2数据量: 8000
2025-04-14 16:30:23 - INFO - [fed_server.py:50] - 联邦学习第 1 轮
2025-04-14 16:30:23 - INFO - [neural_net.py:77] - 
=== Training Start ===
2025-04-14 16:30:23 - INFO - [neural_net.py:78] - Training data size: (6400, 26)
2025-04-14 16:30:23 - INFO - [neural_net.py:83] - Initialized neural network with input dimension: 26
2025-04-14 16:30:23 - INFO - [neural_net.py:93] - Class distribution in training set:
2025-04-14 16:30:23 - INFO - [neural_net.py:94] -   Positive samples: 1424
2025-04-14 16:30:23 - INFO - [neural_net.py:95] -   Negative samples: 4976
2025-04-14 16:30:24 - INFO - [neural_net.py:126] - Epoch [1/10], Loss: 1.0705
2025-04-14 16:30:24 - INFO - [neural_net.py:126] - Epoch [2/10], Loss: 0.9731
2025-04-14 16:30:25 - INFO - [neural_net.py:126] - Epoch [3/10], Loss: 0.9503
2025-04-14 16:30:25 - INFO - [neural_net.py:126] - Epoch [4/10], Loss: 0.9357
2025-04-14 16:30:25 - INFO - [neural_net.py:126] - Epoch [5/10], Loss: 0.9224
2025-04-14 16:30:25 - INFO - [neural_net.py:126] - Epoch [6/10], Loss: 0.9200
2025-04-14 16:30:25 - INFO - [neural_net.py:126] - Epoch [7/10], Loss: 0.9164
2025-04-14 16:30:25 - INFO - [neural_net.py:126] - Epoch [8/10], Loss: 0.9140
2025-04-14 16:30:26 - INFO - [neural_net.py:126] - Epoch [9/10], Loss: 0.9095
2025-04-14 16:30:26 - INFO - [neural_net.py:126] - Epoch [10/10], Loss: 0.9060
2025-04-14 16:30:26 - INFO - [neural_net.py:128] - Model training completed
2025-04-14 16:30:26 - INFO - [neural_net.py:158] - 
=== Model Evaluation ===
2025-04-14 16:30:26 - INFO - [neural_net.py:220] - Found best threshold: 0.75 (Accuracy: 0.8225)
2025-04-14 16:30:26 - INFO - [neural_net.py:169] - Using threshold: 0.7500000000000002
2025-04-14 16:30:26 - INFO - [neural_net.py:77] - 
=== Training Start ===
2025-04-14 16:30:26 - INFO - [neural_net.py:78] - Training data size: (6400, 26)
2025-04-14 16:30:26 - INFO - [neural_net.py:83] - Initialized neural network with input dimension: 26
2025-04-14 16:30:26 - INFO - [neural_net.py:93] - Class distribution in training set:
2025-04-14 16:30:26 - INFO - [neural_net.py:94] -   Positive samples: 1415
2025-04-14 16:30:26 - INFO - [neural_net.py:95] -   Negative samples: 4985
2025-04-14 16:30:26 - INFO - [neural_net.py:126] - Epoch [1/10], Loss: 1.0560
2025-04-14 16:30:26 - INFO - [neural_net.py:126] - Epoch [2/10], Loss: 0.9734
2025-04-14 16:30:26 - INFO - [neural_net.py:126] - Epoch [3/10], Loss: 0.9489
2025-04-14 16:30:27 - INFO - [neural_net.py:126] - Epoch [4/10], Loss: 0.9182
2025-04-14 16:30:27 - INFO - [neural_net.py:126] - Epoch [5/10], Loss: 0.9162
2025-04-14 16:30:27 - INFO - [neural_net.py:126] - Epoch [6/10], Loss: 0.9126
2025-04-14 16:30:27 - INFO - [neural_net.py:126] - Epoch [7/10], Loss: 0.9005
2025-04-14 16:30:27 - INFO - [neural_net.py:126] - Epoch [8/10], Loss: 0.9001
2025-04-14 16:30:27 - INFO - [neural_net.py:126] - Epoch [9/10], Loss: 0.8912
2025-04-14 16:30:27 - INFO - [neural_net.py:126] - Epoch [10/10], Loss: 0.8910
2025-04-14 16:30:27 - INFO - [neural_net.py:128] - Model training completed
2025-04-14 16:30:27 - INFO - [neural_net.py:158] - 
=== Model Evaluation ===
2025-04-14 16:30:27 - INFO - [neural_net.py:220] - Found best threshold: 0.65 (Accuracy: 0.8237)
2025-04-14 16:30:27 - INFO - [neural_net.py:169] - Using threshold: 0.6500000000000001
2025-04-14 16:30:27 - INFO - [neural_net.py:77] - 
=== Training Start ===
2025-04-14 16:30:27 - INFO - [neural_net.py:78] - Training data size: (6400, 26)
2025-04-14 16:30:27 - INFO - [neural_net.py:83] - Initialized neural network with input dimension: 26
2025-04-14 16:30:27 - INFO - [neural_net.py:93] - Class distribution in training set:
2025-04-14 16:30:27 - INFO - [neural_net.py:94] -   Positive samples: 1396
2025-04-14 16:30:27 - INFO - [neural_net.py:95] -   Negative samples: 5004
2025-04-14 16:30:28 - INFO - [neural_net.py:126] - Epoch [1/10], Loss: 1.0427
2025-04-14 16:30:28 - INFO - [neural_net.py:126] - Epoch [2/10], Loss: 0.9551
2025-04-14 16:30:28 - INFO - [neural_net.py:126] - Epoch [3/10], Loss: 0.9367
2025-04-14 16:30:28 - INFO - [neural_net.py:126] - Epoch [4/10], Loss: 0.9376
2025-04-14 16:30:28 - INFO - [neural_net.py:126] - Epoch [5/10], Loss: 0.9206
2025-04-14 16:30:28 - INFO - [neural_net.py:126] - Epoch [6/10], Loss: 0.9168
2025-04-14 16:30:29 - INFO - [neural_net.py:126] - Epoch [7/10], Loss: 0.9109
2025-04-14 16:30:29 - INFO - [neural_net.py:126] - Epoch [8/10], Loss: 0.9096
2025-04-14 16:30:29 - INFO - [neural_net.py:126] - Epoch [9/10], Loss: 0.9099
2025-04-14 16:30:29 - INFO - [neural_net.py:126] - Epoch [10/10], Loss: 0.9014
2025-04-14 16:30:29 - INFO - [neural_net.py:128] - Model training completed
2025-04-14 16:30:29 - INFO - [neural_net.py:158] - 
=== Model Evaluation ===
2025-04-14 16:30:29 - INFO - [neural_net.py:220] - Found best threshold: 0.75 (Accuracy: 0.8175)
2025-04-14 16:30:29 - INFO - [neural_net.py:169] - Using threshold: 0.7500000000000002
2025-04-14 16:30:29 - INFO - [neural_net.py:158] - 
=== Model Evaluation ===
2025-04-14 16:30:29 - INFO - [neural_net.py:220] - Found best threshold: 0.55 (Accuracy: 0.8072)
2025-04-14 16:30:29 - INFO - [neural_net.py:169] - Using threshold: 0.5500000000000002
2025-04-14 16:30:29 - INFO - [fed_server.py:69] - 全局模型评估指标:
2025-04-14 16:30:29 - INFO - [fed_server.py:70] - Accuracy: 0.8072
2025-04-14 16:30:29 - INFO - [fed_server.py:71] - Precision: 0.6444
2025-04-14 16:30:29 - INFO - [fed_server.py:72] - Recall: 0.2650
2025-04-14 16:30:29 - INFO - [fed_server.py:73] - F1 Score: 0.3756
2025-04-14 16:30:29 - INFO - [fed_server.py:74] - AUC-ROC: 0.7371
2025-04-14 16:30:29 - INFO - [federated.py:84] - 轮次 1/10 完成
2025-04-14 16:30:29 - INFO - [fed_server.py:50] - 联邦学习第 2 轮
2025-04-14 16:30:29 - INFO - [neural_net.py:77] - 
=== Training Start ===
2025-04-14 16:30:29 - INFO - [neural_net.py:78] - Training data size: (6400, 26)
2025-04-14 16:30:29 - INFO - [neural_net.py:93] - Class distribution in training set:
2025-04-14 16:30:29 - INFO - [neural_net.py:94] -   Positive samples: 1424
2025-04-14 16:30:29 - INFO - [neural_net.py:95] -   Negative samples: 4976
2025-04-14 16:30:29 - INFO - [neural_net.py:126] - Epoch [1/10], Loss: 0.9343
2025-04-14 16:30:29 - INFO - [neural_net.py:126] - Epoch [2/10], Loss: 0.9131
2025-04-14 16:30:30 - INFO - [neural_net.py:126] - Epoch [3/10], Loss: 0.9141
2025-04-14 16:30:30 - INFO - [neural_net.py:126] - Epoch [4/10], Loss: 0.9058
2025-04-14 16:30:30 - INFO - [neural_net.py:126] - Epoch [5/10], Loss: 0.9029
2025-04-14 16:30:30 - INFO - [neural_net.py:126] - Epoch [6/10], Loss: 0.8942
2025-04-14 16:30:30 - INFO - [neural_net.py:126] - Epoch [7/10], Loss: 0.8846
2025-04-14 16:30:31 - INFO - [neural_net.py:126] - Epoch [8/10], Loss: 0.8882
2025-04-14 16:30:31 - INFO - [neural_net.py:126] - Epoch [9/10], Loss: 0.8858
2025-04-14 16:30:31 - INFO - [neural_net.py:126] - Epoch [10/10], Loss: 0.8839
2025-04-14 16:30:31 - INFO - [neural_net.py:128] - Model training completed
2025-04-14 16:30:31 - INFO - [neural_net.py:158] - 
=== Model Evaluation ===
2025-04-14 16:30:31 - INFO - [neural_net.py:220] - Found best threshold: 0.80 (Accuracy: 0.8237)
2025-04-14 16:30:31 - INFO - [neural_net.py:169] - Using threshold: 0.8000000000000002
2025-04-14 16:30:31 - INFO - [neural_net.py:77] - 
=== Training Start ===
2025-04-14 16:30:31 - INFO - [neural_net.py:78] - Training data size: (6400, 26)
2025-04-14 16:30:31 - INFO - [neural_net.py:93] - Class distribution in training set:
2025-04-14 16:30:31 - INFO - [neural_net.py:94] -   Positive samples: 1415
2025-04-14 16:30:31 - INFO - [neural_net.py:95] -   Negative samples: 4985
2025-04-14 16:30:31 - INFO - [neural_net.py:126] - Epoch [1/10], Loss: 0.8927
2025-04-14 16:30:31 - INFO - [neural_net.py:126] - Epoch [2/10], Loss: 0.8762
2025-04-14 16:30:32 - INFO - [neural_net.py:126] - Epoch [3/10], Loss: 0.8727
2025-04-14 16:30:32 - INFO - [neural_net.py:126] - Epoch [4/10], Loss: 0.8771
2025-04-14 16:30:32 - INFO - [neural_net.py:126] - Epoch [5/10], Loss: 0.8670
2025-04-14 16:30:32 - INFO - [neural_net.py:126] - Epoch [6/10], Loss: 0.8633
2025-04-14 16:30:32 - INFO - [neural_net.py:126] - Epoch [7/10], Loss: 0.8635
2025-04-14 16:30:33 - INFO - [neural_net.py:126] - Epoch [8/10], Loss: 0.8619
2025-04-14 16:30:33 - INFO - [neural_net.py:126] - Epoch [9/10], Loss: 0.8568
2025-04-14 16:30:33 - INFO - [neural_net.py:126] - Epoch [10/10], Loss: 0.8565
2025-04-14 16:30:33 - INFO - [neural_net.py:128] - Model training completed
2025-04-14 16:30:33 - INFO - [neural_net.py:158] - 
=== Model Evaluation ===
2025-04-14 16:30:33 - INFO - [neural_net.py:220] - Found best threshold: 0.80 (Accuracy: 0.8250)
2025-04-14 16:30:33 - INFO - [neural_net.py:169] - Using threshold: 0.8000000000000002
2025-04-14 16:30:33 - INFO - [neural_net.py:77] - 
=== Training Start ===
2025-04-14 16:30:33 - INFO - [neural_net.py:78] - Training data size: (6400, 26)
2025-04-14 16:30:33 - INFO - [neural_net.py:93] - Class distribution in training set:
2025-04-14 16:30:33 - INFO - [neural_net.py:94] -   Positive samples: 1396
2025-04-14 16:30:33 - INFO - [neural_net.py:95] -   Negative samples: 5004
2025-04-14 16:30:33 - INFO - [neural_net.py:126] - Epoch [1/10], Loss: 0.8940
2025-04-14 16:30:33 - INFO - [neural_net.py:126] - Epoch [2/10], Loss: 0.8895
2025-04-14 16:30:34 - INFO - [neural_net.py:126] - Epoch [3/10], Loss: 0.8837
2025-04-14 16:30:34 - INFO - [neural_net.py:126] - Epoch [4/10], Loss: 0.8795
2025-04-14 16:30:34 - INFO - [neural_net.py:126] - Epoch [5/10], Loss: 0.8762
2025-04-14 16:30:34 - INFO - [neural_net.py:126] - Epoch [6/10], Loss: 0.8795
2025-04-14 16:30:34 - INFO - [neural_net.py:126] - Epoch [7/10], Loss: 0.8731
2025-04-14 16:30:35 - INFO - [neural_net.py:126] - Epoch [8/10], Loss: 0.8722
2025-04-14 16:30:35 - INFO - [neural_net.py:126] - Epoch [9/10], Loss: 0.8684
2025-04-14 16:30:35 - INFO - [neural_net.py:126] - Epoch [10/10], Loss: 0.8728
2025-04-14 16:30:35 - INFO - [neural_net.py:128] - Model training completed
2025-04-14 16:30:35 - INFO - [neural_net.py:158] - 
=== Model Evaluation ===
2025-04-14 16:30:35 - INFO - [neural_net.py:220] - Found best threshold: 0.80 (Accuracy: 0.8169)
2025-04-14 16:30:35 - INFO - [neural_net.py:169] - Using threshold: 0.8000000000000002
2025-04-14 16:30:35 - INFO - [neural_net.py:158] - 
=== Model Evaluation ===
2025-04-14 16:30:35 - INFO - [neural_net.py:220] - Found best threshold: 0.80 (Accuracy: 0.8190)
2025-04-14 16:30:35 - INFO - [neural_net.py:169] - Using threshold: 0.8000000000000002
2025-04-14 16:30:35 - INFO - [fed_server.py:69] - 全局模型评估指标:
2025-04-14 16:30:35 - INFO - [fed_server.py:70] - Accuracy: 0.8190
2025-04-14 16:30:35 - INFO - [fed_server.py:71] - Precision: 0.6515
2025-04-14 16:30:35 - INFO - [fed_server.py:72] - Recall: 0.3717
2025-04-14 16:30:35 - INFO - [fed_server.py:73] - F1 Score: 0.4733
2025-04-14 16:30:35 - INFO - [fed_server.py:74] - AUC-ROC: 0.7717
2025-04-14 16:30:35 - INFO - [federated.py:84] - 轮次 2/10 完成
2025-04-14 16:30:35 - INFO - [fed_server.py:50] - 联邦学习第 3 轮
2025-04-14 16:30:35 - INFO - [neural_net.py:77] - 
=== Training Start ===
2025-04-14 16:30:35 - INFO - [neural_net.py:78] - Training data size: (6400, 26)
2025-04-14 16:30:35 - INFO - [neural_net.py:93] - Class distribution in training set:
2025-04-14 16:30:35 - INFO - [neural_net.py:94] -   Positive samples: 1424
2025-04-14 16:30:35 - INFO - [neural_net.py:95] -   Negative samples: 4976
2025-04-14 16:30:35 - INFO - [neural_net.py:126] - Epoch [1/10], Loss: 0.8939
2025-04-14 16:30:35 - INFO - [neural_net.py:126] - Epoch [2/10], Loss: 0.8897
2025-04-14 16:30:36 - INFO - [neural_net.py:126] - Epoch [3/10], Loss: 0.8827
2025-04-14 16:30:36 - INFO - [neural_net.py:126] - Epoch [4/10], Loss: 0.8811
2025-04-14 16:30:36 - INFO - [neural_net.py:126] - Epoch [5/10], Loss: 0.8768
2025-04-14 16:30:36 - INFO - [neural_net.py:126] - Epoch [6/10], Loss: 0.8708
2025-04-14 16:30:36 - INFO - [neural_net.py:126] - Epoch [7/10], Loss: 0.8698
2025-04-14 16:30:37 - INFO - [neural_net.py:126] - Epoch [8/10], Loss: 0.8758
2025-04-14 16:30:37 - INFO - [neural_net.py:126] - Epoch [9/10], Loss: 0.8696
2025-04-14 16:30:37 - INFO - [neural_net.py:126] - Epoch [10/10], Loss: 0.8712
2025-04-14 16:30:37 - INFO - [neural_net.py:128] - Model training completed
2025-04-14 16:30:37 - INFO - [neural_net.py:158] - 
=== Model Evaluation ===
2025-04-14 16:30:37 - INFO - [neural_net.py:220] - Found best threshold: 0.80 (Accuracy: 0.8263)
2025-04-14 16:30:37 - INFO - [neural_net.py:169] - Using threshold: 0.8000000000000002
2025-04-14 16:30:37 - INFO - [neural_net.py:77] - 
=== Training Start ===
2025-04-14 16:30:37 - INFO - [neural_net.py:78] - Training data size: (6400, 26)
2025-04-14 16:30:37 - INFO - [neural_net.py:93] - Class distribution in training set:
2025-04-14 16:30:37 - INFO - [neural_net.py:94] -   Positive samples: 1415
2025-04-14 16:30:37 - INFO - [neural_net.py:95] -   Negative samples: 4985
2025-04-14 16:30:37 - INFO - [neural_net.py:126] - Epoch [1/10], Loss: 0.8799
2025-04-14 16:30:37 - INFO - [neural_net.py:126] - Epoch [2/10], Loss: 0.8617
2025-04-14 16:30:37 - INFO - [neural_net.py:126] - Epoch [3/10], Loss: 0.8607
2025-04-14 16:30:38 - INFO - [neural_net.py:126] - Epoch [4/10], Loss: 0.8593
2025-04-14 16:30:38 - INFO - [neural_net.py:126] - Epoch [5/10], Loss: 0.8528
2025-04-14 16:30:38 - INFO - [neural_net.py:126] - Epoch [6/10], Loss: 0.8510
2025-04-14 16:30:38 - INFO - [neural_net.py:126] - Epoch [7/10], Loss: 0.8505
2025-04-14 16:30:38 - INFO - [neural_net.py:126] - Epoch [8/10], Loss: 0.8479
2025-04-14 16:30:38 - INFO - [neural_net.py:126] - Epoch [9/10], Loss: 0.8485
2025-04-14 16:30:39 - INFO - [neural_net.py:126] - Epoch [10/10], Loss: 0.8454
2025-04-14 16:30:39 - INFO - [neural_net.py:128] - Model training completed
2025-04-14 16:30:39 - INFO - [neural_net.py:158] - 
=== Model Evaluation ===
2025-04-14 16:30:39 - INFO - [neural_net.py:220] - Found best threshold: 0.80 (Accuracy: 0.8250)
2025-04-14 16:30:39 - INFO - [neural_net.py:169] - Using threshold: 0.8000000000000002
2025-04-14 16:30:39 - INFO - [neural_net.py:77] - 
=== Training Start ===
2025-04-14 16:30:39 - INFO - [neural_net.py:78] - Training data size: (6400, 26)
2025-04-14 16:30:39 - INFO - [neural_net.py:93] - Class distribution in training set:
2025-04-14 16:30:39 - INFO - [neural_net.py:94] -   Positive samples: 1396
2025-04-14 16:30:39 - INFO - [neural_net.py:95] -   Negative samples: 5004
2025-04-14 16:30:39 - INFO - [neural_net.py:126] - Epoch [1/10], Loss: 0.8854
2025-04-14 16:30:39 - INFO - [neural_net.py:126] - Epoch [2/10], Loss: 0.8719
2025-04-14 16:30:39 - INFO - [neural_net.py:126] - Epoch [3/10], Loss: 0.8701
2025-04-14 16:30:39 - INFO - [neural_net.py:126] - Epoch [4/10], Loss: 0.8675
2025-04-14 16:30:39 - INFO - [neural_net.py:126] - Epoch [5/10], Loss: 0.8730
2025-04-14 16:30:40 - INFO - [neural_net.py:126] - Epoch [6/10], Loss: 0.8615
2025-04-14 16:30:40 - INFO - [neural_net.py:126] - Epoch [7/10], Loss: 0.8605
2025-04-14 16:30:40 - INFO - [neural_net.py:126] - Epoch [8/10], Loss: 0.8632
2025-04-14 16:30:40 - INFO - [neural_net.py:126] - Epoch [9/10], Loss: 0.8571
2025-04-14 16:30:40 - INFO - [neural_net.py:126] - Epoch [10/10], Loss: 0.8578
2025-04-14 16:30:40 - INFO - [neural_net.py:128] - Model training completed
2025-04-14 16:30:40 - INFO - [neural_net.py:158] - 
=== Model Evaluation ===
2025-04-14 16:30:40 - INFO - [neural_net.py:220] - Found best threshold: 0.75 (Accuracy: 0.8181)
2025-04-14 16:30:40 - INFO - [neural_net.py:169] - Using threshold: 0.7500000000000002
2025-04-14 16:30:40 - INFO - [neural_net.py:158] - 
=== Model Evaluation ===
2025-04-14 16:30:40 - INFO - [neural_net.py:220] - Found best threshold: 0.80 (Accuracy: 0.8178)
2025-04-14 16:30:40 - INFO - [neural_net.py:169] - Using threshold: 0.8000000000000002
2025-04-14 16:30:40 - INFO - [fed_server.py:69] - 全局模型评估指标:
2025-04-14 16:30:40 - INFO - [fed_server.py:70] - Accuracy: 0.8178
2025-04-14 16:30:40 - INFO - [fed_server.py:71] - Precision: 0.6627
2025-04-14 16:30:40 - INFO - [fed_server.py:72] - Recall: 0.3412
2025-04-14 16:30:40 - INFO - [fed_server.py:73] - F1 Score: 0.4505
2025-04-14 16:30:40 - INFO - [fed_server.py:74] - AUC-ROC: 0.7709
2025-04-14 16:30:40 - INFO - [federated.py:84] - 轮次 3/10 完成
2025-04-14 16:30:40 - INFO - [fed_server.py:50] - 联邦学习第 4 轮
2025-04-14 16:30:40 - INFO - [neural_net.py:77] - 
=== Training Start ===
2025-04-14 16:30:40 - INFO - [neural_net.py:78] - Training data size: (6400, 26)
2025-04-14 16:30:40 - INFO - [neural_net.py:93] - Class distribution in training set:
2025-04-14 16:30:40 - INFO - [neural_net.py:94] -   Positive samples: 1424
2025-04-14 16:30:40 - INFO - [neural_net.py:95] -   Negative samples: 4976
2025-04-14 16:30:40 - INFO - [neural_net.py:126] - Epoch [1/10], Loss: 0.8873
2025-04-14 16:30:41 - INFO - [neural_net.py:126] - Epoch [2/10], Loss: 0.8766
2025-04-14 16:30:41 - INFO - [neural_net.py:126] - Epoch [3/10], Loss: 0.8700
2025-04-14 16:30:41 - INFO - [neural_net.py:126] - Epoch [4/10], Loss: 0.8712
2025-04-14 16:30:41 - INFO - [neural_net.py:126] - Epoch [5/10], Loss: 0.8632
2025-04-14 16:30:41 - INFO - [neural_net.py:126] - Epoch [6/10], Loss: 0.8628
2025-04-14 16:30:41 - INFO - [neural_net.py:126] - Epoch [7/10], Loss: 0.8590
2025-04-14 16:30:42 - INFO - [neural_net.py:126] - Epoch [8/10], Loss: 0.8598
2025-04-14 16:30:42 - INFO - [neural_net.py:126] - Epoch [9/10], Loss: 0.8577
2025-04-14 16:30:42 - INFO - [neural_net.py:126] - Epoch [10/10], Loss: 0.8548
2025-04-14 16:30:42 - INFO - [neural_net.py:128] - Model training completed
2025-04-14 16:30:42 - INFO - [neural_net.py:158] - 
=== Model Evaluation ===
2025-04-14 16:30:42 - INFO - [neural_net.py:220] - Found best threshold: 0.80 (Accuracy: 0.8237)
2025-04-14 16:30:42 - INFO - [neural_net.py:169] - Using threshold: 0.8000000000000002
2025-04-14 16:30:42 - INFO - [neural_net.py:77] - 
=== Training Start ===
2025-04-14 16:30:42 - INFO - [neural_net.py:78] - Training data size: (6400, 26)
2025-04-14 16:30:42 - INFO - [neural_net.py:93] - Class distribution in training set:
2025-04-14 16:30:42 - INFO - [neural_net.py:94] -   Positive samples: 1415
2025-04-14 16:30:42 - INFO - [neural_net.py:95] -   Negative samples: 4985
2025-04-14 16:30:42 - INFO - [neural_net.py:126] - Epoch [1/10], Loss: 0.8727
2025-04-14 16:30:42 - INFO - [neural_net.py:126] - Epoch [2/10], Loss: 0.8642
2025-04-14 16:30:42 - INFO - [neural_net.py:126] - Epoch [3/10], Loss: 0.8592
2025-04-14 16:30:42 - INFO - [neural_net.py:126] - Epoch [4/10], Loss: 0.8543
2025-04-14 16:30:43 - INFO - [neural_net.py:126] - Epoch [5/10], Loss: 0.8397
2025-04-14 16:30:43 - INFO - [neural_net.py:126] - Epoch [6/10], Loss: 0.8452
2025-04-14 16:30:43 - INFO - [neural_net.py:126] - Epoch [7/10], Loss: 0.8377
2025-04-14 16:30:43 - INFO - [neural_net.py:126] - Epoch [8/10], Loss: 0.8436
2025-04-14 16:30:43 - INFO - [neural_net.py:126] - Epoch [9/10], Loss: 0.8338
2025-04-14 16:30:43 - INFO - [neural_net.py:126] - Epoch [10/10], Loss: 0.8379
2025-04-14 16:30:43 - INFO - [neural_net.py:128] - Model training completed
2025-04-14 16:30:43 - INFO - [neural_net.py:158] - 
=== Model Evaluation ===
2025-04-14 16:30:43 - INFO - [neural_net.py:220] - Found best threshold: 0.70 (Accuracy: 0.8237)
2025-04-14 16:30:43 - INFO - [neural_net.py:169] - Using threshold: 0.7000000000000002
2025-04-14 16:30:43 - INFO - [neural_net.py:77] - 
=== Training Start ===
2025-04-14 16:30:43 - INFO - [neural_net.py:78] - Training data size: (6400, 26)
2025-04-14 16:30:43 - INFO - [neural_net.py:93] - Class distribution in training set:
2025-04-14 16:30:43 - INFO - [neural_net.py:94] -   Positive samples: 1396
2025-04-14 16:30:43 - INFO - [neural_net.py:95] -   Negative samples: 5004
2025-04-14 16:30:44 - INFO - [neural_net.py:126] - Epoch [1/10], Loss: 0.8825
2025-04-14 16:30:44 - INFO - [neural_net.py:126] - Epoch [2/10], Loss: 0.8723
2025-04-14 16:30:44 - INFO - [neural_net.py:126] - Epoch [3/10], Loss: 0.8623
2025-04-14 16:30:44 - INFO - [neural_net.py:126] - Epoch [4/10], Loss: 0.8567
2025-04-14 16:30:44 - INFO - [neural_net.py:126] - Epoch [5/10], Loss: 0.8635
2025-04-14 16:30:44 - INFO - [neural_net.py:126] - Epoch [6/10], Loss: 0.8505
2025-04-14 16:30:45 - INFO - [neural_net.py:126] - Epoch [7/10], Loss: 0.8486
2025-04-14 16:30:45 - INFO - [neural_net.py:126] - Epoch [8/10], Loss: 0.8463
2025-04-14 16:30:45 - INFO - [neural_net.py:126] - Epoch [9/10], Loss: 0.8471
2025-04-14 16:30:45 - INFO - [neural_net.py:126] - Epoch [10/10], Loss: 0.8448
2025-04-14 16:30:45 - INFO - [neural_net.py:128] - Model training completed
2025-04-14 16:30:45 - INFO - [neural_net.py:158] - 
=== Model Evaluation ===
2025-04-14 16:30:45 - INFO - [neural_net.py:220] - Found best threshold: 0.80 (Accuracy: 0.8163)
2025-04-14 16:30:45 - INFO - [neural_net.py:169] - Using threshold: 0.8000000000000002
2025-04-14 16:30:45 - INFO - [neural_net.py:158] - 
=== Model Evaluation ===
2025-04-14 16:30:45 - INFO - [neural_net.py:220] - Found best threshold: 0.80 (Accuracy: 0.8195)
2025-04-14 16:30:45 - INFO - [neural_net.py:169] - Using threshold: 0.8000000000000002
2025-04-14 16:30:45 - INFO - [fed_server.py:69] - 全局模型评估指标:
2025-04-14 16:30:45 - INFO - [fed_server.py:70] - Accuracy: 0.8195
2025-04-14 16:30:45 - INFO - [fed_server.py:71] - Precision: 0.6588
2025-04-14 16:30:45 - INFO - [fed_server.py:72] - Recall: 0.3633
2025-04-14 16:30:45 - INFO - [fed_server.py:73] - F1 Score: 0.4683
2025-04-14 16:30:45 - INFO - [fed_server.py:74] - AUC-ROC: 0.7719
2025-04-14 16:30:45 - INFO - [federated.py:84] - 轮次 4/10 完成
2025-04-14 16:30:45 - INFO - [fed_server.py:50] - 联邦学习第 5 轮
2025-04-14 16:30:45 - INFO - [neural_net.py:77] - 
=== Training Start ===
2025-04-14 16:30:45 - INFO - [neural_net.py:78] - Training data size: (6400, 26)
2025-04-14 16:30:45 - INFO - [neural_net.py:93] - Class distribution in training set:
2025-04-14 16:30:45 - INFO - [neural_net.py:94] -   Positive samples: 1424
2025-04-14 16:30:45 - INFO - [neural_net.py:95] -   Negative samples: 4976
2025-04-14 16:30:45 - INFO - [neural_net.py:126] - Epoch [1/10], Loss: 0.8853
2025-04-14 16:30:45 - INFO - [neural_net.py:126] - Epoch [2/10], Loss: 0.8751
2025-04-14 16:30:46 - INFO - [neural_net.py:126] - Epoch [3/10], Loss: 0.8666
2025-04-14 16:30:46 - INFO - [neural_net.py:126] - Epoch [4/10], Loss: 0.8603
2025-04-14 16:30:46 - INFO - [neural_net.py:126] - Epoch [5/10], Loss: 0.8623
2025-04-14 16:30:46 - INFO - [neural_net.py:126] - Epoch [6/10], Loss: 0.8504
2025-04-14 16:30:46 - INFO - [neural_net.py:126] - Epoch [7/10], Loss: 0.8553
2025-04-14 16:30:46 - INFO - [neural_net.py:126] - Epoch [8/10], Loss: 0.8495
2025-04-14 16:30:46 - INFO - [neural_net.py:126] - Epoch [9/10], Loss: 0.8482
2025-04-14 16:30:47 - INFO - [neural_net.py:126] - Epoch [10/10], Loss: 0.8503
2025-04-14 16:30:47 - INFO - [neural_net.py:128] - Model training completed
2025-04-14 16:30:47 - INFO - [neural_net.py:158] - 
=== Model Evaluation ===
2025-04-14 16:30:47 - INFO - [neural_net.py:220] - Found best threshold: 0.80 (Accuracy: 0.8225)
2025-04-14 16:30:47 - INFO - [neural_net.py:169] - Using threshold: 0.8000000000000002
2025-04-14 16:30:47 - INFO - [neural_net.py:77] - 
=== Training Start ===
2025-04-14 16:30:47 - INFO - [neural_net.py:78] - Training data size: (6400, 26)
2025-04-14 16:30:47 - INFO - [neural_net.py:93] - Class distribution in training set:
2025-04-14 16:30:47 - INFO - [neural_net.py:94] -   Positive samples: 1415
2025-04-14 16:30:47 - INFO - [neural_net.py:95] -   Negative samples: 4985
2025-04-14 16:30:47 - INFO - [neural_net.py:126] - Epoch [1/10], Loss: 0.8705
2025-04-14 16:30:47 - INFO - [neural_net.py:126] - Epoch [2/10], Loss: 0.8509
2025-04-14 16:30:47 - INFO - [neural_net.py:126] - Epoch [3/10], Loss: 0.8443
2025-04-14 16:30:47 - INFO - [neural_net.py:126] - Epoch [4/10], Loss: 0.8460
2025-04-14 16:30:47 - INFO - [neural_net.py:126] - Epoch [5/10], Loss: 0.8356
2025-04-14 16:30:48 - INFO - [neural_net.py:126] - Epoch [6/10], Loss: 0.8328
2025-04-14 16:30:48 - INFO - [neural_net.py:126] - Epoch [7/10], Loss: 0.8342
2025-04-14 16:30:48 - INFO - [neural_net.py:126] - Epoch [8/10], Loss: 0.8279
2025-04-14 16:30:48 - INFO - [neural_net.py:126] - Epoch [9/10], Loss: 0.8255
2025-04-14 16:30:48 - INFO - [neural_net.py:126] - Epoch [10/10], Loss: 0.8321
2025-04-14 16:30:48 - INFO - [neural_net.py:128] - Model training completed
2025-04-14 16:30:48 - INFO - [neural_net.py:158] - 
=== Model Evaluation ===
2025-04-14 16:30:48 - INFO - [neural_net.py:220] - Found best threshold: 0.75 (Accuracy: 0.8244)
2025-04-14 16:30:48 - INFO - [neural_net.py:169] - Using threshold: 0.7500000000000002
2025-04-14 16:30:48 - INFO - [neural_net.py:77] - 
=== Training Start ===
2025-04-14 16:30:48 - INFO - [neural_net.py:78] - Training data size: (6400, 26)
2025-04-14 16:30:48 - INFO - [neural_net.py:93] - Class distribution in training set:
2025-04-14 16:30:48 - INFO - [neural_net.py:94] -   Positive samples: 1396
2025-04-14 16:30:48 - INFO - [neural_net.py:95] -   Negative samples: 5004
2025-04-14 16:30:48 - INFO - [neural_net.py:126] - Epoch [1/10], Loss: 0.8730
2025-04-14 16:30:49 - INFO - [neural_net.py:126] - Epoch [2/10], Loss: 0.8607
2025-04-14 16:30:49 - INFO - [neural_net.py:126] - Epoch [3/10], Loss: 0.8580
2025-04-14 16:30:49 - INFO - [neural_net.py:126] - Epoch [4/10], Loss: 0.8546
2025-04-14 16:30:49 - INFO - [neural_net.py:126] - Epoch [5/10], Loss: 0.8494
2025-04-14 16:30:49 - INFO - [neural_net.py:126] - Epoch [6/10], Loss: 0.8483
2025-04-14 16:30:49 - INFO - [neural_net.py:126] - Epoch [7/10], Loss: 0.8424
2025-04-14 16:30:50 - INFO - [neural_net.py:126] - Epoch [8/10], Loss: 0.8505
2025-04-14 16:30:50 - INFO - [neural_net.py:126] - Epoch [9/10], Loss: 0.8418
2025-04-14 16:30:50 - INFO - [neural_net.py:126] - Epoch [10/10], Loss: 0.8357
2025-04-14 16:30:50 - INFO - [neural_net.py:128] - Model training completed
2025-04-14 16:30:50 - INFO - [neural_net.py:158] - 
=== Model Evaluation ===
2025-04-14 16:30:50 - INFO - [neural_net.py:220] - Found best threshold: 0.75 (Accuracy: 0.8156)
2025-04-14 16:30:50 - INFO - [neural_net.py:169] - Using threshold: 0.7500000000000002
2025-04-14 16:30:50 - INFO - [neural_net.py:158] - 
=== Model Evaluation ===
2025-04-14 16:30:50 - INFO - [neural_net.py:220] - Found best threshold: 0.75 (Accuracy: 0.8203)
2025-04-14 16:30:50 - INFO - [neural_net.py:169] - Using threshold: 0.7500000000000002
2025-04-14 16:30:50 - INFO - [fed_server.py:69] - 全局模型评估指标:
2025-04-14 16:30:50 - INFO - [fed_server.py:70] - Accuracy: 0.8203
2025-04-14 16:30:50 - INFO - [fed_server.py:71] - Precision: 0.6607
2025-04-14 16:30:50 - INFO - [fed_server.py:72] - Recall: 0.3679
2025-04-14 16:30:50 - INFO - [fed_server.py:73] - F1 Score: 0.4726
2025-04-14 16:30:50 - INFO - [fed_server.py:74] - AUC-ROC: 0.7707
2025-04-14 16:30:50 - INFO - [federated.py:84] - 轮次 5/10 完成
2025-04-14 16:30:50 - INFO - [fed_server.py:50] - 联邦学习第 6 轮
2025-04-14 16:30:50 - INFO - [neural_net.py:77] - 
=== Training Start ===
2025-04-14 16:30:50 - INFO - [neural_net.py:78] - Training data size: (6400, 26)
2025-04-14 16:30:50 - INFO - [neural_net.py:93] - Class distribution in training set:
2025-04-14 16:30:50 - INFO - [neural_net.py:94] -   Positive samples: 1424
2025-04-14 16:30:50 - INFO - [neural_net.py:95] -   Negative samples: 4976
2025-04-14 16:30:50 - INFO - [neural_net.py:126] - Epoch [1/10], Loss: 0.8834
2025-04-14 16:30:50 - INFO - [neural_net.py:126] - Epoch [2/10], Loss: 0.8727
2025-04-14 16:30:50 - INFO - [neural_net.py:126] - Epoch [3/10], Loss: 0.8627
2025-04-14 16:30:51 - INFO - [neural_net.py:126] - Epoch [4/10], Loss: 0.8514
2025-04-14 16:30:51 - INFO - [neural_net.py:126] - Epoch [5/10], Loss: 0.8597
2025-04-14 16:30:51 - INFO - [neural_net.py:126] - Epoch [6/10], Loss: 0.8482
2025-04-14 16:30:51 - INFO - [neural_net.py:126] - Epoch [7/10], Loss: 0.8449
2025-04-14 16:30:51 - INFO - [neural_net.py:126] - Epoch [8/10], Loss: 0.8467
2025-04-14 16:30:52 - INFO - [neural_net.py:126] - Epoch [9/10], Loss: 0.8432
2025-04-14 16:30:52 - INFO - [neural_net.py:126] - Epoch [10/10], Loss: 0.8360
2025-04-14 16:30:52 - INFO - [neural_net.py:128] - Model training completed
2025-04-14 16:30:52 - INFO - [neural_net.py:158] - 
=== Model Evaluation ===
2025-04-14 16:30:52 - INFO - [neural_net.py:220] - Found best threshold: 0.75 (Accuracy: 0.8219)
2025-04-14 16:30:52 - INFO - [neural_net.py:169] - Using threshold: 0.7500000000000002
2025-04-14 16:30:52 - INFO - [neural_net.py:77] - 
=== Training Start ===
2025-04-14 16:30:52 - INFO - [neural_net.py:78] - Training data size: (6400, 26)
2025-04-14 16:30:52 - INFO - [neural_net.py:93] - Class distribution in training set:
2025-04-14 16:30:52 - INFO - [neural_net.py:94] -   Positive samples: 1415
2025-04-14 16:30:52 - INFO - [neural_net.py:95] -   Negative samples: 4985
2025-04-14 16:30:52 - INFO - [neural_net.py:126] - Epoch [1/10], Loss: 0.8701
2025-04-14 16:30:52 - INFO - [neural_net.py:126] - Epoch [2/10], Loss: 0.8442
2025-04-14 16:30:52 - INFO - [neural_net.py:126] - Epoch [3/10], Loss: 0.8399
2025-04-14 16:30:52 - INFO - [neural_net.py:126] - Epoch [4/10], Loss: 0.8354
2025-04-14 16:30:53 - INFO - [neural_net.py:126] - Epoch [5/10], Loss: 0.8361
2025-04-14 16:30:53 - INFO - [neural_net.py:126] - Epoch [6/10], Loss: 0.8294
2025-04-14 16:30:53 - INFO - [neural_net.py:126] - Epoch [7/10], Loss: 0.8267
2025-04-14 16:30:53 - INFO - [neural_net.py:126] - Epoch [8/10], Loss: 0.8186
2025-04-14 16:30:53 - INFO - [neural_net.py:126] - Epoch [9/10], Loss: 0.8152
2025-04-14 16:30:54 - INFO - [neural_net.py:126] - Epoch [10/10], Loss: 0.8210
2025-04-14 16:30:54 - INFO - [neural_net.py:128] - Model training completed
2025-04-14 16:30:54 - INFO - [neural_net.py:158] - 
=== Model Evaluation ===
2025-04-14 16:30:54 - INFO - [neural_net.py:220] - Found best threshold: 0.75 (Accuracy: 0.8231)
2025-04-14 16:30:54 - INFO - [neural_net.py:169] - Using threshold: 0.7500000000000002
2025-04-14 16:30:54 - INFO - [neural_net.py:77] - 
=== Training Start ===
2025-04-14 16:30:54 - INFO - [neural_net.py:78] - Training data size: (6400, 26)
2025-04-14 16:30:54 - INFO - [neural_net.py:93] - Class distribution in training set:
2025-04-14 16:30:54 - INFO - [neural_net.py:94] -   Positive samples: 1396
2025-04-14 16:30:54 - INFO - [neural_net.py:95] -   Negative samples: 5004
2025-04-14 16:30:54 - INFO - [neural_net.py:126] - Epoch [1/10], Loss: 0.8816
2025-04-14 16:30:54 - INFO - [neural_net.py:126] - Epoch [2/10], Loss: 0.8602
2025-04-14 16:30:54 - INFO - [neural_net.py:126] - Epoch [3/10], Loss: 0.8561
2025-04-14 16:30:54 - INFO - [neural_net.py:126] - Epoch [4/10], Loss: 0.8498
2025-04-14 16:30:54 - INFO - [neural_net.py:126] - Epoch [5/10], Loss: 0.8447
2025-04-14 16:30:55 - INFO - [neural_net.py:126] - Epoch [6/10], Loss: 0.8385
2025-04-14 16:30:55 - INFO - [neural_net.py:126] - Epoch [7/10], Loss: 0.8455
2025-04-14 16:30:55 - INFO - [neural_net.py:126] - Epoch [8/10], Loss: 0.8316
2025-04-14 16:30:55 - INFO - [neural_net.py:126] - Epoch [9/10], Loss: 0.8379
2025-04-14 16:30:55 - INFO - [neural_net.py:126] - Epoch [10/10], Loss: 0.8317
2025-04-14 16:30:55 - INFO - [neural_net.py:128] - Model training completed
2025-04-14 16:30:55 - INFO - [neural_net.py:158] - 
=== Model Evaluation ===
2025-04-14 16:30:55 - INFO - [neural_net.py:220] - Found best threshold: 0.75 (Accuracy: 0.8144)
2025-04-14 16:30:55 - INFO - [neural_net.py:169] - Using threshold: 0.7500000000000002
2025-04-14 16:30:55 - INFO - [neural_net.py:158] - 
=== Model Evaluation ===
2025-04-14 16:30:55 - INFO - [neural_net.py:220] - Found best threshold: 0.80 (Accuracy: 0.8202)
2025-04-14 16:30:55 - INFO - [neural_net.py:169] - Using threshold: 0.8000000000000002
2025-04-14 16:30:55 - INFO - [fed_server.py:69] - 全局模型评估指标:
2025-04-14 16:30:55 - INFO - [fed_server.py:70] - Accuracy: 0.8202
2025-04-14 16:30:55 - INFO - [fed_server.py:71] - Precision: 0.6767
2025-04-14 16:30:55 - INFO - [fed_server.py:72] - Recall: 0.3412
2025-04-14 16:30:55 - INFO - [fed_server.py:73] - F1 Score: 0.4537
2025-04-14 16:30:55 - INFO - [fed_server.py:74] - AUC-ROC: 0.7685
2025-04-14 16:30:55 - INFO - [federated.py:84] - 轮次 6/10 完成
2025-04-14 16:30:55 - INFO - [fed_server.py:50] - 联邦学习第 7 轮
2025-04-14 16:30:55 - INFO - [neural_net.py:77] - 
=== Training Start ===
2025-04-14 16:30:55 - INFO - [neural_net.py:78] - Training data size: (6400, 26)
2025-04-14 16:30:55 - INFO - [neural_net.py:93] - Class distribution in training set:
2025-04-14 16:30:55 - INFO - [neural_net.py:94] -   Positive samples: 1424
2025-04-14 16:30:55 - INFO - [neural_net.py:95] -   Negative samples: 4976
2025-04-14 16:30:55 - INFO - [neural_net.py:126] - Epoch [1/10], Loss: 0.8764
2025-04-14 16:30:56 - INFO - [neural_net.py:126] - Epoch [2/10], Loss: 0.8600
2025-04-14 16:30:56 - INFO - [neural_net.py:126] - Epoch [3/10], Loss: 0.8561
2025-04-14 16:30:56 - INFO - [neural_net.py:126] - Epoch [4/10], Loss: 0.8455
2025-04-14 16:30:56 - INFO - [neural_net.py:126] - Epoch [5/10], Loss: 0.8542
2025-04-14 16:30:56 - INFO - [neural_net.py:126] - Epoch [6/10], Loss: 0.8439
2025-04-14 16:30:56 - INFO - [neural_net.py:126] - Epoch [7/10], Loss: 0.8361
2025-04-14 16:30:57 - INFO - [neural_net.py:126] - Epoch [8/10], Loss: 0.8371
2025-04-14 16:30:57 - INFO - [neural_net.py:126] - Epoch [9/10], Loss: 0.8381
2025-04-14 16:30:57 - INFO - [neural_net.py:126] - Epoch [10/10], Loss: 0.8329
2025-04-14 16:30:57 - INFO - [neural_net.py:128] - Model training completed
2025-04-14 16:30:57 - INFO - [neural_net.py:158] - 
=== Model Evaluation ===
2025-04-14 16:30:57 - INFO - [neural_net.py:220] - Found best threshold: 0.75 (Accuracy: 0.8194)
2025-04-14 16:30:57 - INFO - [neural_net.py:169] - Using threshold: 0.7500000000000002
2025-04-14 16:30:57 - INFO - [neural_net.py:77] - 
=== Training Start ===
2025-04-14 16:30:57 - INFO - [neural_net.py:78] - Training data size: (6400, 26)
2025-04-14 16:30:57 - INFO - [neural_net.py:93] - Class distribution in training set:
2025-04-14 16:30:57 - INFO - [neural_net.py:94] -   Positive samples: 1415
2025-04-14 16:30:57 - INFO - [neural_net.py:95] -   Negative samples: 4985
2025-04-14 16:30:57 - INFO - [neural_net.py:126] - Epoch [1/10], Loss: 0.8588
2025-04-14 16:30:57 - INFO - [neural_net.py:126] - Epoch [2/10], Loss: 0.8454
2025-04-14 16:30:57 - INFO - [neural_net.py:126] - Epoch [3/10], Loss: 0.8399
2025-04-14 16:30:57 - INFO - [neural_net.py:126] - Epoch [4/10], Loss: 0.8366
2025-04-14 16:30:58 - INFO - [neural_net.py:126] - Epoch [5/10], Loss: 0.8309
2025-04-14 16:30:58 - INFO - [neural_net.py:126] - Epoch [6/10], Loss: 0.8266
2025-04-14 16:30:58 - INFO - [neural_net.py:126] - Epoch [7/10], Loss: 0.8290
2025-04-14 16:30:58 - INFO - [neural_net.py:126] - Epoch [8/10], Loss: 0.8186
2025-04-14 16:30:58 - INFO - [neural_net.py:126] - Epoch [9/10], Loss: 0.8181
2025-04-14 16:30:58 - INFO - [neural_net.py:126] - Epoch [10/10], Loss: 0.8182
2025-04-14 16:30:58 - INFO - [neural_net.py:128] - Model training completed
2025-04-14 16:30:58 - INFO - [neural_net.py:158] - 
=== Model Evaluation ===
2025-04-14 16:30:58 - INFO - [neural_net.py:220] - Found best threshold: 0.80 (Accuracy: 0.8206)
2025-04-14 16:30:58 - INFO - [neural_net.py:169] - Using threshold: 0.8000000000000002
2025-04-14 16:30:58 - INFO - [neural_net.py:77] - 
=== Training Start ===
2025-04-14 16:30:58 - INFO - [neural_net.py:78] - Training data size: (6400, 26)
2025-04-14 16:30:58 - INFO - [neural_net.py:93] - Class distribution in training set:
2025-04-14 16:30:58 - INFO - [neural_net.py:94] -   Positive samples: 1396
2025-04-14 16:30:58 - INFO - [neural_net.py:95] -   Negative samples: 5004
2025-04-14 16:30:59 - INFO - [neural_net.py:126] - Epoch [1/10], Loss: 0.8729
2025-04-14 16:30:59 - INFO - [neural_net.py:126] - Epoch [2/10], Loss: 0.8561
2025-04-14 16:30:59 - INFO - [neural_net.py:126] - Epoch [3/10], Loss: 0.8531
2025-04-14 16:30:59 - INFO - [neural_net.py:126] - Epoch [4/10], Loss: 0.8385
2025-04-14 16:30:59 - INFO - [neural_net.py:126] - Epoch [5/10], Loss: 0.8410
2025-04-14 16:31:00 - INFO - [neural_net.py:126] - Epoch [6/10], Loss: 0.8320
2025-04-14 16:31:00 - INFO - [neural_net.py:126] - Epoch [7/10], Loss: 0.8360
2025-04-14 16:31:00 - INFO - [neural_net.py:126] - Epoch [8/10], Loss: 0.8252
2025-04-14 16:31:00 - INFO - [neural_net.py:126] - Epoch [9/10], Loss: 0.8332
2025-04-14 16:31:00 - INFO - [neural_net.py:126] - Epoch [10/10], Loss: 0.8234
2025-04-14 16:31:00 - INFO - [neural_net.py:128] - Model training completed
2025-04-14 16:31:00 - INFO - [neural_net.py:158] - 
=== Model Evaluation ===
2025-04-14 16:31:00 - INFO - [neural_net.py:220] - Found best threshold: 0.75 (Accuracy: 0.8137)
2025-04-14 16:31:00 - INFO - [neural_net.py:169] - Using threshold: 0.7500000000000002
2025-04-14 16:31:00 - INFO - [neural_net.py:158] - 
=== Model Evaluation ===
2025-04-14 16:31:00 - INFO - [neural_net.py:220] - Found best threshold: 0.80 (Accuracy: 0.8183)
2025-04-14 16:31:00 - INFO - [neural_net.py:169] - Using threshold: 0.8000000000000002
2025-04-14 16:31:00 - INFO - [fed_server.py:69] - 全局模型评估指标:
2025-04-14 16:31:00 - INFO - [fed_server.py:70] - Accuracy: 0.8183
2025-04-14 16:31:00 - INFO - [fed_server.py:71] - Precision: 0.6718
2025-04-14 16:31:00 - INFO - [fed_server.py:72] - Recall: 0.3321
2025-04-14 16:31:00 - INFO - [fed_server.py:73] - F1 Score: 0.4444
2025-04-14 16:31:00 - INFO - [fed_server.py:74] - AUC-ROC: 0.7662
2025-04-14 16:31:00 - INFO - [federated.py:84] - 轮次 7/10 完成
2025-04-14 16:31:00 - INFO - [fed_server.py:50] - 联邦学习第 8 轮
2025-04-14 16:31:00 - INFO - [neural_net.py:77] - 
=== Training Start ===
2025-04-14 16:31:00 - INFO - [neural_net.py:78] - Training data size: (6400, 26)
2025-04-14 16:31:00 - INFO - [neural_net.py:93] - Class distribution in training set:
2025-04-14 16:31:00 - INFO - [neural_net.py:94] -   Positive samples: 1424
2025-04-14 16:31:00 - INFO - [neural_net.py:95] -   Negative samples: 4976
2025-04-14 16:31:00 - INFO - [neural_net.py:126] - Epoch [1/10], Loss: 0.8773
2025-04-14 16:31:01 - INFO - [neural_net.py:126] - Epoch [2/10], Loss: 0.8710
2025-04-14 16:31:01 - INFO - [neural_net.py:126] - Epoch [3/10], Loss: 0.8557
2025-04-14 16:31:01 - INFO - [neural_net.py:126] - Epoch [4/10], Loss: 0.8505
2025-04-14 16:31:01 - INFO - [neural_net.py:126] - Epoch [5/10], Loss: 0.8560
2025-04-14 16:31:01 - INFO - [neural_net.py:126] - Epoch [6/10], Loss: 0.8329
2025-04-14 16:31:01 - INFO - [neural_net.py:126] - Epoch [7/10], Loss: 0.8308
2025-04-14 16:31:02 - INFO - [neural_net.py:126] - Epoch [8/10], Loss: 0.8353
2025-04-14 16:31:02 - INFO - [neural_net.py:126] - Epoch [9/10], Loss: 0.8309
2025-04-14 16:31:02 - INFO - [neural_net.py:126] - Epoch [10/10], Loss: 0.8320
2025-04-14 16:31:02 - INFO - [neural_net.py:128] - Model training completed
2025-04-14 16:31:02 - INFO - [neural_net.py:158] - 
=== Model Evaluation ===
2025-04-14 16:31:02 - INFO - [neural_net.py:220] - Found best threshold: 0.75 (Accuracy: 0.8219)
2025-04-14 16:31:02 - INFO - [neural_net.py:169] - Using threshold: 0.7500000000000002
2025-04-14 16:31:02 - INFO - [neural_net.py:77] - 
=== Training Start ===
2025-04-14 16:31:02 - INFO - [neural_net.py:78] - Training data size: (6400, 26)
2025-04-14 16:31:02 - INFO - [neural_net.py:93] - Class distribution in training set:
2025-04-14 16:31:02 - INFO - [neural_net.py:94] -   Positive samples: 1415
2025-04-14 16:31:02 - INFO - [neural_net.py:95] -   Negative samples: 4985
2025-04-14 16:31:02 - INFO - [neural_net.py:126] - Epoch [1/10], Loss: 0.8643
2025-04-14 16:31:02 - INFO - [neural_net.py:126] - Epoch [2/10], Loss: 0.8401
2025-04-14 16:31:02 - INFO - [neural_net.py:126] - Epoch [3/10], Loss: 0.8342
2025-04-14 16:31:03 - INFO - [neural_net.py:126] - Epoch [4/10], Loss: 0.8245
2025-04-14 16:31:03 - INFO - [neural_net.py:126] - Epoch [5/10], Loss: 0.8235
2025-04-14 16:31:03 - INFO - [neural_net.py:126] - Epoch [6/10], Loss: 0.8203
2025-04-14 16:31:03 - INFO - [neural_net.py:126] - Epoch [7/10], Loss: 0.8162
2025-04-14 16:31:03 - INFO - [neural_net.py:126] - Epoch [8/10], Loss: 0.8204
2025-04-14 16:31:03 - INFO - [neural_net.py:126] - Epoch [9/10], Loss: 0.8127
2025-04-14 16:31:04 - INFO - [neural_net.py:126] - Epoch [10/10], Loss: 0.8083
2025-04-14 16:31:04 - INFO - [neural_net.py:128] - Model training completed
2025-04-14 16:31:04 - INFO - [neural_net.py:158] - 
=== Model Evaluation ===
2025-04-14 16:31:04 - INFO - [neural_net.py:220] - Found best threshold: 0.75 (Accuracy: 0.8187)
2025-04-14 16:31:04 - INFO - [neural_net.py:169] - Using threshold: 0.7500000000000002
2025-04-14 16:31:04 - INFO - [neural_net.py:77] - 
=== Training Start ===
2025-04-14 16:31:04 - INFO - [neural_net.py:78] - Training data size: (6400, 26)
2025-04-14 16:31:04 - INFO - [neural_net.py:93] - Class distribution in training set:
2025-04-14 16:31:04 - INFO - [neural_net.py:94] -   Positive samples: 1396
2025-04-14 16:31:04 - INFO - [neural_net.py:95] -   Negative samples: 5004
2025-04-14 16:31:04 - INFO - [neural_net.py:126] - Epoch [1/10], Loss: 0.8668
2025-04-14 16:31:04 - INFO - [neural_net.py:126] - Epoch [2/10], Loss: 0.8593
2025-04-14 16:31:04 - INFO - [neural_net.py:126] - Epoch [3/10], Loss: 0.8482
2025-04-14 16:31:04 - INFO - [neural_net.py:126] - Epoch [4/10], Loss: 0.8378
2025-04-14 16:31:05 - INFO - [neural_net.py:126] - Epoch [5/10], Loss: 0.8309
2025-04-14 16:31:05 - INFO - [neural_net.py:126] - Epoch [6/10], Loss: 0.8351
2025-04-14 16:31:05 - INFO - [neural_net.py:126] - Epoch [7/10], Loss: 0.8278
2025-04-14 16:31:05 - INFO - [neural_net.py:126] - Epoch [8/10], Loss: 0.8285
2025-04-14 16:31:05 - INFO - [neural_net.py:126] - Epoch [9/10], Loss: 0.8176
2025-04-14 16:31:05 - INFO - [neural_net.py:126] - Epoch [10/10], Loss: 0.8173
2025-04-14 16:31:05 - INFO - [neural_net.py:128] - Model training completed
2025-04-14 16:31:05 - INFO - [neural_net.py:158] - 
=== Model Evaluation ===
2025-04-14 16:31:05 - INFO - [neural_net.py:220] - Found best threshold: 0.75 (Accuracy: 0.8150)
2025-04-14 16:31:05 - INFO - [neural_net.py:169] - Using threshold: 0.7500000000000002
2025-04-14 16:31:05 - INFO - [neural_net.py:158] - 
=== Model Evaluation ===
2025-04-14 16:31:05 - INFO - [neural_net.py:220] - Found best threshold: 0.80 (Accuracy: 0.8193)
2025-04-14 16:31:05 - INFO - [neural_net.py:169] - Using threshold: 0.8000000000000002
2025-04-14 16:31:05 - INFO - [fed_server.py:69] - 全局模型评估指标:
2025-04-14 16:31:05 - INFO - [fed_server.py:70] - Accuracy: 0.8193
2025-04-14 16:31:05 - INFO - [fed_server.py:71] - Precision: 0.6643
2025-04-14 16:31:05 - INFO - [fed_server.py:72] - Recall: 0.3526
2025-04-14 16:31:05 - INFO - [fed_server.py:73] - F1 Score: 0.4607
2025-04-14 16:31:05 - INFO - [fed_server.py:74] - AUC-ROC: 0.7671
2025-04-14 16:31:05 - INFO - [federated.py:84] - 轮次 8/10 完成
2025-04-14 16:31:05 - INFO - [fed_server.py:50] - 联邦学习第 9 轮
2025-04-14 16:31:05 - INFO - [neural_net.py:77] - 
=== Training Start ===
2025-04-14 16:31:05 - INFO - [neural_net.py:78] - Training data size: (6400, 26)
2025-04-14 16:31:05 - INFO - [neural_net.py:93] - Class distribution in training set:
2025-04-14 16:31:05 - INFO - [neural_net.py:94] -   Positive samples: 1424
2025-04-14 16:31:05 - INFO - [neural_net.py:95] -   Negative samples: 4976
2025-04-14 16:31:06 - INFO - [neural_net.py:126] - Epoch [1/10], Loss: 0.8811
2025-04-14 16:31:06 - INFO - [neural_net.py:126] - Epoch [2/10], Loss: 0.8555
2025-04-14 16:31:06 - INFO - [neural_net.py:126] - Epoch [3/10], Loss: 0.8510
2025-04-14 16:31:06 - INFO - [neural_net.py:126] - Epoch [4/10], Loss: 0.8494
2025-04-14 16:31:06 - INFO - [neural_net.py:126] - Epoch [5/10], Loss: 0.8419
2025-04-14 16:31:07 - INFO - [neural_net.py:126] - Epoch [6/10], Loss: 0.8304
2025-04-14 16:31:07 - INFO - [neural_net.py:126] - Epoch [7/10], Loss: 0.8245
2025-04-14 16:31:07 - INFO - [neural_net.py:126] - Epoch [8/10], Loss: 0.8282
2025-04-14 16:31:07 - INFO - [neural_net.py:126] - Epoch [9/10], Loss: 0.8336
2025-04-14 16:31:07 - INFO - [neural_net.py:126] - Epoch [10/10], Loss: 0.8343
2025-04-14 16:31:07 - INFO - [neural_net.py:128] - Model training completed
2025-04-14 16:31:07 - INFO - [neural_net.py:158] - 
=== Model Evaluation ===
2025-04-14 16:31:07 - INFO - [neural_net.py:220] - Found best threshold: 0.80 (Accuracy: 0.8194)
2025-04-14 16:31:07 - INFO - [neural_net.py:169] - Using threshold: 0.8000000000000002
2025-04-14 16:31:07 - INFO - [neural_net.py:77] - 
=== Training Start ===
2025-04-14 16:31:07 - INFO - [neural_net.py:78] - Training data size: (6400, 26)
2025-04-14 16:31:07 - INFO - [neural_net.py:93] - Class distribution in training set:
2025-04-14 16:31:07 - INFO - [neural_net.py:94] -   Positive samples: 1415
2025-04-14 16:31:07 - INFO - [neural_net.py:95] -   Negative samples: 4985
2025-04-14 16:31:07 - INFO - [neural_net.py:126] - Epoch [1/10], Loss: 0.8517
2025-04-14 16:31:08 - INFO - [neural_net.py:126] - Epoch [2/10], Loss: 0.8350
2025-04-14 16:31:08 - INFO - [neural_net.py:126] - Epoch [3/10], Loss: 0.8283
2025-04-14 16:31:08 - INFO - [neural_net.py:126] - Epoch [4/10], Loss: 0.8184
2025-04-14 16:31:08 - INFO - [neural_net.py:126] - Epoch [5/10], Loss: 0.8241
2025-04-14 16:31:08 - INFO - [neural_net.py:126] - Epoch [6/10], Loss: 0.8229
2025-04-14 16:31:08 - INFO - [neural_net.py:126] - Epoch [7/10], Loss: 0.8056
2025-04-14 16:31:09 - INFO - [neural_net.py:126] - Epoch [8/10], Loss: 0.8066
2025-04-14 16:31:09 - INFO - [neural_net.py:126] - Epoch [9/10], Loss: 0.8051
2025-04-14 16:31:09 - INFO - [neural_net.py:126] - Epoch [10/10], Loss: 0.8065
2025-04-14 16:31:09 - INFO - [neural_net.py:128] - Model training completed
2025-04-14 16:31:09 - INFO - [neural_net.py:158] - 
=== Model Evaluation ===
2025-04-14 16:31:09 - INFO - [neural_net.py:220] - Found best threshold: 0.80 (Accuracy: 0.8225)
2025-04-14 16:31:09 - INFO - [neural_net.py:169] - Using threshold: 0.8000000000000002
2025-04-14 16:31:09 - INFO - [neural_net.py:77] - 
=== Training Start ===
2025-04-14 16:31:09 - INFO - [neural_net.py:78] - Training data size: (6400, 26)
2025-04-14 16:31:09 - INFO - [neural_net.py:93] - Class distribution in training set:
2025-04-14 16:31:09 - INFO - [neural_net.py:94] -   Positive samples: 1396
2025-04-14 16:31:09 - INFO - [neural_net.py:95] -   Negative samples: 5004
2025-04-14 16:31:09 - INFO - [neural_net.py:126] - Epoch [1/10], Loss: 0.8721
2025-04-14 16:31:09 - INFO - [neural_net.py:126] - Epoch [2/10], Loss: 0.8428
2025-04-14 16:31:09 - INFO - [neural_net.py:126] - Epoch [3/10], Loss: 0.8439
2025-04-14 16:31:10 - INFO - [neural_net.py:126] - Epoch [4/10], Loss: 0.8383
2025-04-14 16:31:10 - INFO - [neural_net.py:126] - Epoch [5/10], Loss: 0.8235
2025-04-14 16:31:10 - INFO - [neural_net.py:126] - Epoch [6/10], Loss: 0.8161
2025-04-14 16:31:10 - INFO - [neural_net.py:126] - Epoch [7/10], Loss: 0.8304
2025-04-14 16:31:10 - INFO - [neural_net.py:126] - Epoch [8/10], Loss: 0.8193
2025-04-14 16:31:10 - INFO - [neural_net.py:126] - Epoch [9/10], Loss: 0.8275
2025-04-14 16:31:11 - INFO - [neural_net.py:126] - Epoch [10/10], Loss: 0.8109
2025-04-14 16:31:11 - INFO - [neural_net.py:128] - Model training completed
2025-04-14 16:31:11 - INFO - [neural_net.py:158] - 
=== Model Evaluation ===
2025-04-14 16:31:11 - INFO - [neural_net.py:220] - Found best threshold: 0.75 (Accuracy: 0.8175)
2025-04-14 16:31:11 - INFO - [neural_net.py:169] - Using threshold: 0.7500000000000002
2025-04-14 16:31:11 - INFO - [neural_net.py:158] - 
=== Model Evaluation ===
2025-04-14 16:31:11 - INFO - [neural_net.py:220] - Found best threshold: 0.85 (Accuracy: 0.8170)
2025-04-14 16:31:11 - INFO - [neural_net.py:169] - Using threshold: 0.8500000000000002
2025-04-14 16:31:11 - INFO - [fed_server.py:69] - 全局模型评估指标:
2025-04-14 16:31:11 - INFO - [fed_server.py:70] - Accuracy: 0.8170
2025-04-14 16:31:11 - INFO - [fed_server.py:71] - Precision: 0.6857
2025-04-14 16:31:11 - INFO - [fed_server.py:72] - Recall: 0.3024
2025-04-14 16:31:11 - INFO - [fed_server.py:73] - F1 Score: 0.4197
2025-04-14 16:31:11 - INFO - [fed_server.py:74] - AUC-ROC: 0.7643
2025-04-14 16:31:11 - INFO - [federated.py:84] - 轮次 9/10 完成
2025-04-14 16:31:11 - INFO - [fed_server.py:50] - 联邦学习第 10 轮
2025-04-14 16:31:11 - INFO - [neural_net.py:77] - 
=== Training Start ===
2025-04-14 16:31:11 - INFO - [neural_net.py:78] - Training data size: (6400, 26)
2025-04-14 16:31:11 - INFO - [neural_net.py:93] - Class distribution in training set:
2025-04-14 16:31:11 - INFO - [neural_net.py:94] -   Positive samples: 1424
2025-04-14 16:31:11 - INFO - [neural_net.py:95] -   Negative samples: 4976
2025-04-14 16:31:11 - INFO - [neural_net.py:126] - Epoch [1/10], Loss: 0.8773
2025-04-14 16:31:11 - INFO - [neural_net.py:126] - Epoch [2/10], Loss: 0.8562
2025-04-14 16:31:11 - INFO - [neural_net.py:126] - Epoch [3/10], Loss: 0.8477
2025-04-14 16:31:11 - INFO - [neural_net.py:126] - Epoch [4/10], Loss: 0.8386
2025-04-14 16:31:11 - INFO - [neural_net.py:126] - Epoch [5/10], Loss: 0.8450
2025-04-14 16:31:12 - INFO - [neural_net.py:126] - Epoch [6/10], Loss: 0.8418
2025-04-14 16:31:12 - INFO - [neural_net.py:126] - Epoch [7/10], Loss: 0.8349
2025-04-14 16:31:12 - INFO - [neural_net.py:126] - Epoch [8/10], Loss: 0.8381
2025-04-14 16:31:12 - INFO - [neural_net.py:126] - Epoch [9/10], Loss: 0.8255
2025-04-14 16:31:12 - INFO - [neural_net.py:126] - Epoch [10/10], Loss: 0.8222
2025-04-14 16:31:12 - INFO - [neural_net.py:128] - Model training completed
2025-04-14 16:31:12 - INFO - [neural_net.py:158] - 
=== Model Evaluation ===
2025-04-14 16:31:12 - INFO - [neural_net.py:220] - Found best threshold: 0.75 (Accuracy: 0.8231)
2025-04-14 16:31:12 - INFO - [neural_net.py:169] - Using threshold: 0.7500000000000002
2025-04-14 16:31:12 - INFO - [neural_net.py:77] - 
=== Training Start ===
2025-04-14 16:31:12 - INFO - [neural_net.py:78] - Training data size: (6400, 26)
2025-04-14 16:31:12 - INFO - [neural_net.py:93] - Class distribution in training set:
2025-04-14 16:31:12 - INFO - [neural_net.py:94] -   Positive samples: 1415
2025-04-14 16:31:12 - INFO - [neural_net.py:95] -   Negative samples: 4985
2025-04-14 16:31:13 - INFO - [neural_net.py:126] - Epoch [1/10], Loss: 0.8542
2025-04-14 16:31:13 - INFO - [neural_net.py:126] - Epoch [2/10], Loss: 0.8403
2025-04-14 16:31:13 - INFO - [neural_net.py:126] - Epoch [3/10], Loss: 0.8308
2025-04-14 16:31:13 - INFO - [neural_net.py:126] - Epoch [4/10], Loss: 0.8255
2025-04-14 16:31:13 - INFO - [neural_net.py:126] - Epoch [5/10], Loss: 0.8237
2025-04-14 16:31:14 - INFO - [neural_net.py:126] - Epoch [6/10], Loss: 0.8133
2025-04-14 16:31:14 - INFO - [neural_net.py:126] - Epoch [7/10], Loss: 0.8141
2025-04-14 16:31:14 - INFO - [neural_net.py:126] - Epoch [8/10], Loss: 0.8146
2025-04-14 16:31:14 - INFO - [neural_net.py:126] - Epoch [9/10], Loss: 0.8017
2025-04-14 16:31:14 - INFO - [neural_net.py:126] - Epoch [10/10], Loss: 0.7995
2025-04-14 16:31:14 - INFO - [neural_net.py:128] - Model training completed
2025-04-14 16:31:14 - INFO - [neural_net.py:158] - 
=== Model Evaluation ===
2025-04-14 16:31:14 - INFO - [neural_net.py:220] - Found best threshold: 0.75 (Accuracy: 0.8213)
2025-04-14 16:31:14 - INFO - [neural_net.py:169] - Using threshold: 0.7500000000000002
2025-04-14 16:31:14 - INFO - [neural_net.py:77] - 
=== Training Start ===
2025-04-14 16:31:14 - INFO - [neural_net.py:78] - Training data size: (6400, 26)
2025-04-14 16:31:14 - INFO - [neural_net.py:93] - Class distribution in training set:
2025-04-14 16:31:14 - INFO - [neural_net.py:94] -   Positive samples: 1396
2025-04-14 16:31:14 - INFO - [neural_net.py:95] -   Negative samples: 5004
2025-04-14 16:31:14 - INFO - [neural_net.py:126] - Epoch [1/10], Loss: 0.8695
2025-04-14 16:31:15 - INFO - [neural_net.py:126] - Epoch [2/10], Loss: 0.8469
2025-04-14 16:31:15 - INFO - [neural_net.py:126] - Epoch [3/10], Loss: 0.8379
2025-04-14 16:31:15 - INFO - [neural_net.py:126] - Epoch [4/10], Loss: 0.8300
2025-04-14 16:31:15 - INFO - [neural_net.py:126] - Epoch [5/10], Loss: 0.8287
2025-04-14 16:31:15 - INFO - [neural_net.py:126] - Epoch [6/10], Loss: 0.8201
2025-04-14 16:31:15 - INFO - [neural_net.py:126] - Epoch [7/10], Loss: 0.8278
2025-04-14 16:31:16 - INFO - [neural_net.py:126] - Epoch [8/10], Loss: 0.8224
2025-04-14 16:31:16 - INFO - [neural_net.py:126] - Epoch [9/10], Loss: 0.8144
2025-04-14 16:31:16 - INFO - [neural_net.py:126] - Epoch [10/10], Loss: 0.8198
2025-04-14 16:31:16 - INFO - [neural_net.py:128] - Model training completed
2025-04-14 16:31:16 - INFO - [neural_net.py:158] - 
=== Model Evaluation ===
2025-04-14 16:31:16 - INFO - [neural_net.py:220] - Found best threshold: 0.75 (Accuracy: 0.8156)
2025-04-14 16:31:16 - INFO - [neural_net.py:169] - Using threshold: 0.7500000000000002
2025-04-14 16:31:16 - INFO - [neural_net.py:158] - 
=== Model Evaluation ===
2025-04-14 16:31:16 - INFO - [neural_net.py:220] - Found best threshold: 0.80 (Accuracy: 0.8182)
2025-04-14 16:31:16 - INFO - [neural_net.py:169] - Using threshold: 0.8000000000000002
2025-04-14 16:31:16 - INFO - [fed_server.py:69] - 全局模型评估指标:
2025-04-14 16:31:16 - INFO - [fed_server.py:70] - Accuracy: 0.8182
2025-04-14 16:31:16 - INFO - [fed_server.py:71] - Precision: 0.6713
2025-04-14 16:31:16 - INFO - [fed_server.py:72] - Recall: 0.3313
2025-04-14 16:31:16 - INFO - [fed_server.py:73] - F1 Score: 0.4437
2025-04-14 16:31:16 - INFO - [fed_server.py:74] - AUC-ROC: 0.7658
2025-04-14 16:31:16 - INFO - [federated.py:84] - 轮次 10/10 完成
2025-04-14 16:31:16 - INFO - [federated.py:164] - neural_net 在测试集上的最终评估:
2025-04-14 16:31:16 - INFO - [neural_net.py:158] - 
=== Model Evaluation ===
2025-04-14 16:31:16 - INFO - [neural_net.py:220] - Found best threshold: 0.80 (Accuracy: 0.8182)
2025-04-14 16:31:16 - INFO - [neural_net.py:169] - Using threshold: 0.8000000000000002
2025-04-14 16:31:16 - INFO - [federated.py:113] - 
=== 联邦学习模型性能对比 ===
2025-04-14 16:31:16 - INFO - [federated.py:114] - 
            accuracy  precision    recall        f1   auc_roc
logistic    0.819833   0.639089  0.405941  0.496507  0.763370
neural_net  0.818167   0.671296  0.331302  0.443651  0.765826
