2025-04-14 16:37:05 - INFO - [logging_config.py:55] - 日志文件已创建: logs\20250414_163705.log
2025-04-14 16:37:07 - INFO - [main.py:54] - 
=== 运行联邦学习实验 ===
2025-04-14 16:37:07 - INFO - [main.py:41] - 添加逻辑回归模型...
2025-04-14 16:37:07 - INFO - [main.py:44] - 添加神经网络模型...
2025-04-14 16:37:07 - INFO - [base_experiment.py:39] - 成功加载标准化数据: 训练集 (24000, 26), 测试集 (6000, 26)
2025-04-14 16:37:07 - INFO - [base_experiment.py:49] - 成功加载非标准化数据: 训练集 (24000, 23), 测试集 (6000, 23)
2025-04-14 16:37:07 - INFO - [federated.py:129] - 
=== 开始 logistic 的联邦学习 ===
2025-04-14 16:37:07 - INFO - [federated.py:136] - 使用标准化数据训练模型 logistic
2025-04-14 16:37:07 - INFO - [federated.py:30] - 开始数据分割,总样本数: 24000, 客户端数: 3
2025-04-14 16:37:07 - INFO - [federated.py:34] - 每个客户端平均数据量: 8000
2025-04-14 16:37:07 - INFO - [federated.py:48] - 客户端0数据量: 8000
2025-04-14 16:37:07 - INFO - [federated.py:48] - 客户端1数据量: 8000
2025-04-14 16:37:07 - INFO - [federated.py:48] - 客户端2数据量: 8000
2025-04-14 16:37:07 - INFO - [fed_server.py:50] - 联邦学习第 1 轮
2025-04-14 16:37:07 - INFO - [fed_server.py:72] - 全局模型评估指标:
2025-04-14 16:37:07 - INFO - [fed_server.py:73] - Accuracy: 0.8182
2025-04-14 16:37:07 - INFO - [fed_server.py:74] - Precision: 0.6542
2025-04-14 16:37:07 - INFO - [fed_server.py:75] - Recall: 0.3587
2025-04-14 16:37:07 - INFO - [fed_server.py:76] - F1 Score: 0.4634
2025-04-14 16:37:07 - INFO - [fed_server.py:77] - AUC-ROC: 0.7627
2025-04-14 16:37:07 - INFO - [federated.py:84] - 轮次 1/10 完成
2025-04-14 16:37:07 - INFO - [fed_server.py:50] - 联邦学习第 2 轮
2025-04-14 16:37:07 - INFO - [fed_server.py:72] - 全局模型评估指标:
2025-04-14 16:37:07 - INFO - [fed_server.py:73] - Accuracy: 0.8182
2025-04-14 16:37:07 - INFO - [fed_server.py:74] - Precision: 0.6546
2025-04-14 16:37:07 - INFO - [fed_server.py:75] - Recall: 0.3580
2025-04-14 16:37:07 - INFO - [fed_server.py:76] - F1 Score: 0.4628
2025-04-14 16:37:07 - INFO - [fed_server.py:77] - AUC-ROC: 0.7627
2025-04-14 16:37:07 - INFO - [federated.py:84] - 轮次 2/10 完成
2025-04-14 16:37:07 - INFO - [fed_server.py:50] - 联邦学习第 3 轮
2025-04-14 16:37:07 - INFO - [fed_server.py:72] - 全局模型评估指标:
2025-04-14 16:37:07 - INFO - [fed_server.py:73] - Accuracy: 0.8182
2025-04-14 16:37:07 - INFO - [fed_server.py:74] - Precision: 0.6341
2025-04-14 16:37:07 - INFO - [fed_server.py:75] - Recall: 0.3998
2025-04-14 16:37:07 - INFO - [fed_server.py:76] - F1 Score: 0.4904
2025-04-14 16:37:07 - INFO - [fed_server.py:77] - AUC-ROC: 0.7629
2025-04-14 16:37:07 - INFO - [federated.py:84] - 轮次 3/10 完成
2025-04-14 16:37:07 - INFO - [fed_server.py:50] - 联邦学习第 4 轮
2025-04-14 16:37:07 - INFO - [fed_server.py:72] - 全局模型评估指标:
2025-04-14 16:37:07 - INFO - [fed_server.py:73] - Accuracy: 0.8185
2025-04-14 16:37:07 - INFO - [fed_server.py:74] - Precision: 0.6356
2025-04-14 16:37:07 - INFO - [fed_server.py:75] - Recall: 0.3998
2025-04-14 16:37:07 - INFO - [fed_server.py:76] - F1 Score: 0.4909
2025-04-14 16:37:07 - INFO - [fed_server.py:77] - AUC-ROC: 0.7628
2025-04-14 16:37:07 - INFO - [federated.py:84] - 轮次 4/10 完成
2025-04-14 16:37:07 - INFO - [fed_server.py:50] - 联邦学习第 5 轮
2025-04-14 16:37:08 - INFO - [fed_server.py:72] - 全局模型评估指标:
2025-04-14 16:37:08 - INFO - [fed_server.py:73] - Accuracy: 0.8182
2025-04-14 16:37:08 - INFO - [fed_server.py:74] - Precision: 0.6344
2025-04-14 16:37:08 - INFO - [fed_server.py:75] - Recall: 0.3991
2025-04-14 16:37:08 - INFO - [fed_server.py:76] - F1 Score: 0.4899
2025-04-14 16:37:08 - INFO - [fed_server.py:77] - AUC-ROC: 0.7628
2025-04-14 16:37:08 - INFO - [federated.py:84] - 轮次 5/10 完成
2025-04-14 16:37:08 - INFO - [fed_server.py:50] - 联邦学习第 6 轮
2025-04-14 16:37:08 - INFO - [fed_server.py:72] - 全局模型评估指标:
2025-04-14 16:37:08 - INFO - [fed_server.py:73] - Accuracy: 0.8182
2025-04-14 16:37:08 - INFO - [fed_server.py:74] - Precision: 0.6542
2025-04-14 16:37:08 - INFO - [fed_server.py:75] - Recall: 0.3587
2025-04-14 16:37:08 - INFO - [fed_server.py:76] - F1 Score: 0.4634
2025-04-14 16:37:08 - INFO - [fed_server.py:77] - AUC-ROC: 0.7629
2025-04-14 16:37:08 - INFO - [federated.py:84] - 轮次 6/10 完成
2025-04-14 16:37:08 - INFO - [fed_server.py:50] - 联邦学习第 7 轮
2025-04-14 16:37:08 - INFO - [fed_server.py:72] - 全局模型评估指标:
2025-04-14 16:37:08 - INFO - [fed_server.py:73] - Accuracy: 0.8185
2025-04-14 16:37:08 - INFO - [fed_server.py:74] - Precision: 0.6359
2025-04-14 16:37:08 - INFO - [fed_server.py:75] - Recall: 0.3991
2025-04-14 16:37:08 - INFO - [fed_server.py:76] - F1 Score: 0.4904
2025-04-14 16:37:08 - INFO - [fed_server.py:77] - AUC-ROC: 0.7629
2025-04-14 16:37:08 - INFO - [federated.py:84] - 轮次 7/10 完成
2025-04-14 16:37:08 - INFO - [fed_server.py:50] - 联邦学习第 8 轮
2025-04-14 16:37:08 - INFO - [fed_server.py:72] - 全局模型评估指标:
2025-04-14 16:37:08 - INFO - [fed_server.py:73] - Accuracy: 0.8183
2025-04-14 16:37:08 - INFO - [fed_server.py:74] - Precision: 0.6348
2025-04-14 16:37:08 - INFO - [fed_server.py:75] - Recall: 0.3998
2025-04-14 16:37:08 - INFO - [fed_server.py:76] - F1 Score: 0.4907
2025-04-14 16:37:08 - INFO - [fed_server.py:77] - AUC-ROC: 0.7628
2025-04-14 16:37:08 - INFO - [federated.py:84] - 轮次 8/10 完成
2025-04-14 16:37:08 - INFO - [fed_server.py:50] - 联邦学习第 9 轮
2025-04-14 16:37:08 - INFO - [fed_server.py:72] - 全局模型评估指标:
2025-04-14 16:37:08 - INFO - [fed_server.py:73] - Accuracy: 0.8185
2025-04-14 16:37:08 - INFO - [fed_server.py:74] - Precision: 0.6349
2025-04-14 16:37:08 - INFO - [fed_server.py:75] - Recall: 0.4014
2025-04-14 16:37:08 - INFO - [fed_server.py:76] - F1 Score: 0.4918
2025-04-14 16:37:08 - INFO - [fed_server.py:77] - AUC-ROC: 0.7627
2025-04-14 16:37:08 - INFO - [federated.py:84] - 轮次 9/10 完成
2025-04-14 16:37:08 - INFO - [fed_server.py:50] - 联邦学习第 10 轮
2025-04-14 16:37:08 - INFO - [fed_server.py:72] - 最终评估 - 全局模型评估指标:
2025-04-14 16:37:08 - INFO - [fed_server.py:73] - 最终评估 - Accuracy: 0.8182
2025-04-14 16:37:08 - INFO - [fed_server.py:74] - 最终评估 - Precision: 0.6347
2025-04-14 16:37:08 - INFO - [fed_server.py:75] - 最终评估 - Recall: 0.3983
2025-04-14 16:37:08 - INFO - [fed_server.py:76] - 最终评估 - F1 Score: 0.4895
2025-04-14 16:37:08 - INFO - [fed_server.py:77] - 最终评估 - AUC-ROC: 0.7628
2025-04-14 16:37:08 - INFO - [federated.py:84] - 轮次 10/10 完成
2025-04-14 16:37:08 - INFO - [federated.py:129] - 
=== 开始 neural_net 的联邦学习 ===
2025-04-14 16:37:08 - INFO - [federated.py:136] - 使用标准化数据训练模型 neural_net
2025-04-14 16:37:08 - INFO - [federated.py:30] - 开始数据分割,总样本数: 24000, 客户端数: 3
2025-04-14 16:37:08 - INFO - [federated.py:34] - 每个客户端平均数据量: 8000
2025-04-14 16:37:08 - INFO - [federated.py:48] - 客户端0数据量: 8000
2025-04-14 16:37:08 - INFO - [federated.py:48] - 客户端1数据量: 8000
2025-04-14 16:37:08 - INFO - [federated.py:48] - 客户端2数据量: 8000
2025-04-14 16:37:08 - INFO - [fed_server.py:50] - 联邦学习第 1 轮
2025-04-14 16:37:08 - INFO - [neural_net.py:77] - 
=== Training Start ===
2025-04-14 16:37:08 - INFO - [neural_net.py:78] - Training data size: (6400, 26)
2025-04-14 16:37:08 - INFO - [neural_net.py:83] - Initialized neural network with input dimension: 26
2025-04-14 16:37:08 - INFO - [neural_net.py:93] - Class distribution in training set:
2025-04-14 16:37:08 - INFO - [neural_net.py:94] -   Positive samples: 1435
2025-04-14 16:37:08 - INFO - [neural_net.py:95] -   Negative samples: 4965
2025-04-14 16:37:10 - INFO - [neural_net.py:126] - Epoch [1/10], Loss: 1.0226
2025-04-14 16:37:10 - INFO - [neural_net.py:126] - Epoch [2/10], Loss: 0.9428
2025-04-14 16:37:10 - INFO - [neural_net.py:126] - Epoch [3/10], Loss: 0.9251
2025-04-14 16:37:10 - INFO - [neural_net.py:126] - Epoch [4/10], Loss: 0.9074
2025-04-14 16:37:11 - INFO - [neural_net.py:126] - Epoch [5/10], Loss: 0.9046
2025-04-14 16:37:11 - INFO - [neural_net.py:126] - Epoch [6/10], Loss: 0.8966
2025-04-14 16:37:11 - INFO - [neural_net.py:126] - Epoch [7/10], Loss: 0.8893
2025-04-14 16:37:11 - INFO - [neural_net.py:126] - Epoch [8/10], Loss: 0.8856
2025-04-14 16:37:11 - INFO - [neural_net.py:126] - Epoch [9/10], Loss: 0.8840
2025-04-14 16:37:11 - INFO - [neural_net.py:126] - Epoch [10/10], Loss: 0.8837
2025-04-14 16:37:11 - INFO - [neural_net.py:128] - Model training completed
2025-04-14 16:37:11 - INFO - [neural_net.py:158] - 
=== Model Evaluation ===
2025-04-14 16:37:11 - INFO - [neural_net.py:220] - Found best threshold: 0.75 (Accuracy: 0.8075)
2025-04-14 16:37:11 - INFO - [neural_net.py:169] - Using threshold: 0.7500000000000002
2025-04-14 16:37:11 - INFO - [neural_net.py:77] - 
=== Training Start ===
2025-04-14 16:37:11 - INFO - [neural_net.py:78] - Training data size: (6400, 26)
2025-04-14 16:37:11 - INFO - [neural_net.py:83] - Initialized neural network with input dimension: 26
2025-04-14 16:37:11 - INFO - [neural_net.py:93] - Class distribution in training set:
2025-04-14 16:37:11 - INFO - [neural_net.py:94] -   Positive samples: 1367
2025-04-14 16:37:11 - INFO - [neural_net.py:95] -   Negative samples: 5033
2025-04-14 16:37:11 - INFO - [neural_net.py:126] - Epoch [1/10], Loss: 1.0939
2025-04-14 16:37:12 - INFO - [neural_net.py:126] - Epoch [2/10], Loss: 0.9929
2025-04-14 16:37:12 - INFO - [neural_net.py:126] - Epoch [3/10], Loss: 0.9699
2025-04-14 16:37:12 - INFO - [neural_net.py:126] - Epoch [4/10], Loss: 0.9511
2025-04-14 16:37:12 - INFO - [neural_net.py:126] - Epoch [5/10], Loss: 0.9247
2025-04-14 16:37:12 - INFO - [neural_net.py:126] - Epoch [6/10], Loss: 0.9339
2025-04-14 16:37:12 - INFO - [neural_net.py:126] - Epoch [7/10], Loss: 0.9266
2025-04-14 16:37:12 - INFO - [neural_net.py:126] - Epoch [8/10], Loss: 0.9207
2025-04-14 16:37:13 - INFO - [neural_net.py:126] - Epoch [9/10], Loss: 0.9260
2025-04-14 16:37:13 - INFO - [neural_net.py:126] - Epoch [10/10], Loss: 0.9155
2025-04-14 16:37:13 - INFO - [neural_net.py:128] - Model training completed
2025-04-14 16:37:13 - INFO - [neural_net.py:158] - 
=== Model Evaluation ===
2025-04-14 16:37:13 - INFO - [neural_net.py:220] - Found best threshold: 0.70 (Accuracy: 0.8156)
2025-04-14 16:37:13 - INFO - [neural_net.py:169] - Using threshold: 0.7000000000000002
2025-04-14 16:37:13 - INFO - [neural_net.py:77] - 
=== Training Start ===
2025-04-14 16:37:13 - INFO - [neural_net.py:78] - Training data size: (6400, 26)
2025-04-14 16:37:13 - INFO - [neural_net.py:83] - Initialized neural network with input dimension: 26
2025-04-14 16:37:13 - INFO - [neural_net.py:93] - Class distribution in training set:
2025-04-14 16:37:13 - INFO - [neural_net.py:94] -   Positive samples: 1440
2025-04-14 16:37:13 - INFO - [neural_net.py:95] -   Negative samples: 4960
2025-04-14 16:37:13 - INFO - [neural_net.py:126] - Epoch [1/10], Loss: 1.1041
2025-04-14 16:37:13 - INFO - [neural_net.py:126] - Epoch [2/10], Loss: 0.9875
2025-04-14 16:37:13 - INFO - [neural_net.py:126] - Epoch [3/10], Loss: 0.9471
2025-04-14 16:37:13 - INFO - [neural_net.py:126] - Epoch [4/10], Loss: 0.9402
2025-04-14 16:37:14 - INFO - [neural_net.py:126] - Epoch [5/10], Loss: 0.9166
2025-04-14 16:37:14 - INFO - [neural_net.py:126] - Epoch [6/10], Loss: 0.9193
2025-04-14 16:37:14 - INFO - [neural_net.py:126] - Epoch [7/10], Loss: 0.9083
2025-04-14 16:37:14 - INFO - [neural_net.py:126] - Epoch [8/10], Loss: 0.9068
2025-04-14 16:37:14 - INFO - [neural_net.py:126] - Epoch [9/10], Loss: 0.9094
2025-04-14 16:37:14 - INFO - [neural_net.py:126] - Epoch [10/10], Loss: 0.8989
2025-04-14 16:37:14 - INFO - [neural_net.py:128] - Model training completed
2025-04-14 16:37:14 - INFO - [neural_net.py:158] - 
=== Model Evaluation ===
2025-04-14 16:37:14 - INFO - [neural_net.py:220] - Found best threshold: 0.80 (Accuracy: 0.8250)
2025-04-14 16:37:14 - INFO - [neural_net.py:169] - Using threshold: 0.8000000000000002
2025-04-14 16:37:14 - INFO - [neural_net.py:158] - 
=== Model Evaluation ===
2025-04-14 16:37:14 - INFO - [neural_net.py:220] - Found best threshold: 0.50 (Accuracy: 0.8102)
2025-04-14 16:37:14 - INFO - [neural_net.py:169] - Using threshold: 0.5000000000000001
2025-04-14 16:37:14 - INFO - [fed_server.py:72] - 全局模型评估指标:
2025-04-14 16:37:14 - INFO - [fed_server.py:73] - Accuracy: 0.8102
2025-04-14 16:37:14 - INFO - [fed_server.py:74] - Precision: 0.6526
2025-04-14 16:37:14 - INFO - [fed_server.py:75] - Recall: 0.2833
2025-04-14 16:37:14 - INFO - [fed_server.py:76] - F1 Score: 0.3951
2025-04-14 16:37:14 - INFO - [fed_server.py:77] - AUC-ROC: 0.7348
2025-04-14 16:37:14 - INFO - [federated.py:84] - 轮次 1/10 完成
2025-04-14 16:37:14 - INFO - [fed_server.py:50] - 联邦学习第 2 轮
2025-04-14 16:37:14 - INFO - [neural_net.py:77] - 
=== Training Start ===
2025-04-14 16:37:14 - INFO - [neural_net.py:78] - Training data size: (6400, 26)
2025-04-14 16:37:14 - INFO - [neural_net.py:93] - Class distribution in training set:
2025-04-14 16:37:14 - INFO - [neural_net.py:94] -   Positive samples: 1435
2025-04-14 16:37:14 - INFO - [neural_net.py:95] -   Negative samples: 4965
2025-04-14 16:37:15 - INFO - [neural_net.py:126] - Epoch [1/10], Loss: 0.9167
2025-04-14 16:37:15 - INFO - [neural_net.py:126] - Epoch [2/10], Loss: 0.8908
2025-04-14 16:37:15 - INFO - [neural_net.py:126] - Epoch [3/10], Loss: 0.8814
2025-04-14 16:37:15 - INFO - [neural_net.py:126] - Epoch [4/10], Loss: 0.8794
2025-04-14 16:37:15 - INFO - [neural_net.py:126] - Epoch [5/10], Loss: 0.8750
2025-04-14 16:37:15 - INFO - [neural_net.py:126] - Epoch [6/10], Loss: 0.8701
2025-04-14 16:37:15 - INFO - [neural_net.py:126] - Epoch [7/10], Loss: 0.8597
2025-04-14 16:37:16 - INFO - [neural_net.py:126] - Epoch [8/10], Loss: 0.8623
2025-04-14 16:37:16 - INFO - [neural_net.py:126] - Epoch [9/10], Loss: 0.8585
2025-04-14 16:37:16 - INFO - [neural_net.py:126] - Epoch [10/10], Loss: 0.8517
2025-04-14 16:37:16 - INFO - [neural_net.py:128] - Model training completed
2025-04-14 16:37:16 - INFO - [neural_net.py:158] - 
=== Model Evaluation ===
2025-04-14 16:37:16 - INFO - [neural_net.py:220] - Found best threshold: 0.75 (Accuracy: 0.8063)
2025-04-14 16:37:16 - INFO - [neural_net.py:169] - Using threshold: 0.7500000000000002
2025-04-14 16:37:16 - INFO - [neural_net.py:77] - 
=== Training Start ===
2025-04-14 16:37:16 - INFO - [neural_net.py:78] - Training data size: (6400, 26)
2025-04-14 16:37:16 - INFO - [neural_net.py:93] - Class distribution in training set:
2025-04-14 16:37:16 - INFO - [neural_net.py:94] -   Positive samples: 1367
2025-04-14 16:37:16 - INFO - [neural_net.py:95] -   Negative samples: 5033
2025-04-14 16:37:16 - INFO - [neural_net.py:126] - Epoch [1/10], Loss: 0.9175
2025-04-14 16:37:16 - INFO - [neural_net.py:126] - Epoch [2/10], Loss: 0.9104
2025-04-14 16:37:16 - INFO - [neural_net.py:126] - Epoch [3/10], Loss: 0.9011
2025-04-14 16:37:17 - INFO - [neural_net.py:126] - Epoch [4/10], Loss: 0.8918
2025-04-14 16:37:17 - INFO - [neural_net.py:126] - Epoch [5/10], Loss: 0.8908
2025-04-14 16:37:17 - INFO - [neural_net.py:126] - Epoch [6/10], Loss: 0.8857
2025-04-14 16:37:17 - INFO - [neural_net.py:126] - Epoch [7/10], Loss: 0.8859
2025-04-14 16:37:17 - INFO - [neural_net.py:126] - Epoch [8/10], Loss: 0.8836
2025-04-14 16:37:18 - INFO - [neural_net.py:126] - Epoch [9/10], Loss: 0.8827
2025-04-14 16:37:18 - INFO - [neural_net.py:126] - Epoch [10/10], Loss: 0.8828
2025-04-14 16:37:18 - INFO - [neural_net.py:128] - Model training completed
2025-04-14 16:37:18 - INFO - [neural_net.py:158] - 
=== Model Evaluation ===
2025-04-14 16:37:18 - INFO - [neural_net.py:220] - Found best threshold: 0.75 (Accuracy: 0.8175)
2025-04-14 16:37:18 - INFO - [neural_net.py:169] - Using threshold: 0.7500000000000002
2025-04-14 16:37:18 - INFO - [neural_net.py:77] - 
=== Training Start ===
2025-04-14 16:37:18 - INFO - [neural_net.py:78] - Training data size: (6400, 26)
2025-04-14 16:37:18 - INFO - [neural_net.py:93] - Class distribution in training set:
2025-04-14 16:37:18 - INFO - [neural_net.py:94] -   Positive samples: 1440
2025-04-14 16:37:18 - INFO - [neural_net.py:95] -   Negative samples: 4960
2025-04-14 16:37:18 - INFO - [neural_net.py:126] - Epoch [1/10], Loss: 0.8933
2025-04-14 16:37:18 - INFO - [neural_net.py:126] - Epoch [2/10], Loss: 0.8853
2025-04-14 16:37:18 - INFO - [neural_net.py:126] - Epoch [3/10], Loss: 0.8845
2025-04-14 16:37:18 - INFO - [neural_net.py:126] - Epoch [4/10], Loss: 0.8754
2025-04-14 16:37:19 - INFO - [neural_net.py:126] - Epoch [5/10], Loss: 0.8701
2025-04-14 16:37:19 - INFO - [neural_net.py:126] - Epoch [6/10], Loss: 0.8721
2025-04-14 16:37:19 - INFO - [neural_net.py:126] - Epoch [7/10], Loss: 0.8622
2025-04-14 16:37:19 - INFO - [neural_net.py:126] - Epoch [8/10], Loss: 0.8676
2025-04-14 16:37:19 - INFO - [neural_net.py:126] - Epoch [9/10], Loss: 0.8694
2025-04-14 16:37:20 - INFO - [neural_net.py:126] - Epoch [10/10], Loss: 0.8648
2025-04-14 16:37:20 - INFO - [neural_net.py:128] - Model training completed
2025-04-14 16:37:20 - INFO - [neural_net.py:158] - 
=== Model Evaluation ===
2025-04-14 16:37:20 - INFO - [neural_net.py:220] - Found best threshold: 0.75 (Accuracy: 0.8300)
2025-04-14 16:37:20 - INFO - [neural_net.py:169] - Using threshold: 0.7500000000000002
2025-04-14 16:37:20 - INFO - [neural_net.py:158] - 
=== Model Evaluation ===
2025-04-14 16:37:20 - INFO - [neural_net.py:220] - Found best threshold: 0.75 (Accuracy: 0.8190)
2025-04-14 16:37:20 - INFO - [neural_net.py:169] - Using threshold: 0.7500000000000002
2025-04-14 16:37:20 - INFO - [fed_server.py:72] - 全局模型评估指标:
2025-04-14 16:37:20 - INFO - [fed_server.py:73] - Accuracy: 0.8190
2025-04-14 16:37:20 - INFO - [fed_server.py:74] - Precision: 0.6570
2025-04-14 16:37:20 - INFO - [fed_server.py:75] - Recall: 0.3618
2025-04-14 16:37:20 - INFO - [fed_server.py:76] - F1 Score: 0.4666
2025-04-14 16:37:20 - INFO - [fed_server.py:77] - AUC-ROC: 0.7696
2025-04-14 16:37:20 - INFO - [federated.py:84] - 轮次 2/10 完成
2025-04-14 16:37:20 - INFO - [fed_server.py:50] - 联邦学习第 3 轮
2025-04-14 16:37:20 - INFO - [neural_net.py:77] - 
=== Training Start ===
2025-04-14 16:37:20 - INFO - [neural_net.py:78] - Training data size: (6400, 26)
2025-04-14 16:37:20 - INFO - [neural_net.py:93] - Class distribution in training set:
2025-04-14 16:37:20 - INFO - [neural_net.py:94] -   Positive samples: 1435
2025-04-14 16:37:20 - INFO - [neural_net.py:95] -   Negative samples: 4965
2025-04-14 16:37:20 - INFO - [neural_net.py:126] - Epoch [1/10], Loss: 0.8618
2025-04-14 16:37:20 - INFO - [neural_net.py:126] - Epoch [2/10], Loss: 0.8539
2025-04-14 16:37:20 - INFO - [neural_net.py:126] - Epoch [3/10], Loss: 0.8543
2025-04-14 16:37:20 - INFO - [neural_net.py:126] - Epoch [4/10], Loss: 0.8561
2025-04-14 16:37:21 - INFO - [neural_net.py:126] - Epoch [5/10], Loss: 0.8467
2025-04-14 16:37:21 - INFO - [neural_net.py:126] - Epoch [6/10], Loss: 0.8489
2025-04-14 16:37:21 - INFO - [neural_net.py:126] - Epoch [7/10], Loss: 0.8425
2025-04-14 16:37:21 - INFO - [neural_net.py:126] - Epoch [8/10], Loss: 0.8452
2025-04-14 16:37:21 - INFO - [neural_net.py:126] - Epoch [9/10], Loss: 0.8439
2025-04-14 16:37:21 - INFO - [neural_net.py:126] - Epoch [10/10], Loss: 0.8454
2025-04-14 16:37:21 - INFO - [neural_net.py:128] - Model training completed
2025-04-14 16:37:21 - INFO - [neural_net.py:158] - 
=== Model Evaluation ===
2025-04-14 16:37:21 - INFO - [neural_net.py:220] - Found best threshold: 0.80 (Accuracy: 0.8081)
2025-04-14 16:37:21 - INFO - [neural_net.py:169] - Using threshold: 0.8000000000000002
2025-04-14 16:37:21 - INFO - [neural_net.py:77] - 
=== Training Start ===
2025-04-14 16:37:21 - INFO - [neural_net.py:78] - Training data size: (6400, 26)
2025-04-14 16:37:21 - INFO - [neural_net.py:93] - Class distribution in training set:
2025-04-14 16:37:21 - INFO - [neural_net.py:94] -   Positive samples: 1367
2025-04-14 16:37:21 - INFO - [neural_net.py:95] -   Negative samples: 5033
2025-04-14 16:37:22 - INFO - [neural_net.py:126] - Epoch [1/10], Loss: 0.9055
2025-04-14 16:37:22 - INFO - [neural_net.py:126] - Epoch [2/10], Loss: 0.8899
2025-04-14 16:37:22 - INFO - [neural_net.py:126] - Epoch [3/10], Loss: 0.8860
2025-04-14 16:37:22 - INFO - [neural_net.py:126] - Epoch [4/10], Loss: 0.8757
2025-04-14 16:37:22 - INFO - [neural_net.py:126] - Epoch [5/10], Loss: 0.8803
2025-04-14 16:37:22 - INFO - [neural_net.py:126] - Epoch [6/10], Loss: 0.8763
2025-04-14 16:37:23 - INFO - [neural_net.py:126] - Epoch [7/10], Loss: 0.8768
2025-04-14 16:37:23 - INFO - [neural_net.py:126] - Epoch [8/10], Loss: 0.8712
2025-04-14 16:37:23 - INFO - [neural_net.py:126] - Epoch [9/10], Loss: 0.8672
2025-04-14 16:37:23 - INFO - [neural_net.py:126] - Epoch [10/10], Loss: 0.8625
2025-04-14 16:37:23 - INFO - [neural_net.py:128] - Model training completed
2025-04-14 16:37:23 - INFO - [neural_net.py:158] - 
=== Model Evaluation ===
2025-04-14 16:37:23 - INFO - [neural_net.py:220] - Found best threshold: 0.75 (Accuracy: 0.8163)
2025-04-14 16:37:23 - INFO - [neural_net.py:169] - Using threshold: 0.7500000000000002
2025-04-14 16:37:23 - INFO - [neural_net.py:77] - 
=== Training Start ===
2025-04-14 16:37:23 - INFO - [neural_net.py:78] - Training data size: (6400, 26)
2025-04-14 16:37:23 - INFO - [neural_net.py:93] - Class distribution in training set:
2025-04-14 16:37:23 - INFO - [neural_net.py:94] -   Positive samples: 1440
2025-04-14 16:37:23 - INFO - [neural_net.py:95] -   Negative samples: 4960
2025-04-14 16:37:23 - INFO - [neural_net.py:126] - Epoch [1/10], Loss: 0.8904
2025-04-14 16:37:24 - INFO - [neural_net.py:126] - Epoch [2/10], Loss: 0.8765
2025-04-14 16:37:24 - INFO - [neural_net.py:126] - Epoch [3/10], Loss: 0.8649
2025-04-14 16:37:24 - INFO - [neural_net.py:126] - Epoch [4/10], Loss: 0.8613
2025-04-14 16:37:24 - INFO - [neural_net.py:126] - Epoch [5/10], Loss: 0.8614
2025-04-14 16:37:24 - INFO - [neural_net.py:126] - Epoch [6/10], Loss: 0.8585
2025-04-14 16:37:24 - INFO - [neural_net.py:126] - Epoch [7/10], Loss: 0.8614
2025-04-14 16:37:24 - INFO - [neural_net.py:126] - Epoch [8/10], Loss: 0.8546
2025-04-14 16:37:25 - INFO - [neural_net.py:126] - Epoch [9/10], Loss: 0.8511
2025-04-14 16:37:25 - INFO - [neural_net.py:126] - Epoch [10/10], Loss: 0.8471
2025-04-14 16:37:25 - INFO - [neural_net.py:128] - Model training completed
2025-04-14 16:37:25 - INFO - [neural_net.py:158] - 
=== Model Evaluation ===
2025-04-14 16:37:25 - INFO - [neural_net.py:220] - Found best threshold: 0.80 (Accuracy: 0.8294)
2025-04-14 16:37:25 - INFO - [neural_net.py:169] - Using threshold: 0.8000000000000002
2025-04-14 16:37:25 - INFO - [neural_net.py:158] - 
=== Model Evaluation ===
2025-04-14 16:37:25 - INFO - [neural_net.py:220] - Found best threshold: 0.75 (Accuracy: 0.8202)
2025-04-14 16:37:25 - INFO - [neural_net.py:169] - Using threshold: 0.7500000000000002
2025-04-14 16:37:25 - INFO - [fed_server.py:72] - 全局模型评估指标:
2025-04-14 16:37:25 - INFO - [fed_server.py:73] - Accuracy: 0.8202
2025-04-14 16:37:25 - INFO - [fed_server.py:74] - Precision: 0.6573
2025-04-14 16:37:25 - INFO - [fed_server.py:75] - Recall: 0.3724
2025-04-14 16:37:25 - INFO - [fed_server.py:76] - F1 Score: 0.4754
2025-04-14 16:37:25 - INFO - [fed_server.py:77] - AUC-ROC: 0.7712
2025-04-14 16:37:25 - INFO - [federated.py:84] - 轮次 3/10 完成
2025-04-14 16:37:25 - INFO - [fed_server.py:50] - 联邦学习第 4 轮
2025-04-14 16:37:25 - INFO - [neural_net.py:77] - 
=== Training Start ===
2025-04-14 16:37:25 - INFO - [neural_net.py:78] - Training data size: (6400, 26)
2025-04-14 16:37:25 - INFO - [neural_net.py:93] - Class distribution in training set:
2025-04-14 16:37:25 - INFO - [neural_net.py:94] -   Positive samples: 1435
2025-04-14 16:37:25 - INFO - [neural_net.py:95] -   Negative samples: 4965
2025-04-14 16:37:25 - INFO - [neural_net.py:126] - Epoch [1/10], Loss: 0.8563
2025-04-14 16:37:25 - INFO - [neural_net.py:126] - Epoch [2/10], Loss: 0.8461
2025-04-14 16:37:25 - INFO - [neural_net.py:126] - Epoch [3/10], Loss: 0.8470
2025-04-14 16:37:25 - INFO - [neural_net.py:126] - Epoch [4/10], Loss: 0.8403
2025-04-14 16:37:26 - INFO - [neural_net.py:126] - Epoch [5/10], Loss: 0.8369
2025-04-14 16:37:26 - INFO - [neural_net.py:126] - Epoch [6/10], Loss: 0.8351
2025-04-14 16:37:26 - INFO - [neural_net.py:126] - Epoch [7/10], Loss: 0.8391
2025-04-14 16:37:26 - INFO - [neural_net.py:126] - Epoch [8/10], Loss: 0.8270
2025-04-14 16:37:26 - INFO - [neural_net.py:126] - Epoch [9/10], Loss: 0.8265
2025-04-14 16:37:26 - INFO - [neural_net.py:126] - Epoch [10/10], Loss: 0.8293
2025-04-14 16:37:26 - INFO - [neural_net.py:128] - Model training completed
2025-04-14 16:37:26 - INFO - [neural_net.py:158] - 
=== Model Evaluation ===
2025-04-14 16:37:26 - INFO - [neural_net.py:220] - Found best threshold: 0.75 (Accuracy: 0.8056)
2025-04-14 16:37:26 - INFO - [neural_net.py:169] - Using threshold: 0.7500000000000002
2025-04-14 16:37:26 - INFO - [neural_net.py:77] - 
=== Training Start ===
2025-04-14 16:37:26 - INFO - [neural_net.py:78] - Training data size: (6400, 26)
2025-04-14 16:37:26 - INFO - [neural_net.py:93] - Class distribution in training set:
2025-04-14 16:37:26 - INFO - [neural_net.py:94] -   Positive samples: 1367
2025-04-14 16:37:26 - INFO - [neural_net.py:95] -   Negative samples: 5033
2025-04-14 16:37:27 - INFO - [neural_net.py:126] - Epoch [1/10], Loss: 0.9051
2025-04-14 16:37:27 - INFO - [neural_net.py:126] - Epoch [2/10], Loss: 0.8883
2025-04-14 16:37:27 - INFO - [neural_net.py:126] - Epoch [3/10], Loss: 0.8783
2025-04-14 16:37:27 - INFO - [neural_net.py:126] - Epoch [4/10], Loss: 0.8745
2025-04-14 16:37:27 - INFO - [neural_net.py:126] - Epoch [5/10], Loss: 0.8679
2025-04-14 16:37:28 - INFO - [neural_net.py:126] - Epoch [6/10], Loss: 0.8690
2025-04-14 16:37:28 - INFO - [neural_net.py:126] - Epoch [7/10], Loss: 0.8659
2025-04-14 16:37:28 - INFO - [neural_net.py:126] - Epoch [8/10], Loss: 0.8667
2025-04-14 16:37:28 - INFO - [neural_net.py:126] - Epoch [9/10], Loss: 0.8658
2025-04-14 16:37:28 - INFO - [neural_net.py:126] - Epoch [10/10], Loss: 0.8609
2025-04-14 16:37:28 - INFO - [neural_net.py:128] - Model training completed
2025-04-14 16:37:28 - INFO - [neural_net.py:158] - 
=== Model Evaluation ===
2025-04-14 16:37:28 - INFO - [neural_net.py:220] - Found best threshold: 0.75 (Accuracy: 0.8156)
2025-04-14 16:37:28 - INFO - [neural_net.py:169] - Using threshold: 0.7500000000000002
2025-04-14 16:37:28 - INFO - [neural_net.py:77] - 
=== Training Start ===
2025-04-14 16:37:28 - INFO - [neural_net.py:78] - Training data size: (6400, 26)
2025-04-14 16:37:28 - INFO - [neural_net.py:93] - Class distribution in training set:
2025-04-14 16:37:28 - INFO - [neural_net.py:94] -   Positive samples: 1440
2025-04-14 16:37:28 - INFO - [neural_net.py:95] -   Negative samples: 4960
2025-04-14 16:37:28 - INFO - [neural_net.py:126] - Epoch [1/10], Loss: 0.8805
2025-04-14 16:37:29 - INFO - [neural_net.py:126] - Epoch [2/10], Loss: 0.8647
2025-04-14 16:37:29 - INFO - [neural_net.py:126] - Epoch [3/10], Loss: 0.8564
2025-04-14 16:37:29 - INFO - [neural_net.py:126] - Epoch [4/10], Loss: 0.8550
2025-04-14 16:37:29 - INFO - [neural_net.py:126] - Epoch [5/10], Loss: 0.8544
2025-04-14 16:37:29 - INFO - [neural_net.py:126] - Epoch [6/10], Loss: 0.8517
2025-04-14 16:37:29 - INFO - [neural_net.py:126] - Epoch [7/10], Loss: 0.8546
2025-04-14 16:37:30 - INFO - [neural_net.py:126] - Epoch [8/10], Loss: 0.8464
2025-04-14 16:37:30 - INFO - [neural_net.py:126] - Epoch [9/10], Loss: 0.8424
2025-04-14 16:37:30 - INFO - [neural_net.py:126] - Epoch [10/10], Loss: 0.8454
2025-04-14 16:37:30 - INFO - [neural_net.py:128] - Model training completed
2025-04-14 16:37:30 - INFO - [neural_net.py:158] - 
=== Model Evaluation ===
2025-04-14 16:37:30 - INFO - [neural_net.py:220] - Found best threshold: 0.75 (Accuracy: 0.8281)
2025-04-14 16:37:30 - INFO - [neural_net.py:169] - Using threshold: 0.7500000000000002
2025-04-14 16:37:30 - INFO - [neural_net.py:158] - 
=== Model Evaluation ===
2025-04-14 16:37:30 - INFO - [neural_net.py:220] - Found best threshold: 0.80 (Accuracy: 0.8215)
2025-04-14 16:37:30 - INFO - [neural_net.py:169] - Using threshold: 0.8000000000000002
2025-04-14 16:37:30 - INFO - [fed_server.py:72] - 全局模型评估指标:
2025-04-14 16:37:30 - INFO - [fed_server.py:73] - Accuracy: 0.8215
2025-04-14 16:37:30 - INFO - [fed_server.py:74] - Precision: 0.6990
2025-04-14 16:37:30 - INFO - [fed_server.py:75] - Recall: 0.3237
2025-04-14 16:37:30 - INFO - [fed_server.py:76] - F1 Score: 0.4425
2025-04-14 16:37:30 - INFO - [fed_server.py:77] - AUC-ROC: 0.7699
2025-04-14 16:37:30 - INFO - [federated.py:84] - 轮次 4/10 完成
2025-04-14 16:37:30 - INFO - [fed_server.py:50] - 联邦学习第 5 轮
2025-04-14 16:37:30 - INFO - [neural_net.py:77] - 
=== Training Start ===
2025-04-14 16:37:30 - INFO - [neural_net.py:78] - Training data size: (6400, 26)
2025-04-14 16:37:30 - INFO - [neural_net.py:93] - Class distribution in training set:
2025-04-14 16:37:30 - INFO - [neural_net.py:94] -   Positive samples: 1435
2025-04-14 16:37:30 - INFO - [neural_net.py:95] -   Negative samples: 4965
2025-04-14 16:37:30 - INFO - [neural_net.py:126] - Epoch [1/10], Loss: 0.8629
2025-04-14 16:37:30 - INFO - [neural_net.py:126] - Epoch [2/10], Loss: 0.8410
2025-04-14 16:37:30 - INFO - [neural_net.py:126] - Epoch [3/10], Loss: 0.8392
2025-04-14 16:37:30 - INFO - [neural_net.py:126] - Epoch [4/10], Loss: 0.8336
2025-04-14 16:37:31 - INFO - [neural_net.py:126] - Epoch [5/10], Loss: 0.8348
2025-04-14 16:37:31 - INFO - [neural_net.py:126] - Epoch [6/10], Loss: 0.8298
2025-04-14 16:37:31 - INFO - [neural_net.py:126] - Epoch [7/10], Loss: 0.8256
2025-04-14 16:37:31 - INFO - [neural_net.py:126] - Epoch [8/10], Loss: 0.8171
2025-04-14 16:37:31 - INFO - [neural_net.py:126] - Epoch [9/10], Loss: 0.8208
2025-04-14 16:37:31 - INFO - [neural_net.py:126] - Epoch [10/10], Loss: 0.8238
2025-04-14 16:37:31 - INFO - [neural_net.py:128] - Model training completed
2025-04-14 16:37:31 - INFO - [neural_net.py:158] - 
=== Model Evaluation ===
2025-04-14 16:37:31 - INFO - [neural_net.py:220] - Found best threshold: 0.80 (Accuracy: 0.8063)
2025-04-14 16:37:31 - INFO - [neural_net.py:169] - Using threshold: 0.8000000000000002
2025-04-14 16:37:31 - INFO - [neural_net.py:77] - 
=== Training Start ===
2025-04-14 16:37:31 - INFO - [neural_net.py:78] - Training data size: (6400, 26)
2025-04-14 16:37:31 - INFO - [neural_net.py:93] - Class distribution in training set:
2025-04-14 16:37:31 - INFO - [neural_net.py:94] -   Positive samples: 1367
2025-04-14 16:37:31 - INFO - [neural_net.py:95] -   Negative samples: 5033
2025-04-14 16:37:32 - INFO - [neural_net.py:126] - Epoch [1/10], Loss: 0.8968
2025-04-14 16:37:32 - INFO - [neural_net.py:126] - Epoch [2/10], Loss: 0.8855
2025-04-14 16:37:32 - INFO - [neural_net.py:126] - Epoch [3/10], Loss: 0.8729
2025-04-14 16:37:32 - INFO - [neural_net.py:126] - Epoch [4/10], Loss: 0.8693
2025-04-14 16:37:32 - INFO - [neural_net.py:126] - Epoch [5/10], Loss: 0.8634
2025-04-14 16:37:32 - INFO - [neural_net.py:126] - Epoch [6/10], Loss: 0.8649
2025-04-14 16:37:33 - INFO - [neural_net.py:126] - Epoch [7/10], Loss: 0.8558
2025-04-14 16:37:33 - INFO - [neural_net.py:126] - Epoch [8/10], Loss: 0.8561
2025-04-14 16:37:33 - INFO - [neural_net.py:126] - Epoch [9/10], Loss: 0.8482
2025-04-14 16:37:33 - INFO - [neural_net.py:126] - Epoch [10/10], Loss: 0.8546
2025-04-14 16:37:33 - INFO - [neural_net.py:128] - Model training completed
2025-04-14 16:37:33 - INFO - [neural_net.py:158] - 
=== Model Evaluation ===
2025-04-14 16:37:33 - INFO - [neural_net.py:220] - Found best threshold: 0.80 (Accuracy: 0.8131)
2025-04-14 16:37:33 - INFO - [neural_net.py:169] - Using threshold: 0.8000000000000002
2025-04-14 16:37:33 - INFO - [neural_net.py:77] - 
=== Training Start ===
2025-04-14 16:37:33 - INFO - [neural_net.py:78] - Training data size: (6400, 26)
2025-04-14 16:37:33 - INFO - [neural_net.py:93] - Class distribution in training set:
2025-04-14 16:37:33 - INFO - [neural_net.py:94] -   Positive samples: 1440
2025-04-14 16:37:33 - INFO - [neural_net.py:95] -   Negative samples: 4960
2025-04-14 16:37:33 - INFO - [neural_net.py:126] - Epoch [1/10], Loss: 0.8868
2025-04-14 16:37:34 - INFO - [neural_net.py:126] - Epoch [2/10], Loss: 0.8637
2025-04-14 16:37:34 - INFO - [neural_net.py:126] - Epoch [3/10], Loss: 0.8681
2025-04-14 16:37:34 - INFO - [neural_net.py:126] - Epoch [4/10], Loss: 0.8513
2025-04-14 16:37:34 - INFO - [neural_net.py:126] - Epoch [5/10], Loss: 0.8531
2025-04-14 16:37:34 - INFO - [neural_net.py:126] - Epoch [6/10], Loss: 0.8464
2025-04-14 16:37:34 - INFO - [neural_net.py:126] - Epoch [7/10], Loss: 0.8405
2025-04-14 16:37:35 - INFO - [neural_net.py:126] - Epoch [8/10], Loss: 0.8418
2025-04-14 16:37:35 - INFO - [neural_net.py:126] - Epoch [9/10], Loss: 0.8409
2025-04-14 16:37:35 - INFO - [neural_net.py:126] - Epoch [10/10], Loss: 0.8378
2025-04-14 16:37:35 - INFO - [neural_net.py:128] - Model training completed
2025-04-14 16:37:35 - INFO - [neural_net.py:158] - 
=== Model Evaluation ===
2025-04-14 16:37:35 - INFO - [neural_net.py:220] - Found best threshold: 0.75 (Accuracy: 0.8281)
2025-04-14 16:37:35 - INFO - [neural_net.py:169] - Using threshold: 0.7500000000000002
2025-04-14 16:37:35 - INFO - [neural_net.py:158] - 
=== Model Evaluation ===
2025-04-14 16:37:35 - INFO - [neural_net.py:220] - Found best threshold: 0.75 (Accuracy: 0.8207)
2025-04-14 16:37:35 - INFO - [neural_net.py:169] - Using threshold: 0.7500000000000002
2025-04-14 16:37:35 - INFO - [fed_server.py:72] - 全局模型评估指标:
2025-04-14 16:37:35 - INFO - [fed_server.py:73] - Accuracy: 0.8207
2025-04-14 16:37:35 - INFO - [fed_server.py:74] - Precision: 0.6715
2025-04-14 16:37:35 - INFO - [fed_server.py:75] - Recall: 0.3534
2025-04-14 16:37:35 - INFO - [fed_server.py:76] - F1 Score: 0.4631
2025-04-14 16:37:35 - INFO - [fed_server.py:77] - AUC-ROC: 0.7689
2025-04-14 16:37:35 - INFO - [federated.py:84] - 轮次 5/10 完成
2025-04-14 16:37:35 - INFO - [fed_server.py:50] - 联邦学习第 6 轮
2025-04-14 16:37:35 - INFO - [neural_net.py:77] - 
=== Training Start ===
2025-04-14 16:37:35 - INFO - [neural_net.py:78] - Training data size: (6400, 26)
2025-04-14 16:37:35 - INFO - [neural_net.py:93] - Class distribution in training set:
2025-04-14 16:37:35 - INFO - [neural_net.py:94] -   Positive samples: 1435
2025-04-14 16:37:35 - INFO - [neural_net.py:95] -   Negative samples: 4965
2025-04-14 16:37:35 - INFO - [neural_net.py:126] - Epoch [1/10], Loss: 0.8506
2025-04-14 16:37:35 - INFO - [neural_net.py:126] - Epoch [2/10], Loss: 0.8414
2025-04-14 16:37:36 - INFO - [neural_net.py:126] - Epoch [3/10], Loss: 0.8385
2025-04-14 16:37:36 - INFO - [neural_net.py:126] - Epoch [4/10], Loss: 0.8278
2025-04-14 16:37:36 - INFO - [neural_net.py:126] - Epoch [5/10], Loss: 0.8273
2025-04-14 16:37:36 - INFO - [neural_net.py:126] - Epoch [6/10], Loss: 0.8249
2025-04-14 16:37:36 - INFO - [neural_net.py:126] - Epoch [7/10], Loss: 0.8181
2025-04-14 16:37:37 - INFO - [neural_net.py:126] - Epoch [8/10], Loss: 0.8202
2025-04-14 16:37:37 - INFO - [neural_net.py:126] - Epoch [9/10], Loss: 0.8235
2025-04-14 16:37:37 - INFO - [neural_net.py:126] - Epoch [10/10], Loss: 0.8120
2025-04-14 16:37:37 - INFO - [neural_net.py:128] - Model training completed
2025-04-14 16:37:37 - INFO - [neural_net.py:158] - 
=== Model Evaluation ===
2025-04-14 16:37:37 - INFO - [neural_net.py:220] - Found best threshold: 0.75 (Accuracy: 0.8019)
2025-04-14 16:37:37 - INFO - [neural_net.py:169] - Using threshold: 0.7500000000000002
2025-04-14 16:37:37 - INFO - [neural_net.py:77] - 
=== Training Start ===
2025-04-14 16:37:37 - INFO - [neural_net.py:78] - Training data size: (6400, 26)
2025-04-14 16:37:37 - INFO - [neural_net.py:93] - Class distribution in training set:
2025-04-14 16:37:37 - INFO - [neural_net.py:94] -   Positive samples: 1367
2025-04-14 16:37:37 - INFO - [neural_net.py:95] -   Negative samples: 5033
2025-04-14 16:37:37 - INFO - [neural_net.py:126] - Epoch [1/10], Loss: 0.8894
2025-04-14 16:37:37 - INFO - [neural_net.py:126] - Epoch [2/10], Loss: 0.8759
2025-04-14 16:37:38 - INFO - [neural_net.py:126] - Epoch [3/10], Loss: 0.8650
2025-04-14 16:37:38 - INFO - [neural_net.py:126] - Epoch [4/10], Loss: 0.8629
2025-04-14 16:37:38 - INFO - [neural_net.py:126] - Epoch [5/10], Loss: 0.8552
2025-04-14 16:37:38 - INFO - [neural_net.py:126] - Epoch [6/10], Loss: 0.8514
2025-04-14 16:37:38 - INFO - [neural_net.py:126] - Epoch [7/10], Loss: 0.8524
2025-04-14 16:37:38 - INFO - [neural_net.py:126] - Epoch [8/10], Loss: 0.8466
2025-04-14 16:37:39 - INFO - [neural_net.py:126] - Epoch [9/10], Loss: 0.8476
2025-04-14 16:37:39 - INFO - [neural_net.py:126] - Epoch [10/10], Loss: 0.8447
2025-04-14 16:37:39 - INFO - [neural_net.py:128] - Model training completed
2025-04-14 16:37:39 - INFO - [neural_net.py:158] - 
=== Model Evaluation ===
2025-04-14 16:37:39 - INFO - [neural_net.py:220] - Found best threshold: 0.75 (Accuracy: 0.8119)
2025-04-14 16:37:39 - INFO - [neural_net.py:169] - Using threshold: 0.7500000000000002
2025-04-14 16:37:39 - INFO - [neural_net.py:77] - 
=== Training Start ===
2025-04-14 16:37:39 - INFO - [neural_net.py:78] - Training data size: (6400, 26)
2025-04-14 16:37:39 - INFO - [neural_net.py:93] - Class distribution in training set:
2025-04-14 16:37:39 - INFO - [neural_net.py:94] -   Positive samples: 1440
2025-04-14 16:37:39 - INFO - [neural_net.py:95] -   Negative samples: 4960
2025-04-14 16:37:39 - INFO - [neural_net.py:126] - Epoch [1/10], Loss: 0.8805
2025-04-14 16:37:39 - INFO - [neural_net.py:126] - Epoch [2/10], Loss: 0.8659
2025-04-14 16:37:39 - INFO - [neural_net.py:126] - Epoch [3/10], Loss: 0.8548
2025-04-14 16:37:39 - INFO - [neural_net.py:126] - Epoch [4/10], Loss: 0.8506
2025-04-14 16:37:40 - INFO - [neural_net.py:126] - Epoch [5/10], Loss: 0.8433
2025-04-14 16:37:40 - INFO - [neural_net.py:126] - Epoch [6/10], Loss: 0.8487
2025-04-14 16:37:40 - INFO - [neural_net.py:126] - Epoch [7/10], Loss: 0.8411
2025-04-14 16:37:40 - INFO - [neural_net.py:126] - Epoch [8/10], Loss: 0.8348
2025-04-14 16:37:40 - INFO - [neural_net.py:126] - Epoch [9/10], Loss: 0.8328
2025-04-14 16:37:40 - INFO - [neural_net.py:126] - Epoch [10/10], Loss: 0.8290
2025-04-14 16:37:40 - INFO - [neural_net.py:128] - Model training completed
2025-04-14 16:37:40 - INFO - [neural_net.py:158] - 
=== Model Evaluation ===
2025-04-14 16:37:40 - INFO - [neural_net.py:220] - Found best threshold: 0.70 (Accuracy: 0.8263)
2025-04-14 16:37:40 - INFO - [neural_net.py:169] - Using threshold: 0.7000000000000002
2025-04-14 16:37:40 - INFO - [neural_net.py:158] - 
=== Model Evaluation ===
2025-04-14 16:37:40 - INFO - [neural_net.py:220] - Found best threshold: 0.75 (Accuracy: 0.8210)
2025-04-14 16:37:40 - INFO - [neural_net.py:169] - Using threshold: 0.7500000000000002
2025-04-14 16:37:40 - INFO - [fed_server.py:72] - 全局模型评估指标:
2025-04-14 16:37:40 - INFO - [fed_server.py:73] - Accuracy: 0.8210
2025-04-14 16:37:40 - INFO - [fed_server.py:74] - Precision: 0.6613
2025-04-14 16:37:40 - INFO - [fed_server.py:75] - Recall: 0.3732
2025-04-14 16:37:40 - INFO - [fed_server.py:76] - F1 Score: 0.4771
2025-04-14 16:37:40 - INFO - [fed_server.py:77] - AUC-ROC: 0.7682
2025-04-14 16:37:40 - INFO - [federated.py:84] - 轮次 6/10 完成
2025-04-14 16:37:40 - INFO - [fed_server.py:50] - 联邦学习第 7 轮
2025-04-14 16:37:40 - INFO - [neural_net.py:77] - 
=== Training Start ===
2025-04-14 16:37:40 - INFO - [neural_net.py:78] - Training data size: (6400, 26)
2025-04-14 16:37:40 - INFO - [neural_net.py:93] - Class distribution in training set:
2025-04-14 16:37:40 - INFO - [neural_net.py:94] -   Positive samples: 1435
2025-04-14 16:37:40 - INFO - [neural_net.py:95] -   Negative samples: 4965
2025-04-14 16:37:41 - INFO - [neural_net.py:126] - Epoch [1/10], Loss: 0.8430
2025-04-14 16:37:41 - INFO - [neural_net.py:126] - Epoch [2/10], Loss: 0.8338
2025-04-14 16:37:41 - INFO - [neural_net.py:126] - Epoch [3/10], Loss: 0.8344
2025-04-14 16:37:41 - INFO - [neural_net.py:126] - Epoch [4/10], Loss: 0.8227
2025-04-14 16:37:41 - INFO - [neural_net.py:126] - Epoch [5/10], Loss: 0.8198
2025-04-14 16:37:42 - INFO - [neural_net.py:126] - Epoch [6/10], Loss: 0.8142
2025-04-14 16:37:42 - INFO - [neural_net.py:126] - Epoch [7/10], Loss: 0.8101
2025-04-14 16:37:42 - INFO - [neural_net.py:126] - Epoch [8/10], Loss: 0.8085
2025-04-14 16:37:42 - INFO - [neural_net.py:126] - Epoch [9/10], Loss: 0.8026
2025-04-14 16:37:42 - INFO - [neural_net.py:126] - Epoch [10/10], Loss: 0.8097
2025-04-14 16:37:42 - INFO - [neural_net.py:128] - Model training completed
2025-04-14 16:37:42 - INFO - [neural_net.py:158] - 
=== Model Evaluation ===
2025-04-14 16:37:42 - INFO - [neural_net.py:220] - Found best threshold: 0.80 (Accuracy: 0.8050)
2025-04-14 16:37:42 - INFO - [neural_net.py:169] - Using threshold: 0.8000000000000002
2025-04-14 16:37:42 - INFO - [neural_net.py:77] - 
=== Training Start ===
2025-04-14 16:37:42 - INFO - [neural_net.py:78] - Training data size: (6400, 26)
2025-04-14 16:37:42 - INFO - [neural_net.py:93] - Class distribution in training set:
2025-04-14 16:37:42 - INFO - [neural_net.py:94] -   Positive samples: 1367
2025-04-14 16:37:42 - INFO - [neural_net.py:95] -   Negative samples: 5033
2025-04-14 16:37:42 - INFO - [neural_net.py:126] - Epoch [1/10], Loss: 0.8835
2025-04-14 16:37:43 - INFO - [neural_net.py:126] - Epoch [2/10], Loss: 0.8796
2025-04-14 16:37:43 - INFO - [neural_net.py:126] - Epoch [3/10], Loss: 0.8605
2025-04-14 16:37:43 - INFO - [neural_net.py:126] - Epoch [4/10], Loss: 0.8626
2025-04-14 16:37:43 - INFO - [neural_net.py:126] - Epoch [5/10], Loss: 0.8549
2025-04-14 16:37:43 - INFO - [neural_net.py:126] - Epoch [6/10], Loss: 0.8496
2025-04-14 16:37:43 - INFO - [neural_net.py:126] - Epoch [7/10], Loss: 0.8449
2025-04-14 16:37:43 - INFO - [neural_net.py:126] - Epoch [8/10], Loss: 0.8400
2025-04-14 16:37:44 - INFO - [neural_net.py:126] - Epoch [9/10], Loss: 0.8473
2025-04-14 16:37:44 - INFO - [neural_net.py:126] - Epoch [10/10], Loss: 0.8426
2025-04-14 16:37:44 - INFO - [neural_net.py:128] - Model training completed
2025-04-14 16:37:44 - INFO - [neural_net.py:158] - 
=== Model Evaluation ===
2025-04-14 16:37:44 - INFO - [neural_net.py:220] - Found best threshold: 0.75 (Accuracy: 0.8131)
2025-04-14 16:37:44 - INFO - [neural_net.py:169] - Using threshold: 0.7500000000000002
2025-04-14 16:37:44 - INFO - [neural_net.py:77] - 
=== Training Start ===
2025-04-14 16:37:44 - INFO - [neural_net.py:78] - Training data size: (6400, 26)
2025-04-14 16:37:44 - INFO - [neural_net.py:93] - Class distribution in training set:
2025-04-14 16:37:44 - INFO - [neural_net.py:94] -   Positive samples: 1440
2025-04-14 16:37:44 - INFO - [neural_net.py:95] -   Negative samples: 4960
2025-04-14 16:37:44 - INFO - [neural_net.py:126] - Epoch [1/10], Loss: 0.8758
2025-04-14 16:37:44 - INFO - [neural_net.py:126] - Epoch [2/10], Loss: 0.8644
2025-04-14 16:37:44 - INFO - [neural_net.py:126] - Epoch [3/10], Loss: 0.8478
2025-04-14 16:37:45 - INFO - [neural_net.py:126] - Epoch [4/10], Loss: 0.8407
2025-04-14 16:37:45 - INFO - [neural_net.py:126] - Epoch [5/10], Loss: 0.8328
2025-04-14 16:37:45 - INFO - [neural_net.py:126] - Epoch [6/10], Loss: 0.8368
2025-04-14 16:37:45 - INFO - [neural_net.py:126] - Epoch [7/10], Loss: 0.8394
2025-04-14 16:37:45 - INFO - [neural_net.py:126] - Epoch [8/10], Loss: 0.8336
2025-04-14 16:37:46 - INFO - [neural_net.py:126] - Epoch [9/10], Loss: 0.8248
2025-04-14 16:37:46 - INFO - [neural_net.py:126] - Epoch [10/10], Loss: 0.8226
2025-04-14 16:37:46 - INFO - [neural_net.py:128] - Model training completed
2025-04-14 16:37:46 - INFO - [neural_net.py:158] - 
=== Model Evaluation ===
2025-04-14 16:37:46 - INFO - [neural_net.py:220] - Found best threshold: 0.75 (Accuracy: 0.8256)
2025-04-14 16:37:46 - INFO - [neural_net.py:169] - Using threshold: 0.7500000000000002
2025-04-14 16:37:46 - INFO - [neural_net.py:158] - 
=== Model Evaluation ===
2025-04-14 16:37:46 - INFO - [neural_net.py:220] - Found best threshold: 0.75 (Accuracy: 0.8208)
2025-04-14 16:37:46 - INFO - [neural_net.py:169] - Using threshold: 0.7500000000000002
2025-04-14 16:37:46 - INFO - [fed_server.py:72] - 全局模型评估指标:
2025-04-14 16:37:46 - INFO - [fed_server.py:73] - Accuracy: 0.8208
2025-04-14 16:37:46 - INFO - [fed_server.py:74] - Precision: 0.6639
2025-04-14 16:37:46 - INFO - [fed_server.py:75] - Recall: 0.3671
2025-04-14 16:37:46 - INFO - [fed_server.py:76] - F1 Score: 0.4728
2025-04-14 16:37:46 - INFO - [fed_server.py:77] - AUC-ROC: 0.7677
2025-04-14 16:37:46 - INFO - [federated.py:84] - 轮次 7/10 完成
2025-04-14 16:37:46 - INFO - [fed_server.py:50] - 联邦学习第 8 轮
2025-04-14 16:37:46 - INFO - [neural_net.py:77] - 
=== Training Start ===
2025-04-14 16:37:46 - INFO - [neural_net.py:78] - Training data size: (6400, 26)
2025-04-14 16:37:46 - INFO - [neural_net.py:93] - Class distribution in training set:
2025-04-14 16:37:46 - INFO - [neural_net.py:94] -   Positive samples: 1435
2025-04-14 16:37:46 - INFO - [neural_net.py:95] -   Negative samples: 4965
2025-04-14 16:37:46 - INFO - [neural_net.py:126] - Epoch [1/10], Loss: 0.8487
2025-04-14 16:37:46 - INFO - [neural_net.py:126] - Epoch [2/10], Loss: 0.8315
2025-04-14 16:37:46 - INFO - [neural_net.py:126] - Epoch [3/10], Loss: 0.8274
2025-04-14 16:37:47 - INFO - [neural_net.py:126] - Epoch [4/10], Loss: 0.8305
2025-04-14 16:37:47 - INFO - [neural_net.py:126] - Epoch [5/10], Loss: 0.8174
2025-04-14 16:37:47 - INFO - [neural_net.py:126] - Epoch [6/10], Loss: 0.8136
2025-04-14 16:37:47 - INFO - [neural_net.py:126] - Epoch [7/10], Loss: 0.8108
2025-04-14 16:37:47 - INFO - [neural_net.py:126] - Epoch [8/10], Loss: 0.8066
2025-04-14 16:37:48 - INFO - [neural_net.py:126] - Epoch [9/10], Loss: 0.8075
2025-04-14 16:37:48 - INFO - [neural_net.py:126] - Epoch [10/10], Loss: 0.8118
2025-04-14 16:37:48 - INFO - [neural_net.py:128] - Model training completed
2025-04-14 16:37:48 - INFO - [neural_net.py:158] - 
=== Model Evaluation ===
2025-04-14 16:37:48 - INFO - [neural_net.py:220] - Found best threshold: 0.75 (Accuracy: 0.8044)
2025-04-14 16:37:48 - INFO - [neural_net.py:169] - Using threshold: 0.7500000000000002
2025-04-14 16:37:48 - INFO - [neural_net.py:77] - 
=== Training Start ===
2025-04-14 16:37:48 - INFO - [neural_net.py:78] - Training data size: (6400, 26)
2025-04-14 16:37:48 - INFO - [neural_net.py:93] - Class distribution in training set:
2025-04-14 16:37:48 - INFO - [neural_net.py:94] -   Positive samples: 1367
2025-04-14 16:37:48 - INFO - [neural_net.py:95] -   Negative samples: 5033
2025-04-14 16:37:48 - INFO - [neural_net.py:126] - Epoch [1/10], Loss: 0.8828
2025-04-14 16:37:48 - INFO - [neural_net.py:126] - Epoch [2/10], Loss: 0.8776
2025-04-14 16:37:48 - INFO - [neural_net.py:126] - Epoch [3/10], Loss: 0.8549
2025-04-14 16:37:49 - INFO - [neural_net.py:126] - Epoch [4/10], Loss: 0.8609
2025-04-14 16:37:49 - INFO - [neural_net.py:126] - Epoch [5/10], Loss: 0.8509
2025-04-14 16:37:49 - INFO - [neural_net.py:126] - Epoch [6/10], Loss: 0.8555
2025-04-14 16:37:49 - INFO - [neural_net.py:126] - Epoch [7/10], Loss: 0.8422
2025-04-14 16:37:49 - INFO - [neural_net.py:126] - Epoch [8/10], Loss: 0.8417
2025-04-14 16:37:50 - INFO - [neural_net.py:126] - Epoch [9/10], Loss: 0.8380
2025-04-14 16:37:50 - INFO - [neural_net.py:126] - Epoch [10/10], Loss: 0.8385
2025-04-14 16:37:50 - INFO - [neural_net.py:128] - Model training completed
2025-04-14 16:37:50 - INFO - [neural_net.py:158] - 
=== Model Evaluation ===
2025-04-14 16:37:50 - INFO - [neural_net.py:220] - Found best threshold: 0.80 (Accuracy: 0.8150)
2025-04-14 16:37:50 - INFO - [neural_net.py:169] - Using threshold: 0.8000000000000002
2025-04-14 16:37:50 - INFO - [neural_net.py:77] - 
=== Training Start ===
2025-04-14 16:37:50 - INFO - [neural_net.py:78] - Training data size: (6400, 26)
2025-04-14 16:37:50 - INFO - [neural_net.py:93] - Class distribution in training set:
2025-04-14 16:37:50 - INFO - [neural_net.py:94] -   Positive samples: 1440
2025-04-14 16:37:50 - INFO - [neural_net.py:95] -   Negative samples: 4960
2025-04-14 16:37:50 - INFO - [neural_net.py:126] - Epoch [1/10], Loss: 0.8813
2025-04-14 16:37:50 - INFO - [neural_net.py:126] - Epoch [2/10], Loss: 0.8596
2025-04-14 16:37:50 - INFO - [neural_net.py:126] - Epoch [3/10], Loss: 0.8468
2025-04-14 16:37:51 - INFO - [neural_net.py:126] - Epoch [4/10], Loss: 0.8396
2025-04-14 16:37:51 - INFO - [neural_net.py:126] - Epoch [5/10], Loss: 0.8306
2025-04-14 16:37:51 - INFO - [neural_net.py:126] - Epoch [6/10], Loss: 0.8354
2025-04-14 16:37:51 - INFO - [neural_net.py:126] - Epoch [7/10], Loss: 0.8323
2025-04-14 16:37:51 - INFO - [neural_net.py:126] - Epoch [8/10], Loss: 0.8305
2025-04-14 16:37:51 - INFO - [neural_net.py:126] - Epoch [9/10], Loss: 0.8277
2025-04-14 16:37:52 - INFO - [neural_net.py:126] - Epoch [10/10], Loss: 0.8203
2025-04-14 16:37:52 - INFO - [neural_net.py:128] - Model training completed
2025-04-14 16:37:52 - INFO - [neural_net.py:158] - 
=== Model Evaluation ===
2025-04-14 16:37:52 - INFO - [neural_net.py:220] - Found best threshold: 0.75 (Accuracy: 0.8256)
2025-04-14 16:37:52 - INFO - [neural_net.py:169] - Using threshold: 0.7500000000000002
2025-04-14 16:37:52 - INFO - [neural_net.py:158] - 
=== Model Evaluation ===
2025-04-14 16:37:52 - INFO - [neural_net.py:220] - Found best threshold: 0.80 (Accuracy: 0.8190)
2025-04-14 16:37:52 - INFO - [neural_net.py:169] - Using threshold: 0.8000000000000002
2025-04-14 16:37:52 - INFO - [fed_server.py:72] - 全局模型评估指标:
2025-04-14 16:37:52 - INFO - [fed_server.py:73] - Accuracy: 0.8190
2025-04-14 16:37:52 - INFO - [fed_server.py:74] - Precision: 0.6707
2025-04-14 16:37:52 - INFO - [fed_server.py:75] - Recall: 0.3397
2025-04-14 16:37:52 - INFO - [fed_server.py:76] - F1 Score: 0.4510
2025-04-14 16:37:52 - INFO - [fed_server.py:77] - AUC-ROC: 0.7706
2025-04-14 16:37:52 - INFO - [federated.py:84] - 轮次 8/10 完成
2025-04-14 16:37:52 - INFO - [fed_server.py:50] - 联邦学习第 9 轮
2025-04-14 16:37:52 - INFO - [neural_net.py:77] - 
=== Training Start ===
2025-04-14 16:37:52 - INFO - [neural_net.py:78] - Training data size: (6400, 26)
2025-04-14 16:37:52 - INFO - [neural_net.py:93] - Class distribution in training set:
2025-04-14 16:37:52 - INFO - [neural_net.py:94] -   Positive samples: 1435
2025-04-14 16:37:52 - INFO - [neural_net.py:95] -   Negative samples: 4965
2025-04-14 16:37:52 - INFO - [neural_net.py:126] - Epoch [1/10], Loss: 0.8394
2025-04-14 16:37:52 - INFO - [neural_net.py:126] - Epoch [2/10], Loss: 0.8241
2025-04-14 16:37:52 - INFO - [neural_net.py:126] - Epoch [3/10], Loss: 0.8185
2025-04-14 16:37:52 - INFO - [neural_net.py:126] - Epoch [4/10], Loss: 0.8152
2025-04-14 16:37:52 - INFO - [neural_net.py:126] - Epoch [5/10], Loss: 0.8122
2025-04-14 16:37:53 - INFO - [neural_net.py:126] - Epoch [6/10], Loss: 0.8090
2025-04-14 16:37:53 - INFO - [neural_net.py:126] - Epoch [7/10], Loss: 0.8079
2025-04-14 16:37:53 - INFO - [neural_net.py:126] - Epoch [8/10], Loss: 0.8047
2025-04-14 16:37:53 - INFO - [neural_net.py:126] - Epoch [9/10], Loss: 0.8021
2025-04-14 16:37:53 - INFO - [neural_net.py:126] - Epoch [10/10], Loss: 0.8035
2025-04-14 16:37:53 - INFO - [neural_net.py:128] - Model training completed
2025-04-14 16:37:53 - INFO - [neural_net.py:158] - 
=== Model Evaluation ===
2025-04-14 16:37:53 - INFO - [neural_net.py:220] - Found best threshold: 0.75 (Accuracy: 0.8056)
2025-04-14 16:37:53 - INFO - [neural_net.py:169] - Using threshold: 0.7500000000000002
2025-04-14 16:37:53 - INFO - [neural_net.py:77] - 
=== Training Start ===
2025-04-14 16:37:53 - INFO - [neural_net.py:78] - Training data size: (6400, 26)
2025-04-14 16:37:53 - INFO - [neural_net.py:93] - Class distribution in training set:
2025-04-14 16:37:53 - INFO - [neural_net.py:94] -   Positive samples: 1367
2025-04-14 16:37:53 - INFO - [neural_net.py:95] -   Negative samples: 5033
2025-04-14 16:37:54 - INFO - [neural_net.py:126] - Epoch [1/10], Loss: 0.8864
2025-04-14 16:37:54 - INFO - [neural_net.py:126] - Epoch [2/10], Loss: 0.8688
2025-04-14 16:37:54 - INFO - [neural_net.py:126] - Epoch [3/10], Loss: 0.8614
2025-04-14 16:37:54 - INFO - [neural_net.py:126] - Epoch [4/10], Loss: 0.8475
2025-04-14 16:37:54 - INFO - [neural_net.py:126] - Epoch [5/10], Loss: 0.8430
2025-04-14 16:37:55 - INFO - [neural_net.py:126] - Epoch [6/10], Loss: 0.8414
2025-04-14 16:37:55 - INFO - [neural_net.py:126] - Epoch [7/10], Loss: 0.8338
2025-04-14 16:37:55 - INFO - [neural_net.py:126] - Epoch [8/10], Loss: 0.8355
2025-04-14 16:37:55 - INFO - [neural_net.py:126] - Epoch [9/10], Loss: 0.8295
2025-04-14 16:37:55 - INFO - [neural_net.py:126] - Epoch [10/10], Loss: 0.8283
2025-04-14 16:37:55 - INFO - [neural_net.py:128] - Model training completed
2025-04-14 16:37:55 - INFO - [neural_net.py:158] - 
=== Model Evaluation ===
2025-04-14 16:37:55 - INFO - [neural_net.py:220] - Found best threshold: 0.80 (Accuracy: 0.8137)
2025-04-14 16:37:55 - INFO - [neural_net.py:169] - Using threshold: 0.8000000000000002
2025-04-14 16:37:55 - INFO - [neural_net.py:77] - 
=== Training Start ===
2025-04-14 16:37:55 - INFO - [neural_net.py:78] - Training data size: (6400, 26)
2025-04-14 16:37:55 - INFO - [neural_net.py:93] - Class distribution in training set:
2025-04-14 16:37:55 - INFO - [neural_net.py:94] -   Positive samples: 1440
2025-04-14 16:37:55 - INFO - [neural_net.py:95] -   Negative samples: 4960
2025-04-14 16:37:55 - INFO - [neural_net.py:126] - Epoch [1/10], Loss: 0.8687
2025-04-14 16:37:56 - INFO - [neural_net.py:126] - Epoch [2/10], Loss: 0.8531
2025-04-14 16:37:56 - INFO - [neural_net.py:126] - Epoch [3/10], Loss: 0.8457
2025-04-14 16:37:56 - INFO - [neural_net.py:126] - Epoch [4/10], Loss: 0.8413
2025-04-14 16:37:56 - INFO - [neural_net.py:126] - Epoch [5/10], Loss: 0.8363
2025-04-14 16:37:56 - INFO - [neural_net.py:126] - Epoch [6/10], Loss: 0.8269
2025-04-14 16:37:56 - INFO - [neural_net.py:126] - Epoch [7/10], Loss: 0.8326
2025-04-14 16:37:57 - INFO - [neural_net.py:126] - Epoch [8/10], Loss: 0.8220
2025-04-14 16:37:57 - INFO - [neural_net.py:126] - Epoch [9/10], Loss: 0.8254
2025-04-14 16:37:57 - INFO - [neural_net.py:126] - Epoch [10/10], Loss: 0.8194
2025-04-14 16:37:57 - INFO - [neural_net.py:128] - Model training completed
2025-04-14 16:37:57 - INFO - [neural_net.py:158] - 
=== Model Evaluation ===
2025-04-14 16:37:57 - INFO - [neural_net.py:220] - Found best threshold: 0.80 (Accuracy: 0.8244)
2025-04-14 16:37:57 - INFO - [neural_net.py:169] - Using threshold: 0.8000000000000002
2025-04-14 16:37:57 - INFO - [neural_net.py:158] - 
=== Model Evaluation ===
2025-04-14 16:37:57 - INFO - [neural_net.py:220] - Found best threshold: 0.75 (Accuracy: 0.8207)
2025-04-14 16:37:57 - INFO - [neural_net.py:169] - Using threshold: 0.7500000000000002
2025-04-14 16:37:57 - INFO - [fed_server.py:72] - 全局模型评估指标:
2025-04-14 16:37:57 - INFO - [fed_server.py:73] - Accuracy: 0.8207
2025-04-14 16:37:57 - INFO - [fed_server.py:74] - Precision: 0.6681
2025-04-14 16:37:57 - INFO - [fed_server.py:75] - Recall: 0.3587
2025-04-14 16:37:57 - INFO - [fed_server.py:76] - F1 Score: 0.4668
2025-04-14 16:37:57 - INFO - [fed_server.py:77] - AUC-ROC: 0.7661
2025-04-14 16:37:57 - INFO - [federated.py:84] - 轮次 9/10 完成
2025-04-14 16:37:57 - INFO - [fed_server.py:50] - 联邦学习第 10 轮
2025-04-14 16:37:57 - INFO - [neural_net.py:77] - 
=== Training Start ===
2025-04-14 16:37:57 - INFO - [neural_net.py:78] - Training data size: (6400, 26)
2025-04-14 16:37:57 - INFO - [neural_net.py:93] - Class distribution in training set:
2025-04-14 16:37:57 - INFO - [neural_net.py:94] -   Positive samples: 1435
2025-04-14 16:37:57 - INFO - [neural_net.py:95] -   Negative samples: 4965
2025-04-14 16:37:57 - INFO - [neural_net.py:126] - Epoch [1/10], Loss: 0.8362
2025-04-14 16:37:58 - INFO - [neural_net.py:126] - Epoch [2/10], Loss: 0.8221
2025-04-14 16:37:58 - INFO - [neural_net.py:126] - Epoch [3/10], Loss: 0.8233
2025-04-14 16:37:58 - INFO - [neural_net.py:126] - Epoch [4/10], Loss: 0.8153
2025-04-14 16:37:58 - INFO - [neural_net.py:126] - Epoch [5/10], Loss: 0.8096
2025-04-14 16:37:58 - INFO - [neural_net.py:126] - Epoch [6/10], Loss: 0.8024
2025-04-14 16:37:59 - INFO - [neural_net.py:126] - Epoch [7/10], Loss: 0.8025
2025-04-14 16:37:59 - INFO - [neural_net.py:126] - Epoch [8/10], Loss: 0.8014
2025-04-14 16:37:59 - INFO - [neural_net.py:126] - Epoch [9/10], Loss: 0.7961
2025-04-14 16:37:59 - INFO - [neural_net.py:126] - Epoch [10/10], Loss: 0.7980
2025-04-14 16:37:59 - INFO - [neural_net.py:128] - Model training completed
2025-04-14 16:37:59 - INFO - [neural_net.py:158] - 
=== Model Evaluation ===
2025-04-14 16:37:59 - INFO - [neural_net.py:220] - Found best threshold: 0.80 (Accuracy: 0.8044)
2025-04-14 16:37:59 - INFO - [neural_net.py:169] - Using threshold: 0.8000000000000002
2025-04-14 16:37:59 - INFO - [neural_net.py:77] - 
=== Training Start ===
2025-04-14 16:37:59 - INFO - [neural_net.py:78] - Training data size: (6400, 26)
2025-04-14 16:37:59 - INFO - [neural_net.py:93] - Class distribution in training set:
2025-04-14 16:37:59 - INFO - [neural_net.py:94] -   Positive samples: 1367
2025-04-14 16:37:59 - INFO - [neural_net.py:95] -   Negative samples: 5033
2025-04-14 16:37:59 - INFO - [neural_net.py:126] - Epoch [1/10], Loss: 0.8890
2025-04-14 16:37:59 - INFO - [neural_net.py:126] - Epoch [2/10], Loss: 0.8533
2025-04-14 16:38:00 - INFO - [neural_net.py:126] - Epoch [3/10], Loss: 0.8618
2025-04-14 16:38:00 - INFO - [neural_net.py:126] - Epoch [4/10], Loss: 0.8518
2025-04-14 16:38:00 - INFO - [neural_net.py:126] - Epoch [5/10], Loss: 0.8390
2025-04-14 16:38:00 - INFO - [neural_net.py:126] - Epoch [6/10], Loss: 0.8345
2025-04-14 16:38:00 - INFO - [neural_net.py:126] - Epoch [7/10], Loss: 0.8359
2025-04-14 16:38:01 - INFO - [neural_net.py:126] - Epoch [8/10], Loss: 0.8388
2025-04-14 16:38:01 - INFO - [neural_net.py:126] - Epoch [9/10], Loss: 0.8284
2025-04-14 16:38:01 - INFO - [neural_net.py:126] - Epoch [10/10], Loss: 0.8310
2025-04-14 16:38:01 - INFO - [neural_net.py:128] - Model training completed
2025-04-14 16:38:01 - INFO - [neural_net.py:158] - 
=== Model Evaluation ===
2025-04-14 16:38:01 - INFO - [neural_net.py:220] - Found best threshold: 0.80 (Accuracy: 0.8125)
2025-04-14 16:38:01 - INFO - [neural_net.py:169] - Using threshold: 0.8000000000000002
2025-04-14 16:38:01 - INFO - [neural_net.py:77] - 
=== Training Start ===
2025-04-14 16:38:01 - INFO - [neural_net.py:78] - Training data size: (6400, 26)
2025-04-14 16:38:01 - INFO - [neural_net.py:93] - Class distribution in training set:
2025-04-14 16:38:01 - INFO - [neural_net.py:94] -   Positive samples: 1440
2025-04-14 16:38:01 - INFO - [neural_net.py:95] -   Negative samples: 4960
2025-04-14 16:38:01 - INFO - [neural_net.py:126] - Epoch [1/10], Loss: 0.8698
2025-04-14 16:38:01 - INFO - [neural_net.py:126] - Epoch [2/10], Loss: 0.8475
2025-04-14 16:38:01 - INFO - [neural_net.py:126] - Epoch [3/10], Loss: 0.8402
2025-04-14 16:38:02 - INFO - [neural_net.py:126] - Epoch [4/10], Loss: 0.8374
2025-04-14 16:38:02 - INFO - [neural_net.py:126] - Epoch [5/10], Loss: 0.8285
2025-04-14 16:38:02 - INFO - [neural_net.py:126] - Epoch [6/10], Loss: 0.8244
2025-04-14 16:38:02 - INFO - [neural_net.py:126] - Epoch [7/10], Loss: 0.8311
2025-04-14 16:38:02 - INFO - [neural_net.py:126] - Epoch [8/10], Loss: 0.8186
2025-04-14 16:38:03 - INFO - [neural_net.py:126] - Epoch [9/10], Loss: 0.8175
2025-04-14 16:38:03 - INFO - [neural_net.py:126] - Epoch [10/10], Loss: 0.8100
2025-04-14 16:38:03 - INFO - [neural_net.py:128] - Model training completed
2025-04-14 16:38:03 - INFO - [neural_net.py:158] - 
=== Model Evaluation ===
2025-04-14 16:38:03 - INFO - [neural_net.py:220] - Found best threshold: 0.75 (Accuracy: 0.8231)
2025-04-14 16:38:03 - INFO - [neural_net.py:169] - Using threshold: 0.7500000000000002
2025-04-14 16:38:03 - INFO - [neural_net.py:158] - 
=== Model Evaluation ===
2025-04-14 16:38:03 - INFO - [neural_net.py:220] - Found best threshold: 0.80 (Accuracy: 0.8197)
2025-04-14 16:38:03 - INFO - [neural_net.py:169] - Using threshold: 0.8000000000000002
2025-04-14 16:38:03 - INFO - [fed_server.py:72] - 最终评估 - 全局模型评估指标:
2025-04-14 16:38:03 - INFO - [fed_server.py:73] - 最终评估 - Accuracy: 0.8197
2025-04-14 16:38:03 - INFO - [fed_server.py:74] - 最终评估 - Precision: 0.6769
2025-04-14 16:38:03 - INFO - [fed_server.py:75] - 最终评估 - Recall: 0.3366
2025-04-14 16:38:03 - INFO - [fed_server.py:76] - 最终评估 - F1 Score: 0.4496
2025-04-14 16:38:03 - INFO - [fed_server.py:77] - 最终评估 - AUC-ROC: 0.7656
2025-04-14 16:38:03 - INFO - [federated.py:84] - 轮次 10/10 完成
2025-04-14 16:38:03 - INFO - [neural_net.py:158] - 
=== Model Evaluation ===
2025-04-14 16:38:03 - INFO - [neural_net.py:220] - Found best threshold: 0.80 (Accuracy: 0.8197)
2025-04-14 16:38:03 - INFO - [neural_net.py:169] - Using threshold: 0.8000000000000002
2025-04-14 16:38:03 - INFO - [federated.py:113] - 
=== 联邦学习模型性能对比 ===
2025-04-14 16:38:03 - INFO - [federated.py:114] - 
            accuracy  precision    recall        f1   auc_roc
logistic    0.818167   0.634709  0.398324  0.489471  0.762775
neural_net  0.819667   0.676876  0.336634  0.449644  0.765633
