2025-04-28 16:20:58 - INFO - [logging_config.py:55] - 日志文件已创建: logs/20250428_162058.log
2025-04-28 16:20:58 - INFO - [server_grpc.py:63] - 同态加密状态: 启用
2025-04-28 16:20:58 - INFO - [server_grpc.py:69] - 成功加载同态加密私钥
2025-04-28 16:20:58 - INFO - [server_grpc.py:76] - 服务器初始化完成，等待 3 个客户端注册，计划训练 10 轮
2025-04-28 16:20:58 - INFO - [server_grpc.py:413] - 联邦学习安全服务器正在启动，监听端口: 50051
2025-04-28 16:20:58 - INFO - [logging_config.py:55] - 日志文件已创建: logs/20250428_162058.log
2025-04-28 16:20:58 - INFO - [client_grpc.py:277] - 成功加载客户端数据: /app/data/credit_card_train_normalized.csv, 形状: X=(8000, 26), y=(8000,)
2025-04-28 16:20:58 - DEBUG - [client_grpc.py:95] - 数据集划分完成 - 训练集: (6400, 26), 测试集: (1600, 26)
2025-04-28 16:20:58 - INFO - [client_grpc.py:102] - 数据初始化完成，训练数据大小: 6400
2025-04-28 16:20:58 - INFO - [client_grpc.py:34] - 同态加密状态: 启用
2025-04-28 16:20:58 - INFO - [logging_config.py:55] - 日志文件已创建: logs/20250428_162058.log
2025-04-28 16:20:58 - INFO - [logging_config.py:55] - 日志文件已创建: logs/20250428_162058.log
2025-04-28 16:20:58 - INFO - [client_grpc.py:40] - 成功加载同态加密公钥
2025-04-28 16:20:58 - INFO - [client_grpc.py:64] - 使用安全通道(SSL/TLS)连接服务器
2025-04-28 16:20:58 - INFO - [client_grpc.py:85] - 客户端 3 初始化完成，数据集大小: 6400
2025-04-28 16:20:58 - INFO - [server_grpc.py:128] - 接收到客户端 3 的注册请求
2025-04-28 16:20:58 - INFO - [server_grpc.py:136] - 客户端 3 注册成功，当前 1/3 个客户端
2025-04-28 16:20:58 - INFO - [client_grpc.py:201] - 已设置初始模型参数
2025-04-28 16:20:58 - INFO - [server_grpc.py:150] - 客户端 3 检查训练状态，当前next_step=False, count=0
2025-04-28 16:20:58 - INFO - [client_grpc.py:209] - 等待其他客户端注册 (1/3)
2025-04-28 16:20:58 - INFO - [server_grpc.py:150] - 客户端 3 检查训练状态，当前next_step=False, count=0
2025-04-28 16:20:58 - INFO - [client_grpc.py:209] - 等待其他客户端注册 (1/3)
2025-04-28 16:20:58 - INFO - [client_grpc.py:277] - 成功加载客户端数据: /app/data/credit_card_train_normalized.csv, 形状: X=(8000, 26), y=(8000,)
2025-04-28 16:20:58 - INFO - [client_grpc.py:277] - 成功加载客户端数据: /app/data/credit_card_train_normalized.csv, 形状: X=(8000, 26), y=(8000,)
2025-04-28 16:20:58 - DEBUG - [client_grpc.py:95] - 数据集划分完成 - 训练集: (6400, 26), 测试集: (1600, 26)
2025-04-28 16:20:58 - INFO - [client_grpc.py:102] - 数据初始化完成，训练数据大小: 6400
2025-04-28 16:20:58 - INFO - [client_grpc.py:34] - 同态加密状态: 启用
2025-04-28 16:20:58 - DEBUG - [client_grpc.py:95] - 数据集划分完成 - 训练集: (6400, 26), 测试集: (1600, 26)
2025-04-28 16:20:58 - INFO - [client_grpc.py:102] - 数据初始化完成，训练数据大小: 6400
2025-04-28 16:20:58 - INFO - [client_grpc.py:34] - 同态加密状态: 启用
2025-04-28 16:20:58 - INFO - [client_grpc.py:40] - 成功加载同态加密公钥
2025-04-28 16:20:58 - INFO - [client_grpc.py:40] - 成功加载同态加密公钥
2025-04-28 16:20:58 - INFO - [client_grpc.py:64] - 使用安全通道(SSL/TLS)连接服务器
2025-04-28 16:20:58 - INFO - [client_grpc.py:85] - 客户端 1 初始化完成，数据集大小: 6400
2025-04-28 16:20:58 - INFO - [client_grpc.py:64] - 使用安全通道(SSL/TLS)连接服务器
2025-04-28 16:20:58 - INFO - [client_grpc.py:85] - 客户端 2 初始化完成，数据集大小: 6400
2025-04-28 16:20:58 - INFO - [server_grpc.py:128] - 接收到客户端 1 的注册请求
2025-04-28 16:20:58 - INFO - [server_grpc.py:136] - 客户端 1 注册成功，当前 2/3 个客户端
2025-04-28 16:20:58 - INFO - [client_grpc.py:201] - 已设置初始模型参数
2025-04-28 16:20:58 - INFO - [server_grpc.py:128] - 接收到客户端 2 的注册请求
2025-04-28 16:20:58 - INFO - [server_grpc.py:136] - 客户端 2 注册成功，当前 3/3 个客户端
2025-04-28 16:20:58 - INFO - [server_grpc.py:150] - 客户端 1 检查训练状态，当前next_step=True, count=0
2025-04-28 16:20:58 - INFO - [server_grpc.py:155] - 客户端 1 获得训练许可，count增加到 1/3
2025-04-28 16:20:58 - INFO - [client_grpc.py:201] - 已设置初始模型参数
2025-04-28 16:20:58 - INFO - [client_grpc.py:213] - 所有客户端已就绪，开始训练
2025-04-28 16:20:58 - INFO - [client_grpc.py:217] - 开始第 1 轮训练
2025-04-28 16:20:58 - INFO - [server_grpc.py:150] - 客户端 2 检查训练状态，当前next_step=True, count=1
2025-04-28 16:20:58 - INFO - [server_grpc.py:155] - 客户端 2 获得训练许可，count增加到 2/3
2025-04-28 16:20:58 - INFO - [client_grpc.py:213] - 所有客户端已就绪，开始训练
2025-04-28 16:20:58 - INFO - [client_grpc.py:217] - 开始第 1 轮训练
2025-04-28 16:20:58 - INFO - [server_grpc.py:150] - 客户端 3 检查训练状态，当前next_step=True, count=2
2025-04-28 16:20:58 - INFO - [server_grpc.py:155] - 客户端 3 获得训练许可，count增加到 3/3
2025-04-28 16:20:58 - INFO - [server_grpc.py:159] - 所有客户端已获得训练许可，重置next_step=False, count=0
2025-04-28 16:20:58 - INFO - [client_grpc.py:213] - 所有客户端已就绪，开始训练
2025-04-28 16:20:58 - INFO - [client_grpc.py:217] - 开始第 1 轮训练
2025-04-28 16:20:59 - INFO - [client_grpc.py:117] - 本地训练完成，评估指标: {'accuracy': 0.8325, 'precision': 0.6944444444444444, 'recall': 0.3698224852071006, 'f1': 0.4826254826254826, 'auc_roc': 0.7448517896829491}
2025-04-28 16:20:59 - INFO - [client_grpc.py:117] - 本地训练完成，评估指标: {'accuracy': 0.825, 'precision': 0.6631578947368421, 'recall': 0.3684210526315789, 'f1': 0.4736842105263158, 'auc_roc': 0.7297367026469193}
2025-04-28 16:20:59 - INFO - [client_grpc.py:117] - 本地训练完成，评估指标: {'accuracy': 0.82625, 'precision': 0.6302521008403361, 'recall': 0.4411764705882353, 'f1': 0.5190311418685122, 'auc_roc': 0.7461204481792717}
2025-04-28 16:21:06 - INFO - [server_grpc.py:238] - 接收到客户端 3 的密文参数更新，轮次: 1
2025-04-28 16:21:06 - INFO - [server_grpc.py:267] - 存储客户端 3 密文参数（未解密），当前轮次 1 已提交 1/3个客户端
2025-04-28 16:21:06 - INFO - [client_grpc.py:222] - 客户端 3 提交轮次 1 的密文参数更新
2025-04-28 16:21:06 - INFO - [server_grpc.py:150] - 客户端 3 检查训练状态，当前next_step=False, count=0
2025-04-28 16:21:06 - INFO - [client_grpc.py:234] - 等待其他客户端提交参数 (3/3)
2025-04-28 16:21:06 - INFO - [server_grpc.py:238] - 接收到客户端 2 的密文参数更新，轮次: 1
2025-04-28 16:21:06 - INFO - [server_grpc.py:267] - 存储客户端 2 密文参数（未解密），当前轮次 1 已提交 2/3个客户端
2025-04-28 16:21:06 - INFO - [client_grpc.py:222] - 客户端 2 提交轮次 1 的密文参数更新
2025-04-28 16:21:06 - INFO - [server_grpc.py:150] - 客户端 2 检查训练状态，当前next_step=False, count=0
2025-04-28 16:21:06 - INFO - [client_grpc.py:234] - 等待其他客户端提交参数 (3/3)
2025-04-28 16:21:06 - INFO - [server_grpc.py:238] - 接收到客户端 1 的密文参数更新，轮次: 1
2025-04-28 16:21:06 - INFO - [server_grpc.py:267] - 存储客户端 1 密文参数（未解密），当前轮次 1 已提交 3/3个客户端
2025-04-28 16:21:06 - INFO - [server_grpc.py:270] - 轮次 1 所有客户端参数已收集完毕，开始聚合
2025-04-28 16:21:06 - INFO - [server_grpc.py:361] - 开始同态加密参数聚合
2025-04-28 16:21:06 - INFO - [server_grpc.py:366] - 同态聚合权重: [0.3333333333333333, 0.3333333333333333, 0.3333333333333333]
2025-04-28 16:21:08 - INFO - [server_grpc.py:369] - 全局模型参数更新完成（同态加密聚合+解密）
2025-04-28 16:21:08 - INFO - [server_grpc.py:372] - 全局模型在轮次 1 的性能: {'accuracy': 0.8196666666666667, 'precision': 0.6389891696750902, 'recall': 0.4044173648134044, 'f1': 0.49533582089552236, 'auc_roc': 0.7622286920556623}
2025-04-28 16:21:08 - INFO - [server_grpc.py:376] - 轮次 1 处理完成
2025-04-28 16:21:08 - INFO - [server_grpc.py:150] - 客户端 3 检查训练状态，当前next_step=True, count=0
2025-04-28 16:21:08 - INFO - [server_grpc.py:155] - 客户端 3 获得训练许可，count增加到 1/3
2025-04-28 16:21:08 - INFO - [client_grpc.py:222] - 客户端 1 提交轮次 1 的密文参数更新
2025-04-28 16:21:08 - INFO - [server_grpc.py:150] - 客户端 2 检查训练状态，当前next_step=True, count=1
2025-04-28 16:21:08 - INFO - [client_grpc.py:238] - 所有客户端已就绪，开始请求全局模型
2025-04-28 16:21:08 - INFO - [server_grpc.py:155] - 客户端 2 获得训练许可，count增加到 2/3
2025-04-28 16:21:08 - INFO - [server_grpc.py:150] - 客户端 1 检查训练状态，当前next_step=True, count=2
2025-04-28 16:21:08 - INFO - [client_grpc.py:238] - 所有客户端已就绪，开始请求全局模型
2025-04-28 16:21:08 - INFO - [server_grpc.py:155] - 客户端 1 获得训练许可，count增加到 3/3
2025-04-28 16:21:08 - INFO - [server_grpc.py:159] - 所有客户端已获得训练许可，重置next_step=False, count=0
2025-04-28 16:21:08 - INFO - [server_grpc.py:298] - 向客户端 2 提供第1轮全局模型
2025-04-28 16:21:08 - INFO - [client_grpc.py:238] - 所有客户端已就绪，开始请求全局模型
2025-04-28 16:21:08 - INFO - [server_grpc.py:298] - 向客户端 3 提供第1轮全局模型
2025-04-28 16:21:08 - INFO - [server_grpc.py:298] - 向客户端 1 提供第1轮全局模型
2025-04-28 16:21:08 - INFO - [client_grpc.py:249] - 客户端 1 请求第 1 轮的全局模型
2025-04-28 16:21:08 - INFO - [client_grpc.py:253] - 全局模型指标 - 准确率: 0.8197, 精确率: 0.6390, 召回率: 0.4044, F1分数: 0.4953, AUC-ROC: 0.7622
2025-04-28 16:21:08 - INFO - [client_grpc.py:256] - 客户端 1 更新模型参数
2025-04-28 16:21:08 - INFO - [client_grpc.py:217] - 开始第 2 轮训练
2025-04-28 16:21:08 - INFO - [client_grpc.py:249] - 客户端 3 请求第 1 轮的全局模型
2025-04-28 16:21:08 - INFO - [client_grpc.py:253] - 全局模型指标 - 准确率: 0.8197, 精确率: 0.6390, 召回率: 0.4044, F1分数: 0.4953, AUC-ROC: 0.7622
2025-04-28 16:21:08 - INFO - [client_grpc.py:256] - 客户端 3 更新模型参数
2025-04-28 16:21:08 - INFO - [client_grpc.py:249] - 客户端 2 请求第 1 轮的全局模型
2025-04-28 16:21:08 - INFO - [client_grpc.py:217] - 开始第 2 轮训练
2025-04-28 16:21:08 - INFO - [client_grpc.py:253] - 全局模型指标 - 准确率: 0.8197, 精确率: 0.6390, 召回率: 0.4044, F1分数: 0.4953, AUC-ROC: 0.7622
2025-04-28 16:21:08 - INFO - [client_grpc.py:256] - 客户端 2 更新模型参数
2025-04-28 16:21:08 - INFO - [client_grpc.py:217] - 开始第 2 轮训练
2025-04-28 16:21:08 - INFO - [client_grpc.py:117] - 本地训练完成，评估指标: {'accuracy': 0.831875, 'precision': 0.6927374301675978, 'recall': 0.3668639053254438, 'f1': 0.4796905222437137, 'auc_roc': 0.7441977137820123}
2025-04-28 16:21:08 - INFO - [client_grpc.py:117] - 本地训练完成，评估指标: {'accuracy': 0.82375, 'precision': 0.6595744680851063, 'recall': 0.36257309941520466, 'f1': 0.46792452830188674, 'auc_roc': 0.7299017283537408}
2025-04-28 16:21:08 - INFO - [client_grpc.py:117] - 本地训练完成，评估指标: {'accuracy': 0.82625, 'precision': 0.6302521008403361, 'recall': 0.4411764705882353, 'f1': 0.5190311418685122, 'auc_roc': 0.7460994397759103}
2025-04-28 16:21:16 - INFO - [server_grpc.py:238] - 接收到客户端 2 的密文参数更新，轮次: 2
2025-04-28 16:21:16 - INFO - [server_grpc.py:267] - 存储客户端 2 密文参数（未解密），当前轮次 2 已提交 1/3个客户端
2025-04-28 16:21:16 - INFO - [client_grpc.py:222] - 客户端 2 提交轮次 2 的密文参数更新
2025-04-28 16:21:16 - INFO - [server_grpc.py:150] - 客户端 2 检查训练状态，当前next_step=False, count=0
2025-04-28 16:21:16 - INFO - [client_grpc.py:234] - 等待其他客户端提交参数 (3/3)
2025-04-28 16:21:16 - INFO - [server_grpc.py:238] - 接收到客户端 3 的密文参数更新，轮次: 2
2025-04-28 16:21:16 - INFO - [server_grpc.py:267] - 存储客户端 3 密文参数（未解密），当前轮次 2 已提交 2/3个客户端
2025-04-28 16:21:16 - INFO - [client_grpc.py:222] - 客户端 3 提交轮次 2 的密文参数更新
2025-04-28 16:21:16 - INFO - [server_grpc.py:150] - 客户端 3 检查训练状态，当前next_step=False, count=0
2025-04-28 16:21:16 - INFO - [client_grpc.py:234] - 等待其他客户端提交参数 (3/3)
2025-04-28 16:21:16 - INFO - [server_grpc.py:150] - 客户端 2 检查训练状态，当前next_step=False, count=0
2025-04-28 16:21:16 - INFO - [client_grpc.py:234] - 等待其他客户端提交参数 (3/3)
2025-04-28 16:21:16 - INFO - [server_grpc.py:150] - 客户端 3 检查训练状态，当前next_step=False, count=0
2025-04-28 16:21:16 - INFO - [client_grpc.py:234] - 等待其他客户端提交参数 (3/3)
2025-04-28 16:21:16 - INFO - [server_grpc.py:238] - 接收到客户端 1 的密文参数更新，轮次: 2
2025-04-28 16:21:16 - INFO - [server_grpc.py:267] - 存储客户端 1 密文参数（未解密），当前轮次 2 已提交 3/3个客户端
2025-04-28 16:21:16 - INFO - [server_grpc.py:270] - 轮次 2 所有客户端参数已收集完毕，开始聚合
2025-04-28 16:21:16 - INFO - [server_grpc.py:361] - 开始同态加密参数聚合
2025-04-28 16:21:16 - INFO - [server_grpc.py:366] - 同态聚合权重: [0.3333333333333333, 0.3333333333333333, 0.3333333333333333]
2025-04-28 16:21:18 - INFO - [server_grpc.py:369] - 全局模型参数更新完成（同态加密聚合+解密）
2025-04-28 16:21:18 - INFO - [server_grpc.py:372] - 全局模型在轮次 2 的性能: {'accuracy': 0.8203333333333334, 'precision': 0.641395908543923, 'recall': 0.40594059405940597, 'f1': 0.4972014925373135, 'auc_roc': 0.7622568037112587}
2025-04-28 16:21:18 - INFO - [server_grpc.py:376] - 轮次 2 处理完成
2025-04-28 16:21:18 - INFO - [server_grpc.py:150] - 客户端 2 检查训练状态，当前next_step=True, count=0
2025-04-28 16:21:18 - INFO - [client_grpc.py:222] - 客户端 1 提交轮次 2 的密文参数更新
2025-04-28 16:21:18 - INFO - [server_grpc.py:155] - 客户端 2 获得训练许可，count增加到 1/3
2025-04-28 16:21:18 - INFO - [client_grpc.py:238] - 所有客户端已就绪，开始请求全局模型
2025-04-28 16:21:18 - INFO - [server_grpc.py:150] - 客户端 3 检查训练状态，当前next_step=True, count=1
2025-04-28 16:21:18 - INFO - [server_grpc.py:298] - 向客户端 2 提供第2轮全局模型
2025-04-28 16:21:18 - INFO - [server_grpc.py:155] - 客户端 3 获得训练许可，count增加到 2/3
2025-04-28 16:21:18 - INFO - [server_grpc.py:150] - 客户端 1 检查训练状态，当前next_step=True, count=2
2025-04-28 16:21:18 - INFO - [server_grpc.py:155] - 客户端 1 获得训练许可，count增加到 3/3
2025-04-28 16:21:18 - INFO - [server_grpc.py:159] - 所有客户端已获得训练许可，重置next_step=False, count=0
2025-04-28 16:21:18 - INFO - [client_grpc.py:238] - 所有客户端已就绪，开始请求全局模型
2025-04-28 16:21:18 - INFO - [client_grpc.py:238] - 所有客户端已就绪，开始请求全局模型
2025-04-28 16:21:18 - INFO - [server_grpc.py:298] - 向客户端 1 提供第2轮全局模型
2025-04-28 16:21:18 - INFO - [server_grpc.py:298] - 向客户端 3 提供第2轮全局模型
2025-04-28 16:21:18 - INFO - [client_grpc.py:249] - 客户端 3 请求第 2 轮的全局模型
2025-04-28 16:21:18 - INFO - [client_grpc.py:253] - 全局模型指标 - 准确率: 0.8203, 精确率: 0.6414, 召回率: 0.4059, F1分数: 0.4972, AUC-ROC: 0.7623
2025-04-28 16:21:18 - INFO - [client_grpc.py:256] - 客户端 3 更新模型参数
2025-04-28 16:21:18 - INFO - [client_grpc.py:217] - 开始第 3 轮训练
2025-04-28 16:21:18 - INFO - [client_grpc.py:249] - 客户端 1 请求第 2 轮的全局模型
2025-04-28 16:21:18 - INFO - [client_grpc.py:253] - 全局模型指标 - 准确率: 0.8203, 精确率: 0.6414, 召回率: 0.4059, F1分数: 0.4972, AUC-ROC: 0.7623
2025-04-28 16:21:18 - INFO - [client_grpc.py:256] - 客户端 1 更新模型参数
2025-04-28 16:21:18 - INFO - [client_grpc.py:217] - 开始第 3 轮训练
2025-04-28 16:21:18 - INFO - [client_grpc.py:249] - 客户端 2 请求第 2 轮的全局模型
2025-04-28 16:21:18 - INFO - [client_grpc.py:253] - 全局模型指标 - 准确率: 0.8203, 精确率: 0.6414, 召回率: 0.4059, F1分数: 0.4972, AUC-ROC: 0.7623
2025-04-28 16:21:18 - INFO - [client_grpc.py:256] - 客户端 2 更新模型参数
2025-04-28 16:21:18 - INFO - [client_grpc.py:217] - 开始第 3 轮训练
2025-04-28 16:21:18 - INFO - [client_grpc.py:117] - 本地训练完成，评估指标: {'accuracy': 0.8325, 'precision': 0.6944444444444444, 'recall': 0.3698224852071006, 'f1': 0.4826254826254826, 'auc_roc': 0.7443946398597135}
2025-04-28 16:21:18 - INFO - [client_grpc.py:117] - 本地训练完成，评估指标: {'accuracy': 0.825625, 'precision': 0.6286919831223629, 'recall': 0.43823529411764706, 'f1': 0.5164644714038128, 'auc_roc': 0.7465359477124184}
2025-04-28 16:21:19 - INFO - [client_grpc.py:117] - 本地训练完成，评估指标: {'accuracy': 0.823125, 'precision': 0.6577540106951871, 'recall': 0.35964912280701755, 'f1': 0.46502835538752363, 'auc_roc': 0.7297831887615169}
2025-04-28 16:21:26 - INFO - [server_grpc.py:238] - 接收到客户端 3 的密文参数更新，轮次: 3
2025-04-28 16:21:26 - INFO - [server_grpc.py:267] - 存储客户端 3 密文参数（未解密），当前轮次 3 已提交 1/3个客户端
2025-04-28 16:21:26 - INFO - [client_grpc.py:222] - 客户端 3 提交轮次 3 的密文参数更新
2025-04-28 16:21:26 - INFO - [server_grpc.py:150] - 客户端 3 检查训练状态，当前next_step=False, count=0
2025-04-28 16:21:26 - INFO - [client_grpc.py:234] - 等待其他客户端提交参数 (3/3)
2025-04-28 16:21:26 - INFO - [server_grpc.py:238] - 接收到客户端 1 的密文参数更新，轮次: 3
2025-04-28 16:21:26 - INFO - [server_grpc.py:267] - 存储客户端 1 密文参数（未解密），当前轮次 3 已提交 2/3个客户端
2025-04-28 16:21:26 - INFO - [client_grpc.py:222] - 客户端 1 提交轮次 3 的密文参数更新
2025-04-28 16:21:26 - INFO - [server_grpc.py:150] - 客户端 1 检查训练状态，当前next_step=False, count=0
2025-04-28 16:21:26 - INFO - [client_grpc.py:234] - 等待其他客户端提交参数 (3/3)
2025-04-28 16:21:26 - INFO - [server_grpc.py:150] - 客户端 3 检查训练状态，当前next_step=False, count=0
2025-04-28 16:21:26 - INFO - [server_grpc.py:238] - 接收到客户端 2 的密文参数更新，轮次: 3
2025-04-28 16:21:26 - INFO - [client_grpc.py:234] - 等待其他客户端提交参数 (3/3)
2025-04-28 16:21:26 - INFO - [server_grpc.py:267] - 存储客户端 2 密文参数（未解密），当前轮次 3 已提交 3/3个客户端
2025-04-28 16:21:26 - INFO - [server_grpc.py:270] - 轮次 3 所有客户端参数已收集完毕，开始聚合
2025-04-28 16:21:26 - INFO - [server_grpc.py:361] - 开始同态加密参数聚合
2025-04-28 16:21:26 - INFO - [server_grpc.py:366] - 同态聚合权重: [0.3333333333333333, 0.3333333333333333, 0.3333333333333333]
2025-04-28 16:21:28 - INFO - [server_grpc.py:369] - 全局模型参数更新完成（同态加密聚合+解密）
2025-04-28 16:21:28 - INFO - [server_grpc.py:372] - 全局模型在轮次 3 的性能: {'accuracy': 0.8196666666666667, 'precision': 0.6393244873341375, 'recall': 0.4036557501904037, 'f1': 0.4948646125116713, 'auc_roc': 0.7623237517003083}
2025-04-28 16:21:28 - INFO - [server_grpc.py:376] - 轮次 3 处理完成
2025-04-28 16:21:28 - INFO - [server_grpc.py:150] - 客户端 1 检查训练状态，当前next_step=True, count=0
2025-04-28 16:21:28 - INFO - [server_grpc.py:155] - 客户端 1 获得训练许可，count增加到 1/3
2025-04-28 16:21:28 - INFO - [client_grpc.py:222] - 客户端 2 提交轮次 3 的密文参数更新
2025-04-28 16:21:28 - INFO - [client_grpc.py:238] - 所有客户端已就绪，开始请求全局模型
2025-04-28 16:21:28 - INFO - [server_grpc.py:150] - 客户端 3 检查训练状态，当前next_step=True, count=1
2025-04-28 16:21:28 - INFO - [server_grpc.py:298] - 向客户端 1 提供第3轮全局模型
2025-04-28 16:21:28 - INFO - [server_grpc.py:155] - 客户端 3 获得训练许可，count增加到 2/3
2025-04-28 16:21:29 - INFO - [client_grpc.py:238] - 所有客户端已就绪，开始请求全局模型
2025-04-28 16:21:29 - INFO - [server_grpc.py:150] - 客户端 2 检查训练状态，当前next_step=True, count=2
2025-04-28 16:21:29 - INFO - [server_grpc.py:155] - 客户端 2 获得训练许可，count增加到 3/3
2025-04-28 16:21:29 - INFO - [server_grpc.py:159] - 所有客户端已获得训练许可，重置next_step=False, count=0
2025-04-28 16:21:29 - INFO - [client_grpc.py:238] - 所有客户端已就绪，开始请求全局模型
2025-04-28 16:21:29 - INFO - [server_grpc.py:298] - 向客户端 3 提供第3轮全局模型
2025-04-28 16:21:29 - INFO - [server_grpc.py:298] - 向客户端 2 提供第3轮全局模型
2025-04-28 16:21:29 - INFO - [client_grpc.py:249] - 客户端 2 请求第 3 轮的全局模型
2025-04-28 16:21:29 - INFO - [client_grpc.py:253] - 全局模型指标 - 准确率: 0.8197, 精确率: 0.6393, 召回率: 0.4037, F1分数: 0.4949, AUC-ROC: 0.7623
2025-04-28 16:21:29 - INFO - [client_grpc.py:256] - 客户端 2 更新模型参数
2025-04-28 16:21:29 - INFO - [client_grpc.py:217] - 开始第 4 轮训练
2025-04-28 16:21:29 - INFO - [client_grpc.py:249] - 客户端 3 请求第 3 轮的全局模型
2025-04-28 16:21:29 - INFO - [client_grpc.py:253] - 全局模型指标 - 准确率: 0.8197, 精确率: 0.6393, 召回率: 0.4037, F1分数: 0.4949, AUC-ROC: 0.7623
2025-04-28 16:21:29 - INFO - [client_grpc.py:256] - 客户端 3 更新模型参数
2025-04-28 16:21:29 - INFO - [client_grpc.py:249] - 客户端 1 请求第 3 轮的全局模型
2025-04-28 16:21:29 - INFO - [client_grpc.py:217] - 开始第 4 轮训练
2025-04-28 16:21:29 - INFO - [client_grpc.py:253] - 全局模型指标 - 准确率: 0.8197, 精确率: 0.6393, 召回率: 0.4037, F1分数: 0.4949, AUC-ROC: 0.7623
2025-04-28 16:21:29 - INFO - [client_grpc.py:256] - 客户端 1 更新模型参数
2025-04-28 16:21:29 - INFO - [client_grpc.py:217] - 开始第 4 轮训练
2025-04-28 16:21:29 - INFO - [client_grpc.py:117] - 本地训练完成，评估指标: {'accuracy': 0.82375, 'precision': 0.6595744680851063, 'recall': 0.36257309941520466, 'f1': 0.46792452830188674, 'auc_roc': 0.7298436207104937}
2025-04-28 16:21:29 - INFO - [client_grpc.py:117] - 本地训练完成，评估指标: {'accuracy': 0.8325, 'precision': 0.6944444444444444, 'recall': 0.3698224852071006, 'f1': 0.4826254826254826, 'auc_roc': 0.7447861476570485}
2025-04-28 16:21:29 - INFO - [client_grpc.py:117] - 本地训练完成，评估指标: {'accuracy': 0.825, 'precision': 0.625, 'recall': 0.4411764705882353, 'f1': 0.5172413793103449, 'auc_roc': 0.7463071895424837}
2025-04-28 16:21:36 - INFO - [server_grpc.py:238] - 接收到客户端 2 的密文参数更新，轮次: 4
2025-04-28 16:21:36 - INFO - [server_grpc.py:267] - 存储客户端 2 密文参数（未解密），当前轮次 4 已提交 1/3个客户端
2025-04-28 16:21:36 - INFO - [client_grpc.py:222] - 客户端 2 提交轮次 4 的密文参数更新
2025-04-28 16:21:36 - INFO - [server_grpc.py:150] - 客户端 2 检查训练状态，当前next_step=False, count=0
2025-04-28 16:21:36 - INFO - [client_grpc.py:234] - 等待其他客户端提交参数 (3/3)
2025-04-28 16:21:36 - INFO - [server_grpc.py:238] - 接收到客户端 3 的密文参数更新，轮次: 4
2025-04-28 16:21:36 - INFO - [server_grpc.py:267] - 存储客户端 3 密文参数（未解密），当前轮次 4 已提交 2/3个客户端
2025-04-28 16:21:36 - INFO - [client_grpc.py:222] - 客户端 3 提交轮次 4 的密文参数更新
2025-04-28 16:21:36 - INFO - [server_grpc.py:150] - 客户端 3 检查训练状态，当前next_step=False, count=0
2025-04-28 16:21:36 - INFO - [client_grpc.py:234] - 等待其他客户端提交参数 (3/3)
2025-04-28 16:21:36 - INFO - [server_grpc.py:150] - 客户端 2 检查训练状态，当前next_step=False, count=0
2025-04-28 16:21:36 - INFO - [client_grpc.py:234] - 等待其他客户端提交参数 (3/3)
2025-04-28 16:21:36 - INFO - [server_grpc.py:238] - 接收到客户端 1 的密文参数更新，轮次: 4
2025-04-28 16:21:36 - INFO - [server_grpc.py:267] - 存储客户端 1 密文参数（未解密），当前轮次 4 已提交 3/3个客户端
2025-04-28 16:21:36 - INFO - [server_grpc.py:270] - 轮次 4 所有客户端参数已收集完毕，开始聚合
2025-04-28 16:21:36 - INFO - [server_grpc.py:361] - 开始同态加密参数聚合
2025-04-28 16:21:36 - INFO - [server_grpc.py:366] - 同态聚合权重: [0.3333333333333333, 0.3333333333333333, 0.3333333333333333]
2025-04-28 16:21:39 - INFO - [server_grpc.py:369] - 全局模型参数更新完成（同态加密聚合+解密）
2025-04-28 16:21:39 - INFO - [server_grpc.py:372] - 全局模型在轮次 4 的性能: {'accuracy': 0.8196666666666667, 'precision': 0.6389891696750902, 'recall': 0.4044173648134044, 'f1': 0.49533582089552236, 'auc_roc': 0.7621697063274461}
2025-04-28 16:21:39 - INFO - [server_grpc.py:376] - 轮次 4 处理完成
2025-04-28 16:21:39 - INFO - [server_grpc.py:150] - 客户端 3 检查训练状态，当前next_step=True, count=0
2025-04-28 16:21:39 - INFO - [server_grpc.py:155] - 客户端 3 获得训练许可，count增加到 1/3
2025-04-28 16:21:39 - INFO - [server_grpc.py:150] - 客户端 2 检查训练状态，当前next_step=True, count=1
2025-04-28 16:21:39 - INFO - [server_grpc.py:155] - 客户端 2 获得训练许可，count增加到 2/3
2025-04-28 16:21:39 - INFO - [client_grpc.py:238] - 所有客户端已就绪，开始请求全局模型
2025-04-28 16:21:39 - INFO - [client_grpc.py:222] - 客户端 1 提交轮次 4 的密文参数更新
2025-04-28 16:21:39 - INFO - [server_grpc.py:298] - 向客户端 3 提供第4轮全局模型
2025-04-28 16:21:39 - INFO - [server_grpc.py:150] - 客户端 1 检查训练状态，当前next_step=True, count=2
2025-04-28 16:21:39 - INFO - [client_grpc.py:238] - 所有客户端已就绪，开始请求全局模型
2025-04-28 16:21:39 - INFO - [server_grpc.py:155] - 客户端 1 获得训练许可，count增加到 3/3
2025-04-28 16:21:39 - INFO - [server_grpc.py:159] - 所有客户端已获得训练许可，重置next_step=False, count=0
2025-04-28 16:21:39 - INFO - [client_grpc.py:238] - 所有客户端已就绪，开始请求全局模型
2025-04-28 16:21:39 - INFO - [server_grpc.py:298] - 向客户端 1 提供第4轮全局模型
2025-04-28 16:21:39 - INFO - [server_grpc.py:298] - 向客户端 2 提供第4轮全局模型
2025-04-28 16:21:39 - INFO - [client_grpc.py:249] - 客户端 1 请求第 4 轮的全局模型
2025-04-28 16:21:39 - INFO - [client_grpc.py:253] - 全局模型指标 - 准确率: 0.8197, 精确率: 0.6390, 召回率: 0.4044, F1分数: 0.4953, AUC-ROC: 0.7622
2025-04-28 16:21:39 - INFO - [client_grpc.py:256] - 客户端 1 更新模型参数
2025-04-28 16:21:39 - INFO - [client_grpc.py:217] - 开始第 5 轮训练
2025-04-28 16:21:39 - INFO - [client_grpc.py:249] - 客户端 2 请求第 4 轮的全局模型
2025-04-28 16:21:39 - INFO - [client_grpc.py:253] - 全局模型指标 - 准确率: 0.8197, 精确率: 0.6390, 召回率: 0.4044, F1分数: 0.4953, AUC-ROC: 0.7622
2025-04-28 16:21:39 - INFO - [client_grpc.py:256] - 客户端 2 更新模型参数
2025-04-28 16:21:39 - INFO - [client_grpc.py:217] - 开始第 5 轮训练
2025-04-28 16:21:39 - INFO - [client_grpc.py:249] - 客户端 3 请求第 4 轮的全局模型
2025-04-28 16:21:39 - INFO - [client_grpc.py:253] - 全局模型指标 - 准确率: 0.8197, 精确率: 0.6390, 召回率: 0.4044, F1分数: 0.4953, AUC-ROC: 0.7622
2025-04-28 16:21:39 - INFO - [client_grpc.py:256] - 客户端 3 更新模型参数
2025-04-28 16:21:39 - INFO - [client_grpc.py:217] - 开始第 5 轮训练
2025-04-28 16:21:39 - INFO - [client_grpc.py:117] - 本地训练完成，评估指标: {'accuracy': 0.8325, 'precision': 0.6944444444444444, 'recall': 0.3698224852071006, 'f1': 0.4826254826254826, 'auc_roc': 0.744701750766605}
2025-04-28 16:21:39 - INFO - [client_grpc.py:117] - 本地训练完成，评估指标: {'accuracy': 0.82625, 'precision': 0.6302521008403361, 'recall': 0.4411764705882353, 'f1': 0.5190311418685122, 'auc_roc': 0.7459897292250234}
2025-04-28 16:21:39 - INFO - [client_grpc.py:117] - 本地训练完成，评估指标: {'accuracy': 0.824375, 'precision': 0.6613756613756614, 'recall': 0.3654970760233918, 'f1': 0.4708097928436912, 'auc_roc': 0.7296600005578334}
2025-04-28 16:21:46 - INFO - [server_grpc.py:238] - 接收到客户端 2 的密文参数更新，轮次: 5
2025-04-28 16:21:46 - INFO - [server_grpc.py:267] - 存储客户端 2 密文参数（未解密），当前轮次 5 已提交 1/3个客户端
2025-04-28 16:21:46 - INFO - [client_grpc.py:222] - 客户端 2 提交轮次 5 的密文参数更新
2025-04-28 16:21:46 - INFO - [server_grpc.py:150] - 客户端 2 检查训练状态，当前next_step=False, count=0
2025-04-28 16:21:46 - INFO - [client_grpc.py:234] - 等待其他客户端提交参数 (3/3)
2025-04-28 16:21:46 - INFO - [server_grpc.py:150] - 客户端 2 检查训练状态，当前next_step=False, count=0
2025-04-28 16:21:46 - INFO - [client_grpc.py:234] - 等待其他客户端提交参数 (3/3)
2025-04-28 16:21:46 - INFO - [server_grpc.py:238] - 接收到客户端 3 的密文参数更新，轮次: 5
2025-04-28 16:21:46 - INFO - [server_grpc.py:267] - 存储客户端 3 密文参数（未解密），当前轮次 5 已提交 2/3个客户端
2025-04-28 16:21:46 - INFO - [client_grpc.py:222] - 客户端 3 提交轮次 5 的密文参数更新
2025-04-28 16:21:46 - INFO - [server_grpc.py:238] - 接收到客户端 1 的密文参数更新，轮次: 5
2025-04-28 16:21:46 - INFO - [server_grpc.py:267] - 存储客户端 1 密文参数（未解密），当前轮次 5 已提交 3/3个客户端
2025-04-28 16:21:46 - INFO - [server_grpc.py:270] - 轮次 5 所有客户端参数已收集完毕，开始聚合
2025-04-28 16:21:46 - INFO - [server_grpc.py:361] - 开始同态加密参数聚合
2025-04-28 16:21:46 - INFO - [server_grpc.py:366] - 同态聚合权重: [0.3333333333333333, 0.3333333333333333, 0.3333333333333333]
2025-04-28 16:21:49 - INFO - [server_grpc.py:369] - 全局模型参数更新完成（同态加密聚合+解密）
2025-04-28 16:21:49 - INFO - [server_grpc.py:372] - 全局模型在轮次 5 的性能: {'accuracy': 0.8195, 'precision': 0.6385542168674698, 'recall': 0.4036557501904037, 'f1': 0.4946336910872609, 'auc_roc': 0.7621238827038733}
2025-04-28 16:21:49 - INFO - [server_grpc.py:376] - 轮次 5 处理完成
2025-04-28 16:21:49 - INFO - [server_grpc.py:150] - 客户端 3 检查训练状态，当前next_step=True, count=0
2025-04-28 16:21:49 - INFO - [server_grpc.py:155] - 客户端 3 获得训练许可，count增加到 1/3
2025-04-28 16:21:49 - INFO - [server_grpc.py:150] - 客户端 2 检查训练状态，当前next_step=True, count=1
2025-04-28 16:21:49 - INFO - [client_grpc.py:222] - 客户端 1 提交轮次 5 的密文参数更新
2025-04-28 16:21:49 - INFO - [client_grpc.py:238] - 所有客户端已就绪，开始请求全局模型
2025-04-28 16:21:49 - INFO - [server_grpc.py:155] - 客户端 2 获得训练许可，count增加到 2/3
2025-04-28 16:21:49 - INFO - [client_grpc.py:238] - 所有客户端已就绪，开始请求全局模型
2025-04-28 16:21:49 - INFO - [server_grpc.py:298] - 向客户端 3 提供第5轮全局模型
2025-04-28 16:21:49 - INFO - [server_grpc.py:150] - 客户端 1 检查训练状态，当前next_step=True, count=2
2025-04-28 16:21:49 - INFO - [server_grpc.py:298] - 向客户端 2 提供第5轮全局模型
2025-04-28 16:21:49 - INFO - [server_grpc.py:155] - 客户端 1 获得训练许可，count增加到 3/3
2025-04-28 16:21:49 - INFO - [server_grpc.py:159] - 所有客户端已获得训练许可，重置next_step=False, count=0
2025-04-28 16:21:49 - INFO - [client_grpc.py:238] - 所有客户端已就绪，开始请求全局模型
2025-04-28 16:21:49 - INFO - [server_grpc.py:298] - 向客户端 1 提供第5轮全局模型
2025-04-28 16:21:49 - INFO - [client_grpc.py:249] - 客户端 3 请求第 5 轮的全局模型
2025-04-28 16:21:49 - INFO - [client_grpc.py:253] - 全局模型指标 - 准确率: 0.8195, 精确率: 0.6386, 召回率: 0.4037, F1分数: 0.4946, AUC-ROC: 0.7621
2025-04-28 16:21:49 - INFO - [client_grpc.py:256] - 客户端 3 更新模型参数
2025-04-28 16:21:49 - INFO - [client_grpc.py:217] - 开始第 6 轮训练
2025-04-28 16:21:49 - INFO - [client_grpc.py:249] - 客户端 2 请求第 5 轮的全局模型
2025-04-28 16:21:49 - INFO - [client_grpc.py:253] - 全局模型指标 - 准确率: 0.8195, 精确率: 0.6386, 召回率: 0.4037, F1分数: 0.4946, AUC-ROC: 0.7621
2025-04-28 16:21:49 - INFO - [client_grpc.py:256] - 客户端 2 更新模型参数
2025-04-28 16:21:49 - INFO - [client_grpc.py:217] - 开始第 6 轮训练
2025-04-28 16:21:49 - INFO - [client_grpc.py:249] - 客户端 1 请求第 5 轮的全局模型
2025-04-28 16:21:49 - INFO - [client_grpc.py:253] - 全局模型指标 - 准确率: 0.8195, 精确率: 0.6386, 召回率: 0.4037, F1分数: 0.4946, AUC-ROC: 0.7621
2025-04-28 16:21:49 - INFO - [client_grpc.py:256] - 客户端 1 更新模型参数
2025-04-28 16:21:49 - INFO - [client_grpc.py:217] - 开始第 6 轮训练
2025-04-28 16:21:49 - INFO - [client_grpc.py:117] - 本地训练完成，评估指标: {'accuracy': 0.825625, 'precision': 0.6276150627615062, 'recall': 0.4411764705882353, 'f1': 0.5181347150259067, 'auc_roc': 0.7465779645191409}
2025-04-28 16:21:49 - INFO - [client_grpc.py:117] - 本地训练完成，评估指标: {'accuracy': 0.833125, 'precision': 0.6961325966850829, 'recall': 0.3727810650887574, 'f1': 0.48554913294797686, 'auc_roc': 0.7438437157137633}
2025-04-28 16:21:49 - INFO - [client_grpc.py:117] - 本地训练完成，评估指标: {'accuracy': 0.824375, 'precision': 0.6613756613756614, 'recall': 0.3654970760233918, 'f1': 0.4708097928436912, 'auc_roc': 0.7296181630546955}
2025-04-28 16:21:57 - INFO - [server_grpc.py:238] - 接收到客户端 1 的密文参数更新，轮次: 6
2025-04-28 16:21:57 - INFO - [server_grpc.py:267] - 存储客户端 1 密文参数（未解密），当前轮次 6 已提交 1/3个客户端
2025-04-28 16:21:57 - INFO - [server_grpc.py:238] - 接收到客户端 3 的密文参数更新，轮次: 6
2025-04-28 16:21:57 - INFO - [client_grpc.py:222] - 客户端 1 提交轮次 6 的密文参数更新
2025-04-28 16:21:57 - INFO - [server_grpc.py:267] - 存储客户端 3 密文参数（未解密），当前轮次 6 已提交 2/3个客户端
2025-04-28 16:21:57 - INFO - [server_grpc.py:150] - 客户端 1 检查训练状态，当前next_step=False, count=0
2025-04-28 16:21:57 - INFO - [client_grpc.py:222] - 客户端 3 提交轮次 6 的密文参数更新
2025-04-28 16:21:57 - INFO - [client_grpc.py:234] - 等待其他客户端提交参数 (3/3)
2025-04-28 16:21:57 - INFO - [server_grpc.py:150] - 客户端 3 检查训练状态，当前next_step=False, count=0
2025-04-28 16:21:57 - INFO - [client_grpc.py:234] - 等待其他客户端提交参数 (3/3)
2025-04-28 16:21:57 - INFO - [server_grpc.py:238] - 接收到客户端 2 的密文参数更新，轮次: 6
2025-04-28 16:21:57 - INFO - [server_grpc.py:267] - 存储客户端 2 密文参数（未解密），当前轮次 6 已提交 3/3个客户端
2025-04-28 16:21:57 - INFO - [server_grpc.py:270] - 轮次 6 所有客户端参数已收集完毕，开始聚合
2025-04-28 16:21:57 - INFO - [server_grpc.py:361] - 开始同态加密参数聚合
2025-04-28 16:21:57 - INFO - [server_grpc.py:366] - 同态聚合权重: [0.3333333333333333, 0.3333333333333333, 0.3333333333333333]
2025-04-28 16:21:59 - INFO - [server_grpc.py:369] - 全局模型参数更新完成（同态加密聚合+解密）
2025-04-28 16:21:59 - INFO - [server_grpc.py:372] - 全局模型在轮次 6 的性能: {'accuracy': 0.8198333333333333, 'precision': 0.6397590361445783, 'recall': 0.4044173648134044, 'f1': 0.4955669622025199, 'auc_roc': 0.762322289244237}
2025-04-28 16:21:59 - INFO - [server_grpc.py:376] - 轮次 6 处理完成
2025-04-28 16:21:59 - INFO - [server_grpc.py:150] - 客户端 1 检查训练状态，当前next_step=True, count=0
2025-04-28 16:21:59 - INFO - [server_grpc.py:155] - 客户端 1 获得训练许可，count增加到 1/3
2025-04-28 16:21:59 - INFO - [server_grpc.py:150] - 客户端 3 检查训练状态，当前next_step=True, count=1
2025-04-28 16:21:59 - INFO - [client_grpc.py:222] - 客户端 2 提交轮次 6 的密文参数更新
2025-04-28 16:21:59 - INFO - [server_grpc.py:155] - 客户端 3 获得训练许可，count增加到 2/3
2025-04-28 16:21:59 - INFO - [client_grpc.py:238] - 所有客户端已就绪，开始请求全局模型
2025-04-28 16:21:59 - INFO - [server_grpc.py:150] - 客户端 2 检查训练状态，当前next_step=True, count=2
2025-04-28 16:21:59 - INFO - [server_grpc.py:155] - 客户端 2 获得训练许可，count增加到 3/3
2025-04-28 16:21:59 - INFO - [client_grpc.py:238] - 所有客户端已就绪，开始请求全局模型
2025-04-28 16:21:59 - INFO - [server_grpc.py:159] - 所有客户端已获得训练许可，重置next_step=False, count=0
2025-04-28 16:21:59 - INFO - [server_grpc.py:298] - 向客户端 1 提供第6轮全局模型
2025-04-28 16:21:59 - INFO - [client_grpc.py:238] - 所有客户端已就绪，开始请求全局模型
2025-04-28 16:21:59 - INFO - [server_grpc.py:298] - 向客户端 3 提供第6轮全局模型
2025-04-28 16:21:59 - INFO - [server_grpc.py:298] - 向客户端 2 提供第6轮全局模型
2025-04-28 16:21:59 - INFO - [client_grpc.py:249] - 客户端 1 请求第 6 轮的全局模型
2025-04-28 16:21:59 - INFO - [client_grpc.py:253] - 全局模型指标 - 准确率: 0.8198, 精确率: 0.6398, 召回率: 0.4044, F1分数: 0.4956, AUC-ROC: 0.7623
2025-04-28 16:21:59 - INFO - [client_grpc.py:256] - 客户端 1 更新模型参数
2025-04-28 16:21:59 - INFO - [client_grpc.py:217] - 开始第 7 轮训练
2025-04-28 16:21:59 - INFO - [client_grpc.py:249] - 客户端 3 请求第 6 轮的全局模型
2025-04-28 16:21:59 - INFO - [client_grpc.py:253] - 全局模型指标 - 准确率: 0.8198, 精确率: 0.6398, 召回率: 0.4044, F1分数: 0.4956, AUC-ROC: 0.7623
2025-04-28 16:21:59 - INFO - [client_grpc.py:256] - 客户端 3 更新模型参数
2025-04-28 16:21:59 - INFO - [client_grpc.py:217] - 开始第 7 轮训练
2025-04-28 16:21:59 - INFO - [client_grpc.py:249] - 客户端 2 请求第 6 轮的全局模型
2025-04-28 16:21:59 - INFO - [client_grpc.py:253] - 全局模型指标 - 准确率: 0.8198, 精确率: 0.6398, 召回率: 0.4044, F1分数: 0.4956, AUC-ROC: 0.7623
2025-04-28 16:21:59 - INFO - [client_grpc.py:256] - 客户端 2 更新模型参数
2025-04-28 16:21:59 - INFO - [client_grpc.py:217] - 开始第 7 轮训练
2025-04-28 16:22:00 - INFO - [client_grpc.py:117] - 本地训练完成，评估指标: {'accuracy': 0.8325, 'precision': 0.6944444444444444, 'recall': 0.3698224852071006, 'f1': 0.4826254826254826, 'auc_roc': 0.7445610892825326}
2025-04-28 16:22:00 - INFO - [client_grpc.py:117] - 本地训练完成，评估指标: {'accuracy': 0.823125, 'precision': 0.6577540106951871, 'recall': 0.35964912280701755, 'f1': 0.46502835538752363, 'auc_roc': 0.7294856776280925}
2025-04-28 16:22:00 - INFO - [client_grpc.py:117] - 本地训练完成，评估指标: {'accuracy': 0.825625, 'precision': 0.6276150627615062, 'recall': 0.4411764705882353, 'f1': 0.5181347150259067, 'auc_roc': 0.7464729225023342}
2025-04-28 16:22:07 - INFO - [server_grpc.py:238] - 接收到客户端 3 的密文参数更新，轮次: 7
2025-04-28 16:22:07 - INFO - [server_grpc.py:267] - 存储客户端 3 密文参数（未解密），当前轮次 7 已提交 1/3个客户端
2025-04-28 16:22:07 - INFO - [client_grpc.py:222] - 客户端 3 提交轮次 7 的密文参数更新
2025-04-28 16:22:07 - INFO - [server_grpc.py:150] - 客户端 3 检查训练状态，当前next_step=False, count=0
2025-04-28 16:22:07 - INFO - [client_grpc.py:234] - 等待其他客户端提交参数 (3/3)
2025-04-28 16:22:07 - INFO - [server_grpc.py:150] - 客户端 3 检查训练状态，当前next_step=False, count=0
2025-04-28 16:22:07 - INFO - [client_grpc.py:234] - 等待其他客户端提交参数 (3/3)
2025-04-28 16:22:07 - INFO - [server_grpc.py:238] - 接收到客户端 1 的密文参数更新，轮次: 7
2025-04-28 16:22:07 - INFO - [server_grpc.py:267] - 存储客户端 1 密文参数（未解密），当前轮次 7 已提交 2/3个客户端
2025-04-28 16:22:07 - INFO - [client_grpc.py:222] - 客户端 1 提交轮次 7 的密文参数更新
2025-04-28 16:22:07 - INFO - [server_grpc.py:150] - 客户端 1 检查训练状态，当前next_step=False, count=0
2025-04-28 16:22:07 - INFO - [client_grpc.py:234] - 等待其他客户端提交参数 (3/3)
2025-04-28 16:22:07 - INFO - [server_grpc.py:238] - 接收到客户端 2 的密文参数更新，轮次: 7
2025-04-28 16:22:07 - INFO - [server_grpc.py:267] - 存储客户端 2 密文参数（未解密），当前轮次 7 已提交 3/3个客户端
2025-04-28 16:22:07 - INFO - [server_grpc.py:270] - 轮次 7 所有客户端参数已收集完毕，开始聚合
2025-04-28 16:22:07 - INFO - [server_grpc.py:361] - 开始同态加密参数聚合
2025-04-28 16:22:07 - INFO - [server_grpc.py:366] - 同态聚合权重: [0.3333333333333333, 0.3333333333333333, 0.3333333333333333]
2025-04-28 16:22:10 - INFO - [server_grpc.py:369] - 全局模型参数更新完成（同态加密聚合+解密）
2025-04-28 16:22:10 - INFO - [server_grpc.py:372] - 全局模型在轮次 7 的性能: {'accuracy': 0.8196666666666667, 'precision': 0.6393244873341375, 'recall': 0.4036557501904037, 'f1': 0.4948646125116713, 'auc_roc': 0.7623588506460238}
2025-04-28 16:22:10 - INFO - [server_grpc.py:376] - 轮次 7 处理完成
2025-04-28 16:22:10 - INFO - [server_grpc.py:150] - 客户端 3 检查训练状态，当前next_step=True, count=0
2025-04-28 16:22:10 - INFO - [server_grpc.py:155] - 客户端 3 获得训练许可，count增加到 1/3
2025-04-28 16:22:10 - INFO - [client_grpc.py:222] - 客户端 2 提交轮次 7 的密文参数更新
2025-04-28 16:22:10 - INFO - [server_grpc.py:150] - 客户端 1 检查训练状态，当前next_step=True, count=1
2025-04-28 16:22:10 - INFO - [client_grpc.py:238] - 所有客户端已就绪，开始请求全局模型
2025-04-28 16:22:10 - INFO - [server_grpc.py:155] - 客户端 1 获得训练许可，count增加到 2/3
2025-04-28 16:22:10 - INFO - [client_grpc.py:238] - 所有客户端已就绪，开始请求全局模型
2025-04-28 16:22:10 - INFO - [server_grpc.py:298] - 向客户端 3 提供第7轮全局模型
2025-04-28 16:22:10 - INFO - [server_grpc.py:150] - 客户端 2 检查训练状态，当前next_step=True, count=2
2025-04-28 16:22:10 - INFO - [server_grpc.py:298] - 向客户端 1 提供第7轮全局模型
2025-04-28 16:22:10 - INFO - [server_grpc.py:155] - 客户端 2 获得训练许可，count增加到 3/3
2025-04-28 16:22:10 - INFO - [server_grpc.py:159] - 所有客户端已获得训练许可，重置next_step=False, count=0
2025-04-28 16:22:10 - INFO - [client_grpc.py:238] - 所有客户端已就绪，开始请求全局模型
2025-04-28 16:22:10 - INFO - [server_grpc.py:298] - 向客户端 2 提供第7轮全局模型
2025-04-28 16:22:10 - INFO - [client_grpc.py:249] - 客户端 1 请求第 7 轮的全局模型
2025-04-28 16:22:10 - INFO - [client_grpc.py:253] - 全局模型指标 - 准确率: 0.8197, 精确率: 0.6393, 召回率: 0.4037, F1分数: 0.4949, AUC-ROC: 0.7624
2025-04-28 16:22:10 - INFO - [client_grpc.py:256] - 客户端 1 更新模型参数
2025-04-28 16:22:10 - INFO - [client_grpc.py:217] - 开始第 8 轮训练
2025-04-28 16:22:10 - INFO - [client_grpc.py:249] - 客户端 3 请求第 7 轮的全局模型
2025-04-28 16:22:10 - INFO - [client_grpc.py:253] - 全局模型指标 - 准确率: 0.8197, 精确率: 0.6393, 召回率: 0.4037, F1分数: 0.4949, AUC-ROC: 0.7624
2025-04-28 16:22:10 - INFO - [client_grpc.py:256] - 客户端 3 更新模型参数
2025-04-28 16:22:10 - INFO - [client_grpc.py:217] - 开始第 8 轮训练
2025-04-28 16:22:10 - INFO - [client_grpc.py:249] - 客户端 2 请求第 7 轮的全局模型
2025-04-28 16:22:10 - INFO - [client_grpc.py:253] - 全局模型指标 - 准确率: 0.8197, 精确率: 0.6393, 召回率: 0.4037, F1分数: 0.4949, AUC-ROC: 0.7624
2025-04-28 16:22:10 - INFO - [client_grpc.py:256] - 客户端 2 更新模型参数
2025-04-28 16:22:10 - INFO - [client_grpc.py:217] - 开始第 8 轮训练
2025-04-28 16:22:10 - INFO - [client_grpc.py:117] - 本地训练完成，评估指标: {'accuracy': 0.825625, 'precision': 0.6286919831223629, 'recall': 0.43823529411764706, 'f1': 0.5164644714038128, 'auc_roc': 0.746048085901027}
2025-04-28 16:22:10 - INFO - [client_grpc.py:117] - 本地训练完成，评估指标: {'accuracy': 0.8325, 'precision': 0.6944444444444444, 'recall': 0.3698224852071006, 'f1': 0.4826254826254826, 'auc_roc': 0.7449408752895281}
2025-04-28 16:22:10 - INFO - [client_grpc.py:117] - 本地训练完成，评估指标: {'accuracy': 0.824375, 'precision': 0.6613756613756614, 'recall': 0.3654970760233918, 'f1': 0.4708097928436912, 'auc_roc': 0.7296344331948047}
2025-04-28 16:22:17 - INFO - [server_grpc.py:238] - 接收到客户端 2 的密文参数更新，轮次: 8
2025-04-28 16:22:17 - INFO - [server_grpc.py:267] - 存储客户端 2 密文参数（未解密），当前轮次 8 已提交 1/3个客户端
2025-04-28 16:22:17 - INFO - [client_grpc.py:222] - 客户端 2 提交轮次 8 的密文参数更新
2025-04-28 16:22:17 - INFO - [server_grpc.py:150] - 客户端 2 检查训练状态，当前next_step=False, count=0
2025-04-28 16:22:17 - INFO - [client_grpc.py:234] - 等待其他客户端提交参数 (3/3)
2025-04-28 16:22:17 - INFO - [server_grpc.py:150] - 客户端 2 检查训练状态，当前next_step=False, count=0
2025-04-28 16:22:17 - INFO - [client_grpc.py:234] - 等待其他客户端提交参数 (3/3)
2025-04-28 16:22:17 - INFO - [server_grpc.py:238] - 接收到客户端 1 的密文参数更新，轮次: 8
2025-04-28 16:22:17 - INFO - [server_grpc.py:267] - 存储客户端 1 密文参数（未解密），当前轮次 8 已提交 2/3个客户端
2025-04-28 16:22:17 - INFO - [client_grpc.py:222] - 客户端 1 提交轮次 8 的密文参数更新
2025-04-28 16:22:17 - INFO - [server_grpc.py:238] - 接收到客户端 3 的密文参数更新，轮次: 8
2025-04-28 16:22:17 - INFO - [server_grpc.py:267] - 存储客户端 3 密文参数（未解密），当前轮次 8 已提交 3/3个客户端
2025-04-28 16:22:17 - INFO - [server_grpc.py:270] - 轮次 8 所有客户端参数已收集完毕，开始聚合
2025-04-28 16:22:17 - INFO - [server_grpc.py:361] - 开始同态加密参数聚合
2025-04-28 16:22:17 - INFO - [server_grpc.py:366] - 同态聚合权重: [0.3333333333333333, 0.3333333333333333, 0.3333333333333333]
2025-04-28 16:22:20 - INFO - [server_grpc.py:369] - 全局模型参数更新完成（同态加密聚合+解密）
2025-04-28 16:22:20 - INFO - [server_grpc.py:372] - 全局模型在轮次 8 的性能: {'accuracy': 0.8196666666666667, 'precision': 0.6393244873341375, 'recall': 0.4036557501904037, 'f1': 0.4948646125116713, 'auc_roc': 0.7622330794238767}
2025-04-28 16:22:20 - INFO - [server_grpc.py:376] - 轮次 8 处理完成
2025-04-28 16:22:20 - INFO - [server_grpc.py:150] - 客户端 1 检查训练状态，当前next_step=True, count=0
2025-04-28 16:22:20 - INFO - [client_grpc.py:222] - 客户端 3 提交轮次 8 的密文参数更新
2025-04-28 16:22:20 - INFO - [server_grpc.py:155] - 客户端 1 获得训练许可，count增加到 1/3
2025-04-28 16:22:20 - INFO - [server_grpc.py:150] - 客户端 2 检查训练状态，当前next_step=True, count=1
2025-04-28 16:22:20 - INFO - [client_grpc.py:238] - 所有客户端已就绪，开始请求全局模型
2025-04-28 16:22:20 - INFO - [server_grpc.py:155] - 客户端 2 获得训练许可，count增加到 2/3
2025-04-28 16:22:20 - INFO - [server_grpc.py:150] - 客户端 3 检查训练状态，当前next_step=True, count=2
2025-04-28 16:22:20 - INFO - [client_grpc.py:238] - 所有客户端已就绪，开始请求全局模型
2025-04-28 16:22:20 - INFO - [server_grpc.py:155] - 客户端 3 获得训练许可，count增加到 3/3
2025-04-28 16:22:20 - INFO - [server_grpc.py:159] - 所有客户端已获得训练许可，重置next_step=False, count=0
2025-04-28 16:22:20 - INFO - [server_grpc.py:298] - 向客户端 1 提供第8轮全局模型
2025-04-28 16:22:20 - INFO - [client_grpc.py:238] - 所有客户端已就绪，开始请求全局模型
2025-04-28 16:22:20 - INFO - [server_grpc.py:298] - 向客户端 2 提供第8轮全局模型
2025-04-28 16:22:20 - INFO - [server_grpc.py:298] - 向客户端 3 提供第8轮全局模型
2025-04-28 16:22:20 - INFO - [client_grpc.py:249] - 客户端 1 请求第 8 轮的全局模型
2025-04-28 16:22:20 - INFO - [client_grpc.py:253] - 全局模型指标 - 准确率: 0.8197, 精确率: 0.6393, 召回率: 0.4037, F1分数: 0.4949, AUC-ROC: 0.7622
2025-04-28 16:22:20 - INFO - [client_grpc.py:256] - 客户端 1 更新模型参数
2025-04-28 16:22:20 - INFO - [client_grpc.py:217] - 开始第 9 轮训练
2025-04-28 16:22:20 - INFO - [client_grpc.py:249] - 客户端 3 请求第 8 轮的全局模型
2025-04-28 16:22:20 - INFO - [client_grpc.py:253] - 全局模型指标 - 准确率: 0.8197, 精确率: 0.6393, 召回率: 0.4037, F1分数: 0.4949, AUC-ROC: 0.7622
2025-04-28 16:22:20 - INFO - [client_grpc.py:256] - 客户端 3 更新模型参数
2025-04-28 16:22:20 - INFO - [client_grpc.py:217] - 开始第 9 轮训练
2025-04-28 16:22:20 - INFO - [client_grpc.py:249] - 客户端 2 请求第 8 轮的全局模型
2025-04-28 16:22:20 - INFO - [client_grpc.py:253] - 全局模型指标 - 准确率: 0.8197, 精确率: 0.6393, 召回率: 0.4037, F1分数: 0.4949, AUC-ROC: 0.7622
2025-04-28 16:22:20 - INFO - [client_grpc.py:256] - 客户端 2 更新模型参数
2025-04-28 16:22:20 - INFO - [client_grpc.py:217] - 开始第 9 轮训练
2025-04-28 16:22:20 - INFO - [client_grpc.py:117] - 本地训练完成，评估指标: {'accuracy': 0.825625, 'precision': 0.6286919831223629, 'recall': 0.43823529411764706, 'f1': 0.5164644714038128, 'auc_roc': 0.7462815126050419}
2025-04-28 16:22:20 - INFO - [client_grpc.py:117] - 本地训练完成，评估指标: {'accuracy': 0.824375, 'precision': 0.6613756613756614, 'recall': 0.3654970760233918, 'f1': 0.4708097928436912, 'auc_roc': 0.7293020574754321}
2025-04-28 16:22:20 - INFO - [client_grpc.py:117] - 本地训练完成，评估指标: {'accuracy': 0.8325, 'precision': 0.6944444444444444, 'recall': 0.3698224852071006, 'f1': 0.4826254826254826, 'auc_roc': 0.7444227721565281}
2025-04-28 16:22:28 - INFO - [server_grpc.py:238] - 接收到客户端 3 的密文参数更新，轮次: 9
2025-04-28 16:22:28 - INFO - [server_grpc.py:267] - 存储客户端 3 密文参数（未解密），当前轮次 9 已提交 1/3个客户端
2025-04-28 16:22:28 - INFO - [client_grpc.py:222] - 客户端 3 提交轮次 9 的密文参数更新
2025-04-28 16:22:28 - INFO - [server_grpc.py:150] - 客户端 3 检查训练状态，当前next_step=False, count=0
2025-04-28 16:22:28 - INFO - [client_grpc.py:234] - 等待其他客户端提交参数 (3/3)
2025-04-28 16:22:28 - INFO - [server_grpc.py:150] - 客户端 3 检查训练状态，当前next_step=False, count=0
2025-04-28 16:22:28 - INFO - [client_grpc.py:234] - 等待其他客户端提交参数 (3/3)
2025-04-28 16:22:28 - INFO - [server_grpc.py:150] - 客户端 3 检查训练状态，当前next_step=False, count=0
2025-04-28 16:22:28 - INFO - [client_grpc.py:234] - 等待其他客户端提交参数 (3/3)
2025-04-28 16:22:28 - INFO - [server_grpc.py:238] - 接收到客户端 2 的密文参数更新，轮次: 9
2025-04-28 16:22:28 - INFO - [server_grpc.py:267] - 存储客户端 2 密文参数（未解密），当前轮次 9 已提交 2/3个客户端
2025-04-28 16:22:28 - INFO - [client_grpc.py:222] - 客户端 2 提交轮次 9 的密文参数更新
2025-04-28 16:22:28 - INFO - [server_grpc.py:150] - 客户端 2 检查训练状态，当前next_step=False, count=0
2025-04-28 16:22:28 - INFO - [client_grpc.py:234] - 等待其他客户端提交参数 (3/3)
2025-04-28 16:22:28 - INFO - [server_grpc.py:150] - 客户端 3 检查训练状态，当前next_step=False, count=0
2025-04-28 16:22:28 - INFO - [client_grpc.py:234] - 等待其他客户端提交参数 (3/3)
2025-04-28 16:22:28 - INFO - [server_grpc.py:238] - 接收到客户端 1 的密文参数更新，轮次: 9
2025-04-28 16:22:28 - INFO - [server_grpc.py:267] - 存储客户端 1 密文参数（未解密），当前轮次 9 已提交 3/3个客户端
2025-04-28 16:22:28 - INFO - [server_grpc.py:270] - 轮次 9 所有客户端参数已收集完毕，开始聚合
2025-04-28 16:22:28 - INFO - [server_grpc.py:361] - 开始同态加密参数聚合
2025-04-28 16:22:28 - INFO - [server_grpc.py:366] - 同态聚合权重: [0.3333333333333333, 0.3333333333333333, 0.3333333333333333]
2025-04-28 16:22:30 - INFO - [server_grpc.py:369] - 全局模型参数更新完成（同态加密聚合+解密）
2025-04-28 16:22:30 - INFO - [server_grpc.py:372] - 全局模型在轮次 9 的性能: {'accuracy': 0.8198333333333333, 'precision': 0.6397590361445783, 'recall': 0.4044173648134044, 'f1': 0.4955669622025199, 'auc_roc': 0.7622850778619737}
2025-04-28 16:22:31 - INFO - [server_grpc.py:376] - 轮次 9 处理完成
2025-04-28 16:22:31 - INFO - [client_grpc.py:222] - 客户端 1 提交轮次 9 的密文参数更新
2025-04-28 16:22:31 - INFO - [server_grpc.py:150] - 客户端 2 检查训练状态，当前next_step=True, count=0
2025-04-28 16:22:31 - INFO - [server_grpc.py:155] - 客户端 2 获得训练许可，count增加到 1/3
2025-04-28 16:22:31 - INFO - [server_grpc.py:150] - 客户端 3 检查训练状态，当前next_step=True, count=1
2025-04-28 16:22:31 - INFO - [server_grpc.py:155] - 客户端 3 获得训练许可，count增加到 2/3
2025-04-28 16:22:31 - INFO - [server_grpc.py:150] - 客户端 1 检查训练状态，当前next_step=True, count=2
2025-04-28 16:22:31 - INFO - [client_grpc.py:238] - 所有客户端已就绪，开始请求全局模型
2025-04-28 16:22:31 - INFO - [client_grpc.py:238] - 所有客户端已就绪，开始请求全局模型
2025-04-28 16:22:31 - INFO - [server_grpc.py:155] - 客户端 1 获得训练许可，count增加到 3/3
2025-04-28 16:22:31 - INFO - [server_grpc.py:159] - 所有客户端已获得训练许可，重置next_step=False, count=0
2025-04-28 16:22:31 - INFO - [client_grpc.py:238] - 所有客户端已就绪，开始请求全局模型
2025-04-28 16:22:31 - INFO - [server_grpc.py:298] - 向客户端 2 提供第9轮全局模型
2025-04-28 16:22:31 - INFO - [server_grpc.py:298] - 向客户端 3 提供第9轮全局模型
2025-04-28 16:22:31 - INFO - [server_grpc.py:298] - 向客户端 1 提供第9轮全局模型
2025-04-28 16:22:31 - INFO - [client_grpc.py:249] - 客户端 3 请求第 9 轮的全局模型
2025-04-28 16:22:31 - INFO - [client_grpc.py:253] - 全局模型指标 - 准确率: 0.8198, 精确率: 0.6398, 召回率: 0.4044, F1分数: 0.4956, AUC-ROC: 0.7623
2025-04-28 16:22:31 - INFO - [client_grpc.py:256] - 客户端 3 更新模型参数
2025-04-28 16:22:31 - INFO - [client_grpc.py:217] - 开始第 10 轮训练
2025-04-28 16:22:31 - INFO - [client_grpc.py:249] - 客户端 1 请求第 9 轮的全局模型
2025-04-28 16:22:31 - INFO - [client_grpc.py:253] - 全局模型指标 - 准确率: 0.8198, 精确率: 0.6398, 召回率: 0.4044, F1分数: 0.4956, AUC-ROC: 0.7623
2025-04-28 16:22:31 - INFO - [client_grpc.py:249] - 客户端 2 请求第 9 轮的全局模型
2025-04-28 16:22:31 - INFO - [client_grpc.py:256] - 客户端 1 更新模型参数
2025-04-28 16:22:31 - INFO - [client_grpc.py:253] - 全局模型指标 - 准确率: 0.8198, 精确率: 0.6398, 召回率: 0.4044, F1分数: 0.4956, AUC-ROC: 0.7623
2025-04-28 16:22:31 - INFO - [client_grpc.py:217] - 开始第 10 轮训练
2025-04-28 16:22:31 - INFO - [client_grpc.py:256] - 客户端 2 更新模型参数
2025-04-28 16:22:31 - INFO - [client_grpc.py:217] - 开始第 10 轮训练
2025-04-28 16:22:31 - INFO - [client_grpc.py:117] - 本地训练完成，评估指标: {'accuracy': 0.82625, 'precision': 0.6302521008403361, 'recall': 0.4411764705882353, 'f1': 0.5190311418685122, 'auc_roc': 0.7463982259570494}
2025-04-28 16:22:31 - INFO - [client_grpc.py:117] - 本地训练完成，评估指标: {'accuracy': 0.825, 'precision': 0.6631578947368421, 'recall': 0.3684210526315789, 'f1': 0.4736842105263158, 'auc_roc': 0.7294066512332766}
2025-04-28 16:22:31 - INFO - [client_grpc.py:117] - 本地训练完成，评估指标: {'accuracy': 0.831875, 'precision': 0.6927374301675978, 'recall': 0.3668639053254438, 'f1': 0.4796905222437137, 'auc_roc': 0.7446454861729762}
2025-04-28 16:22:38 - INFO - [server_grpc.py:238] - 接收到客户端 2 的密文参数更新，轮次: 10
2025-04-28 16:22:38 - INFO - [server_grpc.py:267] - 存储客户端 2 密文参数（未解密），当前轮次 10 已提交 1/3个客户端
2025-04-28 16:22:38 - INFO - [client_grpc.py:222] - 客户端 2 提交轮次 10 的密文参数更新
2025-04-28 16:22:38 - INFO - [server_grpc.py:150] - 客户端 2 检查训练状态，当前next_step=False, count=0
2025-04-28 16:22:38 - INFO - [client_grpc.py:234] - 等待其他客户端提交参数 (3/3)
2025-04-28 16:22:38 - INFO - [server_grpc.py:150] - 客户端 2 检查训练状态，当前next_step=False, count=0
2025-04-28 16:22:38 - INFO - [client_grpc.py:234] - 等待其他客户端提交参数 (3/3)
2025-04-28 16:22:38 - INFO - [server_grpc.py:238] - 接收到客户端 1 的密文参数更新，轮次: 10
2025-04-28 16:22:38 - INFO - [server_grpc.py:267] - 存储客户端 1 密文参数（未解密），当前轮次 10 已提交 2/3个客户端
2025-04-28 16:22:38 - INFO - [client_grpc.py:222] - 客户端 1 提交轮次 10 的密文参数更新
2025-04-28 16:22:38 - INFO - [server_grpc.py:150] - 客户端 1 检查训练状态，当前next_step=False, count=0
2025-04-28 16:22:38 - INFO - [client_grpc.py:234] - 等待其他客户端提交参数 (3/3)
2025-04-28 16:22:38 - INFO - [server_grpc.py:150] - 客户端 2 检查训练状态，当前next_step=False, count=0
2025-04-28 16:22:38 - INFO - [client_grpc.py:234] - 等待其他客户端提交参数 (3/3)
2025-04-28 16:22:38 - INFO - [server_grpc.py:150] - 客户端 1 检查训练状态，当前next_step=False, count=0
2025-04-28 16:22:38 - INFO - [client_grpc.py:234] - 等待其他客户端提交参数 (3/3)
2025-04-28 16:22:38 - INFO - [server_grpc.py:150] - 客户端 2 检查训练状态，当前next_step=False, count=0
2025-04-28 16:22:38 - INFO - [client_grpc.py:234] - 等待其他客户端提交参数 (3/3)
2025-04-28 16:22:38 - INFO - [server_grpc.py:238] - 接收到客户端 3 的密文参数更新，轮次: 10
2025-04-28 16:22:38 - INFO - [server_grpc.py:267] - 存储客户端 3 密文参数（未解密），当前轮次 10 已提交 3/3个客户端
2025-04-28 16:22:38 - INFO - [server_grpc.py:270] - 轮次 10 所有客户端参数已收集完毕，开始聚合
2025-04-28 16:22:38 - INFO - [server_grpc.py:361] - 开始同态加密参数聚合
2025-04-28 16:22:38 - INFO - [server_grpc.py:366] - 同态聚合权重: [0.3333333333333333, 0.3333333333333333, 0.3333333333333333]
2025-04-28 16:22:41 - INFO - [server_grpc.py:369] - 全局模型参数更新完成（同态加密聚合+解密）
2025-04-28 16:22:41 - INFO - [server_grpc.py:372] - 全局模型在轮次 10 的性能: {'accuracy': 0.8196666666666667, 'precision': 0.6393244873341375, 'recall': 0.4036557501904037, 'f1': 0.4948646125116713, 'auc_roc': 0.7623500759095949}
2025-04-28 16:22:41 - INFO - [server_grpc.py:376] - 轮次 10 处理完成
2025-04-28 16:22:41 - INFO - [server_grpc.py:275] - 达到最大轮次 10，结束训练
2025-04-28 16:22:41 - INFO - [server_grpc.py:150] - 客户端 1 检查训练状态，当前next_step=True, count=0
2025-04-28 16:22:41 - INFO - [client_grpc.py:222] - 客户端 3 提交轮次 10 的密文参数更新
2025-04-28 16:22:41 - INFO - [server_grpc.py:155] - 客户端 1 获得训练许可，count增加到 1/3
2025-04-28 16:22:41 - INFO - [server_grpc.py:150] - 客户端 2 检查训练状态，当前next_step=True, count=1
2025-04-28 16:22:41 - INFO - [client_grpc.py:238] - 所有客户端已就绪，开始请求全局模型
2025-04-28 16:22:41 - INFO - [server_grpc.py:155] - 客户端 2 获得训练许可，count增加到 2/3
2025-04-28 16:22:41 - INFO - [server_grpc.py:150] - 客户端 3 检查训练状态，当前next_step=True, count=2
2025-04-28 16:22:41 - INFO - [client_grpc.py:238] - 所有客户端已就绪，开始请求全局模型
2025-04-28 16:22:41 - INFO - [server_grpc.py:155] - 客户端 3 获得训练许可，count增加到 3/3
2025-04-28 16:22:41 - INFO - [server_grpc.py:159] - 所有客户端已获得训练许可，重置next_step=False, count=0
2025-04-28 16:22:41 - INFO - [client_grpc.py:238] - 所有客户端已就绪，开始请求全局模型
2025-04-28 16:22:41 - INFO - [server_grpc.py:298] - 向客户端 1 提供第10轮全局模型
2025-04-28 16:22:41 - INFO - [server_grpc.py:298] - 向客户端 2 提供第10轮全局模型
2025-04-28 16:22:41 - INFO - [server_grpc.py:298] - 向客户端 3 提供第10轮全局模型
2025-04-28 16:22:41 - INFO - [client_grpc.py:249] - 客户端 3 请求第 10 轮的全局模型
2025-04-28 16:22:41 - INFO - [client_grpc.py:253] - 全局模型指标 - 准确率: 0.8197, 精确率: 0.6393, 召回率: 0.4037, F1分数: 0.4949, AUC-ROC: 0.7624
2025-04-28 16:22:41 - INFO - [client_grpc.py:256] - 客户端 3 更新模型参数
2025-04-28 16:22:41 - INFO - [client_grpc.py:258] - 客户端 3 完成训练
2025-04-28 16:22:41 - INFO - [client_grpc.py:265] - 已关闭gRPC通道
2025-04-28 16:22:41 - INFO - [client_grpc.py:249] - 客户端 2 请求第 10 轮的全局模型
2025-04-28 16:22:41 - INFO - [client_grpc.py:253] - 全局模型指标 - 准确率: 0.8197, 精确率: 0.6393, 召回率: 0.4037, F1分数: 0.4949, AUC-ROC: 0.7624
2025-04-28 16:22:41 - INFO - [client_grpc.py:256] - 客户端 2 更新模型参数
2025-04-28 16:22:41 - INFO - [client_grpc.py:258] - 客户端 2 完成训练
2025-04-28 16:22:41 - INFO - [client_grpc.py:265] - 已关闭gRPC通道
2025-04-28 16:22:41 - INFO - [client_grpc.py:249] - 客户端 1 请求第 10 轮的全局模型
2025-04-28 16:22:41 - INFO - [client_grpc.py:253] - 全局模型指标 - 准确率: 0.8197, 精确率: 0.6393, 召回率: 0.4037, F1分数: 0.4949, AUC-ROC: 0.7624
2025-04-28 16:22:41 - INFO - [client_grpc.py:256] - 客户端 1 更新模型参数
2025-04-28 16:22:41 - INFO - [client_grpc.py:258] - 客户端 1 完成训练
2025-04-28 16:22:41 - INFO - [client_grpc.py:265] - 已关闭gRPC通道
