2025-04-28 15:02:18 - INFO - [logging_config.py:55] - 日志文件已创建: logs/20250428_150218.log
2025-04-28 15:02:18 - INFO - [logging_config.py:55] - 日志文件已创建: logs/20250428_150218.log
2025-04-28 15:02:18 - INFO - [logging_config.py:55] - 日志文件已创建: logs/20250428_150218.log
2025-04-28 15:02:18 - INFO - [logging_config.py:55] - 日志文件已创建: logs/20250428_150218.log
2025-04-28 15:02:18 - INFO - [parameter_handler.py:33] - 服务器已加载私钥
2025-04-28 15:02:18 - INFO - [server_grpc.py:67] - 服务器初始化完成，等待 3 个客户端注册，计划训练 10 轮
2025-04-28 15:02:18 - INFO - [server_grpc.py:316] - 联邦学习安全服务器正在启动，监听端口: 50051
2025-04-28 15:02:18 - INFO - [client_grpc.py:264] - 成功加载客户端数据: /app/data/credit_card_train_normalized.csv, 形状: X=(8000, 26), y=(8000,)
2025-04-28 15:02:18 - INFO - [client_grpc.py:264] - 成功加载客户端数据: /app/data/credit_card_train_normalized.csv, 形状: X=(8000, 26), y=(8000,)
2025-04-28 15:02:18 - INFO - [client_grpc.py:264] - 成功加载客户端数据: /app/data/credit_card_train_normalized.csv, 形状: X=(8000, 26), y=(8000,)
2025-04-28 15:02:18 - DEBUG - [client_grpc.py:84] - 数据集划分完成 - 训练集: (6400, 26), 测试集: (1600, 26)
2025-04-28 15:02:18 - DEBUG - [client_grpc.py:84] - 数据集划分完成 - 训练集: (6400, 26), 测试集: (1600, 26)
2025-04-28 15:02:18 - DEBUG - [client_grpc.py:84] - 数据集划分完成 - 训练集: (6400, 26), 测试集: (1600, 26)
2025-04-28 15:02:18 - INFO - [client_grpc.py:91] - 数据初始化完成，训练数据大小: 6400
2025-04-28 15:02:18 - INFO - [client_grpc.py:91] - 数据初始化完成，训练数据大小: 6400
2025-04-28 15:02:18 - INFO - [client_grpc.py:91] - 数据初始化完成，训练数据大小: 6400
2025-04-28 15:02:18 - INFO - [parameter_handler.py:38] - 客户端已加载公钥
2025-04-28 15:02:18 - INFO - [parameter_handler.py:38] - 客户端已加载公钥
2025-04-28 15:02:18 - INFO - [parameter_handler.py:38] - 客户端已加载公钥
2025-04-28 15:02:18 - INFO - [client_grpc.py:53] - 使用安全通道(SSL/TLS)连接服务器
2025-04-28 15:02:18 - INFO - [client_grpc.py:53] - 使用安全通道(SSL/TLS)连接服务器
2025-04-28 15:02:18 - INFO - [client_grpc.py:53] - 使用安全通道(SSL/TLS)连接服务器
2025-04-28 15:02:18 - INFO - [client_grpc.py:74] - 客户端 1 初始化完成，数据集大小: 6400
2025-04-28 15:02:18 - INFO - [client_grpc.py:74] - 客户端 2 初始化完成，数据集大小: 6400
2025-04-28 15:02:18 - INFO - [client_grpc.py:74] - 客户端 3 初始化完成，数据集大小: 6400
2025-04-28 15:02:18 - INFO - [server_grpc.py:115] - 接收到客户端 2 的注册请求
2025-04-28 15:02:18 - INFO - [server_grpc.py:115] - 接收到客户端 3 的注册请求
2025-04-28 15:02:18 - DEBUG - [parameter_handler.py:50] - [serialize_plain_parameters] key=coef, original type=<class 'numpy.ndarray'>, value=[[0. 0. 0. 0. 0. 0. 0. 0. 0. 0. 0. 0. 0. 0. 0. 0. 0. 0. 0. 0. 0. 0. 0. 0.
  0. 0.]]
2025-04-28 15:02:18 - DEBUG - [parameter_handler.py:50] - [serialize_plain_parameters] key=coef, original type=<class 'numpy.ndarray'>, value=[[0. 0. 0. 0. 0. 0. 0. 0. 0. 0. 0. 0. 0. 0. 0. 0. 0. 0. 0. 0. 0. 0. 0. 0.
  0. 0.]]
2025-04-28 15:02:18 - DEBUG - [parameter_handler.py:54] - [serialize_plain_parameters] key=coef, after np.array: type=<class 'numpy.ndarray'>, dtype=float64, shape=(1, 26), value=[[0. 0. 0. 0. 0. 0. 0. 0. 0. 0. 0. 0. 0. 0. 0. 0. 0. 0. 0. 0. 0. 0. 0. 0.
  0. 0.]]
2025-04-28 15:02:18 - DEBUG - [parameter_handler.py:54] - [serialize_plain_parameters] key=coef, after np.array: type=<class 'numpy.ndarray'>, dtype=float64, shape=(1, 26), value=[[0. 0. 0. 0. 0. 0. 0. 0. 0. 0. 0. 0. 0. 0. 0. 0. 0. 0. 0. 0. 0. 0. 0. 0.
  0. 0.]]
2025-04-28 15:02:18 - INFO - [server_grpc.py:115] - 接收到客户端 1 的注册请求
2025-04-28 15:02:18 - DEBUG - [parameter_handler.py:50] - [serialize_plain_parameters] key=intercept, original type=<class 'numpy.ndarray'>, value=[0.00015712]
2025-04-28 15:02:18 - DEBUG - [parameter_handler.py:50] - [serialize_plain_parameters] key=intercept, original type=<class 'numpy.ndarray'>, value=[0.00015712]
2025-04-28 15:02:18 - DEBUG - [parameter_handler.py:50] - [serialize_plain_parameters] key=coef, original type=<class 'numpy.ndarray'>, value=[[0. 0. 0. 0. 0. 0. 0. 0. 0. 0. 0. 0. 0. 0. 0. 0. 0. 0. 0. 0. 0. 0. 0. 0.
  0. 0.]]
2025-04-28 15:02:18 - DEBUG - [parameter_handler.py:54] - [serialize_plain_parameters] key=intercept, after np.array: type=<class 'numpy.ndarray'>, dtype=float64, shape=(1,), value=[0.00015712]
2025-04-28 15:02:18 - DEBUG - [parameter_handler.py:54] - [serialize_plain_parameters] key=intercept, after np.array: type=<class 'numpy.ndarray'>, dtype=float64, shape=(1,), value=[0.00015712]
2025-04-28 15:02:18 - DEBUG - [parameter_handler.py:54] - [serialize_plain_parameters] key=coef, after np.array: type=<class 'numpy.ndarray'>, dtype=float64, shape=(1, 26), value=[[0. 0. 0. 0. 0. 0. 0. 0. 0. 0. 0. 0. 0. 0. 0. 0. 0. 0. 0. 0. 0. 0. 0. 0.
  0. 0.]]
2025-04-28 15:02:18 - INFO - [server_grpc.py:126] - 客户端 2 注册成功，当前 1/3 个客户端
2025-04-28 15:02:18 - INFO - [server_grpc.py:126] - 客户端 3 注册成功，当前 2/3 个客户端
2025-04-28 15:02:18 - DEBUG - [parameter_handler.py:50] - [serialize_plain_parameters] key=intercept, original type=<class 'numpy.ndarray'>, value=[0.00015712]
2025-04-28 15:02:18 - DEBUG - [parameter_handler.py:54] - [serialize_plain_parameters] key=intercept, after np.array: type=<class 'numpy.ndarray'>, dtype=float64, shape=(1,), value=[0.00015712]
2025-04-28 15:02:18 - DEBUG - [client_grpc.py:114] - [client] _deserialize_parameters input: {'coef': data: "\000\000\000\000\000\000\000\000\000\000\000\000\000\000\000\000\000\000\000\000\000\000\000\000\000\000\000\000\000\000\000\000\000\000\000\000\000\000\000\000\000\000\000\000\000\000\000\000\000\000\000\000\000\000\000\000\000\000\000\000\000\000\000\000\000\000\000\000\000\000\000\000\000\000\000\000\000\000\000\000\000\000\000\000\000\000\000\000\000\000\000\000\000\000\000\000\000\000\000\000\000\000\000\000\000\000\000\000\000\000\000\000\000\000\000\000\000\000\000\000\000\000\000\000\000\000\000\000\000\000\000\000\000\000\000\000\000\000\000\000\000\000\000\000\000\000\000\000\000\000\000\000\000\000\000\000\000\000\000\000\000\000\000\000\000\000\000\000\000\000\000\000\000\000\000\000\000\000\000\000\000\000\000\000\000\000\000\000\000\000\000\000\000\000\000\000\000\000\000\000\000\000\000\000\000\000\000\000"
shape: 1
shape: 26
dtype: "float64"
, 'intercept': data: "2V\261\321!\230$?"
shape: 1
dtype: "float64"
}
2025-04-28 15:02:18 - DEBUG - [client_grpc.py:114] - [client] _deserialize_parameters input: {'coef': data: "\000\000\000\000\000\000\000\000\000\000\000\000\000\000\000\000\000\000\000\000\000\000\000\000\000\000\000\000\000\000\000\000\000\000\000\000\000\000\000\000\000\000\000\000\000\000\000\000\000\000\000\000\000\000\000\000\000\000\000\000\000\000\000\000\000\000\000\000\000\000\000\000\000\000\000\000\000\000\000\000\000\000\000\000\000\000\000\000\000\000\000\000\000\000\000\000\000\000\000\000\000\000\000\000\000\000\000\000\000\000\000\000\000\000\000\000\000\000\000\000\000\000\000\000\000\000\000\000\000\000\000\000\000\000\000\000\000\000\000\000\000\000\000\000\000\000\000\000\000\000\000\000\000\000\000\000\000\000\000\000\000\000\000\000\000\000\000\000\000\000\000\000\000\000\000\000\000\000\000\000\000\000\000\000\000\000\000\000\000\000\000\000\000\000\000\000\000\000\000\000\000\000\000\000\000\000\000\000"
shape: 1
shape: 26
dtype: "float64"
, 'intercept': data: "2V\261\321!\230$?"
shape: 1
dtype: "float64"
}
2025-04-28 15:02:18 - INFO - [server_grpc.py:126] - 客户端 1 注册成功，当前 3/3 个客户端
2025-04-28 15:02:18 - DEBUG - [client_grpc.py:121] - [client] deserialized param: key=coef, type=<class 'numpy.ndarray'>, value=[[0. 0. 0. 0. 0. 0. 0. 0. 0. 0. 0. 0. 0. 0. 0. 0. 0. 0. 0. 0. 0. 0. 0. 0.
  0. 0.]]
2025-04-28 15:02:18 - DEBUG - [client_grpc.py:121] - [client] deserialized param: key=coef, type=<class 'numpy.ndarray'>, value=[[0. 0. 0. 0. 0. 0. 0. 0. 0. 0. 0. 0. 0. 0. 0. 0. 0. 0. 0. 0. 0. 0. 0. 0.
  0. 0.]]
2025-04-28 15:02:18 - DEBUG - [client_grpc.py:114] - [client] _deserialize_parameters input: {'coef': data: "\000\000\000\000\000\000\000\000\000\000\000\000\000\000\000\000\000\000\000\000\000\000\000\000\000\000\000\000\000\000\000\000\000\000\000\000\000\000\000\000\000\000\000\000\000\000\000\000\000\000\000\000\000\000\000\000\000\000\000\000\000\000\000\000\000\000\000\000\000\000\000\000\000\000\000\000\000\000\000\000\000\000\000\000\000\000\000\000\000\000\000\000\000\000\000\000\000\000\000\000\000\000\000\000\000\000\000\000\000\000\000\000\000\000\000\000\000\000\000\000\000\000\000\000\000\000\000\000\000\000\000\000\000\000\000\000\000\000\000\000\000\000\000\000\000\000\000\000\000\000\000\000\000\000\000\000\000\000\000\000\000\000\000\000\000\000\000\000\000\000\000\000\000\000\000\000\000\000\000\000\000\000\000\000\000\000\000\000\000\000\000\000\000\000\000\000\000\000\000\000\000\000\000\000\000\000\000\000"
shape: 1
shape: 26
dtype: "float64"
, 'intercept': data: "2V\261\321!\230$?"
shape: 1
dtype: "float64"
}
2025-04-28 15:02:18 - DEBUG - [client_grpc.py:121] - [client] deserialized param: key=intercept, type=<class 'numpy.ndarray'>, value=[0.00015712]
2025-04-28 15:02:18 - DEBUG - [client_grpc.py:121] - [client] deserialized param: key=intercept, type=<class 'numpy.ndarray'>, value=[0.00015712]
2025-04-28 15:02:18 - DEBUG - [client_grpc.py:121] - [client] deserialized param: key=coef, type=<class 'numpy.ndarray'>, value=[[0. 0. 0. 0. 0. 0. 0. 0. 0. 0. 0. 0. 0. 0. 0. 0. 0. 0. 0. 0. 0. 0. 0. 0.
  0. 0.]]
2025-04-28 15:02:18 - DEBUG - [client_grpc.py:124] - [client] mapped (final) param: key=coef, type=<class 'numpy.ndarray'>, value=[[0. 0. 0. 0. 0. 0. 0. 0. 0. 0. 0. 0. 0. 0. 0. 0. 0. 0. 0. 0. 0. 0. 0. 0.
  0. 0.]]
2025-04-28 15:02:18 - DEBUG - [client_grpc.py:124] - [client] mapped (final) param: key=coef, type=<class 'numpy.ndarray'>, value=[[0. 0. 0. 0. 0. 0. 0. 0. 0. 0. 0. 0. 0. 0. 0. 0. 0. 0. 0. 0. 0. 0. 0. 0.
  0. 0.]]
2025-04-28 15:02:18 - DEBUG - [client_grpc.py:124] - [client] mapped (final) param: key=intercept, type=<class 'numpy.ndarray'>, value=[0.00015712]
2025-04-28 15:02:18 - DEBUG - [client_grpc.py:121] - [client] deserialized param: key=intercept, type=<class 'numpy.ndarray'>, value=[0.00015712]
2025-04-28 15:02:18 - DEBUG - [client_grpc.py:124] - [client] mapped (final) param: key=intercept, type=<class 'numpy.ndarray'>, value=[0.00015712]
2025-04-28 15:02:18 - INFO - [client_grpc.py:193] - 已设置初始模型参数
2025-04-28 15:02:18 - INFO - [client_grpc.py:193] - 已设置初始模型参数
2025-04-28 15:02:18 - DEBUG - [client_grpc.py:124] - [client] mapped (final) param: key=coef, type=<class 'numpy.ndarray'>, value=[[0. 0. 0. 0. 0. 0. 0. 0. 0. 0. 0. 0. 0. 0. 0. 0. 0. 0. 0. 0. 0. 0. 0. 0.
  0. 0.]]
2025-04-28 15:02:18 - DEBUG - [client_grpc.py:124] - [client] mapped (final) param: key=intercept, type=<class 'numpy.ndarray'>, value=[0.00015712]
2025-04-28 15:02:18 - INFO - [client_grpc.py:193] - 已设置初始模型参数
2025-04-28 15:02:18 - INFO - [server_grpc.py:141] - 客户端 2 检查训练状态，当前next_step=True, count=0
2025-04-28 15:02:18 - INFO - [server_grpc.py:146] - 客户端 2 获得训练许可，count增加到 1/3
2025-04-28 15:02:18 - INFO - [server_grpc.py:141] - 客户端 3 检查训练状态，当前next_step=True, count=1
2025-04-28 15:02:18 - INFO - [server_grpc.py:146] - 客户端 3 获得训练许可，count增加到 2/3
2025-04-28 15:02:18 - INFO - [client_grpc.py:205] - 所有客户端已就绪，开始训练
2025-04-28 15:02:18 - INFO - [server_grpc.py:141] - 客户端 1 检查训练状态，当前next_step=True, count=2
2025-04-28 15:02:18 - INFO - [client_grpc.py:209] - 开始第 1 轮训练
2025-04-28 15:02:18 - INFO - [server_grpc.py:146] - 客户端 1 获得训练许可，count增加到 3/3
2025-04-28 15:02:18 - INFO - [client_grpc.py:205] - 所有客户端已就绪，开始训练
2025-04-28 15:02:18 - INFO - [server_grpc.py:150] - 所有客户端已获得训练许可，重置next_step=False, count=0
2025-04-28 15:02:18 - INFO - [client_grpc.py:209] - 开始第 1 轮训练
2025-04-28 15:02:18 - INFO - [client_grpc.py:205] - 所有客户端已就绪，开始训练
2025-04-28 15:02:18 - INFO - [client_grpc.py:209] - 开始第 1 轮训练
2025-04-28 15:02:18 - INFO - [client_grpc.py:140] - 本地训练完成，评估指标: {'accuracy': 0.83375, 'precision': 0.6978021978021978, 'recall': 0.3757396449704142, 'f1': 0.48846153846153845, 'auc_roc': 0.7446689297536548}
2025-04-28 15:02:18 - INFO - [client_grpc.py:140] - 本地训练完成，评估指标: {'accuracy': 0.82625, 'precision': 0.6302521008403361, 'recall': 0.4411764705882353, 'f1': 0.5190311418685122, 'auc_roc': 0.7457446311858077}
2025-04-28 15:02:18 - DEBUG - [client_grpc.py:142] - [client] train() parameters type: <class 'dict'>, value: {'coef': array([[-0.19263971, -0.0087265 ,  0.70254688,  0.10615064,  0.04029872,
         0.08189583,  0.08551888,  0.19701244, -0.10435726,  0.04783657,
         0.17877309, -0.04034059,  0.18216868, -0.23064151, -0.01296587,
        -0.22878999, -0.04575072, -0.09699855, -0.00902113, -0.02409615,
        -0.16686725,  1.03196886,  1.09301109,  1.06487789,  0.02951294,
        -0.18264904]]), 'intercept': array([-1.0701986])}
2025-04-28 15:02:18 - DEBUG - [client_grpc.py:142] - [client] train() parameters type: <class 'dict'>, value: {'coef': array([[-0.14136685,  0.05467767,  0.66562172,  0.04629837,  0.20445926,
        -0.0009275 ,  0.09818682,  0.10946724, -0.47945162,  0.52668403,
        -0.06134636,  0.30534241, -0.31510634,  0.05149586, -0.28361307,
        -0.09763742, -0.07971268, -0.04306171,  0.02357938, -0.06148332,
        -0.12683281,  0.77751694,  0.64920126,  0.75138437,  0.09293336,
        -0.19087743]]), 'intercept': array([-0.74690961])}
2025-04-28 15:02:18 - DEBUG - [client_grpc.py:95] - [client] model.get_parameters() output: {'coef': array([[-0.14136685,  0.05467767,  0.66562172,  0.04629837,  0.20445926,
        -0.0009275 ,  0.09818682,  0.10946724, -0.47945162,  0.52668403,
        -0.06134636,  0.30534241, -0.31510634,  0.05149586, -0.28361307,
        -0.09763742, -0.07971268, -0.04306171,  0.02357938, -0.06148332,
        -0.12683281,  0.77751694,  0.64920126,  0.75138437,  0.09293336,
        -0.19087743]]), 'intercept': array([-0.74690961])}
2025-04-28 15:02:18 - DEBUG - [client_grpc.py:95] - [client] model.get_parameters() output: {'coef': array([[-0.19263971, -0.0087265 ,  0.70254688,  0.10615064,  0.04029872,
         0.08189583,  0.08551888,  0.19701244, -0.10435726,  0.04783657,
         0.17877309, -0.04034059,  0.18216868, -0.23064151, -0.01296587,
        -0.22878999, -0.04575072, -0.09699855, -0.00902113, -0.02409615,
        -0.16686725,  1.03196886,  1.09301109,  1.06487789,  0.02951294,
        -0.18264904]]), 'intercept': array([-1.0701986])}
2025-04-28 15:02:18 - DEBUG - [client_grpc.py:97] - [client] model param: key=coef, type=<class 'numpy.ndarray'>, value=[[-0.14136685  0.05467767  0.66562172  0.04629837  0.20445926 -0.0009275
   0.09818682  0.10946724 -0.47945162  0.52668403 -0.06134636  0.30534241
  -0.31510634  0.05149586 -0.28361307 -0.09763742 -0.07971268 -0.04306171
   0.02357938 -0.06148332 -0.12683281  0.77751694  0.64920126  0.75138437
   0.09293336 -0.19087743]]
2025-04-28 15:02:18 - DEBUG - [client_grpc.py:97] - [client] model param: key=intercept, type=<class 'numpy.ndarray'>, value=[-0.74690961]
2025-04-28 15:02:18 - DEBUG - [client_grpc.py:104] - [client] mapped param: key=coef, type=<class 'numpy.ndarray'>, value=[[-0.14136685  0.05467767  0.66562172  0.04629837  0.20445926 -0.0009275
   0.09818682  0.10946724 -0.47945162  0.52668403 -0.06134636  0.30534241
  -0.31510634  0.05149586 -0.28361307 -0.09763742 -0.07971268 -0.04306171
   0.02357938 -0.06148332 -0.12683281  0.77751694  0.64920126  0.75138437
   0.09293336 -0.19087743]]
2025-04-28 15:02:18 - DEBUG - [client_grpc.py:97] - [client] model param: key=coef, type=<class 'numpy.ndarray'>, value=[[-0.19263971 -0.0087265   0.70254688  0.10615064  0.04029872  0.08189583
   0.08551888  0.19701244 -0.10435726  0.04783657  0.17877309 -0.04034059
   0.18216868 -0.23064151 -0.01296587 -0.22878999 -0.04575072 -0.09699855
  -0.00902113 -0.02409615 -0.16686725  1.03196886  1.09301109  1.06487789
   0.02951294 -0.18264904]]
2025-04-28 15:02:18 - DEBUG - [client_grpc.py:104] - [client] mapped param: key=intercept, type=<class 'numpy.ndarray'>, value=[-0.74690961]
2025-04-28 15:02:18 - DEBUG - [parameter_handler.py:70] - [serialize_encrypted_parameters] key=coef, original type=<class 'numpy.ndarray'>, value=[[-0.14136685  0.05467767  0.66562172  0.04629837  0.20445926 -0.0009275
   0.09818682  0.10946724 -0.47945162  0.52668403 -0.06134636  0.30534241
  -0.31510634  0.05149586 -0.28361307 -0.09763742 -0.07971268 -0.04306171
   0.02357938 -0.06148332 -0.12683281  0.77751694  0.64920126  0.75138437
   0.09293336 -0.19087743]]
2025-04-28 15:02:18 - DEBUG - [client_grpc.py:97] - [client] model param: key=intercept, type=<class 'numpy.ndarray'>, value=[-1.0701986]
2025-04-28 15:02:18 - DEBUG - [parameter_handler.py:74] - [serialize_encrypted_parameters] key=coef, after np.array: type=<class 'numpy.ndarray'>, dtype=float64, shape=(1, 26), value=[[-0.14136685  0.05467767  0.66562172  0.04629837  0.20445926 -0.0009275
   0.09818682  0.10946724 -0.47945162  0.52668403 -0.06134636  0.30534241
  -0.31510634  0.05149586 -0.28361307 -0.09763742 -0.07971268 -0.04306171
   0.02357938 -0.06148332 -0.12683281  0.77751694  0.64920126  0.75138437
   0.09293336 -0.19087743]]
2025-04-28 15:02:18 - DEBUG - [client_grpc.py:104] - [client] mapped param: key=coef, type=<class 'numpy.ndarray'>, value=[[-0.19263971 -0.0087265   0.70254688  0.10615064  0.04029872  0.08189583
   0.08551888  0.19701244 -0.10435726  0.04783657  0.17877309 -0.04034059
   0.18216868 -0.23064151 -0.01296587 -0.22878999 -0.04575072 -0.09699855
  -0.00902113 -0.02409615 -0.16686725  1.03196886  1.09301109  1.06487789
   0.02951294 -0.18264904]]
2025-04-28 15:02:18 - DEBUG - [client_grpc.py:104] - [client] mapped param: key=intercept, type=<class 'numpy.ndarray'>, value=[-1.0701986]
2025-04-28 15:02:18 - DEBUG - [parameter_handler.py:70] - [serialize_encrypted_parameters] key=coef, original type=<class 'numpy.ndarray'>, value=[[-0.19263971 -0.0087265   0.70254688  0.10615064  0.04029872  0.08189583
   0.08551888  0.19701244 -0.10435726  0.04783657  0.17877309 -0.04034059
   0.18216868 -0.23064151 -0.01296587 -0.22878999 -0.04575072 -0.09699855
  -0.00902113 -0.02409615 -0.16686725  1.03196886  1.09301109  1.06487789
   0.02951294 -0.18264904]]
2025-04-28 15:02:18 - DEBUG - [parameter_handler.py:74] - [serialize_encrypted_parameters] key=coef, after np.array: type=<class 'numpy.ndarray'>, dtype=float64, shape=(1, 26), value=[[-0.19263971 -0.0087265   0.70254688  0.10615064  0.04029872  0.08189583
   0.08551888  0.19701244 -0.10435726  0.04783657  0.17877309 -0.04034059
   0.18216868 -0.23064151 -0.01296587 -0.22878999 -0.04575072 -0.09699855
  -0.00902113 -0.02409615 -0.16686725  1.03196886  1.09301109  1.06487789
   0.02951294 -0.18264904]]
2025-04-28 15:02:18 - ERROR - [client_grpc.py:282] - 训练过程中发生错误: Don't know the precision of type <class 'numpy.int64'>.
2025-04-28 15:02:18 - ERROR - [client_grpc.py:282] - 训练过程中发生错误: Don't know the precision of type <class 'numpy.int64'>.
2025-04-28 15:02:18 - INFO - [client_grpc.py:252] - 已关闭gRPC通道
2025-04-28 15:02:18 - INFO - [client_grpc.py:252] - 已关闭gRPC通道
2025-04-28 15:02:18 - INFO - [client_grpc.py:140] - 本地训练完成，评估指标: {'accuracy': 0.82375, 'precision': 0.6595744680851063, 'recall': 0.36257309941520466, 'f1': 0.46792452830188674, 'auc_roc': 0.7297738915385975}
2025-04-28 15:02:18 - DEBUG - [client_grpc.py:142] - [client] train() parameters type: <class 'dict'>, value: {'coef': array([[-0.23456846,  0.01720513,  0.75059937,  0.05382353,  0.03458508,
         0.22645103, -0.03681771,  0.11975031,  0.00433284,  0.08664325,
         0.12137049, -0.22829778,  0.01185684, -0.02504313, -0.1681025 ,
        -0.09869393, -0.02574951,  0.02654296,  0.04091505, -0.06670777,
        -0.27144818,  0.87404862,  0.94753333,  0.88838659, -0.00593288,
        -0.09408128]]), 'intercept': array([-0.89465067])}
2025-04-28 15:02:18 - DEBUG - [client_grpc.py:95] - [client] model.get_parameters() output: {'coef': array([[-0.23456846,  0.01720513,  0.75059937,  0.05382353,  0.03458508,
         0.22645103, -0.03681771,  0.11975031,  0.00433284,  0.08664325,
         0.12137049, -0.22829778,  0.01185684, -0.02504313, -0.1681025 ,
        -0.09869393, -0.02574951,  0.02654296,  0.04091505, -0.06670777,
        -0.27144818,  0.87404862,  0.94753333,  0.88838659, -0.00593288,
        -0.09408128]]), 'intercept': array([-0.89465067])}
2025-04-28 15:02:18 - DEBUG - [client_grpc.py:97] - [client] model param: key=coef, type=<class 'numpy.ndarray'>, value=[[-0.23456846  0.01720513  0.75059937  0.05382353  0.03458508  0.22645103
  -0.03681771  0.11975031  0.00433284  0.08664325  0.12137049 -0.22829778
   0.01185684 -0.02504313 -0.1681025  -0.09869393 -0.02574951  0.02654296
   0.04091505 -0.06670777 -0.27144818  0.87404862  0.94753333  0.88838659
  -0.00593288 -0.09408128]]
2025-04-28 15:02:18 - DEBUG - [client_grpc.py:97] - [client] model param: key=intercept, type=<class 'numpy.ndarray'>, value=[-0.89465067]
2025-04-28 15:02:18 - DEBUG - [client_grpc.py:104] - [client] mapped param: key=coef, type=<class 'numpy.ndarray'>, value=[[-0.23456846  0.01720513  0.75059937  0.05382353  0.03458508  0.22645103
  -0.03681771  0.11975031  0.00433284  0.08664325  0.12137049 -0.22829778
   0.01185684 -0.02504313 -0.1681025  -0.09869393 -0.02574951  0.02654296
   0.04091505 -0.06670777 -0.27144818  0.87404862  0.94753333  0.88838659
  -0.00593288 -0.09408128]]
2025-04-28 15:02:18 - DEBUG - [client_grpc.py:104] - [client] mapped param: key=intercept, type=<class 'numpy.ndarray'>, value=[-0.89465067]
2025-04-28 15:02:18 - DEBUG - [parameter_handler.py:70] - [serialize_encrypted_parameters] key=coef, original type=<class 'numpy.ndarray'>, value=[[-0.23456846  0.01720513  0.75059937  0.05382353  0.03458508  0.22645103
  -0.03681771  0.11975031  0.00433284  0.08664325  0.12137049 -0.22829778
   0.01185684 -0.02504313 -0.1681025  -0.09869393 -0.02574951  0.02654296
   0.04091505 -0.06670777 -0.27144818  0.87404862  0.94753333  0.88838659
  -0.00593288 -0.09408128]]
2025-04-28 15:02:18 - DEBUG - [parameter_handler.py:74] - [serialize_encrypted_parameters] key=coef, after np.array: type=<class 'numpy.ndarray'>, dtype=float64, shape=(1, 26), value=[[-0.23456846  0.01720513  0.75059937  0.05382353  0.03458508  0.22645103
  -0.03681771  0.11975031  0.00433284  0.08664325  0.12137049 -0.22829778
   0.01185684 -0.02504313 -0.1681025  -0.09869393 -0.02574951  0.02654296
   0.04091505 -0.06670777 -0.27144818  0.87404862  0.94753333  0.88838659
  -0.00593288 -0.09408128]]
2025-04-28 15:02:18 - ERROR - [client_grpc.py:282] - 训练过程中发生错误: Don't know the precision of type <class 'numpy.int64'>.
2025-04-28 15:02:18 - INFO - [client_grpc.py:252] - 已关闭gRPC通道
